Requirement already satisfied: contourpy==1.2.1 in ./.venv/lib/python3.9/site-packages (from -r constraints.txt (line 3)) (1.2.1)
Requirement already satisfied: cycler==0.12.1 in ./.venv/lib/python3.9/site-packages (from -r constraints.txt (line 4)) (0.12.1)
Requirement already satisfied: fonttools==4.53.0 in ./.venv/lib/python3.9/site-packages (from -r constraints.txt (line 5)) (4.53.0)
Requirement already satisfied: gurobipy==11.0.2 in ./.venv/lib/python3.9/site-packages (from -r constraints.txt (line 6)) (11.0.2)
Requirement already satisfied: kiwisolver==1.4.5 in ./.venv/lib/python3.9/site-packages (from -r constraints.txt (line 7)) (1.4.5)
Requirement already satisfied: matplotlib==3.9.1 in ./.venv/lib/python3.9/site-packages (from -r constraints.txt (line 8)) (3.9.1)
Requirement already satisfied: numpy==1.26.4 in ./.venv/lib/python3.9/site-packages (from -r constraints.txt (line 9)) (1.26.4)
Requirement already satisfied: packaging==24.1 in ./.venv/lib/python3.9/site-packages (from -r constraints.txt (line 10)) (24.1)
Requirement already satisfied: pandas==2.2.2 in ./.venv/lib/python3.9/site-packages (from -r constraints.txt (line 11)) (2.2.2)
Requirement already satisfied: pillow==10.4.0 in ./.venv/lib/python3.9/site-packages (from -r constraints.txt (line 12)) (10.4.0)
Requirement already satisfied: pyparsing==3.1.2 in ./.venv/lib/python3.9/site-packages (from -r constraints.txt (line 13)) (3.1.2)
Requirement already satisfied: python-dateutil==2.9.0.post0 in ./.venv/lib/python3.9/site-packages (from -r constraints.txt (line 14)) (2.9.0.post0)
Requirement already satisfied: pytz==2024.1 in ./.venv/lib/python3.9/site-packages (from -r constraints.txt (line 15)) (2024.1)
Requirement already satisfied: scipy==1.13.0 in ./.venv/lib/python3.9/site-packages (from -r constraints.txt (line 16)) (1.13.0)
Requirement already satisfied: six==1.16.0 in ./.venv/lib/python3.9/site-packages (from -r constraints.txt (line 17)) (1.16.0)
Requirement already satisfied: tzdata==2024.1 in ./.venv/lib/python3.9/site-packages (from -r constraints.txt (line 18)) (2024.1)
Requirement already satisfied: importlib-resources>=3.2.0 in ./.venv/lib/python3.9/site-packages (from matplotlib==3.9.1->-r constraints.txt (line 8)) (6.4.0)
Requirement already satisfied: zipp>=3.1.0 in ./.venv/lib/python3.9/site-packages (from importlib-resources>=3.2.0->matplotlib==3.9.1->-r constraints.txt (line 8)) (3.19.2)
WARNING: Error parsing dependencies of pip: [Errno 2] No such file or directory: '/home/k2g00/k2g4470/.venv/lib/python3.9/site-packages/pip-24.0.dist-info/METADATA'
srun python3 ./AmaralModelMain.py -i AC_20_30_5 -j AC_20_30_5_1 -t 3600
Input file 1 is:  instance/AC_20_30_5
Input file 2 is:  instance/AC_20_30_5_1


Set parameter TokenServer to value "relise"
Warning for adding constraints: zero or small (< 1e-13) coefficients, ignored
Set parameter NodeLimit to value 0
Set parameter TimeLimit to value 3.4799912724494934e+03
Set parameter Threads to value 1
Gurobi Optimizer version 11.0.2 build v11.0.2rc0 (linux64 - "Debian GNU/Linux 10 (buster)")

CPU model: Intel(R) Xeon(R) CPU           X5570  @ 2.93GHz, instruction set [SSE2]
Thread count: 8 physical cores, 16 logical processors, using up to 1 threads

Optimize a model with 64126 rows, 8000 columns and 193588 nonzeros
Model fingerprint: 0x10353630
Variable types: 0 continuous, 8000 integer (8000 binary)
Coefficient statistics:
  Matrix range     [1e+00, 2e+01]
  Objective range  [1e+00, 2e+01]
  Bounds range     [1e+00, 1e+00]
  RHS range        [1e+00, 2e+00]
Presolve removed 0 rows and 4580 columns
Presolve time: 0.64s
Presolved: 64126 rows, 3420 columns, 193588 nonzeros
Variable types: 0 continuous, 3420 integer (3420 binary)
Root relaxation presolved: 3420 rows, 67546 columns, 197008 nonzeros


Root simplex log...

Iteration    Objective       Primal Inf.    Dual Inf.      Time
   16112    1.8693478e+03   0.000000e+00   4.379518e+04      5s
   28280    1.9262006e+03   0.000000e+00   1.460973e+05     10s
   38138    1.9724552e+03   0.000000e+00   9.470141e+04     15s
   47874    2.0118742e+03   0.000000e+00   6.567374e+04     20s
   57968    2.0418619e+03   0.000000e+00   4.924414e+03     25s
   68347    2.0664233e+03   0.000000e+00   3.684389e+03     30s
   76693    2.0728035e+03   0.000000e+00   0.000000e+00     35s
   76693    2.0728035e+03   0.000000e+00   0.000000e+00     35s

Root relaxation: objective 2.072803e+03, 76693 iterations, 33.89 seconds (18.03 work units)

    Nodes    |    Current Node    |     Objective Bounds      |     Work
 Expl Unexpl |  Obj  Depth IntInf | Incumbent    BestBd   Gap | It/Node Time

     0     0 2072.80349    0  164          - 2072.80349      -     -   35s

Explored 1 nodes (76763 simplex iterations) in 35.40 seconds (18.76 work units)
Thread count was 1 (of 16 available processors)

Solution count 0

Node limit reached
Best objective -, best bound 2.073000000000e+03, gap -
Root Upper inf
Root Lower 2072.8034934499237
Reset all parameters
Set parameter TimeLimit to value 3.3245536708831787e+03
Set parameter Threads to value 1
Gurobi Optimizer version 11.0.2 build v11.0.2rc0 (linux64 - "Debian GNU/Linux 10 (buster)")

CPU model: Intel(R) Xeon(R) CPU           X5570  @ 2.93GHz, instruction set [SSE2]
Thread count: 8 physical cores, 16 logical processors, using up to 1 threads

Optimize a model with 64126 rows, 8000 columns and 193588 nonzeros
Model fingerprint: 0x10353630
Variable types: 0 continuous, 8000 integer (8000 binary)
Coefficient statistics:
  Matrix range     [1e+00, 2e+01]
  Objective range  [1e+00, 2e+01]
  Bounds range     [1e+00, 1e+00]
  RHS range        [1e+00, 2e+00]
Presolved: 64126 rows, 3420 columns, 193588 nonzeros

Continuing optimization...

     0     0 2072.80349    0  164          - 2072.80349      -     -   66s
H    0     0                    2120.0000000 2072.80349  2.23%     -   66s
H    0     0                    2108.0000000 2072.80349  1.67%     -   66s
     0     0 2072.80349    0  164 2108.00000 2072.80349  1.67%     -   67s
     0     2 2072.80377    0  164 2108.00000 2072.80377  1.67%     -   79s
     1     3 2080.54545    1  164 2108.00000 2072.81159  1.67%  6491  100s
     2     4 2084.77372    2  744 2108.00000 2072.81159  1.67%  5152  114s
     3     3     cutoff    2      2108.00000 2072.81159  1.67%  6893  156s
     4     4 2086.98182    3  222 2108.00000 2072.81159  1.67%  6486  172s
     7     7 2087.43802    6  574 2108.00000 2072.81159  1.67%  3855  177s
     8     8 2091.50000    6   36 2108.00000 2072.81159  1.67%  3501  181s
H    9     7                    2096.0000000 2072.81159  1.11%  3112  181s
    10    10 2093.92308    8   36 2096.00000 2072.81159  1.11%  3271  196s
    14    10     cutoff   11      2096.00000 2072.81159  1.11%  2428  200s
    17     7     cutoff    1      2096.00000 2084.78087  0.54%  2325  222s
    18     8 2094.21053    3  506 2096.00000 2086.98542  0.43%  2332  232s
    22     8 2089.98519    5  164 2096.00000 2087.00297  0.43%  1950  235s
    24    10 2090.67769    7  574 2096.00000 2087.00297  0.43%  1860  240s
    25     9     cutoff    7      2096.00000 2087.00297  0.43%  1944  252s
    26    10 2092.66667    8   36 2096.00000 2087.00297  0.43%  1933  257s
    27    11 2094.50000    9   36 2096.00000 2087.00297  0.43%  1891  260s
*   30     8               9    2093.0000000 2087.00297  0.29%  1715  261s
    32     6     cutoff    5      2093.00000 2087.43813  0.27%  1672  268s
H   33     3                    2091.0000000 2087.43813  0.17%  1622  285s
    34     6 2090.00000    8  192 2091.00000 2087.44071  0.17%  1798  294s
    35     5     cutoff    8      2091.00000 2087.44071  0.17%  1793  298s

Explored 43 nodes (216666 simplex iterations) in 264.43 seconds (166.72 work units)
Thread count was 1 (of 16 available processors)

Solution count 5: 2091 2093 2096 ... 2120

Optimal solution found (tolerance 1.00e-04)
Best objective 2.091000000000e+03, best bound 2.091000000000e+03, gap 0.0000%
flow1:  2091.0
flow2:  3115.0
Root Upper Bound: inf
Root lower Bound: 2072.8034934499237
ND-Point: 1

-----------------------------------------
Warning for adding constraints: zero or small (< 1e-13) coefficients, ignored
Set parameter NodeLimit to value 0
Set parameter TimeLimit to value 3.0618598484992981e+03
Set parameter Threads to value 1
Gurobi Optimizer version 11.0.2 build v11.0.2rc0 (linux64 - "Debian GNU/Linux 10 (buster)")

CPU model: Intel(R) Xeon(R) CPU           X5570  @ 2.93GHz, instruction set [SSE2]
Thread count: 8 physical cores, 16 logical processors, using up to 1 threads

Optimize a model with 64126 rows, 8000 columns and 193588 nonzeros
Model fingerprint: 0x04e63d91
Variable types: 0 continuous, 8000 integer (8000 binary)
Coefficient statistics:
  Matrix range     [1e+00, 2e+01]
  Objective range  [1e+00, 2e+01]
  Bounds range     [1e+00, 1e+00]
  RHS range        [1e+00, 5e+00]
Presolve removed 0 rows and 4580 columns
Presolve time: 0.54s
Presolved: 64126 rows, 3420 columns, 193588 nonzeros
Variable types: 0 continuous, 3420 integer (3420 binary)
Root relaxation presolved: 3420 rows, 67546 columns, 197008 nonzeros


Root simplex log...

Iteration    Objective       Primal Inf.    Dual Inf.      Time
   18218    1.8804476e+03   0.000000e+00   3.537461e+04      5s
   31088    1.9397173e+03   0.000000e+00   3.025301e+04     10s
   41904    1.9875455e+03   0.000000e+00   8.951635e+04     15s
   52567    2.0262419e+03   0.000000e+00   1.221805e+04     20s
   62292    2.0540232e+03   0.000000e+00   1.885837e+04     25s
   72522    2.0702697e+03   0.000000e+00   2.107339e+03     30s
   75954    2.0734847e+03   0.000000e+00   0.000000e+00     32s
   75954    2.0734847e+03   0.000000e+00   0.000000e+00     32s

Root relaxation: objective 2.073485e+03, 75954 iterations, 30.90 seconds (17.85 work units)

    Nodes    |    Current Node    |     Objective Bounds      |     Work
 Expl Unexpl |  Obj  Depth IntInf | Incumbent    BestBd   Gap | It/Node Time

     0     0 2073.48472    0  164          - 2073.48472      -     -   32s

Explored 1 nodes (76043 simplex iterations) in 32.26 seconds (18.64 work units)
Thread count was 1 (of 16 available processors)

Solution count 0

Node limit reached
Best objective -, best bound 2.074000000000e+03, gap -
Root Upper inf
Root Lower 2073.4847161548278
Reset all parameters
Set parameter TimeLimit to value 2.9113426110744476e+03
Set parameter Threads to value 1
Gurobi Optimizer version 11.0.2 build v11.0.2rc0 (linux64 - "Debian GNU/Linux 10 (buster)")

CPU model: Intel(R) Xeon(R) CPU           X5570  @ 2.93GHz, instruction set [SSE2]
Thread count: 8 physical cores, 16 logical processors, using up to 1 threads

Optimize a model with 64126 rows, 8000 columns and 193588 nonzeros
Model fingerprint: 0x04e63d91
Variable types: 0 continuous, 8000 integer (8000 binary)
Coefficient statistics:
  Matrix range     [1e+00, 2e+01]
  Objective range  [1e+00, 2e+01]
  Bounds range     [1e+00, 1e+00]
  RHS range        [1e+00, 5e+00]
Presolved: 64126 rows, 3420 columns, 193588 nonzeros

Continuing optimization...

     0     0 2073.48472    0  164          - 2073.48472      -     -   65s
H    0     0                    2120.0000000 2073.48472  2.19%     -   65s
H    0     0                    2108.0000000 2073.48472  1.64%     -   65s
     0     0 2073.48472    0  164 2108.00000 2073.48472  1.64%     -   67s
H    0     0                    2107.0000000 2073.48472  1.59%     -   80s
     0     2 2073.48517    0  164 2107.00000 2073.48517  1.59%     -   81s
     1     3 2081.70455    1  164 2107.00000 2073.48593  1.59%  7264  103s
     2     4 2086.19708    2  744 2107.00000 2073.48593  1.59%  5640  115s
     3     3     cutoff    2      2107.00000 2073.48593  1.59%  4659  126s
     4     4 2088.72727    3  222 2107.00000 2073.48593  1.59%  4788  141s
     7     7 2089.29752    6  574 2107.00000 2073.48593  1.59%  2975  148s
H    8     6                    2096.0000000 2073.48593  1.07%  2604  165s
    10     6     cutoff    7      2096.00000 2073.48593  1.07%  2765  170s
    11     7 2091.42857    7   36 2096.00000 2073.48593  1.07%  3187  193s
    12     8 2093.00000    8  192 2096.00000 2073.48593  1.07%  3125  201s
    13     9 2091.82902    8  656 2096.00000 2073.48593  1.07%  3243  215s
    14    10 2091.93391    9  850 2096.00000 2073.48593  1.07%  3468  233s
    15    11 2092.06886   10 1260 2096.00000 2073.48593  1.07%  3681  251s
    17    13 2092.12500   12   36 2096.00000 2073.48593  1.07%  3304  255s
    19    15 2092.50000   14   70 2096.00000 2073.48593  1.07%  3053  260s
    24    12     cutoff    1      2096.00000 2086.19735  0.47%  2602  278s
    25    11     cutoff    3      2096.00000 2088.73388  0.35%  2563  284s
    26    10     cutoff    4      2096.00000 2088.75421  0.35%  2490  287s
    27    11 2093.28571    5   70 2096.00000 2089.29946  0.32%  2463  293s
    28    12 2094.92308    6   36 2096.00000 2089.29946  0.32%  2436  298s
    32     8     cutoff    7      2096.00000 2091.83029  0.20%  2168  301s
    35     5     cutoff   12      2096.00000 2092.11993  0.19%  2017  305s
    42     4 2094.61538   10   36 2096.00000 2093.00000  0.14%  1758  313s
    46     0     cutoff    9      2096.00000 2096.00000  0.00%  1635  316s

Explored 47 nodes (227413 simplex iterations) in 284.30 seconds (182.34 work units)
Thread count was 1 (of 16 available processors)

Solution count 4: 2096 2107 2108 2120 

Optimal solution found (tolerance 1.00e-04)
Best objective 2.096000000000e+03, best bound 2.096000000000e+03, gap 0.0000%
flow1:  2096.0
flow2:  3108.0
Root Upper Bound: inf
Root lower Bound: 2073.4847161548278
ND-Point: 2

-----------------------------------------
Warning for adding constraints: zero or small (< 1e-13) coefficients, ignored
Set parameter NodeLimit to value 0
Set parameter TimeLimit to value 2.6151554071903229e+03
Set parameter Threads to value 1
Gurobi Optimizer version 11.0.2 build v11.0.2rc0 (linux64 - "Debian GNU/Linux 10 (buster)")

CPU model: Intel(R) Xeon(R) CPU           X5570  @ 2.93GHz, instruction set [SSE2]
Thread count: 8 physical cores, 16 logical processors, using up to 1 threads

Optimize a model with 64126 rows, 8000 columns and 193588 nonzeros
Model fingerprint: 0x8165b68a
Variable types: 0 continuous, 8000 integer (8000 binary)
Coefficient statistics:
  Matrix range     [1e+00, 2e+01]
  Objective range  [1e+00, 2e+01]
  Bounds range     [1e+00, 1e+00]
  RHS range        [1e+00, 1e+01]
Presolve removed 0 rows and 4580 columns
Presolve time: 0.72s
Presolved: 64126 rows, 3420 columns, 193588 nonzeros
Variable types: 0 continuous, 3420 integer (3420 binary)
Root relaxation presolved: 3420 rows, 67546 columns, 197008 nonzeros


Root simplex log...

Iteration    Objective       Primal Inf.    Dual Inf.      Time
   14708    1.8614161e+03   0.000000e+00   4.651365e+04      5s
   26642    1.9207524e+03   0.000000e+00   6.808529e+04     10s
   36704    1.9690395e+03   0.000000e+00   9.185736e+04     15s
   46171    2.0052840e+03   0.000000e+00   4.933896e+04     20s
   55928    2.0384209e+03   0.000000e+00   1.202729e+04     25s
   65770    2.0628338e+03   0.000000e+00   3.224798e+04     30s
   74891    2.0750742e+03   6.817242e-03   0.000000e+00     35s
   74895    2.0750742e+03   0.000000e+00   0.000000e+00     35s
   74895    2.0750742e+03   0.000000e+00   0.000000e+00     35s

Root relaxation: objective 2.075074e+03, 74895 iterations, 33.95 seconds (16.63 work units)

    Nodes    |    Current Node    |     Objective Bounds      |     Work
 Expl Unexpl |  Obj  Depth IntInf | Incumbent    BestBd   Gap | It/Node Time

     0     0 2075.07424    0  164          - 2075.07424      -     -   35s

Explored 1 nodes (74976 simplex iterations) in 35.66 seconds (17.38 work units)
Thread count was 1 (of 16 available processors)

Solution count 0

Node limit reached
Best objective -, best bound 2.076000000000e+03, gap -
Root Upper inf
Root Lower 2075.074235807827
Reset all parameters
Set parameter TimeLimit to value 2.4493794636726379e+03
Set parameter Threads to value 1
Gurobi Optimizer version 11.0.2 build v11.0.2rc0 (linux64 - "Debian GNU/Linux 10 (buster)")

CPU model: Intel(R) Xeon(R) CPU           X5570  @ 2.93GHz, instruction set [SSE2]
Thread count: 8 physical cores, 16 logical processors, using up to 1 threads

Optimize a model with 64126 rows, 8000 columns and 193588 nonzeros
Model fingerprint: 0x8165b68a
Variable types: 0 continuous, 8000 integer (8000 binary)
Coefficient statistics:
  Matrix range     [1e+00, 2e+01]
  Objective range  [1e+00, 2e+01]
  Bounds range     [1e+00, 1e+00]
  RHS range        [1e+00, 1e+01]
Presolved: 64126 rows, 3420 columns, 193588 nonzeros

Continuing optimization...

     0     0 2075.07424    0  164          - 2075.07424      -     -   67s
     0     0 2075.07424    0  164          - 2075.07424      -     -   69s
H    0     0                    2116.0000000 2075.07424  1.93%     -   82s
H    0     0                    2108.0000000 2075.07424  1.56%     -   83s
     0     2 2075.07668    0  164 2108.00000 2075.07668  1.56%     -   84s
     1     3 2084.40909    1  164 2108.00000 2075.08136  1.56%  6150  101s
     2     4 2089.51825    2  744 2108.00000 2075.08136  1.56%  4884  111s
     3     3     cutoff    2      2108.00000 2075.08136  1.56%  4152  121s
     4     4 2092.80000    3  222 2108.00000 2075.08136  1.56%  4237  134s
     5     5 2092.83333    4  102 2108.00000 2075.08136  1.56%  3405  135s
     7     7 2093.63636    6  574 2108.00000 2075.08136  1.56%  2672  140s
     9     9 2096.61983    7  574 2108.00000 2075.08136  1.56%  2617  154s
    11    11 2096.78571    8   36 2108.00000 2075.08136  1.56%  2937  176s
    13    13 2096.87047   10  656 2108.00000 2075.08136  1.56%  2925  190s
H   14    12                    2107.0000000 2075.08136  1.51%  2716  197s
    15    15 2097.05832   11  794 2107.00000 2075.08136  1.51%  3478  226s
    16    16 2097.09524   12  102 2107.00000 2075.08136  1.51%  3375  231s
    17    17 2097.12500   13   36 2107.00000 2075.08136  1.51%  3275  236s
    18    18 2097.17323   14  740 2107.00000 2075.08136  1.51%  3191  240s
    19    19 2097.53563   15 1132 2107.00000 2075.08136  1.51%  3269  252s
    20    20 2097.66667   16   36 2107.00000 2075.08136  1.51%  3156  255s
    22    22 2098.21014   18  448 2107.00000 2075.08136  1.51%  2991  262s
    25    23     cutoff   21      2107.00000 2075.08136  1.51%  2665  265s
H   28    20                    2105.0000000 2075.08136  1.42%  2388  294s
    29    21     cutoff    2      2105.00000 2089.52599  0.74%  2583  295s
    31    21 2097.89474    3  506 2105.00000 2092.80191  0.58%  2489  302s
    32    20     cutoff    4      2105.00000 2092.80191  0.58%  2461  311s
    33    19     cutoff    4      2105.00000 2092.80191  0.58%  2419  315s
    34    18     cutoff    4      2105.00000 2092.83381  0.58%  2404  323s
H   35     2                    2097.0000000 2092.83381  0.20%  2336  329s
    36     1     cutoff    7      2097.00000 2093.63899  0.16%  2635  363s

Explored 38 nodes (245318 simplex iterations) in 329.00 seconds (217.79 work units)
Thread count was 1 (of 16 available processors)

Solution count 5: 2097 2105 2107 ... 2116

Optimal solution found (tolerance 1.00e-04)
Best objective 2.097000000000e+03, best bound 2.097000000000e+03, gap 0.0000%
flow1:  2097.0
flow2:  3105.0
Root Upper Bound: inf
Root lower Bound: 2075.074235807827
ND-Point: 3

-----------------------------------------
Warning for adding constraints: zero or small (< 1e-13) coefficients, ignored
Set parameter NodeLimit to value 0
Set parameter TimeLimit to value 2.1239968237876892e+03
Set parameter Threads to value 1
Gurobi Optimizer version 11.0.2 build v11.0.2rc0 (linux64 - "Debian GNU/Linux 10 (buster)")

CPU model: Intel(R) Xeon(R) CPU           X5570  @ 2.93GHz, instruction set [SSE2]
Thread count: 8 physical cores, 16 logical processors, using up to 1 threads

Optimize a model with 64126 rows, 8000 columns and 193588 nonzeros
Model fingerprint: 0xd53cd216
Variable types: 0 continuous, 8000 integer (8000 binary)
Coefficient statistics:
  Matrix range     [1e+00, 2e+01]
  Objective range  [1e+00, 2e+01]
  Bounds range     [1e+00, 1e+00]
  RHS range        [1e+00, 2e+01]
Presolve removed 0 rows and 4580 columns
Presolve time: 0.53s
Presolved: 64126 rows, 3420 columns, 193588 nonzeros
Variable types: 0 continuous, 3420 integer (3420 binary)
Root relaxation presolved: 3420 rows, 67546 columns, 197008 nonzeros


Root simplex log...

Iteration    Objective       Primal Inf.    Dual Inf.      Time
   18218    1.8804476e+03   0.000000e+00   3.537586e+04      5s
   32024    1.9472252e+03   0.000000e+00   4.719070e+04     10s
   43256    1.9977735e+03   0.000000e+00   1.925036e+04     15s
   55613    2.0329943e+03   0.000000e+00   9.392920e+04     20s
   69064    2.0713072e+03   0.000000e+00   2.002456e+03     25s
   73748    2.0757555e+03   0.000000e+00   0.000000e+00     27s
   73748    2.0757555e+03   0.000000e+00   0.000000e+00     27s

Root relaxation: objective 2.075755e+03, 73748 iterations, 26.11 seconds (16.84 work units)

    Nodes    |    Current Node    |     Objective Bounds      |     Work
 Expl Unexpl |  Obj  Depth IntInf | Incumbent    BestBd   Gap | It/Node Time

     0     0 2075.75546    0  164          - 2075.75546      -     -   27s

Explored 1 nodes (73835 simplex iterations) in 27.33 seconds (17.57 work units)
Thread count was 1 (of 16 available processors)

Solution count 0

Node limit reached
Best objective -, best bound 2.076000000000e+03, gap -
Root Upper inf
Root Lower 2075.755458515339
Reset all parameters
Set parameter TimeLimit to value 1.9702360742092133e+03
Set parameter Threads to value 1
Gurobi Optimizer version 11.0.2 build v11.0.2rc0 (linux64 - "Debian GNU/Linux 10 (buster)")

CPU model: Intel(R) Xeon(R) CPU           X5570  @ 2.93GHz, instruction set [SSE2]
Thread count: 8 physical cores, 16 logical processors, using up to 1 threads

Optimize a model with 64126 rows, 8000 columns and 193588 nonzeros
Model fingerprint: 0xd53cd216
Variable types: 0 continuous, 8000 integer (8000 binary)
Coefficient statistics:
  Matrix range     [1e+00, 2e+01]
  Objective range  [1e+00, 2e+01]
  Bounds range     [1e+00, 1e+00]
  RHS range        [1e+00, 2e+01]
Presolved: 64126 rows, 3420 columns, 193588 nonzeros

Continuing optimization...

     0     0 2075.75546    0  164          - 2075.75546      -     -   54s
     0     0 2075.75546    0  164          - 2075.75546      -     -   55s
H    0     0                    2148.0000000 2075.75546  3.36%     -   75s
H    0     0                    2108.0000000 2075.75546  1.53%     -   75s
     0     2 2075.75670    0  164 2108.00000 2075.75670  1.53%     -   76s
     1     3 2085.56818    1  164 2108.00000 2075.76261  1.53%  6191   96s
     2     4 2090.94161    2  744 2108.00000 2075.76261  1.53%  5044  109s
     3     3     cutoff    2      2108.00000 2075.76261  1.53%  4055  117s
     4     4 2094.54545    3  222 2108.00000 2075.76261  1.53%  4389  132s
     7     7 2095.49587    6  574 2108.00000 2075.76261  1.53%  2790  137s
     8     8 2098.00000    6  192 2108.00000 2075.76261  1.53%  2568  140s
     9     9 2098.36943    7  718 2108.00000 2075.76261  1.53%  2560  147s
    10    10 2098.80000    8  732 2108.00000 2075.76261  1.53%  2844  161s
    12    10 2099.14286    9   36 2108.00000 2075.76261  1.53%  2714  174s
    14    10     cutoff   10      2108.00000 2075.76261  1.53%  2403  179s
    15    11 2099.50000   11   36 2108.00000 2075.76261  1.53%  2470  189s
H   16    10                    2107.0000000 2075.76261  1.48%  2315  209s
    17    11     cutoff   12      2107.00000 2075.76261  1.48%  2623  214s
    18    10     cutoff   12      2107.00000 2075.76261  1.48%  2507  215s
    20    12 2100.38095   13  102 2107.00000 2075.76261  1.48%  2614  237s
    21    11     cutoff   13      2107.00000 2075.76261  1.48%  2623  246s
    23    11     cutoff   14      2107.00000 2075.76261  1.48%  2502  253s
    24    12 2100.69474   15 1280 2107.00000 2075.76261  1.48%  2458  258s
H   25    11                    2106.0000000 2075.76261  1.44%  2360  269s
    27    11     cutoff   17      2106.00000 2075.76261  1.44%  2548  281s
    28    12 2104.27245   17 1012 2106.00000 2075.76261  1.44%  2582  289s
    29    11     cutoff   18      2106.00000 2075.76261  1.44%  2507  291s
H   31     9                    2105.0000000 2075.76261  1.39%  2346  319s
    32    10     cutoff    2      2105.00000 2090.94470  0.67%  2521  320s
    34    10 2099.00000    3  506 2105.00000 2094.54651  0.50%  2438  328s
    35     9     cutoff    4      2105.00000 2094.54651  0.50%  2395  334s
    36     8     cutoff    4      2105.00000 2094.54651  0.50%  2360  338s
    37     9 2096.94643    4  192 2105.00000 2094.58333  0.49%  2307  340s
    39    11 2098.10526    6   70 2105.00000 2094.58333  0.49%  2226  345s
    41    13 2101.00000    7  164 2105.00000 2094.58333  0.49%  2177  354s
    42    14 2101.55414    8  718 2105.00000 2094.58333  0.49%  2162  359s
    44    16 2102.20000   10  732 2105.00000 2094.58333  0.49%  2089  363s
    46    16 2102.71429   11   36 2105.00000 2094.58333  0.49%  2012  365s
    53    15 2097.50000    5  192 2105.00000 2095.49676  0.45%  1780  373s
    54    16 2097.59236    6  718 2105.00000 2095.49676  0.45%  1802  382s
    55    17 2097.78571    7   36 2105.00000 2095.49676  0.45%  1928  406s
    56    18 2097.87500    8   36 2105.00000 2095.49676  0.45%  1972  417s
    57    19 2102.63492    8   70 2105.00000 2095.49676  0.45%  1995  427s
    58    20 2097.90000    9   36 2105.00000 2095.49676  0.45%  1986  431s
    59    21 2098.09524   10  102 2105.00000 2095.49676  0.45%  2111  457s
    60    20     cutoff   10      2105.00000 2095.49676  0.45%  2110  464s
    61    21 2098.10822   11  822 2105.00000 2095.49676  0.45%  2083  466s
    63    23 2098.58659   13 1136 2105.00000 2095.49676  0.45%  2156  492s
    65    25 2098.82270   15  982 2105.00000 2095.49676  0.45%  2120  498s
    66    26 2099.39831   16  844 2105.00000 2095.49676  0.45%  2109  501s
    69    29 2100.91176   19  186 2105.00000 2095.49676  0.45%  2037  505s
    74    26 2099.14286    7   36 2105.00000 2095.49710  0.45%  2005  528s
    76    28 2099.57333    9  756 2105.00000 2095.49710  0.45%  2043  547s
    77    29 2099.73723   10  558 2105.00000 2095.49710  0.45%  2035  550s
    79    29 2100.38095   11  102 2105.00000 2095.49710  0.45%  2006  556s
    83    29 2101.44262   13 1104 2105.00000 2095.49710  0.45%  1943  563s
    86    28     cutoff   15      2105.00000 2095.49710  0.45%  1888  565s
    89    27     cutoff   14      2105.00000 2095.49710  0.45%  1845  570s
    92    26     cutoff    8      2105.00000 2096.95085  0.38%  1827  589s
    93    25     cutoff    8      2105.00000 2096.95085  0.38%  1816  592s
    94    24     cutoff    5      2105.00000 2097.40212  0.36%  1812  598s
    95    25 2100.50000    6  192 2105.00000 2097.50000  0.36%  1803  602s
    96    26 2100.68000    7   70 2105.00000 2097.50000  0.36%  1794  605s
    99    27 2101.10000    9  732 2105.00000 2097.50000  0.36%  1763  613s
   101    27 2101.35714   10   36 2105.00000 2097.50000  0.36%  1741  617s
   102    28 2101.62500   11   36 2105.00000 2097.50000  0.36%  1734  620s
   105    29 2102.28571   13  102 2105.00000 2097.50000  0.36%  1708  627s
   107    27     cutoff   12      2105.00000 2097.50000  0.36%  1687  630s
   113    26     cutoff   14      2105.00000 2097.50000  0.36%  1610  635s
   116    27 2101.53846    7   36 2105.00000 2097.59457  0.35%  1599  647s
   117    26     cutoff    8      2105.00000 2097.59457  0.35%  1599  653s
   118    27 2103.36364    8  134 2105.00000 2097.59457  0.35%  1599  658s
   119    26     cutoff    7      2105.00000 2097.59457  0.35%  1598  663s
   123    24     cutoff    9      2105.00000 2097.59457  0.35%  1548  665s
H  125    22                    2104.0000000 2097.87551  0.29%  1527  678s
   127    24     cutoff   10      2104.00000 2098.00000  0.29%  1539  680s
   132    23 2101.23077    7   36 2104.00000 2098.09526  0.28%  1510  691s
   134    23     cutoff    8      2104.00000 2098.09526  0.28%  1503  696s
   137    20     cutoff   11      2104.00000 2098.12500  0.28%  1480  700s
   138    19     cutoff   13      2104.00000 2098.16820  0.28%  1498  710s
   141    16     cutoff   15      2104.00000 2098.73565  0.25%  1492  719s
H  142    12                    2103.0000000 2098.73565  0.20%  1481  737s
   146    10     cutoff    9      2103.00000 2098.93753  0.19%  1490  740s
   149    11 2102.00000    9   36 2103.00000 2099.14298  0.18%  1475  747s
   152    10 2100.74286    9  490 2103.00000 2099.14298  0.18%  1484  764s
   153    11 2101.09970   10  734 2103.00000 2099.14298  0.18%  1487  770s
   154    10     cutoff   11      2103.00000 2099.14298  0.18%  1493  776s
   159     7 2101.83333   12   70 2103.00000 2100.50000  0.12%  1484  792s
   162     4     cutoff   15      2103.00000 2100.50000  0.12%  1467  796s
   166     2     cutoff    8      2103.00000 2101.10000  0.09%  1442  801s

Explored 169 nodes (387193 simplex iterations) in 774.06 seconds (503.72 work units)
Thread count was 1 (of 16 available processors)

Solution count 7: 2103 2104 2105 ... 2148

Optimal solution found (tolerance 1.00e-04)
Best objective 2.103000000000e+03, best bound 2.103000000000e+03, gap 0.0000%
flow1:  2103.0
flow2:  3100.0
Root Upper Bound: inf
Root lower Bound: 2075.755458515339
ND-Point: 4

-----------------------------------------
Warning for adding constraints: zero or small (< 1e-13) coefficients, ignored
Set parameter NodeLimit to value 0
Set parameter TimeLimit to value 1.1999618852138519e+03
Set parameter Threads to value 1
Gurobi Optimizer version 11.0.2 build v11.0.2rc0 (linux64 - "Debian GNU/Linux 10 (buster)")

CPU model: Intel(R) Xeon(R) CPU           X5570  @ 2.93GHz, instruction set [SSE2]
Thread count: 8 physical cores, 16 logical processors, using up to 1 threads

Optimize a model with 64126 rows, 8000 columns and 193588 nonzeros
Model fingerprint: 0x4d5ee934
Variable types: 0 continuous, 8000 integer (8000 binary)
Coefficient statistics:
  Matrix range     [1e+00, 2e+01]
  Objective range  [1e+00, 2e+01]
  Bounds range     [1e+00, 1e+00]
  RHS range        [1e+00, 2e+01]
Presolve removed 0 rows and 4580 columns
Presolve time: 0.64s
Presolved: 64126 rows, 3420 columns, 193588 nonzeros
Variable types: 0 continuous, 3420 integer (3420 binary)
Root relaxation presolved: 3420 rows, 67546 columns, 197008 nonzeros


Root simplex log...

Iteration    Objective       Primal Inf.    Dual Inf.      Time
   15878    1.8683133e+03   0.000000e+00   3.542606e+04      5s
   28748    1.9286989e+03   0.000000e+00   9.108162e+04     10s
   38810    1.9786813e+03   0.000000e+00   1.870457e+04     15s
   49112    2.0221215e+03   0.000000e+00   7.236968e+04     20s
   59577    2.0522281e+03   0.000000e+00   7.615417e+04     25s
   69554    2.0721786e+03   0.000000e+00   6.866274e+03     30s
   73601    2.0768908e+03   0.000000e+00   0.000000e+00     33s
   73601    2.0768908e+03   0.000000e+00   0.000000e+00     33s

Root relaxation: objective 2.076891e+03, 73601 iterations, 31.58 seconds (16.73 work units)

    Nodes    |    Current Node    |     Objective Bounds      |     Work
 Expl Unexpl |  Obj  Depth IntInf | Incumbent    BestBd   Gap | It/Node Time

     0     0 2076.89083    0  164          - 2076.89083      -     -   33s

Explored 1 nodes (73707 simplex iterations) in 33.01 seconds (17.40 work units)
Thread count was 1 (of 16 available processors)

Solution count 0

Node limit reached
Best objective -, best bound 2.077000000000e+03, gap -
Root Upper inf
Root Lower 2076.890829694973
Reset all parameters
Set parameter TimeLimit to value 1.0443579123020172e+03
Set parameter Threads to value 1
Gurobi Optimizer version 11.0.2 build v11.0.2rc0 (linux64 - "Debian GNU/Linux 10 (buster)")

CPU model: Intel(R) Xeon(R) CPU           X5570  @ 2.93GHz, instruction set [SSE2]
Thread count: 8 physical cores, 16 logical processors, using up to 1 threads

Optimize a model with 64126 rows, 8000 columns and 193588 nonzeros
Model fingerprint: 0x4d5ee934
Variable types: 0 continuous, 8000 integer (8000 binary)
Coefficient statistics:
  Matrix range     [1e+00, 2e+01]
  Objective range  [1e+00, 2e+01]
  Bounds range     [1e+00, 1e+00]
  RHS range        [1e+00, 2e+01]
Presolved: 64126 rows, 3420 columns, 193588 nonzeros

Continuing optimization...

     0     0 2076.89083    0  164          - 2076.89083      -     -   64s
     0     0 2076.89083    0  164          - 2076.89083      -     -   66s
H    0     0                    2107.0000000 2076.89083  1.43%     -   80s
     0     2 2076.89287    0  164 2107.00000 2076.89287  1.43%     -   81s
     1     3 2087.50000    1  164 2107.00000 2076.89287  1.43%  6713  104s
     2     4 2093.31387    2  744 2107.00000 2076.89287  1.43%  5048  115s
     3     3     cutoff    2      2107.00000 2076.89287  1.43%  3978  124s
     4     4 2097.45455    3  222 2107.00000 2076.89287  1.43%  4282  140s
H    7     5                    2104.0000000 2076.89287  1.29%  2515  146s
     8     8 2098.59504    6  574 2104.00000 2076.89287  1.29%  2528  150s
     9     9 2102.38462    7   36 2104.00000 2076.89287  1.29%  2779  163s
    10     8     cutoff    8      2104.00000 2076.89287  1.29%  2607  166s
    12     8 2101.33121    7  718 2104.00000 2076.89287  1.29%  2428  174s
    13     9 2101.91045    8  102 2104.00000 2076.89287  1.29%  2340  178s
    14     8     cutoff    9      2104.00000 2076.89287  1.29%  2248  181s
    17     5     cutoff    1      2104.00000 2093.31967  0.51%  2360  209s
    18     6 2100.84211    3  506 2104.00000 2097.45520  0.31%  2354  217s
    20     4     cutoff    4      2104.00000 2097.45520  0.31%  2155  220s
    22     4 2100.00000    5  192 2104.00000 2098.59619  0.26%  2046  226s
    23     5 2100.55414    6  718 2104.00000 2098.59619  0.26%  2050  237s
    24     6 2101.20000    7  732 2104.00000 2098.59619  0.26%  2102  245s
    26     6 2101.71429    8   36 2104.00000 2098.59619  0.26%  2029  251s
    28     6     cutoff    9      2104.00000 2098.59619  0.26%  1967  256s
    31     5     cutoff   11      2104.00000 2098.59619  0.26%  1845  260s
    33     3     cutoff    7      2104.00000 2098.60150  0.26%  2042  284s
    34     2     cutoff    7      2104.00000 2100.00058  0.19%  2047  292s
    35     3 2100.87354    6   70 2104.00000 2100.87354  0.15%  2018  295s
    36     4 2102.69231    7   36 2104.00000 2100.88848  0.15%  1999  300s

Explored 41 nodes (220132 simplex iterations) in 268.94 seconds (179.13 work units)
Thread count was 1 (of 16 available processors)

Solution count 2: 2104 2107 

Optimal solution found (tolerance 1.00e-04)
Best objective 2.104000000000e+03, best bound 2.104000000000e+03, gap 0.0000%
flow1:  2104.0
flow2:  3092.0
Root Upper Bound: inf
Root lower Bound: 2076.890829694973
ND-Point: 5

-----------------------------------------
Warning for adding constraints: zero or small (< 1e-13) coefficients, ignored
Set parameter NodeLimit to value 0
Set parameter TimeLimit to value 7.6860571932792664e+02
Set parameter Threads to value 1
Gurobi Optimizer version 11.0.2 build v11.0.2rc0 (linux64 - "Debian GNU/Linux 10 (buster)")

CPU model: Intel(R) Xeon(R) CPU           X5570  @ 2.93GHz, instruction set [SSE2]
Thread count: 8 physical cores, 16 logical processors, using up to 1 threads

Optimize a model with 64126 rows, 8000 columns and 193588 nonzeros
Model fingerprint: 0x103f81a4
Variable types: 0 continuous, 8000 integer (8000 binary)
Coefficient statistics:
  Matrix range     [1e+00, 2e+01]
  Objective range  [1e+00, 2e+01]
  Bounds range     [1e+00, 1e+00]
  RHS range        [1e+00, 3e+01]
Presolve removed 0 rows and 4580 columns
Presolve time: 0.66s
Presolved: 64126 rows, 3420 columns, 193588 nonzeros
Variable types: 0 continuous, 3420 integer (3420 binary)
Root relaxation presolved: 3420 rows, 67546 columns, 197008 nonzeros


Root simplex log...

Iteration    Objective       Primal Inf.    Dual Inf.      Time
   15878    1.8683133e+03   0.000000e+00   3.542706e+04      5s
   28514    1.9260123e+03   0.000000e+00   7.508178e+04     10s
   39044    1.9760634e+03   0.000000e+00   6.760104e+04     15s
   49391    2.0175447e+03   0.000000e+00   9.381203e+04     20s
   60078    2.0509473e+03   0.000000e+00   2.133805e+05     25s
   70040    2.0744159e+03   0.000000e+00   5.296910e+03     30s
   74791    2.0787074e+03   0.000000e+00   0.000000e+00     32s
   74791    2.0787074e+03   0.000000e+00   0.000000e+00     32s

Root relaxation: objective 2.078707e+03, 74791 iterations, 31.30 seconds (16.96 work units)

    Nodes    |    Current Node    |     Objective Bounds      |     Work
 Expl Unexpl |  Obj  Depth IntInf | Incumbent    BestBd   Gap | It/Node Time

     0     0 2078.70742    0  164          - 2078.70742      -     -   32s

Explored 1 nodes (74896 simplex iterations) in 32.86 seconds (17.70 work units)
Thread count was 1 (of 16 available processors)

Solution count 0

Node limit reached
Best objective -, best bound 2.079000000000e+03, gap -
Root Upper inf
Root Lower 2078.7074235807727
Reset all parameters
Set parameter TimeLimit to value 6.0638309526443481e+02
Set parameter Threads to value 1
Gurobi Optimizer version 11.0.2 build v11.0.2rc0 (linux64 - "Debian GNU/Linux 10 (buster)")

CPU model: Intel(R) Xeon(R) CPU           X5570  @ 2.93GHz, instruction set [SSE2]
Thread count: 8 physical cores, 16 logical processors, using up to 1 threads

Optimize a model with 64126 rows, 8000 columns and 193588 nonzeros
Model fingerprint: 0x103f81a4
Variable types: 0 continuous, 8000 integer (8000 binary)
Coefficient statistics:
  Matrix range     [1e+00, 2e+01]
  Objective range  [1e+00, 2e+01]
  Bounds range     [1e+00, 1e+00]
  RHS range        [1e+00, 3e+01]
Presolved: 64126 rows, 3420 columns, 193588 nonzeros

Continuing optimization...

     0     0 2078.70742    0  164          - 2078.70742      -     -   66s
     0     0 2078.70742    0  164          - 2078.70742      -     -   68s
H    0     0                    2130.0000000 2078.70742  2.41%     -   97s
H    0     0                    2108.0000000 2078.70742  1.39%     -   98s
     0     2 2078.71000    0  164 2108.00000 2078.71000  1.39%     -   99s
     1     3 2090.59091    1  164 2108.00000 2078.71600  1.39%  7403  119s
     2     4 2097.10949    2  744 2108.00000 2078.71600  1.39%  6200  132s
     3     3     cutoff    2      2108.00000 2078.71600  1.39%  4870  140s
     4     4 2103.78947    3  506 2108.00000 2078.71600  1.39%  4196  147s
     5     3     cutoff    4      2108.00000 2078.71600  1.39%  3567  151s
     7     3 2102.10909    3  222 2108.00000 2078.71600  1.39%  3599  171s
H    9     3                    2105.0000000 2078.71600  1.25%  2808  175s
    13     3     cutoff    6      2105.00000 2078.71600  1.25%  2160  180s
    17     3 2103.69604    1  136 2105.00000 2102.10962  0.14%  2172  209s
    20     0     cutoff    4      2105.00000 2105.00000  0.00%  1863  210s

Explored 21 nodes (187141 simplex iterations) in 177.68 seconds (115.83 work units)
Thread count was 1 (of 16 available processors)

Solution count 3: 2105 2108 2130 

Optimal solution found (tolerance 1.00e-04)
Best objective 2.105000000000e+03, best bound 2.105000000000e+03, gap 0.0000%
flow1:  2105.0
flow2:  3089.0
Root Upper Bound: inf
Root lower Bound: 2078.7074235807727
ND-Point: 6

-----------------------------------------
Warning for adding constraints: zero or small (< 1e-13) coefficients, ignored
Set parameter NodeLimit to value 0
Set parameter TimeLimit to value 4.3192099118232727e+02
Set parameter Threads to value 1
Gurobi Optimizer version 11.0.2 build v11.0.2rc0 (linux64 - "Debian GNU/Linux 10 (buster)")

CPU model: Intel(R) Xeon(R) CPU           X5570  @ 2.93GHz, instruction set [SSE2]
Thread count: 8 physical cores, 16 logical processors, using up to 1 threads

Optimize a model with 64126 rows, 8000 columns and 193588 nonzeros
Model fingerprint: 0x08a08654
Variable types: 0 continuous, 8000 integer (8000 binary)
Coefficient statistics:
  Matrix range     [1e+00, 2e+01]
  Objective range  [1e+00, 2e+01]
  Bounds range     [1e+00, 1e+00]
  RHS range        [1e+00, 3e+01]
Presolve removed 0 rows and 4580 columns
Presolve time: 0.60s
Presolved: 64126 rows, 3420 columns, 193588 nonzeros
Variable types: 0 continuous, 3420 integer (3420 binary)
Root relaxation presolved: 3420 rows, 67546 columns, 197008 nonzeros


Root simplex log...

Iteration    Objective       Primal Inf.    Dual Inf.      Time
   17282    1.8762900e+03   0.000000e+00   3.194988e+05      5s
   29918    1.9359639e+03   0.000000e+00   1.116311e+05     10s
   39864    1.9898044e+03   0.000000e+00   4.699033e+04     15s
   49804    2.0275631e+03   0.000000e+00   1.723306e+05     20s
   60653    2.0593344e+03   0.000000e+00   1.955661e+04     25s
   71031    2.0773558e+03   0.000000e+00   1.360168e+04     30s
   73462    2.0793886e+03   0.000000e+00   0.000000e+00     31s
   73462    2.0793886e+03   0.000000e+00   0.000000e+00     31s

Root relaxation: objective 2.079389e+03, 73462 iterations, 30.42 seconds (16.74 work units)

    Nodes    |    Current Node    |     Objective Bounds      |     Work
 Expl Unexpl |  Obj  Depth IntInf | Incumbent    BestBd   Gap | It/Node Time

     0     0 2079.38865    0  164          - 2079.38865      -     -   31s

Explored 1 nodes (73550 simplex iterations) in 31.87 seconds (17.50 work units)
Thread count was 1 (of 16 available processors)

Solution count 0

Node limit reached
Best objective -, best bound 2.080000000000e+03, gap -
Root Upper inf
Root Lower 2079.3886462882347
Reset all parameters
Set parameter TimeLimit to value 2.7397123575210571e+02
Set parameter Threads to value 1
Gurobi Optimizer version 11.0.2 build v11.0.2rc0 (linux64 - "Debian GNU/Linux 10 (buster)")

CPU model: Intel(R) Xeon(R) CPU           X5570  @ 2.93GHz, instruction set [SSE2]
Thread count: 8 physical cores, 16 logical processors, using up to 1 threads

Optimize a model with 64126 rows, 8000 columns and 193588 nonzeros
Model fingerprint: 0x08a08654
Variable types: 0 continuous, 8000 integer (8000 binary)
Coefficient statistics:
  Matrix range     [1e+00, 2e+01]
  Objective range  [1e+00, 2e+01]
  Bounds range     [1e+00, 1e+00]
  RHS range        [1e+00, 3e+01]
Presolved: 64126 rows, 3420 columns, 193588 nonzeros

Continuing optimization...

     0     0 2079.38865    0  164          - 2079.38865      -     -   64s
     0     0 2079.38865    0  164          - 2079.38865      -     -   66s
H    0     0                    2146.0000000 2079.38865  3.10%     -   82s
H    0     0                    2108.0000000 2079.38865  1.36%     -   82s
     0     2 2079.38939    0  164 2108.00000 2079.38939  1.36%     -   83s
     1     3 2091.75000    1  164 2108.00000 2079.39822  1.36%  7398  104s
     2     4 2098.53285    2  744 2108.00000 2079.39822  1.36%  6008  119s
     3     3     cutoff    2      2108.00000 2079.39822  1.36%  4610  126s
     4     4 2104.89474    3  506 2108.00000 2079.39822  1.36%  3942  132s
     6     2     cutoff    4      2108.00000 2079.39822  1.36%  2762  135s
     7     3 2103.85455    3  222 2108.00000 2079.39822  1.36%  3157  149s
     9     5 2105.50000    5   36 2108.00000 2079.39822  1.36%  2569  152s
    10     6 2105.78571    6   36 2108.00000 2079.39822  1.36%  2501  157s
H   17     2                    2105.0000000 2079.39822  1.22%  1531  185s
    21     2 2104.45780    5   70 2105.00000 2104.45780  0.03%  1713  190s

Explored 22 nodes (183172 simplex iterations) in 158.25 seconds (105.69 work units)
Thread count was 1 (of 16 available processors)

Solution count 3: 2105 2108 2146 

Optimal solution found (tolerance 1.00e-04)
Best objective 2.105000000000e+03, best bound 2.105000000000e+03, gap 0.0000%
flow1:  2105.0
flow2:  3017.0
Root Upper Bound: inf
Root lower Bound: 2079.3886462882347
ND-Point: 7

-----------------------------------------
Warning for adding constraints: zero or small (< 1e-13) coefficients, ignored
Set parameter NodeLimit to value 0
Set parameter TimeLimit to value 1.1525935912132263e+02
Set parameter Threads to value 1
Gurobi Optimizer version 11.0.2 build v11.0.2rc0 (linux64 - "Debian GNU/Linux 10 (buster)")

CPU model: Intel(R) Xeon(R) CPU           X5570  @ 2.93GHz, instruction set [SSE2]
Thread count: 8 physical cores, 16 logical processors, using up to 1 threads

Optimize a model with 64126 rows, 8000 columns and 193588 nonzeros
Model fingerprint: 0xa3fa429b
Variable types: 0 continuous, 8000 integer (8000 binary)
Coefficient statistics:
  Matrix range     [1e+00, 2e+01]
  Objective range  [1e+00, 2e+01]
  Bounds range     [1e+00, 1e+00]
  RHS range        [1e+00, 1e+02]
Presolve removed 0 rows and 4580 columns
Presolve time: 0.63s
Presolved: 64126 rows, 3420 columns, 193588 nonzeros
Variable types: 0 continuous, 3420 integer (3420 binary)
Root relaxation presolved: 3420 rows, 67546 columns, 197008 nonzeros


Root simplex log...

Iteration    Objective       Primal Inf.    Dual Inf.      Time
   16299    1.8366627e+03   0.000000e+00   9.225877e+04      5s
   28233    1.9230305e+03   0.000000e+00   1.033125e+06     10s
   38363    1.9821838e+03   0.000000e+00   6.889852e+05     15s
   48776    2.0299419e+03   0.000000e+00   8.941036e+04     20s
   59262    2.0780785e+03   0.000000e+00   8.763666e+03     25s
   65537    2.0957380e+03   0.000000e+00   0.000000e+00     28s
   65537    2.0957380e+03   0.000000e+00   0.000000e+00     28s

Root relaxation: objective 2.095738e+03, 65537 iterations, 27.22 seconds (14.66 work units)

    Nodes    |    Current Node    |     Objective Bounds      |     Work
 Expl Unexpl |  Obj  Depth IntInf | Incumbent    BestBd   Gap | It/Node Time

     0     0 2095.73799    0  164          - 2095.73799      -     -   28s

Explored 1 nodes (65638 simplex iterations) in 28.76 seconds (15.41 work units)
Thread count was 1 (of 16 available processors)

Solution count 0

Node limit reached
Best objective -, best bound 2.096000000000e+03, gap -
Root Upper inf
Root Lower 2095.73799126645
Reset all parameters
Set parameter TimeLimit to value 0
Set parameter Threads to value 1
Gurobi Optimizer version 11.0.2 build v11.0.2rc0 (linux64 - "Debian GNU/Linux 10 (buster)")

CPU model: Intel(R) Xeon(R) CPU           X5570  @ 2.93GHz, instruction set [SSE2]
Thread count: 8 physical cores, 16 logical processors, using up to 1 threads

Optimize a model with 64126 rows, 8000 columns and 193588 nonzeros
Model fingerprint: 0xa3fa429b
Variable types: 0 continuous, 8000 integer (8000 binary)
Coefficient statistics:
  Matrix range     [1e+00, 2e+01]
  Objective range  [1e+00, 2e+01]
  Bounds range     [1e+00, 1e+00]
  RHS range        [1e+00, 1e+02]

Explored 0 nodes (0 simplex iterations) in 0.00 seconds (0.00 work units)
Thread count was 1 (of 16 available processors)

Solution count 0

Time limit reached
Best objective -, best bound -, gap -
Time Limit reached


Total running time: 3513.595271587372
STAH, Instance, #departments, #ND-Points, t-MIP
STAH, AC_20_30_5_AC_20_30_5_1, 20, 6, 3513.595271587372
     OBJ1    OBJ2  ...  BNB_Nodes_MIP  Total_Time_MIP[s]
0  2091.0  3115.0  ...           43.0         419.928232
1  2096.0  3108.0  ...           47.0         434.857782
2  2097.0  3105.0  ...           38.0         494.833375
3  2103.0  3100.0  ...          169.0         927.876091
4  2104.0  3092.0  ...           41.0         424.589597
5  2105.0  3017.0  ...           22.0         316.260451

[6 rows x 6 columns]
./output/AC_20_30_5_AC_20_30_5_1.pdf
Plotting is done
