Requirement already satisfied: contourpy==1.2.1 in ./.venv/lib/python3.9/site-packages (from -r constraints.txt (line 3)) (1.2.1)
Requirement already satisfied: cycler==0.12.1 in ./.venv/lib/python3.9/site-packages (from -r constraints.txt (line 4)) (0.12.1)
Requirement already satisfied: fonttools==4.53.0 in ./.venv/lib/python3.9/site-packages (from -r constraints.txt (line 5)) (4.53.0)
Requirement already satisfied: gurobipy==11.0.2 in ./.venv/lib/python3.9/site-packages (from -r constraints.txt (line 6)) (11.0.2)
Requirement already satisfied: kiwisolver==1.4.5 in ./.venv/lib/python3.9/site-packages (from -r constraints.txt (line 7)) (1.4.5)
Requirement already satisfied: matplotlib==3.9.1 in ./.venv/lib/python3.9/site-packages (from -r constraints.txt (line 8)) (3.9.1)
Requirement already satisfied: numpy==1.26.4 in ./.venv/lib/python3.9/site-packages (from -r constraints.txt (line 9)) (1.26.4)
Requirement already satisfied: packaging==24.1 in ./.venv/lib/python3.9/site-packages (from -r constraints.txt (line 10)) (24.1)
Requirement already satisfied: pandas==2.2.2 in ./.venv/lib/python3.9/site-packages (from -r constraints.txt (line 11)) (2.2.2)
Requirement already satisfied: pillow==10.4.0 in ./.venv/lib/python3.9/site-packages (from -r constraints.txt (line 12)) (10.4.0)
Requirement already satisfied: pyparsing==3.1.2 in ./.venv/lib/python3.9/site-packages (from -r constraints.txt (line 13)) (3.1.2)
Requirement already satisfied: python-dateutil==2.9.0.post0 in ./.venv/lib/python3.9/site-packages (from -r constraints.txt (line 14)) (2.9.0.post0)
Requirement already satisfied: pytz==2024.1 in ./.venv/lib/python3.9/site-packages (from -r constraints.txt (line 15)) (2024.1)
Requirement already satisfied: scipy==1.13.0 in ./.venv/lib/python3.9/site-packages (from -r constraints.txt (line 16)) (1.13.0)
Requirement already satisfied: six==1.16.0 in ./.venv/lib/python3.9/site-packages (from -r constraints.txt (line 17)) (1.16.0)
Requirement already satisfied: tzdata==2024.1 in ./.venv/lib/python3.9/site-packages (from -r constraints.txt (line 18)) (2024.1)
Requirement already satisfied: importlib-resources>=3.2.0 in ./.venv/lib/python3.9/site-packages (from matplotlib==3.9.1->-r constraints.txt (line 8)) (6.4.0)
Requirement already satisfied: zipp>=3.1.0 in ./.venv/lib/python3.9/site-packages (from importlib-resources>=3.2.0->matplotlib==3.9.1->-r constraints.txt (line 8)) (3.19.2)
WARNING: Error parsing dependencies of pip: [Errno 2] No such file or directory: '/home/k2g00/k2g4470/.venv/lib/python3.9/site-packages/pip-24.0.dist-info/METADATA'
srun python3 ./AmaralModelMain.py -i AC_20_70_5 -j AC_20_70_5_1 -t 3600
Input file 1 is:  instance/AC_20_70_5
Input file 2 is:  instance/AC_20_70_5_1


Set parameter TokenServer to value "relise"
Warning for adding constraints: zero or small (< 1e-13) coefficients, ignored
Set parameter NodeLimit to value 0
Set parameter TimeLimit to value 3.4857522730827332e+03
Set parameter Threads to value 1
Gurobi Optimizer version 11.0.2 build v11.0.2rc0 (linux64 - "Debian GNU/Linux 10 (buster)")

CPU model: Intel(R) Xeon(R) CPU           X5570  @ 2.93GHz, instruction set [SSE2]
Thread count: 8 physical cores, 16 logical processors, using up to 1 threads

Optimize a model with 64126 rows, 8000 columns and 194377 nonzeros
Model fingerprint: 0xd23362c2
Variable types: 0 continuous, 8000 integer (8000 binary)
Coefficient statistics:
  Matrix range     [1e+00, 2e+01]
  Objective range  [1e+00, 2e+01]
  Bounds range     [1e+00, 1e+00]
  RHS range        [1e+00, 2e+00]
Presolve removed 0 rows and 4580 columns
Presolve time: 0.46s
Presolved: 64126 rows, 3420 columns, 194377 nonzeros
Variable types: 0 continuous, 3420 integer (3420 binary)
Found heuristic solution: objective 6935.0000000
Root relaxation presolved: 3420 rows, 67546 columns, 197797 nonzeros


Root simplex log...

Iteration    Objective       Primal Inf.    Dual Inf.      Time
   16612    4.8573480e+03   0.000000e+00   1.441320e+05      5s
   30733    4.9972104e+03   0.000000e+00   1.701099e+05     10s
   44627    5.0894044e+03   0.000000e+00   6.746764e+04     15s
   57046    5.1521283e+03   0.000000e+00   1.556239e+04     20s
   69030    5.1999318e+03   0.000000e+00   8.209122e+03     25s
   80956    5.2351714e+03   0.000000e+00   2.198445e+04     30s
   93410    5.2600077e+03   0.000000e+00   3.715507e+04     35s
  106006    5.2798495e+03   0.000000e+00   1.077130e+04     40s
  118838    5.2952559e+03   0.000000e+00   1.637202e+03     45s
  132846    5.3077108e+03   0.000000e+00   1.553245e+03     50s
  146998    5.3170000e+03   6.324757e-03   0.000000e+00     55s
  147003    5.3170000e+03   0.000000e+00   0.000000e+00     55s
  147003    5.3170000e+03   0.000000e+00   0.000000e+00     55s

Root relaxation: objective 5.317000e+03, 147003 iterations, 54.37 seconds (36.76 work units)

    Nodes    |    Current Node    |     Objective Bounds      |     Work
 Expl Unexpl |  Obj  Depth IntInf | Incumbent    BestBd   Gap | It/Node Time

     0     0          -    0      6935.00000 5317.00000  23.3%     -   55s

Explored 1 nodes (147003 simplex iterations) in 55.15 seconds (37.24 work units)
Thread count was 1 (of 16 available processors)

Solution count 1: 6935 

Node limit reached
Best objective 6.935000000000e+03, best bound 5.317000000000e+03, gap 23.3309%
Root Upper 6935.0
Root Lower 5316.999999999982
Reset all parameters
Set parameter TimeLimit to value 3.3163130211830139e+03
Set parameter Threads to value 1
Gurobi Optimizer version 11.0.2 build v11.0.2rc0 (linux64 - "Debian GNU/Linux 10 (buster)")

CPU model: Intel(R) Xeon(R) CPU           X5570  @ 2.93GHz, instruction set [SSE2]
Thread count: 8 physical cores, 16 logical processors, using up to 1 threads

Optimize a model with 64126 rows, 8000 columns and 194377 nonzeros
Model fingerprint: 0xd23362c2
Variable types: 0 continuous, 8000 integer (8000 binary)
Coefficient statistics:
  Matrix range     [1e+00, 2e+01]
  Objective range  [1e+00, 2e+01]
  Bounds range     [1e+00, 1e+00]
  RHS range        [1e+00, 2e+00]
Presolved: 64126 rows, 3420 columns, 194377 nonzeros

Continuing optimization...

*    0     0               0    5317.0000000 5317.00000  0.00%     -  107s

Explored 1 nodes (294006 simplex iterations) in 52.81 seconds (36.77 work units)
Thread count was 1 (of 16 available processors)

Solution count 2: 5317 6935 

Optimal solution found (tolerance 1.00e-04)
Best objective 5.317000000000e+03, best bound 5.317000000000e+03, gap 0.0000%
flow1:  5317.0
flow2:  6942.5
Root Upper Bound: 6935.0
Root lower Bound: 5316.999999999982
ND-Point: 1

-----------------------------------------
Warning for adding constraints: zero or small (< 1e-13) coefficients, ignored
Set parameter NodeLimit to value 0
Set parameter TimeLimit to value 3.2648576712608337e+03
Set parameter Threads to value 1
Gurobi Optimizer version 11.0.2 build v11.0.2rc0 (linux64 - "Debian GNU/Linux 10 (buster)")

CPU model: Intel(R) Xeon(R) CPU           X5570  @ 2.93GHz, instruction set [SSE2]
Thread count: 8 physical cores, 16 logical processors, using up to 1 threads

Optimize a model with 64126 rows, 8000 columns and 194377 nonzeros
Model fingerprint: 0x137597a0
Variable types: 0 continuous, 8000 integer (8000 binary)
Coefficient statistics:
  Matrix range     [1e+00, 2e+01]
  Objective range  [1e+00, 2e+01]
  Bounds range     [1e+00, 1e+00]
  RHS range        [1e+00, 2e+03]
Presolve removed 0 rows and 4580 columns
Presolve time: 0.50s
Presolved: 64126 rows, 3420 columns, 194377 nonzeros
Variable types: 0 continuous, 3420 integer (3420 binary)
Root relaxation presolved: 3420 rows, 67546 columns, 197797 nonzeros


Root simplex log...

Iteration    Objective       Primal Inf.    Dual Inf.      Time
   15990    4.8527769e+03   0.000000e+00   9.232445e+04      5s
   30116    4.9948990e+03   0.000000e+00   3.972120e+04     10s
   44414    5.0889065e+03   0.000000e+00   4.836585e+04     15s
   58564    5.1547910e+03   0.000000e+00   2.209497e+04     20s
   72853    5.2066122e+03   0.000000e+00   2.284132e+04     25s
   87138    5.2428485e+03   0.000000e+00   2.729631e+03     30s
  102006    5.2709946e+03   0.000000e+00   2.943656e+03     35s
  116975    5.2925736e+03   0.000000e+00   4.455778e+03     40s
  132037    5.3071777e+03   0.000000e+00   1.968780e+03     45s
  147900    5.3169890e+03   0.000000e+00   1.820503e+03     50s
  160083    5.3170772e+03   0.000000e+00   2.815278e+00     55s
  165247    5.3170895e+03   0.000000e+00   0.000000e+00     57s
  165247    5.3170895e+03   0.000000e+00   0.000000e+00     57s

Root relaxation: objective 5.317090e+03, 165247 iterations, 56.30 seconds (38.57 work units)

    Nodes    |    Current Node    |     Objective Bounds      |     Work
 Expl Unexpl |  Obj  Depth IntInf | Incumbent    BestBd   Gap | It/Node Time

     0     0 5317.08952    0 2301          - 5317.08952      -     -   57s

Explored 1 nodes (165257 simplex iterations) in 57.46 seconds (39.31 work units)
Thread count was 1 (of 16 available processors)

Solution count 0

Node limit reached
Best objective -, best bound 5.318000000000e+03, gap -
Root Upper inf
Root Lower 5317.089516371281
Reset all parameters
Set parameter TimeLimit to value 3.0945194766521454e+03
Set parameter Threads to value 1
Gurobi Optimizer version 11.0.2 build v11.0.2rc0 (linux64 - "Debian GNU/Linux 10 (buster)")

CPU model: Intel(R) Xeon(R) CPU           X5570  @ 2.93GHz, instruction set [SSE2]
Thread count: 8 physical cores, 16 logical processors, using up to 1 threads

Optimize a model with 64126 rows, 8000 columns and 194377 nonzeros
Model fingerprint: 0x137597a0
Variable types: 0 continuous, 8000 integer (8000 binary)
Coefficient statistics:
  Matrix range     [1e+00, 2e+01]
  Objective range  [1e+00, 2e+01]
  Bounds range     [1e+00, 1e+00]
  RHS range        [1e+00, 2e+03]
Presolved: 64126 rows, 3420 columns, 194377 nonzeros

Continuing optimization...

     0     0 5317.08952    0 2301          - 5317.08952      -     -  113s
H    0     0                    5318.0000000 5317.08952  0.02%     -  114s
     0     0 5317.08952    0 2301 5318.00000 5317.08952  0.02%     -  114s

Explored 1 nodes (330514 simplex iterations) in 56.57 seconds (38.99 work units)
Thread count was 1 (of 16 available processors)

Solution count 1: 5318 

Optimal solution found (tolerance 1.00e-04)
Best objective 5.318000000000e+03, best bound 5.318000000000e+03, gap 0.0000%
flow1:  5318.0
flow2:  6938.5
Root Upper Bound: inf
Root lower Bound: 5317.089516371281
ND-Point: 2

-----------------------------------------
Warning for adding constraints: zero or small (< 1e-13) coefficients, ignored
Set parameter NodeLimit to value 0
Set parameter TimeLimit to value 3.0379006445407867e+03
Set parameter Threads to value 1
Gurobi Optimizer version 11.0.2 build v11.0.2rc0 (linux64 - "Debian GNU/Linux 10 (buster)")

CPU model: Intel(R) Xeon(R) CPU           X5570  @ 2.93GHz, instruction set [SSE2]
Thread count: 8 physical cores, 16 logical processors, using up to 1 threads

Optimize a model with 64126 rows, 8000 columns and 194377 nonzeros
Model fingerprint: 0xde908c29
Variable types: 0 continuous, 8000 integer (8000 binary)
Coefficient statistics:
  Matrix range     [1e+00, 2e+01]
  Objective range  [1e+00, 2e+01]
  Bounds range     [1e+00, 1e+00]
  RHS range        [1e+00, 2e+03]
Presolve removed 0 rows and 4580 columns
Presolve time: 0.43s
Presolved: 64126 rows, 3420 columns, 194377 nonzeros
Variable types: 0 continuous, 3420 integer (3420 binary)
Root relaxation presolved: 3420 rows, 67546 columns, 197797 nonzeros


Root simplex log...

Iteration    Objective       Primal Inf.    Dual Inf.      Time
   17160    4.8741354e+03   0.000000e+00   2.799657e+05      5s
   31739    5.0097302e+03   0.000000e+00   6.470283e+04     10s
   46543    5.1083697e+03   0.000000e+00   2.644338e+04     15s
   60674    5.1679349e+03   0.000000e+00   1.098714e+04     20s
   74847    5.2129461e+03   0.000000e+00   5.262562e+04     25s
   89390    5.2488265e+03   0.000000e+00   4.718464e+04     30s
  103115    5.2732654e+03   0.000000e+00   2.750654e+03     35s
  117273    5.2917007e+03   0.000000e+00   6.479738e+03     40s
  131141    5.3044822e+03   0.000000e+00   3.377784e+03     45s
  145467    5.3142826e+03   0.000000e+00   1.096552e+03     50s
  157591    5.3172903e+03   0.000000e+00   2.395597e+02     55s
  167039    5.3174476e+03   0.000000e+00   0.000000e+00     59s
  167039    5.3174476e+03   0.000000e+00   0.000000e+00     59s

Root relaxation: objective 5.317448e+03, 167039 iterations, 58.67 seconds (39.58 work units)

    Nodes    |    Current Node    |     Objective Bounds      |     Work
 Expl Unexpl |  Obj  Depth IntInf | Incumbent    BestBd   Gap | It/Node Time

     0     0 5317.44758    0 2301          - 5317.44758      -     -   59s

Explored 1 nodes (167057 simplex iterations) in 59.75 seconds (40.30 work units)
Thread count was 1 (of 16 available processors)

Solution count 0

Node limit reached
Best objective -, best bound 5.318000000000e+03, gap -
Root Upper inf
Root Lower 5317.447581856408
Reset all parameters
Set parameter TimeLimit to value 2.8652731661796570e+03
Set parameter Threads to value 1
Gurobi Optimizer version 11.0.2 build v11.0.2rc0 (linux64 - "Debian GNU/Linux 10 (buster)")

CPU model: Intel(R) Xeon(R) CPU           X5570  @ 2.93GHz, instruction set [SSE2]
Thread count: 8 physical cores, 16 logical processors, using up to 1 threads

Optimize a model with 64126 rows, 8000 columns and 194377 nonzeros
Model fingerprint: 0xde908c29
Variable types: 0 continuous, 8000 integer (8000 binary)
Coefficient statistics:
  Matrix range     [1e+00, 2e+01]
  Objective range  [1e+00, 2e+01]
  Bounds range     [1e+00, 1e+00]
  RHS range        [1e+00, 2e+03]
Presolved: 64126 rows, 3420 columns, 194377 nonzeros

Continuing optimization...

     0     0 5317.44758    0 2301          - 5317.44758      -     -  120s
H    0     0                    5347.0000000 5317.44758  0.55%     -  120s
H    0     0                    5319.0000000 5317.44758  0.03%     -  120s
     0     0 5317.44758    0 2301 5319.00000 5317.44758  0.03%     -  129s

Explored 1 nodes (334132 simplex iterations) in 76.54 seconds (50.13 work units)
Thread count was 1 (of 16 available processors)

Solution count 2: 5319 5347 

Optimal solution found (tolerance 1.00e-04)
Best objective 5.319000000000e+03, best bound 5.319000000000e+03, gap 0.0000%
flow1:  5319.0
flow2:  6927.5
Root Upper Bound: inf
Root lower Bound: 5317.447581856408
ND-Point: 3

-----------------------------------------
Warning for adding constraints: zero or small (< 1e-13) coefficients, ignored
Set parameter NodeLimit to value 0
Set parameter TimeLimit to value 2.7881349935531616e+03
Set parameter Threads to value 1
Gurobi Optimizer version 11.0.2 build v11.0.2rc0 (linux64 - "Debian GNU/Linux 10 (buster)")

CPU model: Intel(R) Xeon(R) CPU           X5570  @ 2.93GHz, instruction set [SSE2]
Thread count: 8 physical cores, 16 logical processors, using up to 1 threads

Optimize a model with 64126 rows, 8000 columns and 194377 nonzeros
Model fingerprint: 0xa6423cdc
Variable types: 0 continuous, 8000 integer (8000 binary)
Coefficient statistics:
  Matrix range     [1e+00, 2e+01]
  Objective range  [1e+00, 2e+01]
  Bounds range     [1e+00, 1e+00]
  RHS range        [1e+00, 2e+03]
Presolve removed 0 rows and 4580 columns
Presolve time: 0.58s
Presolved: 64126 rows, 3420 columns, 194377 nonzeros
Variable types: 0 continuous, 3420 integer (3420 binary)
Root relaxation presolved: 3420 rows, 67546 columns, 197797 nonzeros


Root simplex log...

Iteration    Objective       Primal Inf.    Dual Inf.      Time
   14118    4.8246986e+03   0.000000e+00   1.052091e+05      5s
   26642    4.9602042e+03   0.000000e+00   1.073584e+05     10s
   38745    5.0514278e+03   0.000000e+00   5.063732e+04     15s
   51472    5.1208641e+03   0.000000e+00   2.614874e+04     20s
   63551    5.1746735e+03   0.000000e+00   1.283417e+04     25s
   75044    5.2107223e+03   0.000000e+00   1.250294e+04     30s
   86947    5.2390132e+03   0.000000e+00   2.868999e+04     35s
   99463    5.2631770e+03   0.000000e+00   5.700121e+03     40s
  111893    5.2837410e+03   0.000000e+00   4.217530e+03     45s
  124839    5.2995892e+03   0.000000e+00   3.860486e+04     50s
  137824    5.3104852e+03   0.000000e+00   2.013609e+03     55s
  151557    5.3165673e+03   0.000000e+00   5.204407e+03     60s
  163038    5.3182300e+03   0.000000e+00   6.125455e+01     65s
  168222    5.3184323e+03   0.000000e+00   0.000000e+00     67s
  168222    5.3184323e+03   0.000000e+00   0.000000e+00     68s

Root relaxation: objective 5.318432e+03, 168222 iterations, 66.51 seconds (40.03 work units)

    Nodes    |    Current Node    |     Objective Bounds      |     Work
 Expl Unexpl |  Obj  Depth IntInf | Incumbent    BestBd   Gap | It/Node Time

     0     0 5318.43226    0 2301          - 5318.43226      -     -   67s

Explored 1 nodes (168241 simplex iterations) in 67.83 seconds (40.75 work units)
Thread count was 1 (of 16 available processors)

Solution count 0

Node limit reached
Best objective -, best bound 5.319000000000e+03, gap -
Root Upper inf
Root Lower 5318.432261940564
Reset all parameters
Set parameter TimeLimit to value 2.6068830621242523e+03
Set parameter Threads to value 1
Gurobi Optimizer version 11.0.2 build v11.0.2rc0 (linux64 - "Debian GNU/Linux 10 (buster)")

CPU model: Intel(R) Xeon(R) CPU           X5570  @ 2.93GHz, instruction set [SSE2]
Thread count: 8 physical cores, 16 logical processors, using up to 1 threads

Optimize a model with 64126 rows, 8000 columns and 194377 nonzeros
Model fingerprint: 0xa6423cdc
Variable types: 0 continuous, 8000 integer (8000 binary)
Coefficient statistics:
  Matrix range     [1e+00, 2e+01]
  Objective range  [1e+00, 2e+01]
  Bounds range     [1e+00, 1e+00]
  RHS range        [1e+00, 2e+03]
Presolved: 64126 rows, 3420 columns, 194377 nonzeros

Continuing optimization...

     0     0 5318.43226    0 2301          - 5318.43226      -     -  131s
H    0     0                    5336.0000000 5318.43226  0.33%     -  131s
H    0     0                    5325.0000000 5318.43226  0.12%     -  131s
H    0     0                    5320.0000000 5318.43226  0.03%     -  131s
     0     0 5318.43226    0 2301 5320.00000 5318.43226  0.03%     -  140s

Explored 1 nodes (336501 simplex iterations) in 78.32 seconds (48.75 work units)
Thread count was 1 (of 16 available processors)

Solution count 3: 5320 5325 5336 

Optimal solution found (tolerance 1.00e-04)
Best objective 5.320000000000e+03, best bound 5.320000000000e+03, gap 0.0000%
flow1:  5320.0
flow2:  6923.5
Root Upper Bound: inf
Root lower Bound: 5318.432261940564
ND-Point: 4

-----------------------------------------
Warning for adding constraints: zero or small (< 1e-13) coefficients, ignored
Set parameter NodeLimit to value 0
Set parameter TimeLimit to value 2.5243390834331512e+03
Set parameter Threads to value 1
Gurobi Optimizer version 11.0.2 build v11.0.2rc0 (linux64 - "Debian GNU/Linux 10 (buster)")

CPU model: Intel(R) Xeon(R) CPU           X5570  @ 2.93GHz, instruction set [SSE2]
Thread count: 8 physical cores, 16 logical processors, using up to 1 threads

Optimize a model with 64126 rows, 8000 columns and 194377 nonzeros
Model fingerprint: 0xb70e69ea
Variable types: 0 continuous, 8000 integer (8000 binary)
Coefficient statistics:
  Matrix range     [1e+00, 2e+01]
  Objective range  [1e+00, 2e+01]
  Bounds range     [1e+00, 1e+00]
  RHS range        [1e+00, 2e+03]
Presolve removed 0 rows and 4580 columns
Presolve time: 0.51s
Presolved: 64126 rows, 3420 columns, 194377 nonzeros
Variable types: 0 continuous, 3420 integer (3420 binary)
Root relaxation presolved: 3420 rows, 67546 columns, 197797 nonzeros


Root simplex log...

Iteration    Objective       Primal Inf.    Dual Inf.      Time
   15768    4.8618375e+03   0.000000e+00   1.441009e+05      5s
   29340    4.9851655e+03   0.000000e+00   6.413440e+04     10s
   42798    5.0768442e+03   0.000000e+00   5.967621e+04     15s
   56391    5.1399234e+03   0.000000e+00   3.937558e+04     20s
   69200    5.1994404e+03   0.000000e+00   3.272767e+04     25s
   82019    5.2426487e+03   0.000000e+00   9.371320e+03     30s
   95200    5.2721970e+03   0.000000e+00   5.024918e+04     35s
  108138    5.2934048e+03   0.000000e+00   3.276525e+03     40s
  123287    5.3064542e+03   0.000000e+00   2.975245e+03     45s
  137747    5.3167684e+03   0.000000e+00   2.941146e+03     50s
  149265    5.3185161e+03   0.000000e+00   4.082239e+01     55s
  155832    5.3187903e+03   0.000000e+00   0.000000e+00     58s
  155832    5.3187903e+03   0.000000e+00   0.000000e+00     58s

Root relaxation: objective 5.318790e+03, 155832 iterations, 57.15 seconds (37.16 work units)

    Nodes    |    Current Node    |     Objective Bounds      |     Work
 Expl Unexpl |  Obj  Depth IntInf | Incumbent    BestBd   Gap | It/Node Time

     0     0 5318.79033    0 2301          - 5318.79033      -     -   58s

Explored 1 nodes (155846 simplex iterations) in 58.33 seconds (37.89 work units)
Thread count was 1 (of 16 available processors)

Solution count 0

Node limit reached
Best objective -, best bound 5.319000000000e+03, gap -
Root Upper inf
Root Lower 5318.790327425655
Reset all parameters
Set parameter TimeLimit to value 2.3484138627052307e+03
Set parameter Threads to value 1
Gurobi Optimizer version 11.0.2 build v11.0.2rc0 (linux64 - "Debian GNU/Linux 10 (buster)")

CPU model: Intel(R) Xeon(R) CPU           X5570  @ 2.93GHz, instruction set [SSE2]
Thread count: 8 physical cores, 16 logical processors, using up to 1 threads

Optimize a model with 64126 rows, 8000 columns and 194377 nonzeros
Model fingerprint: 0xb70e69ea
Variable types: 0 continuous, 8000 integer (8000 binary)
Coefficient statistics:
  Matrix range     [1e+00, 2e+01]
  Objective range  [1e+00, 2e+01]
  Bounds range     [1e+00, 1e+00]
  RHS range        [1e+00, 2e+03]
Presolved: 64126 rows, 3420 columns, 194377 nonzeros

Continuing optimization...

     0     0 5318.79033    0 2301          - 5318.79033      -     -  117s
H    0     0                    5336.0000000 5318.79033  0.32%     -  117s
H    0     0                    5325.0000000 5318.79033  0.12%     -  117s
     0     0 5318.79033    0 2301 5325.00000 5318.79033  0.12%     -  125s
H    0     0                    5320.0000000 5318.79033  0.02%     -  126s

Explored 1 nodes (311710 simplex iterations) in 73.28 seconds (44.98 work units)
Thread count was 1 (of 16 available processors)

Solution count 3: 5320 5325 5336 

Optimal solution found (tolerance 1.00e-04)
Best objective 5.320000000000e+03, best bound 5.320000000000e+03, gap 0.0000%
flow1:  5320.0
flow2:  6910.5
Root Upper Bound: inf
Root lower Bound: 5318.790327425655
ND-Point: 5

-----------------------------------------
Warning for adding constraints: zero or small (< 1e-13) coefficients, ignored
Set parameter NodeLimit to value 0
Set parameter TimeLimit to value 2.2758858301639557e+03
Set parameter Threads to value 1
Gurobi Optimizer version 11.0.2 build v11.0.2rc0 (linux64 - "Debian GNU/Linux 10 (buster)")

CPU model: Intel(R) Xeon(R) CPU           X5570  @ 2.93GHz, instruction set [SSE2]
Thread count: 8 physical cores, 16 logical processors, using up to 1 threads

Optimize a model with 64126 rows, 8000 columns and 194377 nonzeros
Model fingerprint: 0x35ab3034
Variable types: 0 continuous, 8000 integer (8000 binary)
Coefficient statistics:
  Matrix range     [1e+00, 2e+01]
  Objective range  [1e+00, 2e+01]
  Bounds range     [1e+00, 1e+00]
  RHS range        [1e+00, 2e+03]
Presolve removed 0 rows and 4580 columns
Presolve time: 0.52s
Presolved: 64126 rows, 3420 columns, 194377 nonzeros
Variable types: 0 continuous, 3420 integer (3420 binary)
Root relaxation presolved: 3420 rows, 67546 columns, 197797 nonzeros


Root simplex log...

Iteration    Objective       Primal Inf.    Dual Inf.      Time
   15071    4.8501139e+03   0.000000e+00   1.307313e+05      5s
   28234    4.9755197e+03   0.000000e+00   5.192942e+04     10s
   41563    5.0616310e+03   0.000000e+00   2.453481e+04     15s
   53947    5.1247254e+03   0.000000e+00   7.848407e+04     20s
   65220    5.1730167e+03   0.000000e+00   3.201203e+04     25s
   76408    5.2101427e+03   0.000000e+00   1.655583e+04     30s
   87921    5.2399433e+03   0.000000e+00   5.640911e+03     35s
  100349    5.2633018e+03   0.000000e+00   2.895694e+04     40s
  113371    5.2793671e+03   0.000000e+00   9.983197e+03     45s
  126557    5.2941057e+03   0.000000e+00   5.064487e+03     50s
  140123    5.3067464e+03   0.000000e+00   2.957187e+03     55s
  153760    5.3150828e+03   0.000000e+00   5.548330e+03     60s
  165434    5.3189054e+03   0.000000e+00   1.565974e+03     65s
  174559    5.3199540e+03   0.000000e+00   0.000000e+00     69s
  174559    5.3199540e+03   0.000000e+00   0.000000e+00     69s

Root relaxation: objective 5.319954e+03, 174559 iterations, 68.47 seconds (42.50 work units)

    Nodes    |    Current Node    |     Objective Bounds      |     Work
 Expl Unexpl |  Obj  Depth IntInf | Incumbent    BestBd   Gap | It/Node Time

     0     0 5319.95404    0 2301          - 5319.95404      -     -   69s

Explored 1 nodes (174577 simplex iterations) in 69.68 seconds (43.19 work units)
Thread count was 1 (of 16 available processors)

Solution count 0

Node limit reached
Best objective -, best bound 5.320000000000e+03, gap -
Root Upper inf
Root Lower 5319.954040252327
Reset all parameters
Set parameter TimeLimit to value 2.0894098701477051e+03
Set parameter Threads to value 1
Gurobi Optimizer version 11.0.2 build v11.0.2rc0 (linux64 - "Debian GNU/Linux 10 (buster)")

CPU model: Intel(R) Xeon(R) CPU           X5570  @ 2.93GHz, instruction set [SSE2]
Thread count: 8 physical cores, 16 logical processors, using up to 1 threads

Optimize a model with 64126 rows, 8000 columns and 194377 nonzeros
Model fingerprint: 0x35ab3034
Variable types: 0 continuous, 8000 integer (8000 binary)
Coefficient statistics:
  Matrix range     [1e+00, 2e+01]
  Objective range  [1e+00, 2e+01]
  Bounds range     [1e+00, 1e+00]
  RHS range        [1e+00, 2e+03]
Presolved: 64126 rows, 3420 columns, 194377 nonzeros

Continuing optimization...

     0     0 5319.95404    0 2301          - 5319.95404      -     -  136s
H    0     0                    5347.0000000 5319.95404  0.51%     -  137s
     0     0 5319.95404    0 2301 5347.00000 5319.95404  0.51%     -  143s
H    0     0                    5328.0000000 5319.95404  0.15%     -  152s
H    0     0                    5324.0000000 5319.95404  0.08%     -  158s
     0     2 5319.95414    0 2301 5324.00000 5319.95414  0.08%     -  160s
     1     3 5319.96656    1 2272 5324.00000 5319.95742  0.08%  51.0  160s
     3     3 5320.12308    2 1828 5324.00000 5319.97022  0.08%   794  168s
     4     4 5320.20000    3  966 5324.00000 5319.97022  0.08%  1274  176s
     8     8 5320.73684    7   70 5324.00000 5319.97022  0.08%   799  180s
    15     5 5322.24573    3  986 5324.00000 5320.20978  0.07%   626  189s
    16     4     cutoff    4      5324.00000 5320.20978  0.07%   615  190s

Explored 21 nodes (359832 simplex iterations) in 124.07 seconds (83.41 work units)
Thread count was 1 (of 16 available processors)

Solution count 3: 5324 5328 5347 

Optimal solution found (tolerance 1.00e-04)
Best objective 5.324000000000e+03, best bound 5.324000000000e+03, gap 0.0000%
flow1:  5324.0
flow2:  6903.5
Root Upper Bound: inf
Root lower Bound: 5319.954040252327
ND-Point: 6

-----------------------------------------
Warning for adding constraints: zero or small (< 1e-13) coefficients, ignored
Set parameter NodeLimit to value 0
Set parameter TimeLimit to value 1.9610871145725250e+03
Set parameter Threads to value 1
Gurobi Optimizer version 11.0.2 build v11.0.2rc0 (linux64 - "Debian GNU/Linux 10 (buster)")

CPU model: Intel(R) Xeon(R) CPU           X5570  @ 2.93GHz, instruction set [SSE2]
Thread count: 8 physical cores, 16 logical processors, using up to 1 threads

Optimize a model with 64126 rows, 8000 columns and 194377 nonzeros
Model fingerprint: 0x58ead424
Variable types: 0 continuous, 8000 integer (8000 binary)
Coefficient statistics:
  Matrix range     [1e+00, 2e+01]
  Objective range  [1e+00, 2e+01]
  Bounds range     [1e+00, 1e+00]
  RHS range        [1e+00, 2e+03]
Presolve removed 0 rows and 4580 columns
Presolve time: 0.53s
Presolved: 64126 rows, 3420 columns, 194377 nonzeros
Variable types: 0 continuous, 3420 integer (3420 binary)
Root relaxation presolved: 3420 rows, 67546 columns, 197797 nonzeros


Root simplex log...

Iteration    Objective       Primal Inf.    Dual Inf.      Time
   15071    4.8536378e+03   0.000000e+00   2.598205e+04      5s
   28504    4.9814199e+03   0.000000e+00   1.025209e+05     10s
   41842    5.0587773e+03   0.000000e+00   1.052907e+05     15s
   54648    5.1300273e+03   0.000000e+00   4.426243e+04     20s
   66375    5.1786593e+03   0.000000e+00   9.158325e+04     25s
   78496    5.2198152e+03   0.000000e+00   6.832833e+03     30s
   90792    5.2524390e+03   0.000000e+00   2.667347e+03     35s
  103320    5.2756858e+03   0.000000e+00   1.095237e+04     40s
  117684    5.2929533e+03   0.000000e+00   8.302411e+03     45s
  131630    5.3057995e+03   0.000000e+00   4.066459e+03     50s
  145879    5.3159815e+03   0.000000e+00   1.678485e+03     55s
  157644    5.3194308e+03   0.000000e+00   4.647482e+02     60s
  168742    5.3205800e+03   0.000000e+00   4.772850e+01     65s
  168901    5.3205807e+03   0.000000e+00   0.000000e+00     65s
  168901    5.3205807e+03   0.000000e+00   0.000000e+00     65s

Root relaxation: objective 5.320581e+03, 168901 iterations, 64.23 seconds (41.56 work units)

    Nodes    |    Current Node    |     Objective Bounds      |     Work
 Expl Unexpl |  Obj  Depth IntInf | Incumbent    BestBd   Gap | It/Node Time

     0     0 5320.58065    0 2301          - 5320.58065      -     -   65s

Explored 1 nodes (168909 simplex iterations) in 65.45 seconds (42.29 work units)
Thread count was 1 (of 16 available processors)

Solution count 0

Node limit reached
Best objective -, best bound 5.321000000000e+03, gap -
Root Upper inf
Root Lower 5320.580654851308
Reset all parameters
Set parameter TimeLimit to value 1.7746494202613831e+03
Set parameter Threads to value 1
Gurobi Optimizer version 11.0.2 build v11.0.2rc0 (linux64 - "Debian GNU/Linux 10 (buster)")

CPU model: Intel(R) Xeon(R) CPU           X5570  @ 2.93GHz, instruction set [SSE2]
Thread count: 8 physical cores, 16 logical processors, using up to 1 threads

Optimize a model with 64126 rows, 8000 columns and 194377 nonzeros
Model fingerprint: 0x58ead424
Variable types: 0 continuous, 8000 integer (8000 binary)
Coefficient statistics:
  Matrix range     [1e+00, 2e+01]
  Objective range  [1e+00, 2e+01]
  Bounds range     [1e+00, 1e+00]
  RHS range        [1e+00, 2e+03]
Presolved: 64126 rows, 3420 columns, 194377 nonzeros

Continuing optimization...

     0     0 5320.58065    0 2301          - 5320.58065      -     -  131s
H    0     0                    5347.0000000 5320.58065  0.49%     -  131s
     0     0 5320.58065    0 2301 5347.00000 5320.58065  0.49%     -  138s
H    0     0                    5326.0000000 5320.58065  0.10%     -  146s
     0     2 5320.58069    0 2301 5326.00000 5320.58069  0.10%     -  155s
     1     3 5320.59583    1 2272 5326.00000 5320.58252  0.10%  69.0  156s
     3     3 5321.55102    2   36 5326.00000 5320.59901  0.10%  1295  169s
     4     4 5322.28571    3  224 5326.00000 5320.59901  0.10%  1435  175s
     9     5 5323.20000    6   36 5326.00000 5320.59901  0.10%   831  181s
    12     4 5324.16667    6  222 5326.00000 5320.59901  0.10%   781  185s
    19     1     cutoff    2      5326.00000 5322.28617  0.07%   639  193s
    20     0     cutoff    4      5326.00000 5326.00000  0.00%   682  197s

Explored 21 nodes (351469 simplex iterations) in 132.37 seconds (87.69 work units)
Thread count was 1 (of 16 available processors)

Solution count 2: 5326 5347 

Optimal solution found (tolerance 1.00e-04)
Best objective 5.326000000000e+03, best bound 5.326000000000e+03, gap 0.0000%
flow1:  5326.0
flow2:  6895.5
Root Upper Bound: inf
Root lower Bound: 5320.580654851308
ND-Point: 7

-----------------------------------------
Warning for adding constraints: zero or small (< 1e-13) coefficients, ignored
Set parameter NodeLimit to value 0
Set parameter TimeLimit to value 1.6462170181274414e+03
Set parameter Threads to value 1
Gurobi Optimizer version 11.0.2 build v11.0.2rc0 (linux64 - "Debian GNU/Linux 10 (buster)")

CPU model: Intel(R) Xeon(R) CPU           X5570  @ 2.93GHz, instruction set [SSE2]
Thread count: 8 physical cores, 16 logical processors, using up to 1 threads

Optimize a model with 64126 rows, 8000 columns and 194377 nonzeros
Model fingerprint: 0x4e1325cb
Variable types: 0 continuous, 8000 integer (8000 binary)
Coefficient statistics:
  Matrix range     [1e+00, 2e+01]
  Objective range  [1e+00, 2e+01]
  Bounds range     [1e+00, 1e+00]
  RHS range        [1e+00, 2e+03]
Presolve removed 0 rows and 4580 columns
Presolve time: 0.58s
Presolved: 64126 rows, 3420 columns, 194377 nonzeros
Variable types: 0 continuous, 3420 integer (3420 binary)
Root relaxation presolved: 3420 rows, 67546 columns, 197797 nonzeros


Root simplex log...

Iteration    Objective       Primal Inf.    Dual Inf.      Time
   14135    4.8477273e+03   0.000000e+00   2.167494e+04      5s
   26413    4.9560513e+03   0.000000e+00   4.614228e+04     10s
   39455    5.0461684e+03   0.000000e+00   1.178602e+05     15s
   51462    5.1167505e+03   0.000000e+00   3.584014e+05     20s
   61564    5.1662336e+03   0.000000e+00   1.859407e+04     25s
   70887    5.2011089e+03   0.000000e+00   5.286788e+04     30s
   80317    5.2331500e+03   0.000000e+00   1.334394e+04     35s
   90473    5.2591591e+03   0.000000e+00   7.096542e+03     40s
  101236    5.2832696e+03   0.000000e+00   3.242113e+04     45s
  112283    5.3028078e+03   0.000000e+00   5.835381e+03     50s
  123359    5.3157024e+03   0.000000e+00   4.321085e+03     55s
  134525    5.3209002e+03   0.000000e+00   6.798199e+02     60s
  141128    5.3212968e+03   0.000000e+00   0.000000e+00     63s
  141128    5.3212968e+03   0.000000e+00   0.000000e+00     63s

Root relaxation: objective 5.321297e+03, 141128 iterations, 61.99 seconds (37.86 work units)

    Nodes    |    Current Node    |     Objective Bounds      |     Work
 Expl Unexpl |  Obj  Depth IntInf | Incumbent    BestBd   Gap | It/Node Time

     0     0 5321.29679    0 2301          - 5321.29679      -     -   63s

Explored 1 nodes (141141 simplex iterations) in 63.28 seconds (38.57 work units)
Thread count was 1 (of 16 available processors)

Solution count 0

Node limit reached
Best objective -, best bound 5.322000000000e+03, gap -
Root Upper inf
Root Lower 5321.296785821475
Reset all parameters
Set parameter TimeLimit to value 1.4659443447589874e+03
Set parameter Threads to value 1
Gurobi Optimizer version 11.0.2 build v11.0.2rc0 (linux64 - "Debian GNU/Linux 10 (buster)")

CPU model: Intel(R) Xeon(R) CPU           X5570  @ 2.93GHz, instruction set [SSE2]
Thread count: 8 physical cores, 16 logical processors, using up to 1 threads

Optimize a model with 64126 rows, 8000 columns and 194377 nonzeros
Model fingerprint: 0x4e1325cb
Variable types: 0 continuous, 8000 integer (8000 binary)
Coefficient statistics:
  Matrix range     [1e+00, 2e+01]
  Objective range  [1e+00, 2e+01]
  Bounds range     [1e+00, 1e+00]
  RHS range        [1e+00, 2e+03]
Presolved: 64126 rows, 3420 columns, 194377 nonzeros

Continuing optimization...

     0     0 5321.29679    0 2301          - 5321.29679      -     -  123s
H    0     0                    5336.0000000 5321.29679  0.28%     -  123s
     0     0 5321.29679    0 2301 5336.00000 5321.29679  0.28%     -  130s
     0     2 5321.29698    0 2301 5336.00000 5321.29698  0.28%     -  146s
     1     3 5321.31499    1 2272 5336.00000 5321.29703  0.28%   102  146s
     2     2     cutoff    1      5336.00000 5321.31606  0.28%  1242  156s
     3     3 5323.10204    2   36 5336.00000 5321.31606  0.28%  2509  172s
H    4     2                    5328.0000000 5321.31606  0.13%  1882  187s
     5     3     cutoff    3      5328.00000 5321.31606  0.13%  2709  192s
H    6     2                    5326.0000000 5321.31606  0.09%  2257  207s
     8     2     cutoff    5      5326.00000 5321.31606  0.09%  2435  210s

Explored 11 nodes (302758 simplex iterations) in 150.99 seconds (102.90 work units)
Thread count was 1 (of 16 available processors)

Solution count 3: 5326 5328 5336 

Optimal solution found (tolerance 1.00e-04)
Best objective 5.326000000000e+03, best bound 5.326000000000e+03, gap 0.0000%
flow1:  5326.0
flow2:  6893.5
Root Upper Bound: inf
Root lower Bound: 5321.296785821475
ND-Point: 8

-----------------------------------------
Warning for adding constraints: zero or small (< 1e-13) coefficients, ignored
Set parameter NodeLimit to value 0
Set parameter TimeLimit to value 1.3150067708492279e+03
Set parameter Threads to value 1
Gurobi Optimizer version 11.0.2 build v11.0.2rc0 (linux64 - "Debian GNU/Linux 10 (buster)")

CPU model: Intel(R) Xeon(R) CPU           X5570  @ 2.93GHz, instruction set [SSE2]
Thread count: 8 physical cores, 16 logical processors, using up to 1 threads

Optimize a model with 64126 rows, 8000 columns and 194377 nonzeros
Model fingerprint: 0xcd77d5b7
Variable types: 0 continuous, 8000 integer (8000 binary)
Coefficient statistics:
  Matrix range     [1e+00, 2e+01]
  Objective range  [1e+00, 2e+01]
  Bounds range     [1e+00, 1e+00]
  RHS range        [1e+00, 2e+03]
Presolve removed 0 rows and 4580 columns
Presolve time: 0.54s
Presolved: 64126 rows, 3420 columns, 194377 nonzeros
Variable types: 0 continuous, 3420 integer (3420 binary)
Root relaxation presolved: 3420 rows, 67546 columns, 197797 nonzeros


Root simplex log...

Iteration    Objective       Primal Inf.    Dual Inf.      Time
   15071    4.8585331e+03   0.000000e+00   4.855454e+04      5s
   28444    4.9753766e+03   0.000000e+00   7.481093e+04     10s
   41997    5.0753937e+03   0.000000e+00   2.708297e+05     15s
   54214    5.1379894e+03   0.000000e+00   3.318509e+04     20s
   65570    5.1849971e+03   0.000000e+00   5.199575e+04     25s
   77752    5.2226812e+03   0.000000e+00   1.098158e+04     30s
   90521    5.2501904e+03   0.000000e+00   1.734751e+04     35s
  102615    5.2746463e+03   0.000000e+00   1.122957e+04     40s
  115367    5.2918089e+03   0.000000e+00   2.703410e+03     45s
  127850    5.3054487e+03   0.000000e+00   5.464033e+03     50s
  142003    5.3141584e+03   0.000000e+00   3.317083e+03     55s
  153835    5.3190602e+03   0.000000e+00   1.210434e+03     60s
  164559    5.3214540e+03   0.000000e+00   4.311898e+02     65s
  165498    5.3214758e+03   0.000000e+00   0.000000e+00     66s
  165498    5.3214758e+03   0.000000e+00   0.000000e+00     66s

Root relaxation: objective 5.321476e+03, 165498 iterations, 64.70 seconds (40.17 work units)

    Nodes    |    Current Node    |     Objective Bounds      |     Work
 Expl Unexpl |  Obj  Depth IntInf | Incumbent    BestBd   Gap | It/Node Time

     0     0 5321.47582    0 2301          - 5321.47582      -     -   65s

Explored 1 nodes (165530 simplex iterations) in 65.96 seconds (40.90 work units)
Thread count was 1 (of 16 available processors)

Solution count 0

Node limit reached
Best objective -, best bound 5.322000000000e+03, gap -
Root Upper inf
Root Lower 5321.475818563837
Reset all parameters
Set parameter TimeLimit to value 1.1321694879531860e+03
Set parameter Threads to value 1
Gurobi Optimizer version 11.0.2 build v11.0.2rc0 (linux64 - "Debian GNU/Linux 10 (buster)")

CPU model: Intel(R) Xeon(R) CPU           X5570  @ 2.93GHz, instruction set [SSE2]
Thread count: 8 physical cores, 16 logical processors, using up to 1 threads

Optimize a model with 64126 rows, 8000 columns and 194377 nonzeros
Model fingerprint: 0xcd77d5b7
Variable types: 0 continuous, 8000 integer (8000 binary)
Coefficient statistics:
  Matrix range     [1e+00, 2e+01]
  Objective range  [1e+00, 2e+01]
  Bounds range     [1e+00, 1e+00]
  RHS range        [1e+00, 2e+03]
Presolved: 64126 rows, 3420 columns, 194377 nonzeros

Continuing optimization...

     0     0 5321.47582    0 2301          - 5321.47582      -     -  131s
     0     0 5321.47582    0 2301          - 5321.47582      -     -  138s
H    0     0                    5332.0000000 5321.47582  0.20%     -  155s
     0     2 5321.47588    0 2301 5332.00000 5321.47588  0.20%     -  157s
     1     3 5321.49479    1 2272 5332.00000 5321.47696  0.20%  69.0  157s
     2     2     cutoff    1      5332.00000 5321.49553  0.20%   701  163s
     3     3 5322.21538    2 1828 5332.00000 5321.49736  0.20%  1237  170s
     4     4 5323.48980    3   36 5332.00000 5321.49736  0.20%  1624  179s
H    5     3                    5328.0000000 5321.49736  0.12%  1300  188s
     6     4     cutoff    4      5328.00000 5321.49736  0.12%  1735  191s
     7     5 5326.18182    5  192 5328.00000 5321.49736  0.12%  1705  195s
     8     6 5326.73684    6   70 5328.00000 5321.49736  0.12%  1941  204s
     9     7 5326.80000    7   36 5328.00000 5321.49736  0.12%  1735  205s
    14     2     cutoff    3      5328.00000 5325.14286  0.05%  1245  212s
H   16     1                    5326.0000000 5325.37958  0.01%  1116  214s

Explored 17 nodes (349143 simplex iterations) in 148.75 seconds (101.36 work units)
Thread count was 1 (of 16 available processors)

Solution count 3: 5326 5328 5332 

Optimal solution found (tolerance 1.00e-04)
Best objective 5.326000000000e+03, best bound 5.326000000000e+03, gap 0.0000%
flow1:  5326.0
flow2:  6891.5
Root Upper Bound: inf
Root lower Bound: 5321.475818563837
ND-Point: 9

-----------------------------------------
Warning for adding constraints: zero or small (< 1e-13) coefficients, ignored
Set parameter NodeLimit to value 0
Set parameter TimeLimit to value 9.7951406431198120e+02
Set parameter Threads to value 1
Gurobi Optimizer version 11.0.2 build v11.0.2rc0 (linux64 - "Debian GNU/Linux 10 (buster)")

CPU model: Intel(R) Xeon(R) CPU           X5570  @ 2.93GHz, instruction set [SSE2]
Thread count: 8 physical cores, 16 logical processors, using up to 1 threads

Optimize a model with 64126 rows, 8000 columns and 194377 nonzeros
Model fingerprint: 0x933576d2
Variable types: 0 continuous, 8000 integer (8000 binary)
Coefficient statistics:
  Matrix range     [1e+00, 2e+01]
  Objective range  [1e+00, 2e+01]
  Bounds range     [1e+00, 1e+00]
  RHS range        [1e+00, 2e+03]
Presolve removed 0 rows and 4580 columns
Presolve time: 0.53s
Presolved: 64126 rows, 3420 columns, 194377 nonzeros
Variable types: 0 continuous, 3420 integer (3420 binary)
Root relaxation presolved: 3420 rows, 67546 columns, 197797 nonzeros


Root simplex log...

Iteration    Objective       Primal Inf.    Dual Inf.      Time
   15071    4.8585285e+03   0.000000e+00   5.165817e+04      5s
   27823    4.9788929e+03   0.000000e+00   4.900161e+04     10s
   41170    5.0551493e+03   0.000000e+00   2.317216e+05     15s
   54175    5.1327875e+03   0.000000e+00   9.704368e+03     20s
   67218    5.1829302e+03   0.000000e+00   3.416968e+05     25s
   79337    5.2233608e+03   0.000000e+00   3.046615e+04     30s
   92113    5.2581902e+03   0.000000e+00   6.597063e+03     35s
  105384    5.2866502e+03   0.000000e+00   1.677980e+04     40s
  119371    5.3034721e+03   0.000000e+00   9.625972e+03     45s
  133457    5.3136189e+03   0.000000e+00   4.097973e+03     50s
  146073    5.3196638e+03   0.000000e+00   9.355533e+02     55s
  155890    5.3216549e+03   0.000000e+00   0.000000e+00     60s
  155890    5.3216549e+03   0.000000e+00   0.000000e+00     60s

Root relaxation: objective 5.321655e+03, 155890 iterations, 58.72 seconds (37.59 work units)

    Nodes    |    Current Node    |     Objective Bounds      |     Work
 Expl Unexpl |  Obj  Depth IntInf | Incumbent    BestBd   Gap | It/Node Time

     0     0 5321.65485    0 2301          - 5321.65485      -     -   59s

Explored 1 nodes (155900 simplex iterations) in 59.94 seconds (38.30 work units)
Thread count was 1 (of 16 available processors)

Solution count 0

Node limit reached
Best objective -, best bound 5.322000000000e+03, gap -
Root Upper inf
Root Lower 5321.65485130671
Reset all parameters
Set parameter TimeLimit to value 7.9885474324226379e+02
Set parameter Threads to value 1
Gurobi Optimizer version 11.0.2 build v11.0.2rc0 (linux64 - "Debian GNU/Linux 10 (buster)")

CPU model: Intel(R) Xeon(R) CPU           X5570  @ 2.93GHz, instruction set [SSE2]
Thread count: 8 physical cores, 16 logical processors, using up to 1 threads

Optimize a model with 64126 rows, 8000 columns and 194377 nonzeros
Model fingerprint: 0x933576d2
Variable types: 0 continuous, 8000 integer (8000 binary)
Coefficient statistics:
  Matrix range     [1e+00, 2e+01]
  Objective range  [1e+00, 2e+01]
  Bounds range     [1e+00, 1e+00]
  RHS range        [1e+00, 2e+03]
Presolved: 64126 rows, 3420 columns, 194377 nonzeros

Continuing optimization...

     0     0 5321.65485    0 2301          - 5321.65485      -     -  119s
     0     0 5321.65485    0 2301          - 5321.65485      -     -  126s
H    0     0                    5334.0000000 5321.65485  0.23%     -  147s
     0     2 5321.65533    0 2301 5334.00000 5321.65533  0.23%     -  149s
     1     3 5323.87755    1   36 5334.00000 5321.65718  0.23%  4670  164s
H    2     2                    5328.0000000 5321.65718  0.12%  2335  181s
     4     4 5326.54545    3  192 5328.00000 5321.65718  0.12%  3120  190s
     5     3     cutoff    4      5328.00000 5321.65718  0.12%  2847  196s
     9     1     cutoff    1      5328.00000 5325.71429  0.04%  1802  203s
    10     2 5325.97782    3  484 5328.00000 5325.97782  0.04%  1689  205s
    15     5     cutoff    7      5328.00000 5325.98101  0.04%  1222  210s

Explored 21 nodes (330518 simplex iterations) in 151.50 seconds (101.15 work units)
Thread count was 1 (of 16 available processors)

Solution count 2: 5328 5334 

Optimal solution found (tolerance 1.00e-04)
Best objective 5.328000000000e+03, best bound 5.328000000000e+03, gap 0.0000%
flow1:  5328.0
flow2:  6882.5
Root Upper Bound: inf
Root lower Bound: 5321.65485130671
ND-Point: 10

-----------------------------------------
Warning for adding constraints: zero or small (< 1e-13) coefficients, ignored
Set parameter NodeLimit to value 0
Set parameter TimeLimit to value 6.4754879450798035e+02
Set parameter Threads to value 1
Gurobi Optimizer version 11.0.2 build v11.0.2rc0 (linux64 - "Debian GNU/Linux 10 (buster)")

CPU model: Intel(R) Xeon(R) CPU           X5570  @ 2.93GHz, instruction set [SSE2]
Thread count: 8 physical cores, 16 logical processors, using up to 1 threads

Optimize a model with 64126 rows, 8000 columns and 194377 nonzeros
Model fingerprint: 0xe96de532
Variable types: 0 continuous, 8000 integer (8000 binary)
Coefficient statistics:
  Matrix range     [1e+00, 2e+01]
  Objective range  [1e+00, 2e+01]
  Bounds range     [1e+00, 1e+00]
  RHS range        [1e+00, 2e+03]
Presolve removed 0 rows and 4580 columns
Presolve time: 0.54s
Presolved: 64126 rows, 3420 columns, 194377 nonzeros
Variable types: 0 continuous, 3420 integer (3420 binary)
Root relaxation presolved: 3420 rows, 67546 columns, 197797 nonzeros


Root simplex log...

Iteration    Objective       Primal Inf.    Dual Inf.      Time
   14619    4.8361376e+03   0.000000e+00   2.758136e+05      5s
   27932    4.9564340e+03   0.000000e+00   1.825799e+05     10s
   41423    5.0418461e+03   0.000000e+00   9.106542e+04     15s
   54512    5.1218295e+03   0.000000e+00   3.131158e+04     20s
   67008    5.1722079e+03   0.000000e+00   6.830855e+04     25s
   79783    5.2161357e+03   0.000000e+00   8.502959e+04     30s
   92801    5.2470649e+03   0.000000e+00   3.407839e+04     35s
  105615    5.2705116e+03   0.000000e+00   1.232491e+04     40s
  119413    5.2884677e+03   0.000000e+00   1.141168e+04     45s
  133359    5.3025036e+03   0.000000e+00   1.338817e+03     50s
  148212    5.3137542e+03   0.000000e+00   1.754351e+03     55s
  161017    5.3198995e+03   0.000000e+00   1.699609e+03     60s
  172193    5.3224605e+03   0.000000e+00   0.000000e+00     65s
  172193    5.3224605e+03   0.000000e+00   0.000000e+00     65s

Root relaxation: objective 5.322460e+03, 172193 iterations, 64.12 seconds (40.86 work units)

    Nodes    |    Current Node    |     Objective Bounds      |     Work
 Expl Unexpl |  Obj  Depth IntInf | Incumbent    BestBd   Gap | It/Node Time

     0     0 5322.46050    0 2301          - 5322.46050      -     -   65s

Explored 1 nodes (172211 simplex iterations) in 65.32 seconds (41.56 work units)
Thread count was 1 (of 16 available processors)

Solution count 0

Node limit reached
Best objective -, best bound 5.323000000000e+03, gap -
Root Upper inf
Root Lower 5322.460498648242
Reset all parameters
Set parameter TimeLimit to value 4.6176062273979187e+02
Set parameter Threads to value 1
Gurobi Optimizer version 11.0.2 build v11.0.2rc0 (linux64 - "Debian GNU/Linux 10 (buster)")

CPU model: Intel(R) Xeon(R) CPU           X5570  @ 2.93GHz, instruction set [SSE2]
Thread count: 8 physical cores, 16 logical processors, using up to 1 threads

Optimize a model with 64126 rows, 8000 columns and 194377 nonzeros
Model fingerprint: 0xe96de532
Variable types: 0 continuous, 8000 integer (8000 binary)
Coefficient statistics:
  Matrix range     [1e+00, 2e+01]
  Objective range  [1e+00, 2e+01]
  Bounds range     [1e+00, 1e+00]
  RHS range        [1e+00, 2e+03]
Presolved: 64126 rows, 3420 columns, 194377 nonzeros

Continuing optimization...

     0     0 5322.46050    0 2301          - 5322.46050      -     -  134s
     0     0 5322.46050    0 2301          - 5322.46050      -     -  141s
H    0     0                    5332.0000000 5322.46050  0.18%     -  150s
     0     2 5322.46051    0 2301 5332.00000 5322.46051  0.18%     -  160s
     1     3 5322.48364    1 2272 5332.00000 5322.46176  0.18%  75.0  161s
     2     2     cutoff    1      5332.00000 5322.48432  0.18%   656  167s
     3     3 5325.62245    2   36 5332.00000 5322.48952  0.18%  1736  180s
     4     4 5328.30508    3  358 5332.00000 5322.48952  0.18%  2094  191s
     5     5 5328.40000    4  218 5332.00000 5322.48952  0.18%  2108  198s
     7     7 5328.80000    6   70 5332.00000 5322.48952  0.18%  1985  211s
     8     6     cutoff    6      5332.00000 5322.48952  0.18%  1902  215s
    14     6 5327.70580    2 2304 5332.00000 5325.62327  0.12%  1425  227s
    15     7 5330.54936    3 1840 5332.00000 5325.62327  0.12%  1436  232s
    19     3     cutoff    3      5332.00000 5328.30622  0.07%  1247  240s
    26     6     cutoff    9      5332.00000 5328.40000  0.07%   959  245s
    36     0     cutoff    6      5332.00000 5332.00000  0.00%   736  250s

Explored 37 nodes (370928 simplex iterations) in 185.18 seconds (118.29 work units)
Thread count was 1 (of 16 available processors)

Solution count 1: 5332 

Optimal solution found (tolerance 1.00e-04)
Best objective 5.332000000000e+03, best bound 5.332000000000e+03, gap 0.0000%
flow1:  5332.0
flow2:  6876.5
Root Upper Bound: inf
Root lower Bound: 5322.460498648242
ND-Point: 11

-----------------------------------------
Warning for adding constraints: zero or small (< 1e-13) coefficients, ignored
Set parameter NodeLimit to value 0
Set parameter TimeLimit to value 2.7902190518379211e+02
Set parameter Threads to value 1
Gurobi Optimizer version 11.0.2 build v11.0.2rc0 (linux64 - "Debian GNU/Linux 10 (buster)")

CPU model: Intel(R) Xeon(R) CPU           X5570  @ 2.93GHz, instruction set [SSE2]
Thread count: 8 physical cores, 16 logical processors, using up to 1 threads

Optimize a model with 64126 rows, 8000 columns and 194377 nonzeros
Model fingerprint: 0xb364b50f
Variable types: 0 continuous, 8000 integer (8000 binary)
Coefficient statistics:
  Matrix range     [1e+00, 2e+01]
  Objective range  [1e+00, 2e+01]
  Bounds range     [1e+00, 1e+00]
  RHS range        [1e+00, 2e+03]
Presolve removed 0 rows and 4580 columns
Presolve time: 0.58s
Presolved: 64126 rows, 3420 columns, 194377 nonzeros
Variable types: 0 continuous, 3420 integer (3420 binary)
Root relaxation presolved: 3420 rows, 67546 columns, 197797 nonzeros


Root simplex log...

Iteration    Objective       Primal Inf.    Dual Inf.      Time
   13922    4.8471938e+03   0.000000e+00   7.983541e+04      5s
   26692    4.9788056e+03   0.000000e+00   3.586346e+04     10s
   39302    5.0506497e+03   0.000000e+00   8.489348e+04     15s
   50940    5.1230004e+03   0.000000e+00   6.231833e+04     20s
   62784    5.1718720e+03   0.000000e+00   6.090828e+03     25s
   74952    5.2116176e+03   0.000000e+00   1.802932e+05     30s
   86562    5.2413357e+03   0.000000e+00   1.062487e+04     35s
   98662    5.2665457e+03   0.000000e+00   7.629952e+03     40s
  110406    5.2841901e+03   0.000000e+00   6.951560e+03     45s
  122824    5.2966221e+03   0.000000e+00   3.621483e+03     50s
  136053    5.3081861e+03   0.000000e+00   6.767303e+03     55s
  150057    5.3161306e+03   0.000000e+00   3.600460e+03     60s
  160540    5.3214507e+03   0.000000e+00   1.873465e+02     65s
  168351    5.3229976e+03   0.000000e+00   0.000000e+00     69s
  168351    5.3229976e+03   0.000000e+00   0.000000e+00     69s

Root relaxation: objective 5.322998e+03, 168351 iterations, 68.00 seconds (41.10 work units)

    Nodes    |    Current Node    |     Objective Bounds      |     Work
 Expl Unexpl |  Obj  Depth IntInf | Incumbent    BestBd   Gap | It/Node Time

     0     0 5322.99760    0 2301          - 5322.99760      -     -   69s

Explored 1 nodes (168363 simplex iterations) in 69.35 seconds (41.82 work units)
Thread count was 1 (of 16 available processors)

Solution count 0

Node limit reached
Best objective -, best bound 5.323000000000e+03, gap -
Root Upper inf
Root Lower 5322.99759687594
Reset all parameters
Set parameter TimeLimit to value 91.7006630897522
Set parameter Threads to value 1
Gurobi Optimizer version 11.0.2 build v11.0.2rc0 (linux64 - "Debian GNU/Linux 10 (buster)")

CPU model: Intel(R) Xeon(R) CPU           X5570  @ 2.93GHz, instruction set [SSE2]
Thread count: 8 physical cores, 16 logical processors, using up to 1 threads

Optimize a model with 64126 rows, 8000 columns and 194377 nonzeros
Model fingerprint: 0xb364b50f
Variable types: 0 continuous, 8000 integer (8000 binary)
Coefficient statistics:
  Matrix range     [1e+00, 2e+01]
  Objective range  [1e+00, 2e+01]
  Bounds range     [1e+00, 1e+00]
  RHS range        [1e+00, 2e+03]
Presolved: 64126 rows, 3420 columns, 194377 nonzeros

Continuing optimization...

     0     0 5322.99760    0 2301          - 5322.99760      -     -  139s
H    0     0                    5336.0000000 5322.99760  0.24%     -  139s
     0     0 5322.99760    0 2301 5336.00000 5322.99760  0.24%     -  146s

Explored 1 nodes (336737 simplex iterations) in 91.71 seconds (55.99 work units)
Thread count was 1 (of 16 available processors)

Solution count 1: 5336 

Time limit reached
Best objective 5.336000000000e+03, best bound 5.323000000000e+03, gap 0.2436%
Time Limit reached


Total running time: 3482.1343178749084
STAH, Instance, #departments, #ND-Points, t-MIP
STAH, AC_20_70_5_AC_20_70_5_1, 20, 8, 3482.1343178749084
     OBJ1    OBJ2  ...  BNB_Nodes_MIP  Total_Time_MIP[s]
0  5317.0  6942.5  ...            1.0         222.303711
1  5318.0  6938.5  ...            1.0         226.959614
2  5319.0  6927.5  ...            1.0         249.219567
3  5320.0  6910.5  ...            1.0         249.262351
4  5324.0  6903.5  ...           21.0         310.604012
5  5326.0  6891.5  ...           17.0         331.649958
6  5328.0  6882.5  ...           21.0         332.223306
7  5332.0  6876.5  ...           37.0         371.022285

[8 rows x 6 columns]
./output/AC_20_70_5_AC_20_70_5_1.pdf
Plotting is done
