Requirement already satisfied: contourpy==1.2.1 in ./.venv/lib/python3.9/site-packages (from -r constraints.txt (line 3)) (1.2.1)
Requirement already satisfied: cycler==0.12.1 in ./.venv/lib/python3.9/site-packages (from -r constraints.txt (line 4)) (0.12.1)
Requirement already satisfied: fonttools==4.53.0 in ./.venv/lib/python3.9/site-packages (from -r constraints.txt (line 5)) (4.53.0)
Requirement already satisfied: gurobipy==11.0.2 in ./.venv/lib/python3.9/site-packages (from -r constraints.txt (line 6)) (11.0.2)
Requirement already satisfied: kiwisolver==1.4.5 in ./.venv/lib/python3.9/site-packages (from -r constraints.txt (line 7)) (1.4.5)
Requirement already satisfied: matplotlib==3.9.1 in ./.venv/lib/python3.9/site-packages (from -r constraints.txt (line 8)) (3.9.1)
Requirement already satisfied: numpy==1.26.4 in ./.venv/lib/python3.9/site-packages (from -r constraints.txt (line 9)) (1.26.4)
Requirement already satisfied: packaging==24.1 in ./.venv/lib/python3.9/site-packages (from -r constraints.txt (line 10)) (24.1)
Requirement already satisfied: pandas==2.2.2 in ./.venv/lib/python3.9/site-packages (from -r constraints.txt (line 11)) (2.2.2)
Requirement already satisfied: pillow==10.4.0 in ./.venv/lib/python3.9/site-packages (from -r constraints.txt (line 12)) (10.4.0)
Requirement already satisfied: pyparsing==3.1.2 in ./.venv/lib/python3.9/site-packages (from -r constraints.txt (line 13)) (3.1.2)
Requirement already satisfied: python-dateutil==2.9.0.post0 in ./.venv/lib/python3.9/site-packages (from -r constraints.txt (line 14)) (2.9.0.post0)
Requirement already satisfied: pytz==2024.1 in ./.venv/lib/python3.9/site-packages (from -r constraints.txt (line 15)) (2024.1)
Requirement already satisfied: scipy==1.13.0 in ./.venv/lib/python3.9/site-packages (from -r constraints.txt (line 16)) (1.13.0)
Requirement already satisfied: six==1.16.0 in ./.venv/lib/python3.9/site-packages (from -r constraints.txt (line 17)) (1.16.0)
Requirement already satisfied: tzdata==2024.1 in ./.venv/lib/python3.9/site-packages (from -r constraints.txt (line 18)) (2024.1)
Requirement already satisfied: importlib-resources>=3.2.0 in ./.venv/lib/python3.9/site-packages (from matplotlib==3.9.1->-r constraints.txt (line 8)) (6.4.0)
Requirement already satisfied: zipp>=3.1.0 in ./.venv/lib/python3.9/site-packages (from importlib-resources>=3.2.0->matplotlib==3.9.1->-r constraints.txt (line 8)) (3.19.2)
WARNING: Error parsing dependencies of pip: [Errno 2] No such file or directory: '/home/k2g00/k2g4470/.venv/lib/python3.9/site-packages/pip-24.0.dist-info/METADATA'
srun python3 ./AmaralModelMain.py -i AC_20_50_20 -j AC_20_50_20_1 -t 3600
Input file 1 is:  instance/AC_20_50_20
Input file 2 is:  instance/AC_20_50_20_1


Set parameter TokenServer to value "relise"
Warning for adding constraints: zero or small (< 1e-13) coefficients, ignored
Set parameter NodeLimit to value 0
Set parameter TimeLimit to value 3.4787278802394867e+03
Set parameter Threads to value 1
Gurobi Optimizer version 11.0.2 build v11.0.2rc0 (linux64 - "Debian GNU/Linux 10 (buster)")

CPU model: Intel(R) Xeon(R) CPU           X5570  @ 2.93GHz, instruction set [SSE2]
Thread count: 8 physical cores, 16 logical processors, using up to 1 threads

Optimize a model with 64126 rows, 8000 columns and 194021 nonzeros
Model fingerprint: 0x69866512
Variable types: 0 continuous, 8000 integer (8000 binary)
Coefficient statistics:
  Matrix range     [1e+00, 4e+02]
  Objective range  [1e+00, 4e+02]
  Bounds range     [1e+00, 1e+00]
  RHS range        [1e+00, 2e+00]
Presolve removed 0 rows and 4580 columns
Presolve time: 0.71s
Presolved: 64126 rows, 3420 columns, 194021 nonzeros
Variable types: 0 continuous, 3420 integer (3420 binary)
Found heuristic solution: objective 70667.000000
Root relaxation presolved: 3420 rows, 67546 columns, 197441 nonzeros


Root simplex log...

Iteration    Objective       Primal Inf.    Dual Inf.      Time
   13480    3.9912720e+04   0.000000e+00   6.039606e+05      5s
   25655    4.1582382e+04   0.000000e+00   1.211509e+05     10s
   37893    4.2761221e+04   0.000000e+00   8.800679e+04     15s
   49205    4.3459835e+04   0.000000e+00   1.380033e+05     20s
   60635    4.3966416e+04   0.000000e+00   1.780422e+04     25s
   72603    4.4445332e+04   0.000000e+00   1.415338e+04     30s
   85041    4.4867480e+04   0.000000e+00   1.936171e+04     35s
   97868    4.5223794e+04   0.000000e+00   8.186489e+04     40s
  111280    4.5575289e+04   0.000000e+00   1.050330e+04     45s
  125006    4.5848352e+04   0.000000e+00   2.808832e+04     50s
  138608    4.6067388e+04   0.000000e+00   3.157245e+04     55s
  143239    4.6133000e+04   0.000000e+00   0.000000e+00     57s
  143239    4.6133000e+04   0.000000e+00   0.000000e+00     57s

Root relaxation: objective 4.613300e+04, 143239 iterations, 55.81 seconds (33.03 work units)

    Nodes    |    Current Node    |     Objective Bounds      |     Work
 Expl Unexpl |  Obj  Depth IntInf | Incumbent    BestBd   Gap | It/Node Time

     0     0          -    0      70667.0000 46133.0000  34.7%     -   56s

Explored 1 nodes (143239 simplex iterations) in 57.00 seconds (33.51 work units)
Thread count was 1 (of 16 available processors)

Solution count 1: 70667 

Node limit reached
Best objective 7.066700000000e+04, best bound 4.613300000000e+04, gap 34.7178%
Root Upper 70667.0
Root Lower 46133.000000000495
Reset all parameters
Set parameter TimeLimit to value 3.3004036552906036e+03
Set parameter Threads to value 1
Gurobi Optimizer version 11.0.2 build v11.0.2rc0 (linux64 - "Debian GNU/Linux 10 (buster)")

CPU model: Intel(R) Xeon(R) CPU           X5570  @ 2.93GHz, instruction set [SSE2]
Thread count: 8 physical cores, 16 logical processors, using up to 1 threads

Optimize a model with 64126 rows, 8000 columns and 194021 nonzeros
Model fingerprint: 0x69866512
Variable types: 0 continuous, 8000 integer (8000 binary)
Coefficient statistics:
  Matrix range     [1e+00, 4e+02]
  Objective range  [1e+00, 4e+02]
  Bounds range     [1e+00, 1e+00]
  RHS range        [1e+00, 2e+00]
Presolved: 64126 rows, 3420 columns, 194021 nonzeros

Continuing optimization...

*    0     0               0    46133.000000 46133.0000  0.00%     -  112s

Explored 1 nodes (286478 simplex iterations) in 55.51 seconds (33.04 work units)
Thread count was 1 (of 16 available processors)

Solution count 2: 46133 70667 

Optimal solution found (tolerance 1.00e-04)
Best objective 4.613300000000e+04, best bound 4.613300000000e+04, gap 0.0000%
flow1:  46133.0
flow2:  65162.0
Root Upper Bound: 70667.0
Root lower Bound: 46133.000000000495
ND-Point: 1

-----------------------------------------
Warning for adding constraints: zero or small (< 1e-13) coefficients, ignored
Set parameter NodeLimit to value 0
Set parameter TimeLimit to value 3.2464352982044220e+03
Set parameter Threads to value 1
Gurobi Optimizer version 11.0.2 build v11.0.2rc0 (linux64 - "Debian GNU/Linux 10 (buster)")

CPU model: Intel(R) Xeon(R) CPU           X5570  @ 2.93GHz, instruction set [SSE2]
Thread count: 8 physical cores, 16 logical processors, using up to 1 threads

Optimize a model with 64126 rows, 8000 columns and 194021 nonzeros
Model fingerprint: 0x02dcadf8
Variable types: 0 continuous, 8000 integer (8000 binary)
Coefficient statistics:
  Matrix range     [1e+00, 4e+02]
  Objective range  [1e+00, 4e+02]
  Bounds range     [1e+00, 1e+00]
  RHS range        [1e+00, 4e+03]
Presolve removed 0 rows and 4580 columns
Presolve time: 0.55s
Presolved: 64126 rows, 3420 columns, 194021 nonzeros
Variable types: 0 continuous, 3420 integer (3420 binary)
Root relaxation presolved: 3420 rows, 67546 columns, 197441 nonzeros


Root simplex log...

Iteration    Objective       Primal Inf.    Dual Inf.      Time
   15003    4.0251613e+04   0.000000e+00   1.870582e+05      5s
   29988    4.2179895e+04   0.000000e+00   2.543043e+05     10s
   44221    4.3341252e+04   0.000000e+00   3.897060e+04     15s
   58339    4.4138572e+04   0.000000e+00   3.599321e+04     20s
   71917    4.4678144e+04   0.000000e+00   5.699442e+04     25s
   84701    4.5090707e+04   0.000000e+00   9.810194e+03     30s
   97082    4.5409725e+04   0.000000e+00   1.588743e+04     35s
  109531    4.5666685e+04   0.000000e+00   9.093164e+03     40s
  122361    4.5913188e+04   0.000000e+00   1.101329e+04     45s
  135155    4.6117117e+04   0.000000e+00   1.029600e+04     50s
  137862    4.6133012e+04   0.000000e+00   0.000000e+00     51s
  137862    4.6133012e+04   0.000000e+00   0.000000e+00     51s

Root relaxation: objective 4.613301e+04, 137862 iterations, 50.32 seconds (32.17 work units)

    Nodes    |    Current Node    |     Objective Bounds      |     Work
 Expl Unexpl |  Obj  Depth IntInf | Incumbent    BestBd   Gap | It/Node Time

     0     0 46133.0120    0   36          - 46133.0120      -     -   51s

Explored 1 nodes (137898 simplex iterations) in 51.67 seconds (32.90 work units)
Thread count was 1 (of 16 available processors)

Solution count 0

Node limit reached
Best objective -, best bound 4.613301198872e+04, gap -
Root Upper inf
Root Lower 46133.011988716695
Reset all parameters
Set parameter TimeLimit to value 3075.02849650383
Set parameter Threads to value 1
Gurobi Optimizer version 11.0.2 build v11.0.2rc0 (linux64 - "Debian GNU/Linux 10 (buster)")

CPU model: Intel(R) Xeon(R) CPU           X5570  @ 2.93GHz, instruction set [SSE2]
Thread count: 8 physical cores, 16 logical processors, using up to 1 threads

Optimize a model with 64126 rows, 8000 columns and 194021 nonzeros
Model fingerprint: 0x02dcadf8
Variable types: 0 continuous, 8000 integer (8000 binary)
Coefficient statistics:
  Matrix range     [1e+00, 4e+02]
  Objective range  [1e+00, 4e+02]
  Bounds range     [1e+00, 1e+00]
  RHS range        [1e+00, 4e+03]
Presolved: 64126 rows, 3420 columns, 194021 nonzeros

Continuing optimization...

     0     0 46133.0120    0   36          - 46133.0120      -     -  105s
H    0     0                    46189.000000 46133.0120  0.12%     -  105s
H    0     0                    46150.000000 46133.0120  0.04%     -  105s
     0     0 46133.0120    0   36 46150.0000 46133.0120  0.04%     -  106s
     0     2 46133.0120    0   36 46150.0000 46133.0120  0.04%     -  113s
     1     3 46133.1077    1   36 46150.0000 46133.0249  0.04%  1793  119s
     2     2 infeasible    2      46150.0000 46133.0249  0.04%  1124  121s

Explored 5 nodes (278739 simplex iterations) in 72.60 seconds (44.99 work units)
Thread count was 1 (of 16 available processors)

Solution count 2: 46150 46189 

Optimal solution found (tolerance 1.00e-04)
Best objective 4.615000000000e+04, best bound 4.615000000000e+04, gap 0.0000%
flow1:  46150.0
flow2:  63744.0
Root Upper Bound: inf
Root lower Bound: 46133.011988716695
ND-Point: 2

-----------------------------------------
Warning for adding constraints: zero or small (< 1e-13) coefficients, ignored
Set parameter NodeLimit to value 0
Set parameter TimeLimit to value 2.9942079420089722e+03
Set parameter Threads to value 1
Gurobi Optimizer version 11.0.2 build v11.0.2rc0 (linux64 - "Debian GNU/Linux 10 (buster)")

CPU model: Intel(R) Xeon(R) CPU           X5570  @ 2.93GHz, instruction set [SSE2]
Thread count: 8 physical cores, 16 logical processors, using up to 1 threads

Optimize a model with 64126 rows, 8000 columns and 194021 nonzeros
Model fingerprint: 0x1275f5ae
Variable types: 0 continuous, 8000 integer (8000 binary)
Coefficient statistics:
  Matrix range     [1e+00, 4e+02]
  Objective range  [1e+00, 4e+02]
  Bounds range     [1e+00, 1e+00]
  RHS range        [1e+00, 6e+03]
Presolve removed 0 rows and 4580 columns
Presolve time: 0.59s
Presolved: 64126 rows, 3420 columns, 194021 nonzeros
Variable types: 0 continuous, 3420 integer (3420 binary)
Root relaxation presolved: 3420 rows, 67546 columns, 197441 nonzeros


Root simplex log...

Iteration    Objective       Primal Inf.    Dual Inf.      Time
   16227    4.0588396e+04   0.000000e+00   7.457863e+05      5s
   31581    4.2402660e+04   0.000000e+00   2.412033e+05     10s
   46321    4.3490045e+04   0.000000e+00   4.159372e+04     15s
   60425    4.4206978e+04   0.000000e+00   2.337535e+04     20s
   74548    4.4757617e+04   0.000000e+00   1.904953e+04     25s
   88556    4.5175376e+04   0.000000e+00   1.111457e+04     30s
  102482    4.5556892e+04   0.000000e+00   7.373573e+04     35s
  116332    4.5842089e+04   0.000000e+00   5.995537e+03     40s
  128781    4.6040021e+04   0.000000e+00   3.606179e+03     45s
  139924    4.6150035e+04   0.000000e+00   1.582447e+01     50s
  150069    4.6150106e+04   0.000000e+00   1.892145e+00     55s
  150257    4.6150108e+04   0.000000e+00   0.000000e+00     55s
  150257    4.6150108e+04   0.000000e+00   0.000000e+00     55s

Root relaxation: objective 4.615011e+04, 150257 iterations, 54.07 seconds (34.94 work units)

    Nodes    |    Current Node    |     Objective Bounds      |     Work
 Expl Unexpl |  Obj  Depth IntInf | Incumbent    BestBd   Gap | It/Node Time

     0     0 46150.1077    0   36          - 46150.1077      -     -   55s

Explored 1 nodes (150285 simplex iterations) in 55.42 seconds (35.68 work units)
Thread count was 1 (of 16 available processors)

Solution count 0

Node limit reached
Best objective -, best bound 4.615100000000e+04, gap -
Root Upper inf
Root Lower 46150.10769230854
Reset all parameters
Set parameter TimeLimit to value 2.8108929026126862e+03
Set parameter Threads to value 1
Gurobi Optimizer version 11.0.2 build v11.0.2rc0 (linux64 - "Debian GNU/Linux 10 (buster)")

CPU model: Intel(R) Xeon(R) CPU           X5570  @ 2.93GHz, instruction set [SSE2]
Thread count: 8 physical cores, 16 logical processors, using up to 1 threads

Optimize a model with 64126 rows, 8000 columns and 194021 nonzeros
Model fingerprint: 0x1275f5ae
Variable types: 0 continuous, 8000 integer (8000 binary)
Coefficient statistics:
  Matrix range     [1e+00, 4e+02]
  Objective range  [1e+00, 4e+02]
  Bounds range     [1e+00, 1e+00]
  RHS range        [1e+00, 6e+03]
Presolved: 64126 rows, 3420 columns, 194021 nonzeros

Continuing optimization...

     0     0 46150.1077    0   36          - 46150.1077      -     -  114s
H    0     0                    46215.000000 46150.1077  0.14%     -  114s
H    0     0                    46206.000000 46150.1077  0.12%     -  114s
     0     0 46150.1077    0   36 46206.0000 46150.1077  0.12%     -  115s
     0     2 46150.1077    0   36 46206.0000 46150.1077  0.12%     -  126s
     1     3 46150.1245    1   36 46206.0000 46150.1195  0.12%  1112  130s
     3     5 46150.1658    3  256 46206.0000 46150.1195  0.12%  1020  137s
     4     6 46150.2447    4  132 46206.0000 46150.1195  0.12%  1326  145s
     5     7 46150.3271    5  228 46206.0000 46150.1195  0.12%  1333  150s
     7     9 46150.6816    7   70 46206.0000 46150.1195  0.12%  1287  157s
     9    11 46151.2124    9  102 46206.0000 46150.1195  0.12%  1141  160s
    16    10 46199.7779    1   36 46206.0000 46150.1442  0.12%   933  177s
    19     9 46180.6050    2   70 46206.0000 46150.1575  0.12%   869  184s
    20    10 46186.5971    3  256 46206.0000 46150.1575  0.12%   962  191s
    21    11 46192.5935    4  132 46206.0000 46150.1575  0.12%   992  196s
    28     8     cutoff    3      46206.0000 46150.1961  0.12%   912  208s
    29     7     cutoff    4      46206.0000 46150.2994  0.12%   916  212s
    31     5     cutoff    6      46206.0000 46150.4001  0.12%   887  216s
    33     3     cutoff    8      46206.0000 46151.3578  0.12%   881  220s
    36     0     cutoff    4      46206.0000 46206.0000  0.00%   847  225s

Explored 37 nodes (331101 simplex iterations) in 169.64 seconds (110.65 work units)
Thread count was 1 (of 16 available processors)

Solution count 2: 46206 46215 

Optimal solution found (tolerance 1.00e-04)
Best objective 4.620600000000e+04, best bound 4.620600000000e+04, gap 0.0000%
flow1:  46206.0
flow2:  63224.0
Root Upper Bound: inf
Root lower Bound: 46150.10769230854
ND-Point: 3

-----------------------------------------
Warning for adding constraints: zero or small (< 1e-13) coefficients, ignored
Set parameter NodeLimit to value 0
Set parameter TimeLimit to value 2.6451840243339539e+03
Set parameter Threads to value 1
Gurobi Optimizer version 11.0.2 build v11.0.2rc0 (linux64 - "Debian GNU/Linux 10 (buster)")

CPU model: Intel(R) Xeon(R) CPU           X5570  @ 2.93GHz, instruction set [SSE2]
Thread count: 8 physical cores, 16 logical processors, using up to 1 threads

Optimize a model with 64126 rows, 8000 columns and 194021 nonzeros
Model fingerprint: 0xb7bacbee
Variable types: 0 continuous, 8000 integer (8000 binary)
Coefficient statistics:
  Matrix range     [1e+00, 4e+02]
  Objective range  [1e+00, 4e+02]
  Bounds range     [1e+00, 1e+00]
  RHS range        [1e+00, 6e+03]
Presolve removed 0 rows and 4580 columns
Presolve time: 0.63s
Presolved: 64126 rows, 3420 columns, 194021 nonzeros
Variable types: 0 continuous, 3420 integer (3420 binary)
Found heuristic solution: objective 72766.000000
Root relaxation presolved: 3420 rows, 67546 columns, 197441 nonzeros


Root simplex log...

Iteration    Objective       Primal Inf.    Dual Inf.      Time
   13419    4.0109135e+04   0.000000e+00   2.821804e+05      5s
   26800    4.1909102e+04   0.000000e+00   9.297565e+04     10s
   40577    4.3097815e+04   0.000000e+00   1.498703e+05     15s
   54195    4.3814252e+04   0.000000e+00   1.042321e+04     20s
   67712    4.4400162e+04   0.000000e+00   5.312886e+04     25s
   81152    4.4858193e+04   0.000000e+00   5.191478e+04     30s
   94534    4.5237852e+04   0.000000e+00   3.956612e+04     35s
  108528    4.5585534e+04   0.000000e+00   3.896475e+03     40s
  122134    4.5859111e+04   0.000000e+00   7.883403e+03     45s
  135605    4.6083719e+04   0.000000e+00   6.588229e+03     50s
  146639    4.6177331e+04   0.000000e+00   5.176731e+03     55s
  156659    4.6206116e+04   0.000000e+00   5.194776e+00     60s
  157717    4.6206125e+04   0.000000e+00   0.000000e+00     61s
  157717    4.6206125e+04   0.000000e+00   0.000000e+00     61s

Root relaxation: objective 4.620612e+04, 157717 iterations, 59.57 seconds (36.55 work units)

    Nodes    |    Current Node    |     Objective Bounds      |     Work
 Expl Unexpl |  Obj  Depth IntInf | Incumbent    BestBd   Gap | It/Node Time

     0     0 46206.1245    0   36 72766.0000 46206.1245  36.5%     -   61s

Explored 1 nodes (157742 simplex iterations) in 61.07 seconds (37.29 work units)
Thread count was 1 (of 16 available processors)

Solution count 1: 72766 

Node limit reached
Best objective 7.276600000000e+04, best bound 4.620700000000e+04, gap 36.4992%
Root Upper 72766.0
Root Lower 46206.12453760785
Reset all parameters
Set parameter TimeLimit to value 2.4601855351924896e+03
Set parameter Threads to value 1
Gurobi Optimizer version 11.0.2 build v11.0.2rc0 (linux64 - "Debian GNU/Linux 10 (buster)")

CPU model: Intel(R) Xeon(R) CPU           X5570  @ 2.93GHz, instruction set [SSE2]
Thread count: 8 physical cores, 16 logical processors, using up to 1 threads

Optimize a model with 64126 rows, 8000 columns and 194021 nonzeros
Model fingerprint: 0xb7bacbee
Variable types: 0 continuous, 8000 integer (8000 binary)
Coefficient statistics:
  Matrix range     [1e+00, 4e+02]
  Objective range  [1e+00, 4e+02]
  Bounds range     [1e+00, 1e+00]
  RHS range        [1e+00, 6e+03]
Presolved: 64126 rows, 3420 columns, 194021 nonzeros

Continuing optimization...

     0     0 46206.1245    0   36 72766.0000 46206.1245  36.5%     -  121s
H    0     0                    46254.000000 46206.1245  0.10%     -  121s
     0     0 46206.1245    0   36 46254.0000 46206.1245  0.10%     -  122s
     0     2 46206.1245    0   36 46254.0000 46206.1245  0.10%     -  131s
     1     3 46206.1297    1   36 46254.0000 46206.1262  0.10%   343  133s
     2     4 46206.1461    2   36 46254.0000 46206.1262  0.10%   657  136s
     4     6 46206.2544    4  132 46254.0000 46206.1262  0.10%   997  144s
     5     7 46206.3782    5   70 46254.0000 46206.1262  0.10%  1073  149s
     6     8 46206.7606    6  104 46254.0000 46206.1262  0.10%  1026  151s
*   12     6               1    46251.000000 46206.1436  0.10%   893  164s
    13     5     cutoff    2      46251.0000 46206.1677  0.10%  1180  180s
    15     7 46227.5971    4  256 46251.0000 46206.2264  0.10%  1194  191s
    16     6     cutoff    4      46251.0000 46206.2264  0.10%  1254  198s
    17     7 46233.5935    5  132 46251.0000 46206.2264  0.10%  1275  203s
    18     8 46243.7461    6   70 46251.0000 46206.2264  0.10%  1245  205s
    22     4     cutoff    5      46251.0000 46206.2264  0.10%  1196  216s
    24     2     cutoff    5      46251.0000 46206.4375  0.10%  1146  221s

Explored 27 nodes (343802 simplex iterations) in 162.93 seconds (106.61 work units)
Thread count was 1 (of 16 available processors)

Solution count 3: 46251 46254 72766 

Optimal solution found (tolerance 1.00e-04)
Best objective 4.625100000000e+04, best bound 4.625100000000e+04, gap 0.0000%
flow1:  46251.0
flow2:  62933.0
Root Upper Bound: 72766.0
Root lower Bound: 46206.12453760785
ND-Point: 4

-----------------------------------------
Warning for adding constraints: zero or small (< 1e-13) coefficients, ignored
Set parameter NodeLimit to value 0
Set parameter TimeLimit to value 2.2999524688720703e+03
Set parameter Threads to value 1
Gurobi Optimizer version 11.0.2 build v11.0.2rc0 (linux64 - "Debian GNU/Linux 10 (buster)")

CPU model: Intel(R) Xeon(R) CPU           X5570  @ 2.93GHz, instruction set [SSE2]
Thread count: 8 physical cores, 16 logical processors, using up to 1 threads

Optimize a model with 64126 rows, 8000 columns and 194021 nonzeros
Model fingerprint: 0xf902d8d5
Variable types: 0 continuous, 8000 integer (8000 binary)
Coefficient statistics:
  Matrix range     [1e+00, 4e+02]
  Objective range  [1e+00, 4e+02]
  Bounds range     [1e+00, 1e+00]
  RHS range        [1e+00, 7e+03]
Presolve removed 0 rows and 4580 columns
Presolve time: 0.55s
Presolved: 64126 rows, 3420 columns, 194021 nonzeros
Variable types: 0 continuous, 3420 integer (3420 binary)
Root relaxation presolved: 3420 rows, 67546 columns, 197441 nonzeros


Root simplex log...

Iteration    Objective       Primal Inf.    Dual Inf.      Time
   15291    4.0468294e+04   0.000000e+00   2.287329e+05      5s
   29584    4.2214026e+04   0.000000e+00   7.176980e+04     10s
   43022    4.3262396e+04   0.000000e+00   3.393901e+05     15s
   56091    4.3946448e+04   0.000000e+00   2.447328e+04     20s
   69207    4.4532993e+04   0.000000e+00   9.733237e+03     25s
   81108    4.4992630e+04   0.000000e+00   2.385102e+04     30s
   94465    4.5383845e+04   0.000000e+00   9.582152e+03     35s
  106667    4.5703121e+04   0.000000e+00   4.381625e+04     40s
  119562    4.5959574e+04   0.000000e+00   8.222950e+03     45s
  132435    4.6138791e+04   0.000000e+00   2.876089e+04     50s
  143392    4.6211310e+04   0.000000e+00   4.548290e+03     55s
  152492    4.6242365e+04   0.000000e+00   0.000000e+00     59s
  152492    4.6242365e+04   0.000000e+00   0.000000e+00     60s

Root relaxation: objective 4.624236e+04, 152492 iterations, 58.48 seconds (35.47 work units)

    Nodes    |    Current Node    |     Objective Bounds      |     Work
 Expl Unexpl |  Obj  Depth IntInf | Incumbent    BestBd   Gap | It/Node Time

     0     0 46242.3650    0   36          - 46242.3650      -     -   59s

Explored 1 nodes (152514 simplex iterations) in 59.74 seconds (36.17 work units)
Thread count was 1 (of 16 available processors)

Solution count 0

Node limit reached
Best objective -, best bound 4.624300000000e+04, gap -
Root Upper inf
Root Lower 46242.36498150475
Reset all parameters
Set parameter TimeLimit to value 2.1190303151607513e+03
Set parameter Threads to value 1
Gurobi Optimizer version 11.0.2 build v11.0.2rc0 (linux64 - "Debian GNU/Linux 10 (buster)")

CPU model: Intel(R) Xeon(R) CPU           X5570  @ 2.93GHz, instruction set [SSE2]
Thread count: 8 physical cores, 16 logical processors, using up to 1 threads

Optimize a model with 64126 rows, 8000 columns and 194021 nonzeros
Model fingerprint: 0xf902d8d5
Variable types: 0 continuous, 8000 integer (8000 binary)
Coefficient statistics:
  Matrix range     [1e+00, 4e+02]
  Objective range  [1e+00, 4e+02]
  Bounds range     [1e+00, 1e+00]
  RHS range        [1e+00, 7e+03]
Presolved: 64126 rows, 3420 columns, 194021 nonzeros

Continuing optimization...

     0     0 46242.3650    0   36          - 46242.3650      -     -  122s
H    0     0                    46271.000000 46242.3650  0.06%     -  123s
     0     0 46242.3650    0   36 46271.0000 46242.3650  0.06%     -  124s
H    0     0                    46254.000000 46242.3650  0.03%     -  125s
     0     2 46242.3653    0   36 46254.0000 46242.3653  0.03%     -  130s
     1     3 46243.8811    1   36 46254.0000 46242.3662  0.03%   423  132s
     2     2     cutoff    2      46254.0000 46242.3662  0.03%   820  137s
     3     3 46248.6517    2   36 46254.0000 46242.3662  0.03%   731  141s
     6     2 46251.1245    1   36 46254.0000 46251.1245  0.01%   496  146s

Explored 7 nodes (308025 simplex iterations) in 86.56 seconds (47.79 work units)
Thread count was 1 (of 16 available processors)

Solution count 2: 46254 46271 

Optimal solution found (tolerance 1.00e-04)
Best objective 4.625400000000e+04, best bound 4.625200000000e+04, gap 0.0043%
flow1:  46254.0
flow2:  62854.0
Root Upper Bound: inf
Root lower Bound: 46242.36498150475
ND-Point: 5

-----------------------------------------
Warning for adding constraints: zero or small (< 1e-13) coefficients, ignored
Set parameter NodeLimit to value 0
Set parameter TimeLimit to value 2.0264885175228119e+03
Set parameter Threads to value 1
Gurobi Optimizer version 11.0.2 build v11.0.2rc0 (linux64 - "Debian GNU/Linux 10 (buster)")

CPU model: Intel(R) Xeon(R) CPU           X5570  @ 2.93GHz, instruction set [SSE2]
Thread count: 8 physical cores, 16 logical processors, using up to 1 threads

Optimize a model with 64126 rows, 8000 columns and 194021 nonzeros
Model fingerprint: 0x7805c67e
Variable types: 0 continuous, 8000 integer (8000 binary)
Coefficient statistics:
  Matrix range     [1e+00, 4e+02]
  Objective range  [1e+00, 4e+02]
  Bounds range     [1e+00, 1e+00]
  RHS range        [1e+00, 7e+03]
Presolve removed 0 rows and 4580 columns
Presolve time: 0.65s
Presolved: 64126 rows, 3420 columns, 194021 nonzeros
Variable types: 0 continuous, 3420 integer (3420 binary)
Root relaxation presolved: 3420 rows, 67546 columns, 197441 nonzeros


Root simplex log...

Iteration    Objective       Primal Inf.    Dual Inf.      Time
   13185    4.0067148e+04   0.000000e+00   4.190350e+05      5s
   25353    4.1711349e+04   0.000000e+00   7.822720e+05     10s
   37574    4.2880569e+04   0.000000e+00   1.130632e+05     15s
   49074    4.3670374e+04   0.000000e+00   2.041393e+04     20s
   59889    4.4199534e+04   0.000000e+00   7.239506e+05     25s
   71155    4.4668055e+04   0.000000e+00   2.492946e+04     30s
   81586    4.4986422e+04   0.000000e+00   1.430185e+04     35s
   93045    4.5306218e+04   0.000000e+00   2.264739e+05     40s
  103961    4.5562917e+04   0.000000e+00   4.718747e+04     45s
  115229    4.5827548e+04   0.000000e+00   9.090008e+03     50s
  126798    4.6024514e+04   0.000000e+00   6.185739e+03     55s
  137389    4.6173014e+04   0.000000e+00   1.725165e+03     60s
  145742    4.6222079e+04   0.000000e+00   2.294492e+03     65s
  153284    4.6252203e+04   0.000000e+00   0.000000e+00     70s
  153284    4.6252203e+04   0.000000e+00   0.000000e+00     70s

Root relaxation: objective 4.625220e+04, 153284 iterations, 68.36 seconds (36.22 work units)

    Nodes    |    Current Node    |     Objective Bounds      |     Work
 Expl Unexpl |  Obj  Depth IntInf | Incumbent    BestBd   Gap | It/Node Time

     0     0 46252.2035    0   36          - 46252.2035      -     -   69s

Explored 1 nodes (153298 simplex iterations) in 69.83 seconds (36.89 work units)
Thread count was 1 (of 16 available processors)

Solution count 0

Node limit reached
Best objective -, best bound 4.625300000000e+04, gap -
Root Upper inf
Root Lower 46252.20345252723
Reset all parameters
Set parameter TimeLimit to value 1.8295515005588531e+03
Set parameter Threads to value 1
Gurobi Optimizer version 11.0.2 build v11.0.2rc0 (linux64 - "Debian GNU/Linux 10 (buster)")

CPU model: Intel(R) Xeon(R) CPU           X5570  @ 2.93GHz, instruction set [SSE2]
Thread count: 8 physical cores, 16 logical processors, using up to 1 threads

Optimize a model with 64126 rows, 8000 columns and 194021 nonzeros
Model fingerprint: 0x7805c67e
Variable types: 0 continuous, 8000 integer (8000 binary)
Coefficient statistics:
  Matrix range     [1e+00, 4e+02]
  Objective range  [1e+00, 4e+02]
  Bounds range     [1e+00, 1e+00]
  RHS range        [1e+00, 7e+03]
Presolved: 64126 rows, 3420 columns, 194021 nonzeros

Continuing optimization...

     0     0 46252.2035    0   36          - 46252.2035      -     -  134s
H    0     0                    46271.000000 46252.2035  0.04%     -  135s
     0     0 46252.2035    0   36 46271.0000 46252.2035  0.04%     -  136s
     0     0 46252.2035    0    1 46271.0000 46252.2035  0.04%     -  146s
     0     0 46259.6154    0    3 46271.0000 46259.6154  0.02%     -  146s

Cutting planes:
  Cover: 1

Explored 1 nodes (306626 simplex iterations) in 77.10 seconds (43.73 work units)
Thread count was 1 (of 16 available processors)

Solution count 1: 46271 

Optimal solution found (tolerance 1.00e-04)
Best objective 4.627100000000e+04, best bound 4.627100000000e+04, gap 0.0000%
flow1:  46271.0
flow2:  62779.0
Root Upper Bound: inf
Root lower Bound: 46252.20345252723
ND-Point: 6

-----------------------------------------
Warning for adding constraints: zero or small (< 1e-13) coefficients, ignored
Set parameter NodeLimit to value 0
Set parameter TimeLimit to value 1.7520242247581482e+03
Set parameter Threads to value 1
Gurobi Optimizer version 11.0.2 build v11.0.2rc0 (linux64 - "Debian GNU/Linux 10 (buster)")

CPU model: Intel(R) Xeon(R) CPU           X5570  @ 2.93GHz, instruction set [SSE2]
Thread count: 8 physical cores, 16 logical processors, using up to 1 threads

Optimize a model with 64126 rows, 8000 columns and 194021 nonzeros
Model fingerprint: 0x7b544244
Variable types: 0 continuous, 8000 integer (8000 binary)
Coefficient statistics:
  Matrix range     [1e+00, 4e+02]
  Objective range  [1e+00, 4e+02]
  Bounds range     [1e+00, 1e+00]
  RHS range        [1e+00, 7e+03]
Presolve removed 0 rows and 4580 columns
Presolve time: 0.54s
Presolved: 64126 rows, 3420 columns, 194021 nonzeros
Variable types: 0 continuous, 3420 integer (3420 binary)
Root relaxation presolved: 3420 rows, 67546 columns, 197441 nonzeros


Root simplex log...

Iteration    Objective       Primal Inf.    Dual Inf.      Time
   15291    4.0468294e+04   0.000000e+00   2.287329e+05      5s
   29105    4.2248136e+04   0.000000e+00   5.533439e+05     10s
   41312    4.3291089e+04   0.000000e+00   5.956796e+04     15s
   53327    4.4015476e+04   0.000000e+00   3.115888e+05     20s
   65415    4.4545626e+04   0.000000e+00   3.637467e+04     25s
   77696    4.4965060e+04   0.000000e+00   3.840805e+05     30s
   89505    4.5378209e+04   0.000000e+00   1.204635e+04     35s
  100198    4.5668977e+04   0.000000e+00   1.822962e+04     40s
  111164    4.5933895e+04   0.000000e+00   2.641219e+04     45s
  122549    4.6148882e+04   0.000000e+00   1.000022e+04     50s
  133646    4.6257062e+04   0.000000e+00   1.644457e+03     55s
  135662    4.6261544e+04   0.000000e+00   0.000000e+00     56s
  135662    4.6261544e+04   0.000000e+00   0.000000e+00     56s

Root relaxation: objective 4.626154e+04, 135662 iterations, 55.02 seconds (34.30 work units)

    Nodes    |    Current Node    |     Objective Bounds      |     Work
 Expl Unexpl |  Obj  Depth IntInf | Incumbent    BestBd   Gap | It/Node Time

     0     0 46261.5438    0   36          - 46261.5438      -     -   56s

Explored 1 nodes (135691 simplex iterations) in 56.24 seconds (35.00 work units)
Thread count was 1 (of 16 available processors)

Solution count 0

Node limit reached
Best objective -, best bound 4.626200000000e+04, gap -
Root Upper inf
Root Lower 46261.543773120065
Reset all parameters
Set parameter TimeLimit to value 1.5683123495578766e+03
Set parameter Threads to value 1
Gurobi Optimizer version 11.0.2 build v11.0.2rc0 (linux64 - "Debian GNU/Linux 10 (buster)")

CPU model: Intel(R) Xeon(R) CPU           X5570  @ 2.93GHz, instruction set [SSE2]
Thread count: 8 physical cores, 16 logical processors, using up to 1 threads

Optimize a model with 64126 rows, 8000 columns and 194021 nonzeros
Model fingerprint: 0x7b544244
Variable types: 0 continuous, 8000 integer (8000 binary)
Coefficient statistics:
  Matrix range     [1e+00, 4e+02]
  Objective range  [1e+00, 4e+02]
  Bounds range     [1e+00, 1e+00]
  RHS range        [1e+00, 7e+03]
Presolved: 64126 rows, 3420 columns, 194021 nonzeros

Continuing optimization...

     0     0 46261.5438    0   36          - 46261.5438      -     -  116s
H    0     0                    46307.000000 46261.5438  0.10%     -  116s
     0     0 46261.5438    0   36 46307.0000 46261.5438  0.10%     -  117s
     0     2 46261.5439    0   36 46307.0000 46261.5439  0.10%     -  128s
     1     3 46267.6923    1   36 46307.0000 46261.5461  0.10%   502  130s
     2     4 46273.6404    2   36 46307.0000 46261.5461  0.10%  1233  137s
     3     5 46302.6241    2   36 46307.0000 46261.5461  0.10%  2251  151s
     6     4 46276.6914    3  256 46307.0000 46261.5461  0.10%  1343  157s
     7     5 46296.3659    4   36 46307.0000 46261.5461  0.10%  1443  163s
     9     3     cutoff    5      46307.0000 46261.5461  0.10%  1188  165s
    11     3 46265.1015    1   36 46307.0000 46265.1015  0.09%  1110  170s
    12     4 46267.0708    2  314 46307.0000 46265.1081  0.09%  1086  175s
    13     5 46276.2439    3   36 46307.0000 46265.1081  0.09%  1172  181s
    15     5     cutoff    4      46307.0000 46265.1081  0.09%  1129  187s
    16     6 46301.6206    5  230 46307.0000 46265.1081  0.09%  1131  190s
    20     4 46271.1297    2   36 46307.0000 46267.0715  0.09%   981  195s
    21     5 46271.1663    3  256 46307.0000 46267.0715  0.09%  1018  201s
    22     6 46271.2927    4   36 46307.0000 46267.0715  0.09%  1095  210s
    24     8 46271.6266    6  230 46307.0000 46267.0715  0.09%  1086  217s
    32     6     cutoff    3      46307.0000 46271.1673  0.08%   844  221s
    33     5     cutoff    3      46307.0000 46271.1960  0.08%   924  231s
    35     3     cutoff    5      46307.0000 46271.4141  0.08%   905  235s
    38     0     cutoff    3      46307.0000 46307.0000  0.00%   982  253s

Explored 39 nodes (308723 simplex iterations) in 197.75 seconds (125.58 work units)
Thread count was 1 (of 16 available processors)

Solution count 1: 46307 

Optimal solution found (tolerance 1.00e-04)
Best objective 4.630700000000e+04, best bound 4.630700000000e+04, gap 0.0000%
flow1:  46307.0
flow2:  62413.0
Root Upper Bound: inf
Root lower Bound: 46261.543773120065
ND-Point: 7

-----------------------------------------
Warning for adding constraints: zero or small (< 1e-13) coefficients, ignored
Set parameter NodeLimit to value 0
Set parameter TimeLimit to value 1.3740625507831573e+03
Set parameter Threads to value 1
Gurobi Optimizer version 11.0.2 build v11.0.2rc0 (linux64 - "Debian GNU/Linux 10 (buster)")

CPU model: Intel(R) Xeon(R) CPU           X5570  @ 2.93GHz, instruction set [SSE2]
Thread count: 8 physical cores, 16 logical processors, using up to 1 threads

Optimize a model with 64126 rows, 8000 columns and 194021 nonzeros
Model fingerprint: 0x12b10f37
Variable types: 0 continuous, 8000 integer (8000 binary)
Coefficient statistics:
  Matrix range     [1e+00, 4e+02]
  Objective range  [1e+00, 4e+02]
  Bounds range     [1e+00, 1e+00]
  RHS range        [1e+00, 7e+03]
Presolve removed 0 rows and 4580 columns
Presolve time: 0.65s
Presolved: 64126 rows, 3420 columns, 194021 nonzeros
Variable types: 0 continuous, 3420 integer (3420 binary)
Root relaxation presolved: 3420 rows, 67546 columns, 197441 nonzeros


Root simplex log...

Iteration    Objective       Primal Inf.    Dual Inf.      Time
   13184    4.0294837e+04   0.000000e+00   6.049258e+05      5s
   25352    4.1962543e+04   0.000000e+00   1.160520e+06     10s
   36550    4.2976251e+04   0.000000e+00   3.970360e+04     15s
   47529    4.3693936e+04   0.000000e+00   2.409557e+04     20s
   58550    4.4302522e+04   0.000000e+00   2.387919e+05     25s
   69153    4.4825794e+04   0.000000e+00   5.059775e+04     30s
   80217    4.5227251e+04   0.000000e+00   1.131841e+04     35s
   92954    4.5578774e+04   0.000000e+00   5.245208e+04     40s
  106437    4.5859951e+04   0.000000e+00   1.721333e+04     45s
  118763    4.6144185e+04   0.000000e+00   9.199299e+03     50s
  130857    4.6278345e+04   0.000000e+00   4.445817e+03     55s
  136471    4.6307130e+04   0.000000e+00   0.000000e+00     57s
  136471    4.6307130e+04   0.000000e+00   0.000000e+00     57s

Root relaxation: objective 4.630713e+04, 136471 iterations, 56.14 seconds (32.35 work units)

    Nodes    |    Current Node    |     Objective Bounds      |     Work
 Expl Unexpl |  Obj  Depth IntInf | Incumbent    BestBd   Gap | It/Node Time

     0     0 46307.1297    0   36          - 46307.1297      -     -   57s

Explored 1 nodes (136498 simplex iterations) in 57.57 seconds (33.05 work units)
Thread count was 1 (of 16 available processors)

Solution count 0

Node limit reached
Best objective -, best bound 4.630800000000e+04, gap -
Root Upper inf
Root Lower 46307.12972972976
Reset all parameters
Set parameter TimeLimit to value 1.1925741202831268e+03
Set parameter Threads to value 1
Gurobi Optimizer version 11.0.2 build v11.0.2rc0 (linux64 - "Debian GNU/Linux 10 (buster)")

CPU model: Intel(R) Xeon(R) CPU           X5570  @ 2.93GHz, instruction set [SSE2]
Thread count: 8 physical cores, 16 logical processors, using up to 1 threads

Optimize a model with 64126 rows, 8000 columns and 194021 nonzeros
Model fingerprint: 0x12b10f37
Variable types: 0 continuous, 8000 integer (8000 binary)
Coefficient statistics:
  Matrix range     [1e+00, 4e+02]
  Objective range  [1e+00, 4e+02]
  Bounds range     [1e+00, 1e+00]
  RHS range        [1e+00, 7e+03]
Presolved: 64126 rows, 3420 columns, 194021 nonzeros

Continuing optimization...

     0     0 46307.1297    0   36          - 46307.1297      -     -  111s
H    0     0                    46372.000000 46307.1297  0.14%     -  112s
H    0     0                    46319.000000 46307.1297  0.03%     -  112s
     0     0 46307.1297    0   36 46319.0000 46307.1297  0.03%     -  113s
     0     2 46307.1297    0   36 46319.0000 46307.1297  0.03%     -  119s
     1     3 46307.1461    1   36 46319.0000 46307.1367  0.03%   913  122s
     2     2 infeasible    2      46319.0000 46307.1367  0.03%  1044  126s
     5     3     cutoff    3      46319.0000 46309.0539  0.02%   510  130s

Explored 9 nodes (276843 simplex iterations) in 77.00 seconds (46.41 work units)
Thread count was 1 (of 16 available processors)

Solution count 2: 46319 46372 

Optimal solution found (tolerance 1.00e-04)
Best objective 4.631900000000e+04, best bound 4.631900000000e+04, gap 0.0000%
flow1:  46319.0
flow2:  62409.0
Root Upper Bound: inf
Root lower Bound: 46307.12972972976
ND-Point: 8

-----------------------------------------
Warning for adding constraints: zero or small (< 1e-13) coefficients, ignored
Set parameter NodeLimit to value 0
Set parameter TimeLimit to value 1.1128962049484253e+03
Set parameter Threads to value 1
Gurobi Optimizer version 11.0.2 build v11.0.2rc0 (linux64 - "Debian GNU/Linux 10 (buster)")

CPU model: Intel(R) Xeon(R) CPU           X5570  @ 2.93GHz, instruction set [SSE2]
Thread count: 8 physical cores, 16 logical processors, using up to 1 threads

Optimize a model with 64126 rows, 8000 columns and 194021 nonzeros
Model fingerprint: 0xbf81548d
Variable types: 0 continuous, 8000 integer (8000 binary)
Coefficient statistics:
  Matrix range     [1e+00, 4e+02]
  Objective range  [1e+00, 4e+02]
  Bounds range     [1e+00, 1e+00]
  RHS range        [1e+00, 7e+03]
Presolve removed 0 rows and 4580 columns
Presolve time: 0.71s
Presolved: 64126 rows, 3420 columns, 194021 nonzeros
Variable types: 0 continuous, 3420 integer (3420 binary)
Root relaxation presolved: 3420 rows, 67546 columns, 197441 nonzeros


Root simplex log...

Iteration    Objective       Primal Inf.    Dual Inf.      Time
   12014    4.0039861e+04   0.000000e+00   1.116687e+05      5s
   23714    4.1773520e+04   0.000000e+00   1.648040e+05     10s
   35066    4.2761304e+04   0.000000e+00   5.784121e+04     15s
   45110    4.3383230e+04   0.000000e+00   1.705168e+05     20s
   53866    4.3906921e+04   0.000000e+00   3.561685e+05     25s
   63730    4.4372510e+04   0.000000e+00   2.350920e+04     30s
   75207    4.4861580e+04   0.000000e+00   5.632616e+04     35s
   85782    4.5231796e+04   0.000000e+00   3.682335e+04     40s
   97129    4.5595546e+04   0.000000e+00   2.716211e+04     45s
  107827    4.5877797e+04   0.000000e+00   3.664337e+04     50s
  119610    4.6118860e+04   0.000000e+00   3.625097e+03     55s
  131485    4.6296354e+04   0.000000e+00   4.986305e+02     60s
  134547    4.6307649e+04   0.000000e+00   0.000000e+00     61s
  134547    4.6307649e+04   0.000000e+00   0.000000e+00     61s

Root relaxation: objective 4.630765e+04, 134547 iterations, 60.03 seconds (33.50 work units)

    Nodes    |    Current Node    |     Objective Bounds      |     Work
 Expl Unexpl |  Obj  Depth IntInf | Incumbent    BestBd   Gap | It/Node Time

     0     0 46307.6486    0   36          - 46307.6486      -     -   61s

Explored 1 nodes (134565 simplex iterations) in 61.56 seconds (34.20 work units)
Thread count was 1 (of 16 available processors)

Solution count 0

Node limit reached
Best objective -, best bound 4.630800000000e+04, gap -
Root Upper inf
Root Lower 46307.64864865134
Reset all parameters
Set parameter TimeLimit to value 9.2480418300628662e+02
Set parameter Threads to value 1
Gurobi Optimizer version 11.0.2 build v11.0.2rc0 (linux64 - "Debian GNU/Linux 10 (buster)")

CPU model: Intel(R) Xeon(R) CPU           X5570  @ 2.93GHz, instruction set [SSE2]
Thread count: 8 physical cores, 16 logical processors, using up to 1 threads

Optimize a model with 64126 rows, 8000 columns and 194021 nonzeros
Model fingerprint: 0xbf81548d
Variable types: 0 continuous, 8000 integer (8000 binary)
Coefficient statistics:
  Matrix range     [1e+00, 4e+02]
  Objective range  [1e+00, 4e+02]
  Bounds range     [1e+00, 1e+00]
  RHS range        [1e+00, 7e+03]
Presolved: 64126 rows, 3420 columns, 194021 nonzeros

Continuing optimization...

     0     0 46307.6486    0   36          - 46307.6486      -     -  119s
H    0     0                    46372.000000 46307.6486  0.14%     -  119s
H    0     0                    46355.000000 46307.6486  0.10%     -  119s
     0     0 46307.6486    0   36 46355.0000 46307.6486  0.10%     -  120s
     0     2 46307.6487    0   36 46355.0000 46307.6487  0.10%     -  132s
     1     3 46307.7303    1   36 46355.0000 46307.6504  0.10%   752  135s
     3     5 46308.2719    3  132 46355.0000 46307.6504  0.10%  1366  145s
     5     7 46310.4923    5  134 46355.0000 46307.6504  0.10%  1324  153s
    12     8 46323.2788    2   70 46355.0000 46307.7456  0.10%   733  159s
    13     9 46319.1766    2  282 46355.0000 46307.7456  0.10%   822  165s
    14    10 46319.2927    3   36 46355.0000 46307.7456  0.10%   939  172s
    15    11 46319.3782    4   70 46355.0000 46307.7456  0.10%   924  175s
    23    11 46317.4305    2   72 46355.0000 46307.8567  0.10%   708  184s
    24    12 46332.7144    3  256 46355.0000 46307.8567  0.10%   768  190s
    26    14 46329.2601    4  256 46355.0000 46307.8567  0.10%   830  200s
    27    13     cutoff    4      46355.0000 46307.8567  0.10%   981  215s
    28    14 46335.5721    5  132 46355.0000 46307.8567  0.10%  1024  222s
    29    15 46346.2591    6   70 46355.0000 46307.8567  0.10%  1044  227s
    32    12     cutoff    7      46355.0000 46307.8567  0.10%   963  230s
    34    10     cutoff    3      46355.0000 46308.2956  0.10%   936  235s
    36     8     cutoff    5      46355.0000 46310.5903  0.10%   933  242s
    38     6     cutoff    3      46355.0000 46319.3048  0.08%   896  245s
    40     4     cutoff    5      46355.0000 46323.2882  0.07%   886  250s
    41     5 46350.6241    3   36 46355.0000 46332.7188  0.05%   963  266s
    44     2     cutoff    4      46355.0000 46332.7189  0.05%   955  276s
    46     0     cutoff    3      46355.0000 46355.0000  0.00%   953  284s

Cutting planes:
  Gomory: 1

Explored 47 nodes (312965 simplex iterations) in 223.07 seconds (140.70 work units)
Thread count was 1 (of 16 available processors)

Solution count 2: 46355 46372 

Optimal solution found (tolerance 1.00e-04)
Best objective 4.635500000000e+04, best bound 4.635500000000e+04, gap 0.0000%
flow1:  46355.0
flow2:  62043.0
Root Upper Bound: inf
Root lower Bound: 46307.64864865134
ND-Point: 9

-----------------------------------------
Warning for adding constraints: zero or small (< 1e-13) coefficients, ignored
Set parameter NodeLimit to value 0
Set parameter TimeLimit to value 6.9540899062156677e+02
Set parameter Threads to value 1
Gurobi Optimizer version 11.0.2 build v11.0.2rc0 (linux64 - "Debian GNU/Linux 10 (buster)")

CPU model: Intel(R) Xeon(R) CPU           X5570  @ 2.93GHz, instruction set [SSE2]
Thread count: 8 physical cores, 16 logical processors, using up to 1 threads

Optimize a model with 64126 rows, 8000 columns and 194021 nonzeros
Model fingerprint: 0x14a2a15a
Variable types: 0 continuous, 8000 integer (8000 binary)
Coefficient statistics:
  Matrix range     [1e+00, 4e+02]
  Objective range  [1e+00, 4e+02]
  Bounds range     [1e+00, 1e+00]
  RHS range        [1e+00, 7e+03]
Presolve removed 0 rows and 4580 columns
Presolve time: 0.58s
Presolved: 64126 rows, 3420 columns, 194021 nonzeros
Variable types: 0 continuous, 3420 integer (3420 binary)
Root relaxation presolved: 3420 rows, 67546 columns, 197441 nonzeros


Root simplex log...

Iteration    Objective       Primal Inf.    Dual Inf.      Time
   14354    4.0239527e+04   0.000000e+00   2.065658e+05      5s
   28628    4.2021727e+04   0.000000e+00   4.901022e+05     10s
   43631    4.3372120e+04   0.000000e+00   3.567590e+04     15s
   57704    4.4057156e+04   0.000000e+00   2.014512e+04     20s
   72035    4.4637351e+04   0.000000e+00   1.641850e+05     25s
   86340    4.5031359e+04   0.000000e+00   9.227323e+03     30s
   99716    4.5386693e+04   0.000000e+00   4.235205e+04     35s
  113354    4.5684925e+04   0.000000e+00   2.058880e+04     40s
  126610    4.5919905e+04   0.000000e+00   2.889024e+04     45s
  138438    4.6090036e+04   0.000000e+00   1.506106e+04     50s
  148522    4.6237937e+04   0.000000e+00   1.341049e+03     55s
  158432    4.6339310e+04   0.000000e+00   2.855841e+03     60s
  164258    4.6355146e+04   0.000000e+00   0.000000e+00     63s
  164258    4.6355146e+04   0.000000e+00   0.000000e+00     63s

Root relaxation: objective 4.635515e+04, 164258 iterations, 62.00 seconds (39.22 work units)

    Nodes    |    Current Node    |     Objective Bounds      |     Work
 Expl Unexpl |  Obj  Depth IntInf | Incumbent    BestBd   Gap | It/Node Time

     0     0 46355.1461    0   36          - 46355.1461      -     -   63s

Explored 1 nodes (164278 simplex iterations) in 63.31 seconds (39.91 work units)
Thread count was 1 (of 16 available processors)

Solution count 0

Node limit reached
Best objective -, best bound 4.635600000000e+04, gap -
Root Upper inf
Root Lower 46355.146067416514
Reset all parameters
Set parameter TimeLimit to value 4.9930323719978333e+02
Set parameter Threads to value 1
Gurobi Optimizer version 11.0.2 build v11.0.2rc0 (linux64 - "Debian GNU/Linux 10 (buster)")

CPU model: Intel(R) Xeon(R) CPU           X5570  @ 2.93GHz, instruction set [SSE2]
Thread count: 8 physical cores, 16 logical processors, using up to 1 threads

Optimize a model with 64126 rows, 8000 columns and 194021 nonzeros
Model fingerprint: 0x14a2a15a
Variable types: 0 continuous, 8000 integer (8000 binary)
Coefficient statistics:
  Matrix range     [1e+00, 4e+02]
  Objective range  [1e+00, 4e+02]
  Bounds range     [1e+00, 1e+00]
  RHS range        [1e+00, 7e+03]
Presolved: 64126 rows, 3420 columns, 194021 nonzeros

Continuing optimization...

     0     0 46355.1461    0   36          - 46355.1461      -     -  128s
H    0     0                    46477.000000 46355.1461  0.26%     -  128s
H    0     0                    46420.000000 46355.1461  0.14%     -  128s
     0     0 46355.1461    0   36 46420.0000 46355.1461  0.14%     -  129s
     0     2 46355.1461    0   36 46420.0000 46355.1461  0.14%     -  143s
     1     3 46355.1720    1  314 46420.0000 46355.1536  0.14%  2659  151s
     2     4 46355.2927    2   36 46420.0000 46355.1536  0.14%  5209  178s
     3     5 46355.3782    3   70 46420.0000 46355.1536  0.14%  4762  192s
     4     6 46355.4429    4   36 46420.0000 46355.1536  0.14%  4127  201s
     5     7 46355.6985    5  134 46420.0000 46355.1536  0.14%  4048  215s
    10    12 46356.5392   10  136 46420.0000 46355.1536  0.14%  2162  220s
H   15     9                    46372.000000 46355.1536  0.04%  1470  224s
    16    12 46364.0308    2   36 46372.0000 46355.1798  0.04%  1454  227s
    17    11     cutoff    3      46372.0000 46355.1798  0.04%  1418  232s
    19     9     cutoff    2      46372.0000 46355.1798  0.04%  1310  235s
    24     4     cutoff    6      46372.0000 46355.7565  0.04%  1089  240s

Explored 29 nodes (354887 simplex iterations) in 177.58 seconds (111.36 work units)
Thread count was 1 (of 16 available processors)

Solution count 3: 46372 46420 46477 

Optimal solution found (tolerance 1.00e-04)
Best objective 4.637200000000e+04, best bound 4.637200000000e+04, gap 0.0000%
flow1:  46372.0
flow2:  61968.0
Root Upper Bound: inf
Root lower Bound: 46355.146067416514
ND-Point: 10

-----------------------------------------
Warning for adding constraints: zero or small (< 1e-13) coefficients, ignored
Set parameter NodeLimit to value 0
Set parameter TimeLimit to value 3.2439897918701172e+02
Set parameter Threads to value 1
Gurobi Optimizer version 11.0.2 build v11.0.2rc0 (linux64 - "Debian GNU/Linux 10 (buster)")

CPU model: Intel(R) Xeon(R) CPU           X5570  @ 2.93GHz, instruction set [SSE2]
Thread count: 8 physical cores, 16 logical processors, using up to 1 threads

Optimize a model with 64126 rows, 8000 columns and 194021 nonzeros
Model fingerprint: 0x3af3ff8a
Variable types: 0 continuous, 8000 integer (8000 binary)
Coefficient statistics:
  Matrix range     [1e+00, 4e+02]
  Objective range  [1e+00, 4e+02]
  Bounds range     [1e+00, 1e+00]
  RHS range        [1e+00, 7e+03]
Presolve removed 0 rows and 4580 columns
Presolve time: 0.45s
Presolved: 64126 rows, 3420 columns, 194021 nonzeros
Variable types: 0 continuous, 3420 integer (3420 binary)
Root relaxation presolved: 3420 rows, 67546 columns, 197441 nonzeros


Root simplex log...

Iteration    Objective       Primal Inf.    Dual Inf.      Time
   17162    4.0865432e+04   0.000000e+00   1.926340e+05      5s
   32380    4.2496396e+04   0.000000e+00   3.632106e+04     10s
   46657    4.3517025e+04   0.000000e+00   2.273074e+04     15s
   60704    4.4120150e+04   0.000000e+00   1.361385e+04     20s
   73805    4.4619441e+04   0.000000e+00   1.144005e+05     25s
   86185    4.5034512e+04   0.000000e+00   2.181971e+04     30s
   99263    4.5368102e+04   0.000000e+00   9.850326e+03     35s
  110899    4.5613092e+04   0.000000e+00   1.543889e+04     40s
  122765    4.5864005e+04   0.000000e+00   9.736927e+03     45s
  133992    4.6062484e+04   0.000000e+00   7.093175e+03     50s
  144712    4.6211100e+04   0.000000e+00   1.937248e+03     55s
  154832    4.6318215e+04   0.000000e+00   7.731135e+03     60s
  163596    4.6366101e+04   0.000000e+00   0.000000e+00     65s
  163596    4.6366101e+04   0.000000e+00   0.000000e+00     65s

Root relaxation: objective 4.636610e+04, 163596 iterations, 63.73 seconds (39.12 work units)

    Nodes    |    Current Node    |     Objective Bounds      |     Work
 Expl Unexpl |  Obj  Depth IntInf | Incumbent    BestBd   Gap | It/Node Time

     0     0 46366.1011    0   36          - 46366.1011      -     -   64s

Explored 1 nodes (163612 simplex iterations) in 64.82 seconds (39.82 work units)
Thread count was 1 (of 16 available processors)

Solution count 0

Node limit reached
Best objective -, best bound 4.636700000000e+04, gap -
Root Upper inf
Root Lower 46366.10112359551
Reset all parameters
Set parameter TimeLimit to value 1.2952545595169067e+02
Set parameter Threads to value 1
Gurobi Optimizer version 11.0.2 build v11.0.2rc0 (linux64 - "Debian GNU/Linux 10 (buster)")

CPU model: Intel(R) Xeon(R) CPU           X5570  @ 2.93GHz, instruction set [SSE2]
Thread count: 8 physical cores, 16 logical processors, using up to 1 threads

Optimize a model with 64126 rows, 8000 columns and 194021 nonzeros
Model fingerprint: 0x3af3ff8a
Variable types: 0 continuous, 8000 integer (8000 binary)
Coefficient statistics:
  Matrix range     [1e+00, 4e+02]
  Objective range  [1e+00, 4e+02]
  Bounds range     [1e+00, 1e+00]
  RHS range        [1e+00, 7e+03]
Presolved: 64126 rows, 3420 columns, 194021 nonzeros

Continuing optimization...

     0     0 46366.1011    0   36          - 46366.1011      -     -  132s
H    0     0                    46477.000000 46366.1011  0.24%     -  133s
H    0     0                    46420.000000 46366.1011  0.12%     -  133s
     0     0 46366.1011    0   36 46420.0000 46366.1011  0.12%     -  134s
     0     2 46366.1018    0   36 46420.0000 46366.1018  0.12%     -  147s
     1     3 46368.0708    1  314 46420.0000 46366.1033  0.12%  2213  155s
     2     4 46377.2439    2   36 46420.0000 46366.1033  0.12%  4066  173s
     3     5 46383.7461    3   70 46420.0000 46366.1033  0.12%  3294  178s
     4     4     cutoff    3      46420.0000 46366.1033  0.12%  2975  185s
     5     5 46393.6667    4  102 46420.0000 46366.1033  0.12%  2813  191s

Explored 6 nodes (341308 simplex iterations) in 129.53 seconds (80.94 work units)
Thread count was 1 (of 16 available processors)

Solution count 2: 46420 46477 

Time limit reached
Best objective 4.642000000000e+04, best bound 4.636700000000e+04, gap 0.1142%
Time Limit reached


Total running time: 3470.060840845108
STAH, Instance, #departments, #ND-Points, t-MIP
STAH, AC_20_50_20_AC_20_50_20_1, 20, 10, 3470.060840845108
      OBJ1     OBJ2  ...  BNB_Nodes_MIP  Total_Time_MIP[s]
0  46133.0  65162.0  ...            1.0         233.875580
1  46150.0  63744.0  ...            5.0         244.065297
2  46206.0  63224.0  ...           37.0         352.994399
3  46251.0  62933.0  ...           27.0         347.974714
4  46254.0  62854.0  ...            7.0         267.541901
5  46271.0  62779.0  ...            1.0         274.102288
6  46307.0  62413.0  ...           39.0         381.517089
7  46319.0  62409.0  ...            9.0         258.552666
8  46355.0  62043.0  ...           47.0         411.222361
9  46372.0  61968.0  ...           29.0         373.751948

[10 rows x 6 columns]
./output/AC_20_50_20_AC_20_50_20_1.pdf
Plotting is done
