Requirement already satisfied: contourpy==1.2.1 in ./.venv/lib/python3.9/site-packages (from -r constraints.txt (line 3)) (1.2.1)
Requirement already satisfied: cycler==0.12.1 in ./.venv/lib/python3.9/site-packages (from -r constraints.txt (line 4)) (0.12.1)
Requirement already satisfied: fonttools==4.53.0 in ./.venv/lib/python3.9/site-packages (from -r constraints.txt (line 5)) (4.53.0)
Requirement already satisfied: gurobipy==11.0.2 in ./.venv/lib/python3.9/site-packages (from -r constraints.txt (line 6)) (11.0.2)
Requirement already satisfied: kiwisolver==1.4.5 in ./.venv/lib/python3.9/site-packages (from -r constraints.txt (line 7)) (1.4.5)
Requirement already satisfied: matplotlib==3.9.1 in ./.venv/lib/python3.9/site-packages (from -r constraints.txt (line 8)) (3.9.1)
Requirement already satisfied: numpy==1.26.4 in ./.venv/lib/python3.9/site-packages (from -r constraints.txt (line 9)) (1.26.4)
Requirement already satisfied: packaging==24.1 in ./.venv/lib/python3.9/site-packages (from -r constraints.txt (line 10)) (24.1)
Requirement already satisfied: pandas==2.2.2 in ./.venv/lib/python3.9/site-packages (from -r constraints.txt (line 11)) (2.2.2)
Requirement already satisfied: pillow==10.4.0 in ./.venv/lib/python3.9/site-packages (from -r constraints.txt (line 12)) (10.4.0)
Requirement already satisfied: pyparsing==3.1.2 in ./.venv/lib/python3.9/site-packages (from -r constraints.txt (line 13)) (3.1.2)
Requirement already satisfied: python-dateutil==2.9.0.post0 in ./.venv/lib/python3.9/site-packages (from -r constraints.txt (line 14)) (2.9.0.post0)
Requirement already satisfied: pytz==2024.1 in ./.venv/lib/python3.9/site-packages (from -r constraints.txt (line 15)) (2024.1)
Requirement already satisfied: scipy==1.13.0 in ./.venv/lib/python3.9/site-packages (from -r constraints.txt (line 16)) (1.13.0)
Requirement already satisfied: six==1.16.0 in ./.venv/lib/python3.9/site-packages (from -r constraints.txt (line 17)) (1.16.0)
Requirement already satisfied: tzdata==2024.1 in ./.venv/lib/python3.9/site-packages (from -r constraints.txt (line 18)) (2024.1)
Requirement already satisfied: importlib-resources>=3.2.0 in ./.venv/lib/python3.9/site-packages (from matplotlib==3.9.1->-r constraints.txt (line 8)) (6.4.0)
Requirement already satisfied: zipp>=3.1.0 in ./.venv/lib/python3.9/site-packages (from importlib-resources>=3.2.0->matplotlib==3.9.1->-r constraints.txt (line 8)) (3.19.2)
WARNING: Error parsing dependencies of pip: [Errno 2] No such file or directory: '/home/k2g00/k2g4470/.venv/lib/python3.9/site-packages/pip-24.0.dist-info/METADATA'
srun python3 ./AmaralModelMain.py -i AC_4_70_5 -j AC_4_70_5_1 -t 3600
Input file 1 is:  instance/AC_4_70_5
Input file 2 is:  instance/AC_4_70_5_1


Set parameter TokenServer to value "relise"
Set parameter NodeLimit to value 0
Set parameter TimeLimit to value 3.5978835890293121e+03
Set parameter Threads to value 1
Gurobi Optimizer version 11.0.2 build v11.0.2rc0 (linux64 - "Debian GNU/Linux 10 (buster)")

CPU model: Intel(R) Xeon(R) CPU           X5570  @ 2.93GHz, instruction set [SSE2]
Thread count: 8 physical cores, 16 logical processors, using up to 1 threads

Optimize a model with 18 rows, 64 columns and 59 nonzeros
Model fingerprint: 0xd9dc3ee9
Variable types: 0 continuous, 64 integer (64 binary)
Coefficient statistics:
  Matrix range     [1e+00, 1e+01]
  Objective range  [3e+00, 2e+01]
  Bounds range     [1e+00, 1e+00]
  RHS range        [1e+00, 2e+00]
Found heuristic solution: objective 48.0000000
Presolve removed 18 rows and 64 columns
Presolve time: 0.00s
Presolve: All rows and columns removed

Explored 0 nodes (0 simplex iterations) in 0.00 seconds (0.00 work units)
Thread count was 1 (of 16 available processors)

Solution count 2: 38 48 

Optimal solution found (tolerance 1.00e-04)
Best objective 3.800000000000e+01, best bound 3.800000000000e+01, gap 0.0000%
Root Upper 38.0
Root Lower 38.0
Reset all parameters
Set parameter TimeLimit to value 3.5957491917610168e+03
Set parameter Threads to value 1
Gurobi Optimizer version 11.0.2 build v11.0.2rc0 (linux64 - "Debian GNU/Linux 10 (buster)")

CPU model: Intel(R) Xeon(R) CPU           X5570  @ 2.93GHz, instruction set [SSE2]
Thread count: 8 physical cores, 16 logical processors, using up to 1 threads

Optimize a model with 18 rows, 64 columns and 59 nonzeros
Model fingerprint: 0xd9dc3ee9
Variable types: 0 continuous, 64 integer (64 binary)
Coefficient statistics:
  Matrix range     [1e+00, 1e+01]
  Objective range  [3e+00, 2e+01]
  Bounds range     [1e+00, 1e+00]
  RHS range        [1e+00, 2e+00]


Presolve removed 18 rows and 64 columns
Presolve time: 0.00s
Presolve: All rows and columns removed

Explored 0 nodes (0 simplex iterations) in 0.00 seconds (0.00 work units)
Thread count was 1 (of 16 available processors)

Solution count 2: 38 48 

Optimal solution found (tolerance 1.00e-04)
Best objective 3.800000000000e+01, best bound 3.800000000000e+01, gap 0.0000%
flow1:  38.0
flow2:  58.5
Root Upper Bound: 38.0
Root lower Bound: 38.0
ND-Point: 1

-----------------------------------------
Set parameter NodeLimit to value 0
Set parameter TimeLimit to value 3.5978207318782806e+03
Set parameter Threads to value 1
Gurobi Optimizer version 11.0.2 build v11.0.2rc0 (linux64 - "Debian GNU/Linux 10 (buster)")

CPU model: Intel(R) Xeon(R) CPU           X5570  @ 2.93GHz, instruction set [SSE2]
Thread count: 8 physical cores, 16 logical processors, using up to 1 threads

Optimize a model with 18 rows, 64 columns and 59 nonzeros
Model fingerprint: 0x3e0076de
Variable types: 0 continuous, 64 integer (64 binary)
Coefficient statistics:
  Matrix range     [1e+00, 1e+01]
  Objective range  [3e+00, 2e+01]
  Bounds range     [1e+00, 1e+00]
  RHS range        [1e+00, 8e+00]
Found heuristic solution: objective 40.0000000
Presolve removed 18 rows and 64 columns
Presolve time: 0.00s
Presolve: All rows and columns removed

Explored 0 nodes (0 simplex iterations) in 0.00 seconds (0.00 work units)
Thread count was 1 (of 16 available processors)

Solution count 1: 40 

Optimal solution found (tolerance 1.00e-04)
Best objective 4.000000000000e+01, best bound 4.000000000000e+01, gap 0.0000%
Root Upper 40.0
Root Lower 40.0
Reset all parameters
Set parameter TimeLimit to value 3.5977757337093353e+03
Set parameter Threads to value 1
Gurobi Optimizer version 11.0.2 build v11.0.2rc0 (linux64 - "Debian GNU/Linux 10 (buster)")

CPU model: Intel(R) Xeon(R) CPU           X5570  @ 2.93GHz, instruction set [SSE2]
Thread count: 8 physical cores, 16 logical processors, using up to 1 threads

Optimize a model with 18 rows, 64 columns and 59 nonzeros
Model fingerprint: 0x3e0076de
Variable types: 0 continuous, 64 integer (64 binary)
Coefficient statistics:
  Matrix range     [1e+00, 1e+01]
  Objective range  [3e+00, 2e+01]
  Bounds range     [1e+00, 1e+00]
  RHS range        [1e+00, 8e+00]

Loaded MIP start from previous solve with objective 40

Presolve removed 18 rows and 64 columns
Presolve time: 0.00s
Presolve: All rows and columns removed

Explored 0 nodes (0 simplex iterations) in 0.00 seconds (0.00 work units)
Thread count was 1 (of 16 available processors)

Solution count 2: 40 40 

Optimal solution found (tolerance 1.00e-04)
Best objective 4.000000000000e+01, best bound 4.000000000000e+01, gap 0.0000%
flow1:  40.0
flow2:  46.5
Root Upper Bound: 40.0
Root lower Bound: 40.0
ND-Point: 2

-----------------------------------------
Set parameter NodeLimit to value 0
Set parameter TimeLimit to value 3.5977743287086487e+03
Set parameter Threads to value 1
Gurobi Optimizer version 11.0.2 build v11.0.2rc0 (linux64 - "Debian GNU/Linux 10 (buster)")

CPU model: Intel(R) Xeon(R) CPU           X5570  @ 2.93GHz, instruction set [SSE2]
Thread count: 8 physical cores, 16 logical processors, using up to 1 threads

Optimize a model with 18 rows, 64 columns and 59 nonzeros
Model fingerprint: 0x81eb2b84
Variable types: 0 continuous, 64 integer (64 binary)
Coefficient statistics:
  Matrix range     [1e+00, 1e+01]
  Objective range  [3e+00, 2e+01]
  Bounds range     [1e+00, 1e+00]
  RHS range        [1e+00, 2e+01]
Presolve removed 2 rows and 61 columns
Presolve time: 0.00s

Explored 0 nodes (0 simplex iterations) in 0.00 seconds (0.00 work units)
Thread count was 1 (of 16 available processors)

Solution count 0

Model is infeasible
Best objective -, best bound -, gap -
No solution found


Total running time: 2.226869583129883
STAH, Instance, #departments, #ND-Points, t-MIP
STAH, AC_4_70_5_AC_4_70_5_1, 4, 2, 2.226869583129883
   OBJ1  OBJ2  Rootgap_MIP%  Rootgap_OPT_MIP%  BNB_Nodes_MIP  Total_Time_MIP[s]
0  38.0  58.5           0.0               0.0            0.0           2.135951
1  40.0  46.5           0.0               0.0            0.0           0.046542
./output/AC_4_70_5_AC_4_70_5_1.pdf
Plotting is done
