Requirement already satisfied: contourpy==1.2.1 in ./.venv/lib/python3.9/site-packages (from -r constraints.txt (line 3)) (1.2.1)
Requirement already satisfied: cycler==0.12.1 in ./.venv/lib/python3.9/site-packages (from -r constraints.txt (line 4)) (0.12.1)
Requirement already satisfied: fonttools==4.53.0 in ./.venv/lib/python3.9/site-packages (from -r constraints.txt (line 5)) (4.53.0)
Requirement already satisfied: gurobipy==11.0.2 in ./.venv/lib/python3.9/site-packages (from -r constraints.txt (line 6)) (11.0.2)
Requirement already satisfied: kiwisolver==1.4.5 in ./.venv/lib/python3.9/site-packages (from -r constraints.txt (line 7)) (1.4.5)
Requirement already satisfied: matplotlib==3.9.1 in ./.venv/lib/python3.9/site-packages (from -r constraints.txt (line 8)) (3.9.1)
Requirement already satisfied: numpy==1.26.4 in ./.venv/lib/python3.9/site-packages (from -r constraints.txt (line 9)) (1.26.4)
Requirement already satisfied: packaging==24.1 in ./.venv/lib/python3.9/site-packages (from -r constraints.txt (line 10)) (24.1)
Requirement already satisfied: pandas==2.2.2 in ./.venv/lib/python3.9/site-packages (from -r constraints.txt (line 11)) (2.2.2)
Requirement already satisfied: pillow==10.4.0 in ./.venv/lib/python3.9/site-packages (from -r constraints.txt (line 12)) (10.4.0)
Requirement already satisfied: pyparsing==3.1.2 in ./.venv/lib/python3.9/site-packages (from -r constraints.txt (line 13)) (3.1.2)
Requirement already satisfied: python-dateutil==2.9.0.post0 in ./.venv/lib/python3.9/site-packages (from -r constraints.txt (line 14)) (2.9.0.post0)
Requirement already satisfied: pytz==2024.1 in ./.venv/lib/python3.9/site-packages (from -r constraints.txt (line 15)) (2024.1)
Requirement already satisfied: scipy==1.13.0 in ./.venv/lib/python3.9/site-packages (from -r constraints.txt (line 16)) (1.13.0)
Requirement already satisfied: six==1.16.0 in ./.venv/lib/python3.9/site-packages (from -r constraints.txt (line 17)) (1.16.0)
Requirement already satisfied: tzdata==2024.1 in ./.venv/lib/python3.9/site-packages (from -r constraints.txt (line 18)) (2024.1)
Requirement already satisfied: importlib-resources>=3.2.0 in ./.venv/lib/python3.9/site-packages (from matplotlib==3.9.1->-r constraints.txt (line 8)) (6.4.0)
Requirement already satisfied: zipp>=3.1.0 in ./.venv/lib/python3.9/site-packages (from importlib-resources>=3.2.0->matplotlib==3.9.1->-r constraints.txt (line 8)) (3.19.2)
WARNING: Error parsing dependencies of pip: [Errno 2] No such file or directory: '/home/k2g00/k2g4470/.venv/lib/python3.9/site-packages/pip-24.0.dist-info/METADATA'
srun python3 ./AmaralModelMain.py -i S8 -j S8H -t 3600
Input file 1 is:  instance/S8
Input file 2 is:  instance/S8H


Set parameter TokenServer to value "relise"
Warning for adding constraints: zero or small (< 1e-13) coefficients, ignored
Set parameter NodeLimit to value 0
Set parameter TimeLimit to value 3.5971422941684723e+03
Set parameter Threads to value 1
Gurobi Optimizer version 11.0.2 build v11.0.2rc0 (linux64 - "Debian GNU/Linux 10 (buster)")

CPU model: Intel(R) Xeon(R) CPU           X5570  @ 2.93GHz, instruction set [SSE2]
Thread count: 8 physical cores, 16 logical processors, using up to 1 threads

Optimize a model with 967 rows, 512 columns and 3009 nonzeros
Model fingerprint: 0xdee99ea3
Variable types: 0 continuous, 512 integer (512 binary)
Coefficient statistics:
  Matrix range     [1e+00, 4e+01]
  Objective range  [1e+00, 4e+01]
  Bounds range     [1e+00, 1e+00]
  RHS range        [1e+00, 2e+00]
Found heuristic solution: objective 1001.0000000
Presolve removed 0 rows and 344 columns
Presolve time: 0.00s
Presolved: 967 rows, 168 columns, 3009 nonzeros
Variable types: 0 continuous, 168 integer (168 binary)

Root relaxation: objective 8.010000e+02, 156 iterations, 0.01 seconds (0.00 work units)

    Nodes    |    Current Node    |     Objective Bounds      |     Work
 Expl Unexpl |  Obj  Depth IntInf | Incumbent    BestBd   Gap | It/Node Time

     0     0          -    0      1001.00000  801.00000  20.0%     -    0s

Explored 1 nodes (156 simplex iterations) in 0.01 seconds (0.01 work units)
Thread count was 1 (of 16 available processors)

Solution count 1: 1001 

Node limit reached
Best objective 1.001000000000e+03, best bound 8.010000000000e+02, gap 19.9800%
Root Upper 1001.0
Root Lower 801.0
Reset all parameters
Set parameter TimeLimit to value 3.5942509145736694e+03
Set parameter Threads to value 1
Gurobi Optimizer version 11.0.2 build v11.0.2rc0 (linux64 - "Debian GNU/Linux 10 (buster)")

CPU model: Intel(R) Xeon(R) CPU           X5570  @ 2.93GHz, instruction set [SSE2]
Thread count: 8 physical cores, 16 logical processors, using up to 1 threads

Optimize a model with 967 rows, 512 columns and 3009 nonzeros
Model fingerprint: 0xdee99ea3
Variable types: 0 continuous, 512 integer (512 binary)
Coefficient statistics:
  Matrix range     [1e+00, 4e+01]
  Objective range  [1e+00, 4e+01]
  Bounds range     [1e+00, 1e+00]
  RHS range        [1e+00, 2e+00]
Presolved: 967 rows, 168 columns, 3009 nonzeros

Continuing optimization...

*    0     0               0     801.0000000  801.00000  0.00%     -    0s

Explored 1 nodes (312 simplex iterations) in 0.01 seconds (0.00 work units)
Thread count was 1 (of 16 available processors)

Solution count 2: 801 1001 

Optimal solution found (tolerance 1.00e-04)
Best objective 8.010000000000e+02, best bound 8.010000000000e+02, gap 0.0000%
flow1:  801.0
flow2:  2060.5
Root Upper Bound: 1001.0
Root lower Bound: 801.0
ND-Point: 1

-----------------------------------------
Warning for adding constraints: zero or small (< 1e-13) coefficients, ignored
Set parameter NodeLimit to value 0
Set parameter TimeLimit to value 3.5951313240528107e+03
Set parameter Threads to value 1
Gurobi Optimizer version 11.0.2 build v11.0.2rc0 (linux64 - "Debian GNU/Linux 10 (buster)")

CPU model: Intel(R) Xeon(R) CPU           X5570  @ 2.93GHz, instruction set [SSE2]
Thread count: 8 physical cores, 16 logical processors, using up to 1 threads

Optimize a model with 967 rows, 512 columns and 3009 nonzeros
Model fingerprint: 0x8c980ecb
Variable types: 0 continuous, 512 integer (512 binary)
Coefficient statistics:
  Matrix range     [1e+00, 4e+01]
  Objective range  [1e+00, 4e+01]
  Bounds range     [1e+00, 1e+00]
  RHS range        [1e+00, 3e+02]
Found heuristic solution: objective 1115.0000000
Presolve removed 0 rows and 344 columns
Presolve time: 0.00s
Presolved: 967 rows, 168 columns, 3009 nonzeros
Variable types: 0 continuous, 168 integer (168 binary)

Root relaxation: objective 8.010336e+02, 165 iterations, 0.01 seconds (0.00 work units)

    Nodes    |    Current Node    |     Objective Bounds      |     Work
 Expl Unexpl |  Obj  Depth IntInf | Incumbent    BestBd   Gap | It/Node Time

     0     0  801.03361    0   30 1115.00000  801.03361  28.2%     -    0s

Explored 1 nodes (167 simplex iterations) in 0.02 seconds (0.01 work units)
Thread count was 1 (of 16 available processors)

Solution count 1: 1115 

Node limit reached
Best objective 1.115000000000e+03, best bound 8.020000000000e+02, gap 28.0717%
Root Upper 1115.0
Root Lower 801.0336134453783
Reset all parameters
Set parameter TimeLimit to value 3.5931432397365570e+03
Set parameter Threads to value 1
Gurobi Optimizer version 11.0.2 build v11.0.2rc0 (linux64 - "Debian GNU/Linux 10 (buster)")

CPU model: Intel(R) Xeon(R) CPU           X5570  @ 2.93GHz, instruction set [SSE2]
Thread count: 8 physical cores, 16 logical processors, using up to 1 threads

Optimize a model with 967 rows, 512 columns and 3009 nonzeros
Model fingerprint: 0x8c980ecb
Variable types: 0 continuous, 512 integer (512 binary)
Coefficient statistics:
  Matrix range     [1e+00, 4e+01]
  Objective range  [1e+00, 4e+01]
  Bounds range     [1e+00, 1e+00]
  RHS range        [1e+00, 3e+02]
Presolved: 967 rows, 168 columns, 3009 nonzeros

Continuing optimization...

     0     0  801.03361    0   30 1115.00000  801.03361  28.2%     -    0s
H    0     0                     821.0000000  801.03361  2.43%     -    0s
H    0     0                     809.0000000  801.03361  0.98%     -    0s
H    0     0                     805.0000000  801.03361  0.49%     -    0s
     0     0  801.03361    0   30  805.00000  801.03361  0.49%     -    0s

Explored 1 nodes (334 simplex iterations) in 0.03 seconds (0.01 work units)
Thread count was 1 (of 16 available processors)

Solution count 4: 805 809 821 1115 

Optimal solution found (tolerance 1.00e-04)
Best objective 8.050000000000e+02, best bound 8.050000000000e+02, gap 0.0000%
flow1:  805.0
flow2:  1941.5
Root Upper Bound: 1115.0
Root lower Bound: 801.0336134453783
ND-Point: 2

-----------------------------------------
Warning for adding constraints: zero or small (< 1e-13) coefficients, ignored
Set parameter NodeLimit to value 0
Set parameter TimeLimit to value 3.5931865699291229e+03
Set parameter Threads to value 1
Gurobi Optimizer version 11.0.2 build v11.0.2rc0 (linux64 - "Debian GNU/Linux 10 (buster)")

CPU model: Intel(R) Xeon(R) CPU           X5570  @ 2.93GHz, instruction set [SSE2]
Thread count: 8 physical cores, 16 logical processors, using up to 1 threads

Optimize a model with 967 rows, 512 columns and 3009 nonzeros
Model fingerprint: 0x4b9adf25
Variable types: 0 continuous, 512 integer (512 binary)
Coefficient statistics:
  Matrix range     [1e+00, 4e+01]
  Objective range  [1e+00, 4e+01]
  Bounds range     [1e+00, 1e+00]
  RHS range        [1e+00, 5e+02]
Presolve removed 0 rows and 344 columns
Presolve time: 0.00s
Presolved: 967 rows, 168 columns, 3009 nonzeros
Variable types: 0 continuous, 168 integer (168 binary)
Found heuristic solution: objective 1028.0000000

Root relaxation: objective 8.055000e+02, 232 iterations, 0.01 seconds (0.01 work units)

    Nodes    |    Current Node    |     Objective Bounds      |     Work
 Expl Unexpl |  Obj  Depth IntInf | Incumbent    BestBd   Gap | It/Node Time

     0     0  805.50000    0   12 1028.00000  805.50000  21.6%     -    0s

Explored 1 nodes (233 simplex iterations) in 0.02 seconds (0.01 work units)
Thread count was 1 (of 16 available processors)

Solution count 1: 1028 

Node limit reached
Best objective 1.028000000000e+03, best bound 8.060000000000e+02, gap 21.5953%
Root Upper 1028.0
Root Lower 805.5
Reset all parameters
Set parameter TimeLimit to value 3.5912449939250946e+03
Set parameter Threads to value 1
Gurobi Optimizer version 11.0.2 build v11.0.2rc0 (linux64 - "Debian GNU/Linux 10 (buster)")

CPU model: Intel(R) Xeon(R) CPU           X5570  @ 2.93GHz, instruction set [SSE2]
Thread count: 8 physical cores, 16 logical processors, using up to 1 threads

Optimize a model with 967 rows, 512 columns and 3009 nonzeros
Model fingerprint: 0x4b9adf25
Variable types: 0 continuous, 512 integer (512 binary)
Coefficient statistics:
  Matrix range     [1e+00, 4e+01]
  Objective range  [1e+00, 4e+01]
  Bounds range     [1e+00, 1e+00]
  RHS range        [1e+00, 5e+02]
Presolved: 967 rows, 168 columns, 3009 nonzeros

Continuing optimization...

     0     0  805.50000    0   12 1028.00000  805.50000  21.6%     -    0s
H    0     0                     825.0000000  805.50000  2.36%     -    0s
     0     0  805.50000    0   12  825.00000  805.50000  2.36%     -    0s
     0     0  805.50000    0    9  825.00000  805.50000  2.36%     -    0s
H    0     0                     813.0000000  805.50000  0.92%     -    0s
     0     0  808.11111    0   17  813.00000  808.11111  0.60%     -    0s
     0     0  808.80000    0   17  813.00000  808.80000  0.52%     -    0s
     0     0     cutoff    0       813.00000  813.00000  0.00%     -    0s

Cutting planes:
  Gomory: 2
  MIR: 1
  Zero half: 1

Explored 1 nodes (579 simplex iterations) in 0.04 seconds (0.02 work units)
Thread count was 1 (of 16 available processors)

Solution count 4: 813 825 905 1028 

Optimal solution found (tolerance 1.00e-04)
Best objective 8.130000000000e+02, best bound 8.130000000000e+02, gap 0.0000%
flow1:  813.0
flow2:  1925.5
Root Upper Bound: 1028.0
Root lower Bound: 805.5
ND-Point: 3

-----------------------------------------
Warning for adding constraints: zero or small (< 1e-13) coefficients, ignored
Set parameter NodeLimit to value 0
Set parameter TimeLimit to value 3.5912397418022156e+03
Set parameter Threads to value 1
Gurobi Optimizer version 11.0.2 build v11.0.2rc0 (linux64 - "Debian GNU/Linux 10 (buster)")

CPU model: Intel(R) Xeon(R) CPU           X5570  @ 2.93GHz, instruction set [SSE2]
Thread count: 8 physical cores, 16 logical processors, using up to 1 threads

Optimize a model with 967 rows, 512 columns and 3009 nonzeros
Model fingerprint: 0xd9afd30e
Variable types: 0 continuous, 512 integer (512 binary)
Coefficient statistics:
  Matrix range     [1e+00, 4e+01]
  Objective range  [1e+00, 4e+01]
  Bounds range     [1e+00, 1e+00]
  RHS range        [1e+00, 5e+02]
Presolve removed 0 rows and 344 columns
Presolve time: 0.00s
Presolved: 967 rows, 168 columns, 3009 nonzeros
Variable types: 0 continuous, 168 integer (168 binary)
Found heuristic solution: objective 1028.0000000

Root relaxation: objective 8.136000e+02, 245 iterations, 0.01 seconds (0.01 work units)

    Nodes    |    Current Node    |     Objective Bounds      |     Work
 Expl Unexpl |  Obj  Depth IntInf | Incumbent    BestBd   Gap | It/Node Time

     0     0  813.60000    0   30 1028.00000  813.60000  20.9%     -    0s

Explored 1 nodes (246 simplex iterations) in 0.02 seconds (0.02 work units)
Thread count was 1 (of 16 available processors)

Solution count 1: 1028 

Node limit reached
Best objective 1.028000000000e+03, best bound 8.140000000000e+02, gap 20.8171%
Root Upper 1028.0
Root Lower 813.6
Reset all parameters
Set parameter TimeLimit to value 3.5893354873657227e+03
Set parameter Threads to value 1
Gurobi Optimizer version 11.0.2 build v11.0.2rc0 (linux64 - "Debian GNU/Linux 10 (buster)")

CPU model: Intel(R) Xeon(R) CPU           X5570  @ 2.93GHz, instruction set [SSE2]
Thread count: 8 physical cores, 16 logical processors, using up to 1 threads

Optimize a model with 967 rows, 512 columns and 3009 nonzeros
Model fingerprint: 0xd9afd30e
Variable types: 0 continuous, 512 integer (512 binary)
Coefficient statistics:
  Matrix range     [1e+00, 4e+01]
  Objective range  [1e+00, 4e+01]
  Bounds range     [1e+00, 1e+00]
  RHS range        [1e+00, 5e+02]
Presolved: 967 rows, 168 columns, 3009 nonzeros

Continuing optimization...

     0     0  813.60000    0   30 1028.00000  813.60000  20.9%     -    0s
H    0     0                     825.0000000  813.60000  1.38%     -    0s
     0     0  813.60000    0   30  825.00000  813.60000  1.38%     -    0s
     0     0  813.60000    0   14  825.00000  813.60000  1.38%     -    0s
     0     0  818.34598    0   31  825.00000  818.34598  0.81%     -    0s
     0     0  818.86911    0   23  825.00000  818.86911  0.74%     -    0s
     0     0  818.95000    0   31  825.00000  818.95000  0.73%     -    0s
     0     0  821.11114    0   30  825.00000  821.11114  0.47%     -    0s
     0     0  821.11114    0    3  825.00000  821.11114  0.47%     -    0s
     0     0     cutoff    0       825.00000  825.00000  0.00%     -    0s

Cutting planes:
  Gomory: 2
  RLT: 1

Explored 1 nodes (586 simplex iterations) in 0.06 seconds (0.03 work units)
Thread count was 1 (of 16 available processors)

Solution count 4: 825 834 858 1028 

Optimal solution found (tolerance 1.00e-04)
Best objective 8.250000000000e+02, best bound 8.250000000000e+02, gap 0.0000%
flow1:  825.0
flow2:  1917.5
Root Upper Bound: 1028.0
Root lower Bound: 813.6
ND-Point: 4

-----------------------------------------
Warning for adding constraints: zero or small (< 1e-13) coefficients, ignored
Set parameter NodeLimit to value 0
Set parameter TimeLimit to value 3.5892621846199036e+03
Set parameter Threads to value 1
Gurobi Optimizer version 11.0.2 build v11.0.2rc0 (linux64 - "Debian GNU/Linux 10 (buster)")

CPU model: Intel(R) Xeon(R) CPU           X5570  @ 2.93GHz, instruction set [SSE2]
Thread count: 8 physical cores, 16 logical processors, using up to 1 threads

Optimize a model with 967 rows, 512 columns and 3009 nonzeros
Model fingerprint: 0x68d67d68
Variable types: 0 continuous, 512 integer (512 binary)
Coefficient statistics:
  Matrix range     [1e+00, 4e+01]
  Objective range  [1e+00, 4e+01]
  Bounds range     [1e+00, 1e+00]
  RHS range        [1e+00, 5e+02]
Presolve removed 0 rows and 344 columns
Presolve time: 0.00s
Presolved: 967 rows, 168 columns, 3009 nonzeros
Variable types: 0 continuous, 168 integer (168 binary)
Found heuristic solution: objective 1028.0000000

Root relaxation: objective 8.184000e+02, 232 iterations, 0.01 seconds (0.01 work units)

    Nodes    |    Current Node    |     Objective Bounds      |     Work
 Expl Unexpl |  Obj  Depth IntInf | Incumbent    BestBd   Gap | It/Node Time

     0     0  818.40000    0   30 1028.00000  818.40000  20.4%     -    0s

Explored 1 nodes (234 simplex iterations) in 0.02 seconds (0.01 work units)
Thread count was 1 (of 16 available processors)

Solution count 1: 1028 

Node limit reached
Best objective 1.028000000000e+03, best bound 8.190000000000e+02, gap 20.3307%
Root Upper 1028.0
Root Lower 818.3999999999999
Reset all parameters
Set parameter TimeLimit to value 3.5873513865470886e+03
Set parameter Threads to value 1
Gurobi Optimizer version 11.0.2 build v11.0.2rc0 (linux64 - "Debian GNU/Linux 10 (buster)")

CPU model: Intel(R) Xeon(R) CPU           X5570  @ 2.93GHz, instruction set [SSE2]
Thread count: 8 physical cores, 16 logical processors, using up to 1 threads

Optimize a model with 967 rows, 512 columns and 3009 nonzeros
Model fingerprint: 0x68d67d68
Variable types: 0 continuous, 512 integer (512 binary)
Coefficient statistics:
  Matrix range     [1e+00, 4e+01]
  Objective range  [1e+00, 4e+01]
  Bounds range     [1e+00, 1e+00]
  RHS range        [1e+00, 5e+02]
Presolved: 967 rows, 168 columns, 3009 nonzeros

Continuing optimization...

     0     0  818.40000    0   30 1028.00000  818.40000  20.4%     -    0s
H    0     0                     994.0000000  818.40000  17.7%     -    0s
     0     0  818.40000    0   30  994.00000  818.40000  17.7%     -    0s
H    0     0                     834.0000000  818.40000  1.87%     -    0s
     0     0  818.40000    0   18  834.00000  818.40000  1.87%     -    0s
     0     0  822.52343    0   16  834.00000  822.52343  1.38%     -    0s
     0     0  823.36858    0   36  834.00000  823.36858  1.27%     -    0s
H    0     0                     828.0000000  823.36858  0.56%     -    0s
     0     0  824.65798    0   36  828.00000  824.65798  0.40%     -    0s

Cutting planes:
  Gomory: 2
  Zero half: 1

Explored 1 nodes (591 simplex iterations) in 0.11 seconds (0.05 work units)
Thread count was 1 (of 16 available processors)

Solution count 5: 828 834 878 ... 1028

Optimal solution found (tolerance 1.00e-04)
Best objective 8.280000000000e+02, best bound 8.280000000000e+02, gap 0.0000%
flow1:  828.0
flow2:  1913.5
Root Upper Bound: 1028.0
Root lower Bound: 818.3999999999999
ND-Point: 5

-----------------------------------------
Warning for adding constraints: zero or small (< 1e-13) coefficients, ignored
Set parameter NodeLimit to value 0
Set parameter TimeLimit to value 3.5872532477378845e+03
Set parameter Threads to value 1
Gurobi Optimizer version 11.0.2 build v11.0.2rc0 (linux64 - "Debian GNU/Linux 10 (buster)")

CPU model: Intel(R) Xeon(R) CPU           X5570  @ 2.93GHz, instruction set [SSE2]
Thread count: 8 physical cores, 16 logical processors, using up to 1 threads

Optimize a model with 967 rows, 512 columns and 3009 nonzeros
Model fingerprint: 0x932644d3
Variable types: 0 continuous, 512 integer (512 binary)
Coefficient statistics:
  Matrix range     [1e+00, 4e+01]
  Objective range  [1e+00, 4e+01]
  Bounds range     [1e+00, 1e+00]
  RHS range        [1e+00, 5e+02]
Presolve removed 0 rows and 344 columns
Presolve time: 0.00s
Presolved: 967 rows, 168 columns, 3009 nonzeros
Variable types: 0 continuous, 168 integer (168 binary)
Found heuristic solution: objective 1028.0000000

Root relaxation: objective 8.208000e+02, 237 iterations, 0.01 seconds (0.01 work units)

    Nodes    |    Current Node    |     Objective Bounds      |     Work
 Expl Unexpl |  Obj  Depth IntInf | Incumbent    BestBd   Gap | It/Node Time

     0     0  820.80000    0   30 1028.00000  820.80000  20.2%     -    0s

Explored 1 nodes (239 simplex iterations) in 0.02 seconds (0.01 work units)
Thread count was 1 (of 16 available processors)

Solution count 1: 1028 

Node limit reached
Best objective 1.028000000000e+03, best bound 8.210000000000e+02, gap 20.1362%
Root Upper 1028.0
Root Lower 820.8
Reset all parameters
Set parameter TimeLimit to value 3.5853550558090210e+03
Set parameter Threads to value 1
Gurobi Optimizer version 11.0.2 build v11.0.2rc0 (linux64 - "Debian GNU/Linux 10 (buster)")

CPU model: Intel(R) Xeon(R) CPU           X5570  @ 2.93GHz, instruction set [SSE2]
Thread count: 8 physical cores, 16 logical processors, using up to 1 threads

Optimize a model with 967 rows, 512 columns and 3009 nonzeros
Model fingerprint: 0x932644d3
Variable types: 0 continuous, 512 integer (512 binary)
Coefficient statistics:
  Matrix range     [1e+00, 4e+01]
  Objective range  [1e+00, 4e+01]
  Bounds range     [1e+00, 1e+00]
  RHS range        [1e+00, 5e+02]
Presolved: 967 rows, 168 columns, 3009 nonzeros

Continuing optimization...

     0     0  820.80000    0   30 1028.00000  820.80000  20.2%     -    0s
H    0     0                     947.0000000  820.80000  13.3%     -    0s
H    0     0                     850.0000000  820.80000  3.44%     -    0s
     0     0  820.80000    0   30  850.00000  820.80000  3.44%     -    0s
H    0     0                     834.0000000  820.80000  1.58%     -    0s
     0     0  820.80000    0   14  834.00000  820.80000  1.58%     -    0s
     0     0  824.56571    0   18  834.00000  824.56571  1.13%     -    0s
     0     0  826.80606    0   29  834.00000  826.80606  0.86%     -    0s
     0     0  826.80606    0    8  834.00000  826.80606  0.86%     -    0s
     0     0  827.96433    0   15  834.00000  827.96433  0.72%     -    0s
     0     0  827.98220    0   15  834.00000  827.98220  0.72%     -    0s
     0     0  828.31157    0   11  834.00000  828.31157  0.68%     -    0s
     0     0  828.61420    0   11  834.00000  828.61420  0.65%     -    0s
     0     0  828.61676    0   14  834.00000  828.61676  0.65%     -    0s
     0     0  828.80517    0   14  834.00000  828.80517  0.62%     -    0s
     0     0  828.99508    0   16  834.00000  828.99508  0.60%     -    0s
     0     0  829.22345    0   14  834.00000  829.22345  0.57%     -    0s
     0     0  829.27681    0   17  834.00000  829.27681  0.57%     -    0s
     0     0  829.42268    0   15  834.00000  829.42268  0.55%     -    0s
     0     0  829.43792    0   16  834.00000  829.43792  0.55%     -    0s
     0     0  829.87464    0   16  834.00000  829.87464  0.49%     -    0s
     0     0  829.96160    0   17  834.00000  829.96160  0.48%     -    0s
     0     0  829.97795    0   16  834.00000  829.97795  0.48%     -    0s
     0     0  830.31056    0   16  834.00000  830.31056  0.44%     -    0s
     0     0  830.32523    0   16  834.00000  830.32523  0.44%     -    0s
     0     0  830.40909    0   11  834.00000  830.40909  0.43%     -    0s
     0     0  830.50000    0   10  834.00000  830.50000  0.42%     -    0s
     0     0     cutoff    0       834.00000  834.00000  0.00%     -    0s

Cutting planes:
  Cover: 1
  MIR: 6
  StrongCG: 1

Explored 1 nodes (647 simplex iterations) in 0.10 seconds (0.05 work units)
Thread count was 1 (of 16 available processors)

Solution count 5: 834 850 861 ... 1028

Optimal solution found (tolerance 1.00e-04)
Best objective 8.340000000000e+02, best bound 8.340000000000e+02, gap 0.0000%
flow1:  834.0
flow2:  1890.5
Root Upper Bound: 1028.0
Root lower Bound: 820.8
ND-Point: 6

-----------------------------------------
Warning for adding constraints: zero or small (< 1e-13) coefficients, ignored
Set parameter NodeLimit to value 0
Set parameter TimeLimit to value 3585.23539018631
Set parameter Threads to value 1
Gurobi Optimizer version 11.0.2 build v11.0.2rc0 (linux64 - "Debian GNU/Linux 10 (buster)")

CPU model: Intel(R) Xeon(R) CPU           X5570  @ 2.93GHz, instruction set [SSE2]
Thread count: 8 physical cores, 16 logical processors, using up to 1 threads

Optimize a model with 967 rows, 512 columns and 3009 nonzeros
Model fingerprint: 0xdc80c43c
Variable types: 0 continuous, 512 integer (512 binary)
Coefficient statistics:
  Matrix range     [1e+00, 4e+01]
  Objective range  [1e+00, 4e+01]
  Bounds range     [1e+00, 1e+00]
  RHS range        [1e+00, 5e+02]
Presolve removed 0 rows and 344 columns
Presolve time: 0.00s
Presolved: 967 rows, 168 columns, 3009 nonzeros
Variable types: 0 continuous, 168 integer (168 binary)
Found heuristic solution: objective 1028.0000000

Root relaxation: objective 8.348041e+02, 267 iterations, 0.01 seconds (0.01 work units)

    Nodes    |    Current Node    |     Objective Bounds      |     Work
 Expl Unexpl |  Obj  Depth IntInf | Incumbent    BestBd   Gap | It/Node Time

     0     0  834.80412    0  110 1028.00000  834.80412  18.8%     -    0s

Explored 1 nodes (269 simplex iterations) in 0.03 seconds (0.02 work units)
Thread count was 1 (of 16 available processors)

Solution count 1: 1028 

Node limit reached
Best objective 1.028000000000e+03, best bound 8.350000000000e+02, gap 18.7743%
Root Upper 1028.0
Root Lower 834.8041237113403
Reset all parameters
Set parameter TimeLimit to value 3.5833327362537384e+03
Set parameter Threads to value 1
Gurobi Optimizer version 11.0.2 build v11.0.2rc0 (linux64 - "Debian GNU/Linux 10 (buster)")

CPU model: Intel(R) Xeon(R) CPU           X5570  @ 2.93GHz, instruction set [SSE2]
Thread count: 8 physical cores, 16 logical processors, using up to 1 threads

Optimize a model with 967 rows, 512 columns and 3009 nonzeros
Model fingerprint: 0xdc80c43c
Variable types: 0 continuous, 512 integer (512 binary)
Coefficient statistics:
  Matrix range     [1e+00, 4e+01]
  Objective range  [1e+00, 4e+01]
  Bounds range     [1e+00, 1e+00]
  RHS range        [1e+00, 5e+02]
Presolved: 967 rows, 168 columns, 3009 nonzeros

Continuing optimization...

     0     0  834.80412    0  110 1028.00000  834.80412  18.8%     -    0s
H    0     0                     854.0000000  834.80412  2.25%     -    0s
     0     0  834.80412    0  110  854.00000  834.80412  2.25%     -    0s
     0     0  834.80412    0   49  854.00000  834.80412  2.25%     -    0s
     0     0  838.58741    0   37  854.00000  838.58741  1.80%     -    0s
     0     0  840.18749    0   43  854.00000  840.18749  1.62%     -    0s
     0     0  840.25377    0   46  854.00000  840.25377  1.61%     -    0s
     0     0  840.26667    0   46  854.00000  840.26667  1.61%     -    0s
     0     0  841.77434    0   53  854.00000  841.77434  1.43%     -    0s
     0     0  841.83107    0   53  854.00000  841.83107  1.42%     -    0s
     0     0  841.96463    0   43  854.00000  841.96463  1.41%     -    0s
     0     0  841.99544    0   53  854.00000  841.99544  1.41%     -    0s
     0     0  842.29095    0   54  854.00000  842.29095  1.37%     -    0s
     0     0  842.43756    0   54  854.00000  842.43756  1.35%     -    0s
     0     0  842.50175    0   53  854.00000  842.50175  1.35%     -    0s
     0     0  842.58042    0   53  854.00000  842.58042  1.34%     -    0s
     0     0  842.58138    0   53  854.00000  842.58138  1.34%     -    0s
     0     0  842.58251    0   53  854.00000  842.58251  1.34%     -    0s
     0     0  842.58279    0   53  854.00000  842.58279  1.34%     -    0s
     0     0  842.65122    0   53  854.00000  842.65122  1.33%     -    0s
     0     0  842.92470    0   42  854.00000  842.92470  1.30%     -    0s
     0     0  842.92470    0   24  854.00000  842.92470  1.30%     -    0s
     0     0  842.92470    0   47  854.00000  842.92470  1.30%     -    0s
     0     0  843.06507    0   47  854.00000  843.06507  1.28%     -    0s
     0     0  843.08494    0   46  854.00000  843.08494  1.28%     -    0s
     0     0  843.09041    0   47  854.00000  843.09041  1.28%     -    0s
     0     0  843.09281    0   47  854.00000  843.09281  1.28%     -    0s
     0     0  843.09670    0   47  854.00000  843.09670  1.28%     -    0s
     0     0  844.42067    0   33  854.00000  844.42067  1.12%     -    0s
     0     0  845.65455    0   20  854.00000  845.65455  0.98%     -    0s
     0     0     cutoff    0       854.00000  854.00000  0.00%     -    0s

Cutting planes:
  Gomory: 2
  Mod-K: 1

Explored 1 nodes (944 simplex iterations) in 0.37 seconds (0.20 work units)
Thread count was 1 (of 16 available processors)

Solution count 2: 854 1028 

Optimal solution found (tolerance 1.00e-04)
Best objective 8.540000000000e+02, best bound 8.540000000000e+02, gap 0.0000%
flow1:  854.0
flow2:  1880.5
Root Upper Bound: 1028.0
Root lower Bound: 834.8041237113403
ND-Point: 7

-----------------------------------------
Warning for adding constraints: zero or small (< 1e-13) coefficients, ignored
Set parameter NodeLimit to value 0
Set parameter TimeLimit to value 3.5829747493267059e+03
Set parameter Threads to value 1
Gurobi Optimizer version 11.0.2 build v11.0.2rc0 (linux64 - "Debian GNU/Linux 10 (buster)")

CPU model: Intel(R) Xeon(R) CPU           X5570  @ 2.93GHz, instruction set [SSE2]
Thread count: 8 physical cores, 16 logical processors, using up to 1 threads

Optimize a model with 967 rows, 512 columns and 3009 nonzeros
Model fingerprint: 0x6b4d0dd9
Variable types: 0 continuous, 512 integer (512 binary)
Coefficient statistics:
  Matrix range     [1e+00, 4e+01]
  Objective range  [1e+00, 4e+01]
  Bounds range     [1e+00, 1e+00]
  RHS range        [1e+00, 5e+02]
Presolve removed 0 rows and 344 columns
Presolve time: 0.00s
Presolved: 967 rows, 168 columns, 3009 nonzeros
Variable types: 0 continuous, 168 integer (168 binary)
Found heuristic solution: objective 1028.0000000

Root relaxation: objective 8.428454e+02, 274 iterations, 0.01 seconds (0.01 work units)

    Nodes    |    Current Node    |     Objective Bounds      |     Work
 Expl Unexpl |  Obj  Depth IntInf | Incumbent    BestBd   Gap | It/Node Time

     0     0  842.84536    0  110 1028.00000  842.84536  18.0%     -    0s

Explored 1 nodes (276 simplex iterations) in 0.02 seconds (0.02 work units)
Thread count was 1 (of 16 available processors)

Solution count 1: 1028 

Node limit reached
Best objective 1.028000000000e+03, best bound 8.430000000000e+02, gap 17.9961%
Root Upper 1028.0
Root Lower 842.8453608247424
Reset all parameters
Set parameter TimeLimit to value 3581.0694231987
Set parameter Threads to value 1
Gurobi Optimizer version 11.0.2 build v11.0.2rc0 (linux64 - "Debian GNU/Linux 10 (buster)")

CPU model: Intel(R) Xeon(R) CPU           X5570  @ 2.93GHz, instruction set [SSE2]
Thread count: 8 physical cores, 16 logical processors, using up to 1 threads

Optimize a model with 967 rows, 512 columns and 3009 nonzeros
Model fingerprint: 0x6b4d0dd9
Variable types: 0 continuous, 512 integer (512 binary)
Coefficient statistics:
  Matrix range     [1e+00, 4e+01]
  Objective range  [1e+00, 4e+01]
  Bounds range     [1e+00, 1e+00]
  RHS range        [1e+00, 5e+02]
Presolved: 967 rows, 168 columns, 3009 nonzeros

Continuing optimization...

     0     0  842.84536    0  110 1028.00000  842.84536  18.0%     -    0s
H    0     0                    1015.0000000  842.84536  17.0%     -    0s
     0     0  842.84536    0  110 1015.00000  842.84536  17.0%     -    0s
H    0     0                     872.0000000  842.84536  3.34%     -    0s
H    0     0                     870.0000000  842.84536  3.12%     -    0s
     0     0  842.84536    0   59  870.00000  842.84536  3.12%     -    0s
     0     0  844.32759    0   47  870.00000  844.32759  2.95%     -    0s
     0     0  847.12500    0   61  870.00000  847.12500  2.63%     -    0s
     0     0  847.16934    0   61  870.00000  847.16934  2.62%     -    0s
     0     0  847.26228    0   61  870.00000  847.26228  2.61%     -    0s
     0     0  847.41373    0   64  870.00000  847.41373  2.60%     -    0s
     0     0  847.43524    0   62  870.00000  847.43524  2.59%     -    0s
     0     0  847.45366    0   62  870.00000  847.45366  2.59%     -    0s
     0     0  847.46542    0   62  870.00000  847.46542  2.59%     -    0s
     0     0  848.07245    0   60  870.00000  848.07245  2.52%     -    0s
     0     0  848.75876    0   60  870.00000  848.75876  2.44%     -    0s
     0     0  848.76597    0   62  870.00000  848.76597  2.44%     -    0s
     0     0  848.80651    0   56  870.00000  848.80651  2.44%     -    0s
     0     0  849.03959    0   62  870.00000  849.03959  2.41%     -    0s
     0     0  849.05916    0   63  870.00000  849.05916  2.41%     -    0s
     0     0  849.06611    0   65  870.00000  849.06611  2.41%     -    0s
     0     0  849.19382    0   65  870.00000  849.19382  2.39%     -    0s
     0     0  849.20141    0   63  870.00000  849.20141  2.39%     -    0s
     0     0  850.50337    0   63  870.00000  850.50337  2.24%     -    0s
     0     2  850.50337    0   63  870.00000  850.50337  2.24%     -    0s
     1     4  854.38962    1   29  870.00000  854.38962  1.79%  15.0    0s
H    4     1                     863.0000000  856.50191  0.75%  17.0    0s

Cutting planes:
  Gomory: 3
  Zero half: 2
  Mod-K: 2

Explored 6 nodes (892 simplex iterations) in 0.28 seconds (0.16 work units)
Thread count was 1 (of 16 available processors)

Solution count 5: 863 870 872 ... 1028

Optimal solution found (tolerance 1.00e-04)
Best objective 8.630000000000e+02, best bound 8.630000000000e+02, gap 0.0000%
flow1:  863.0
flow2:  1876.5
Root Upper Bound: 1028.0
Root lower Bound: 842.8453608247424
ND-Point: 8

-----------------------------------------
Warning for adding constraints: zero or small (< 1e-13) coefficients, ignored
Set parameter NodeLimit to value 0
Set parameter TimeLimit to value 3.5807802805900574e+03
Set parameter Threads to value 1
Gurobi Optimizer version 11.0.2 build v11.0.2rc0 (linux64 - "Debian GNU/Linux 10 (buster)")

CPU model: Intel(R) Xeon(R) CPU           X5570  @ 2.93GHz, instruction set [SSE2]
Thread count: 8 physical cores, 16 logical processors, using up to 1 threads

Optimize a model with 967 rows, 512 columns and 3009 nonzeros
Model fingerprint: 0x6b14bf91
Variable types: 0 continuous, 512 integer (512 binary)
Coefficient statistics:
  Matrix range     [1e+00, 4e+01]
  Objective range  [1e+00, 4e+01]
  Bounds range     [1e+00, 1e+00]
  RHS range        [1e+00, 5e+02]
Presolve removed 0 rows and 344 columns
Presolve time: 0.00s
Presolved: 967 rows, 168 columns, 3009 nonzeros
Variable types: 0 continuous, 168 integer (168 binary)
Found heuristic solution: objective 1028.0000000

Root relaxation: objective 8.460619e+02, 266 iterations, 0.01 seconds (0.01 work units)

    Nodes    |    Current Node    |     Objective Bounds      |     Work
 Expl Unexpl |  Obj  Depth IntInf | Incumbent    BestBd   Gap | It/Node Time

     0     0  846.06186    0  110 1028.00000  846.06186  17.7%     -    0s

Explored 1 nodes (268 simplex iterations) in 0.02 seconds (0.02 work units)
Thread count was 1 (of 16 available processors)

Solution count 1: 1028 

Node limit reached
Best objective 1.028000000000e+03, best bound 8.470000000000e+02, gap 17.6070%
Root Upper 1028.0
Root Lower 846.0618556701031
Reset all parameters
Set parameter TimeLimit to value 3.5788734357357025e+03
Set parameter Threads to value 1
Gurobi Optimizer version 11.0.2 build v11.0.2rc0 (linux64 - "Debian GNU/Linux 10 (buster)")

CPU model: Intel(R) Xeon(R) CPU           X5570  @ 2.93GHz, instruction set [SSE2]
Thread count: 8 physical cores, 16 logical processors, using up to 1 threads

Optimize a model with 967 rows, 512 columns and 3009 nonzeros
Model fingerprint: 0x6b14bf91
Variable types: 0 continuous, 512 integer (512 binary)
Coefficient statistics:
  Matrix range     [1e+00, 4e+01]
  Objective range  [1e+00, 4e+01]
  Bounds range     [1e+00, 1e+00]
  RHS range        [1e+00, 5e+02]
Presolved: 967 rows, 168 columns, 3009 nonzeros

Continuing optimization...

     0     0  846.06186    0  110 1028.00000  846.06186  17.7%     -    0s
H    0     0                     874.0000000  846.06186  3.20%     -    0s
H    0     0                     872.0000000  846.06186  2.97%     -    0s
     0     0  846.06186    0  110  872.00000  846.06186  2.97%     -    0s
H    0     0                     870.0000000  846.06186  2.75%     -    0s
     0     0  846.06186    0   53  870.00000  846.06186  2.75%     -    0s
     0     0  848.22604    0   43  870.00000  848.22604  2.50%     -    0s
     0     0  850.41699    0   58  870.00000  850.41699  2.25%     -    0s
     0     0  850.42321    0   59  870.00000  850.42321  2.25%     -    0s
     0     0  850.42584    0   60  870.00000  850.42584  2.25%     -    0s
     0     0  850.96876    0   58  870.00000  850.96876  2.19%     -    0s
     0     0  851.26258    0   58  870.00000  851.26258  2.15%     -    0s
     0     0  851.45241    0   59  870.00000  851.45241  2.13%     -    0s
     0     0  851.48083    0   59  870.00000  851.48083  2.13%     -    0s
     0     0  851.48709    0   60  870.00000  851.48709  2.13%     -    0s
     0     0  851.50410    0   60  870.00000  851.50410  2.13%     -    0s
     0     0  851.62771    0   59  870.00000  851.62771  2.11%     -    0s
     0     0  851.87270    0   54  870.00000  851.87270  2.08%     -    0s
     0     0  852.08673    0   58  870.00000  852.08673  2.06%     -    0s
     0     0  854.47979    0   54  870.00000  854.47979  1.78%     -    0s
     0     0  854.47979    0   54  870.00000  854.47979  1.78%     -    0s
     0     2  855.98483    0   54  870.00000  855.98483  1.61%     -    0s
     1     3  860.00000    1   38  870.00000  856.02953  1.61%  29.0    0s

Cutting planes:
  Gomory: 2
  Mod-K: 2

Explored 5 nodes (853 simplex iterations) in 0.26 seconds (0.14 work units)
Thread count was 1 (of 16 available processors)

Solution count 4: 870 872 874 1028 

Optimal solution found (tolerance 1.00e-04)
Best objective 8.700000000000e+02, best bound 8.700000000000e+02, gap 0.0000%
flow1:  870.0
flow2:  1869.5
Root Upper Bound: 1028.0
Root lower Bound: 846.0618556701031
ND-Point: 9

-----------------------------------------
Warning for adding constraints: zero or small (< 1e-13) coefficients, ignored
Set parameter NodeLimit to value 0
Set parameter TimeLimit to value 3.5786130445003510e+03
Set parameter Threads to value 1
Gurobi Optimizer version 11.0.2 build v11.0.2rc0 (linux64 - "Debian GNU/Linux 10 (buster)")

CPU model: Intel(R) Xeon(R) CPU           X5570  @ 2.93GHz, instruction set [SSE2]
Thread count: 8 physical cores, 16 logical processors, using up to 1 threads

Optimize a model with 967 rows, 512 columns and 3009 nonzeros
Model fingerprint: 0x0b3dc4dc
Variable types: 0 continuous, 512 integer (512 binary)
Coefficient statistics:
  Matrix range     [1e+00, 4e+01]
  Objective range  [1e+00, 4e+01]
  Bounds range     [1e+00, 1e+00]
  RHS range        [1e+00, 5e+02]
Presolve removed 0 rows and 344 columns
Presolve time: 0.00s
Presolved: 967 rows, 168 columns, 3009 nonzeros
Variable types: 0 continuous, 168 integer (168 binary)
Found heuristic solution: objective 1028.0000000

Root relaxation: objective 8.516907e+02, 264 iterations, 0.01 seconds (0.01 work units)

    Nodes    |    Current Node    |     Objective Bounds      |     Work
 Expl Unexpl |  Obj  Depth IntInf | Incumbent    BestBd   Gap | It/Node Time

     0     0  851.69072    0  110 1028.00000  851.69072  17.2%     -    0s

Explored 1 nodes (266 simplex iterations) in 0.02 seconds (0.02 work units)
Thread count was 1 (of 16 available processors)

Solution count 1: 1028 

Node limit reached
Best objective 1.028000000000e+03, best bound 8.520000000000e+02, gap 17.1206%
Root Upper 1028.0
Root Lower 851.6907216494844
Reset all parameters
Set parameter TimeLimit to value 3.5767017097473145e+03
Set parameter Threads to value 1
Gurobi Optimizer version 11.0.2 build v11.0.2rc0 (linux64 - "Debian GNU/Linux 10 (buster)")

CPU model: Intel(R) Xeon(R) CPU           X5570  @ 2.93GHz, instruction set [SSE2]
Thread count: 8 physical cores, 16 logical processors, using up to 1 threads

Optimize a model with 967 rows, 512 columns and 3009 nonzeros
Model fingerprint: 0x0b3dc4dc
Variable types: 0 continuous, 512 integer (512 binary)
Coefficient statistics:
  Matrix range     [1e+00, 4e+01]
  Objective range  [1e+00, 4e+01]
  Bounds range     [1e+00, 1e+00]
  RHS range        [1e+00, 5e+02]
Presolved: 967 rows, 168 columns, 3009 nonzeros

Continuing optimization...

     0     0  851.69072    0  110 1028.00000  851.69072  17.2%     -    0s
     0     0  851.69072    0  110 1028.00000  851.69072  17.2%     -    0s
H    0     0                     872.0000000  851.69072  2.33%     -    0s
     0     0  851.69072    0   53  872.00000  851.69072  2.33%     -    0s
     0     0  857.44850    0   38  872.00000  857.44850  1.67%     -    0s
H    0     0                     871.0000000  857.44850  1.56%     -    0s
     0     0  859.23591    0   56  871.00000  859.23591  1.35%     -    0s
     0     0  859.26804    0   57  871.00000  859.26804  1.35%     -    0s
     0     0  859.34742    0   58  871.00000  859.34742  1.34%     -    0s
     0     0  859.58071    0   57  871.00000  859.58071  1.31%     -    0s
     0     0  859.65827    0   58  871.00000  859.65827  1.30%     -    0s
     0     0  859.68106    0   58  871.00000  859.68106  1.30%     -    0s
     0     0  859.73521    0   59  871.00000  859.73521  1.29%     -    0s
     0     0  859.74347    0   60  871.00000  859.74347  1.29%     -    0s
     0     0  864.42187    0   58  871.00000  864.42187  0.76%     -    0s
     0     2  864.42187    0   58  871.00000  864.42187  0.76%     -    0s
     1     2  865.00000    1   33  871.00000  864.42187  0.76%  31.0    0s

Cutting planes:
  Gomory: 2
  Mod-K: 3

Explored 5 nodes (802 simplex iterations) in 0.26 seconds (0.15 work units)
Thread count was 1 (of 16 available processors)

Solution count 3: 871 872 1028 

Optimal solution found (tolerance 1.00e-04)
Best objective 8.710000000000e+02, best bound 8.710000000000e+02, gap 0.0000%
flow1:  871.0
flow2:  1844.5
Root Upper Bound: 1028.0
Root lower Bound: 851.6907216494844
ND-Point: 10

-----------------------------------------
Warning for adding constraints: zero or small (< 1e-13) coefficients, ignored
Set parameter NodeLimit to value 0
Set parameter TimeLimit to value 3.5764494323730469e+03
Set parameter Threads to value 1
Gurobi Optimizer version 11.0.2 build v11.0.2rc0 (linux64 - "Debian GNU/Linux 10 (buster)")

CPU model: Intel(R) Xeon(R) CPU           X5570  @ 2.93GHz, instruction set [SSE2]
Thread count: 8 physical cores, 16 logical processors, using up to 1 threads

Optimize a model with 967 rows, 512 columns and 3009 nonzeros
Model fingerprint: 0x03b231cf
Variable types: 0 continuous, 512 integer (512 binary)
Coefficient statistics:
  Matrix range     [1e+00, 4e+01]
  Objective range  [1e+00, 4e+01]
  Bounds range     [1e+00, 1e+00]
  RHS range        [1e+00, 5e+02]
Presolve removed 0 rows and 344 columns
Presolve time: 0.00s
Presolved: 967 rows, 168 columns, 3009 nonzeros
Variable types: 0 continuous, 168 integer (168 binary)
Found heuristic solution: objective 1028.0000000

Root relaxation: objective 8.717938e+02, 274 iterations, 0.01 seconds (0.01 work units)

    Nodes    |    Current Node    |     Objective Bounds      |     Work
 Expl Unexpl |  Obj  Depth IntInf | Incumbent    BestBd   Gap | It/Node Time

     0     0  871.79381    0  110 1028.00000  871.79381  15.2%     -    0s

Explored 1 nodes (274 simplex iterations) in 0.02 seconds (0.02 work units)
Thread count was 1 (of 16 available processors)

Solution count 1: 1028 

Node limit reached
Best objective 1.028000000000e+03, best bound 8.720000000000e+02, gap 15.1751%
Root Upper 1028.0
Root Lower 871.7938144329896
Reset all parameters
Set parameter TimeLimit to value 3.5745449938774109e+03
Set parameter Threads to value 1
Gurobi Optimizer version 11.0.2 build v11.0.2rc0 (linux64 - "Debian GNU/Linux 10 (buster)")

CPU model: Intel(R) Xeon(R) CPU           X5570  @ 2.93GHz, instruction set [SSE2]
Thread count: 8 physical cores, 16 logical processors, using up to 1 threads

Optimize a model with 967 rows, 512 columns and 3009 nonzeros
Model fingerprint: 0x03b231cf
Variable types: 0 continuous, 512 integer (512 binary)
Coefficient statistics:
  Matrix range     [1e+00, 4e+01]
  Objective range  [1e+00, 4e+01]
  Bounds range     [1e+00, 1e+00]
  RHS range        [1e+00, 5e+02]
Presolved: 967 rows, 168 columns, 3009 nonzeros

Continuing optimization...

     0     0  871.79381    0  110 1028.00000  871.79381  15.2%     -    0s
H    0     0                     985.0000000  871.79381  11.5%     -    0s
     0     0  871.79381    0  110  985.00000  871.79381  11.5%     -    0s
H    0     0                     947.0000000  871.79381  7.94%     -    0s
     0     2  871.80392    0  110  947.00000  871.80392  7.94%     -    0s
     1     1     cutoff    1       947.00000  871.80392  7.94%   100    0s
H    8     2                     895.0000000  874.36111  2.31%  27.0    0s
H   15     1                     891.0000000  888.75000  0.25%  21.7    0s

Explored 17 nodes (888 simplex iterations) in 0.10 seconds (0.06 work units)
Thread count was 1 (of 16 available processors)

Solution count 5: 891 895 947 ... 1028

Optimal solution found (tolerance 1.00e-04)
Best objective 8.910000000000e+02, best bound 8.910000000000e+02, gap 0.0000%
flow1:  891.0
flow2:  1841.5
Root Upper Bound: 1028.0
Root lower Bound: 871.7938144329896
ND-Point: 11

-----------------------------------------
Warning for adding constraints: zero or small (< 1e-13) coefficients, ignored
Set parameter NodeLimit to value 0
Set parameter TimeLimit to value 3.5744418277740479e+03
Set parameter Threads to value 1
Gurobi Optimizer version 11.0.2 build v11.0.2rc0 (linux64 - "Debian GNU/Linux 10 (buster)")

CPU model: Intel(R) Xeon(R) CPU           X5570  @ 2.93GHz, instruction set [SSE2]
Thread count: 8 physical cores, 16 logical processors, using up to 1 threads

Optimize a model with 967 rows, 512 columns and 3009 nonzeros
Model fingerprint: 0x344eb506
Variable types: 0 continuous, 512 integer (512 binary)
Coefficient statistics:
  Matrix range     [1e+00, 4e+01]
  Objective range  [1e+00, 4e+01]
  Bounds range     [1e+00, 1e+00]
  RHS range        [1e+00, 6e+02]
Presolve removed 0 rows and 344 columns
Presolve time: 0.00s
Presolved: 967 rows, 168 columns, 3009 nonzeros
Variable types: 0 continuous, 168 integer (168 binary)
Found heuristic solution: objective 1028.0000000

Root relaxation: objective 8.742062e+02, 277 iterations, 0.01 seconds (0.01 work units)

    Nodes    |    Current Node    |     Objective Bounds      |     Work
 Expl Unexpl |  Obj  Depth IntInf | Incumbent    BestBd   Gap | It/Node Time

     0     0  874.20619    0  110 1028.00000  874.20619  15.0%     -    0s

Explored 1 nodes (279 simplex iterations) in 0.03 seconds (0.02 work units)
Thread count was 1 (of 16 available processors)

Solution count 1: 1028 

Node limit reached
Best objective 1.028000000000e+03, best bound 8.750000000000e+02, gap 14.8833%
Root Upper 1028.0
Root Lower 874.2061855670104
Reset all parameters
Set parameter TimeLimit to value 3.5725349652767181e+03
Set parameter Threads to value 1
Gurobi Optimizer version 11.0.2 build v11.0.2rc0 (linux64 - "Debian GNU/Linux 10 (buster)")

CPU model: Intel(R) Xeon(R) CPU           X5570  @ 2.93GHz, instruction set [SSE2]
Thread count: 8 physical cores, 16 logical processors, using up to 1 threads

Optimize a model with 967 rows, 512 columns and 3009 nonzeros
Model fingerprint: 0x344eb506
Variable types: 0 continuous, 512 integer (512 binary)
Coefficient statistics:
  Matrix range     [1e+00, 4e+01]
  Objective range  [1e+00, 4e+01]
  Bounds range     [1e+00, 1e+00]
  RHS range        [1e+00, 6e+02]
Presolved: 967 rows, 168 columns, 3009 nonzeros

Continuing optimization...

     0     0  874.20619    0  110 1028.00000  874.20619  15.0%     -    0s
H    0     0                     985.0000000  874.20619  11.2%     -    0s
     0     0  874.20619    0  110  985.00000  874.20619  11.2%     -    0s
H    0     0                     943.0000000  874.20619  7.30%     -    0s
     0     2  874.21569    0  110  943.00000  874.21569  7.29%     -    0s
     1     3  877.40000    1   60  943.00000  875.66667  7.14%  40.0    0s
*    7     3               4     937.0000000  875.66667  6.55%  23.9    0s
H    9     1                     895.0000000  879.36364  1.75%  26.0    0s

Explored 17 nodes (903 simplex iterations) in 0.11 seconds (0.07 work units)
Thread count was 1 (of 16 available processors)

Solution count 5: 895 937 943 ... 1028

Optimal solution found (tolerance 1.00e-04)
Best objective 8.950000000000e+02, best bound 8.950000000000e+02, gap 0.0000%
flow1:  895.0
flow2:  1839.5
Root Upper Bound: 1028.0
Root lower Bound: 874.2061855670104
ND-Point: 12

-----------------------------------------
Warning for adding constraints: zero or small (< 1e-13) coefficients, ignored
Set parameter NodeLimit to value 0
Set parameter TimeLimit to value 3.5724104173183441e+03
Set parameter Threads to value 1
Gurobi Optimizer version 11.0.2 build v11.0.2rc0 (linux64 - "Debian GNU/Linux 10 (buster)")

CPU model: Intel(R) Xeon(R) CPU           X5570  @ 2.93GHz, instruction set [SSE2]
Thread count: 8 physical cores, 16 logical processors, using up to 1 threads

Optimize a model with 967 rows, 512 columns and 3009 nonzeros
Model fingerprint: 0xe9a563e5
Variable types: 0 continuous, 512 integer (512 binary)
Coefficient statistics:
  Matrix range     [1e+00, 4e+01]
  Objective range  [1e+00, 4e+01]
  Bounds range     [1e+00, 1e+00]
  RHS range        [1e+00, 6e+02]
Presolve removed 0 rows and 344 columns
Presolve time: 0.00s
Presolved: 967 rows, 168 columns, 3009 nonzeros
Variable types: 0 continuous, 168 integer (168 binary)
Found heuristic solution: objective 1028.0000000

Root relaxation: objective 8.758144e+02, 266 iterations, 0.01 seconds (0.01 work units)

    Nodes    |    Current Node    |     Objective Bounds      |     Work
 Expl Unexpl |  Obj  Depth IntInf | Incumbent    BestBd   Gap | It/Node Time

     0     0  875.81443    0  110 1028.00000  875.81443  14.8%     -    0s

Explored 1 nodes (266 simplex iterations) in 0.02 seconds (0.02 work units)
Thread count was 1 (of 16 available processors)

Solution count 1: 1028 

Node limit reached
Best objective 1.028000000000e+03, best bound 8.760000000000e+02, gap 14.7860%
Root Upper 1028.0
Root Lower 875.8144329896908
Reset all parameters
Set parameter TimeLimit to value 3.5705111145973206e+03
Set parameter Threads to value 1
Gurobi Optimizer version 11.0.2 build v11.0.2rc0 (linux64 - "Debian GNU/Linux 10 (buster)")

CPU model: Intel(R) Xeon(R) CPU           X5570  @ 2.93GHz, instruction set [SSE2]
Thread count: 8 physical cores, 16 logical processors, using up to 1 threads

Optimize a model with 967 rows, 512 columns and 3009 nonzeros
Model fingerprint: 0xe9a563e5
Variable types: 0 continuous, 512 integer (512 binary)
Coefficient statistics:
  Matrix range     [1e+00, 4e+01]
  Objective range  [1e+00, 4e+01]
  Bounds range     [1e+00, 1e+00]
  RHS range        [1e+00, 6e+02]
Presolved: 967 rows, 168 columns, 3009 nonzeros

Continuing optimization...

     0     0  875.81443    0  110 1028.00000  875.81443  14.8%     -    0s
H    0     0                    1001.0000000  875.81443  12.5%     -    0s
     0     0  875.81443    0  110 1001.00000  875.81443  12.5%     -    0s
H    0     0                     947.0000000  875.81443  7.52%     -    0s
H    0     0                     943.0000000  875.81443  7.12%     -    0s
     0     2  875.82353    0  110  943.00000  875.82353  7.12%     -    0s
     1     3  880.60000    1   60  943.00000  877.33333  6.96%  41.0    0s
*    7     3               4     937.0000000  877.33333  6.37%  29.4    0s
H   12     0                     895.0000000  885.00000  1.12%  26.8    0s

Cutting planes:
  Cover: 1

Explored 19 nodes (940 simplex iterations) in 0.11 seconds (0.06 work units)
Thread count was 1 (of 16 available processors)

Solution count 6: 895 937 943 ... 1028

Optimal solution found (tolerance 1.00e-04)
Best objective 8.950000000000e+02, best bound 8.950000000000e+02, gap 0.0000%
flow1:  895.0
flow2:  1833.5
Root Upper Bound: 1028.0
Root lower Bound: 875.8144329896908
ND-Point: 13

-----------------------------------------
Warning for adding constraints: zero or small (< 1e-13) coefficients, ignored
Set parameter NodeLimit to value 0
Set parameter TimeLimit to value 3.5703991951942444e+03
Set parameter Threads to value 1
Gurobi Optimizer version 11.0.2 build v11.0.2rc0 (linux64 - "Debian GNU/Linux 10 (buster)")

CPU model: Intel(R) Xeon(R) CPU           X5570  @ 2.93GHz, instruction set [SSE2]
Thread count: 8 physical cores, 16 logical processors, using up to 1 threads

Optimize a model with 967 rows, 512 columns and 3009 nonzeros
Model fingerprint: 0x99840648
Variable types: 0 continuous, 512 integer (512 binary)
Coefficient statistics:
  Matrix range     [1e+00, 4e+01]
  Objective range  [1e+00, 4e+01]
  Bounds range     [1e+00, 1e+00]
  RHS range        [1e+00, 6e+02]
Presolve removed 0 rows and 344 columns
Presolve time: 0.00s
Presolved: 967 rows, 168 columns, 3009 nonzeros
Variable types: 0 continuous, 168 integer (168 binary)
Found heuristic solution: objective 1028.0000000

Root relaxation: objective 8.806392e+02, 285 iterations, 0.01 seconds (0.01 work units)

    Nodes    |    Current Node    |     Objective Bounds      |     Work
 Expl Unexpl |  Obj  Depth IntInf | Incumbent    BestBd   Gap | It/Node Time

     0     0  880.63918    0  110 1028.00000  880.63918  14.3%     -    0s

Explored 1 nodes (289 simplex iterations) in 0.03 seconds (0.02 work units)
Thread count was 1 (of 16 available processors)

Solution count 1: 1028 

Node limit reached
Best objective 1.028000000000e+03, best bound 8.810000000000e+02, gap 14.2996%
Root Upper 1028.0
Root Lower 880.639175257732
Reset all parameters
Set parameter TimeLimit to value 3.5684818921089172e+03
Set parameter Threads to value 1
Gurobi Optimizer version 11.0.2 build v11.0.2rc0 (linux64 - "Debian GNU/Linux 10 (buster)")

CPU model: Intel(R) Xeon(R) CPU           X5570  @ 2.93GHz, instruction set [SSE2]
Thread count: 8 physical cores, 16 logical processors, using up to 1 threads

Optimize a model with 967 rows, 512 columns and 3009 nonzeros
Model fingerprint: 0x99840648
Variable types: 0 continuous, 512 integer (512 binary)
Coefficient statistics:
  Matrix range     [1e+00, 4e+01]
  Objective range  [1e+00, 4e+01]
  Bounds range     [1e+00, 1e+00]
  RHS range        [1e+00, 6e+02]
Presolved: 967 rows, 168 columns, 3009 nonzeros

Continuing optimization...

     0     0  880.63918    0  110 1028.00000  880.63918  14.3%     -    0s
H    0     0                    1001.0000000  880.63918  12.0%     -    0s
     0     0  880.63918    0  110 1001.00000  880.63918  12.0%     -    0s
H    0     0                     943.0000000  880.63918  6.61%     -    0s
     0     0  880.63918    0   85  943.00000  880.63918  6.61%     -    0s
     0     0  883.79470    0   88  943.00000  883.79470  6.28%     -    0s
     0     0  883.79470    0   67  943.00000  883.79470  6.28%     -    0s
     0     0  886.57825    0   72  943.00000  886.57825  5.98%     -    0s
     0     0  886.97488    0   72  943.00000  886.97488  5.94%     -    0s
     0     0  889.09032    0   74  943.00000  889.09032  5.72%     -    0s
     0     0  890.16228    0   74  943.00000  890.16228  5.60%     -    0s
     0     0  890.29526    0   73  943.00000  890.29526  5.59%     -    0s
     0     0  890.31320    0   73  943.00000  890.31320  5.59%     -    0s
     0     0  890.31407    0   73  943.00000  890.31407  5.59%     -    0s
     0     0  890.78875    0   75  943.00000  890.78875  5.54%     -    0s
     0     0  890.82467    0   75  943.00000  890.82467  5.53%     -    0s
     0     0  890.85421    0   75  943.00000  890.85421  5.53%     -    0s
     0     0  890.87233    0   75  943.00000  890.87233  5.53%     -    0s
     0     0  890.87410    0   75  943.00000  890.87410  5.53%     -    0s
     0     0  891.03553    0   75  943.00000  891.03553  5.51%     -    0s
H    0     0                     925.0000000  891.03553  3.67%     -    0s
     0     0  891.10281    0   75  925.00000  891.10281  3.66%     -    0s
     0     0  891.13419    0   75  925.00000  891.13419  3.66%     -    0s
     0     0  892.98151    0   75  925.00000  892.98151  3.46%     -    0s
     0     2  892.98151    0   75  925.00000  892.98151  3.46%     -    0s
     1     2  898.39472    1   34  925.00000  898.39472  2.88%  39.0    0s
*    3     0               2     921.0000000  921.00000  0.00%  61.0    0s

Cutting planes:
  Gomory: 5
  Mod-K: 6

Explored 4 nodes (1307 simplex iterations) in 0.37 seconds (0.23 work units)
Thread count was 1 (of 16 available processors)

Solution count 5: 921 925 943 ... 1028

Optimal solution found (tolerance 1.00e-04)
Best objective 9.210000000000e+02, best bound 9.210000000000e+02, gap 0.0000%
flow1:  921.0
flow2:  1826.5
Root Upper Bound: 1028.0
Root lower Bound: 880.639175257732
ND-Point: 14

-----------------------------------------
Warning for adding constraints: zero or small (< 1e-13) coefficients, ignored
Set parameter NodeLimit to value 0
Set parameter TimeLimit to value 3.5681141345500946e+03
Set parameter Threads to value 1
Gurobi Optimizer version 11.0.2 build v11.0.2rc0 (linux64 - "Debian GNU/Linux 10 (buster)")

CPU model: Intel(R) Xeon(R) CPU           X5570  @ 2.93GHz, instruction set [SSE2]
Thread count: 8 physical cores, 16 logical processors, using up to 1 threads

Optimize a model with 967 rows, 512 columns and 3009 nonzeros
Model fingerprint: 0xfa439d0b
Variable types: 0 continuous, 512 integer (512 binary)
Coefficient statistics:
  Matrix range     [1e+00, 4e+01]
  Objective range  [1e+00, 4e+01]
  Bounds range     [1e+00, 1e+00]
  RHS range        [1e+00, 6e+02]
Presolve removed 0 rows and 344 columns
Presolve time: 0.00s
Presolved: 967 rows, 168 columns, 3009 nonzeros
Variable types: 0 continuous, 168 integer (168 binary)
Found heuristic solution: objective 1028.0000000

Root relaxation: objective 8.864706e+02, 304 iterations, 0.01 seconds (0.01 work units)

    Nodes    |    Current Node    |     Objective Bounds      |     Work
 Expl Unexpl |  Obj  Depth IntInf | Incumbent    BestBd   Gap | It/Node Time

     0     0  886.47059    0  112 1028.00000  886.47059  13.8%     -    0s

Explored 1 nodes (304 simplex iterations) in 0.02 seconds (0.02 work units)
Thread count was 1 (of 16 available processors)

Solution count 1: 1028 

Node limit reached
Best objective 1.028000000000e+03, best bound 8.870000000000e+02, gap 13.7160%
Root Upper 1028.0
Root Lower 886.4705882352941
Reset all parameters
Set parameter TimeLimit to value 3.5662022125720978e+03
Set parameter Threads to value 1
Gurobi Optimizer version 11.0.2 build v11.0.2rc0 (linux64 - "Debian GNU/Linux 10 (buster)")

CPU model: Intel(R) Xeon(R) CPU           X5570  @ 2.93GHz, instruction set [SSE2]
Thread count: 8 physical cores, 16 logical processors, using up to 1 threads

Optimize a model with 967 rows, 512 columns and 3009 nonzeros
Model fingerprint: 0xfa439d0b
Variable types: 0 continuous, 512 integer (512 binary)
Coefficient statistics:
  Matrix range     [1e+00, 4e+01]
  Objective range  [1e+00, 4e+01]
  Bounds range     [1e+00, 1e+00]
  RHS range        [1e+00, 6e+02]
Presolved: 967 rows, 168 columns, 3009 nonzeros

Continuing optimization...

     0     0  886.47059    0  112 1028.00000  886.47059  13.8%     -    0s
H    0     0                     987.0000000  886.47059  10.2%     -    0s
H    0     0                     973.0000000  886.47059  8.89%     -    0s
     0     0  886.47059    0  112  973.00000  886.47059  8.89%     -    0s
H    0     0                     947.0000000  886.47059  6.39%     -    0s
H    0     0                     943.0000000  886.47059  5.99%     -    0s
     0     0  886.47059    0   55  943.00000  886.47059  5.99%     -    0s
     0     0  897.13636    0   58  943.00000  897.13636  4.86%     -    0s
H    0     0                     925.0000000  897.13636  3.01%     -    0s
     0     0  899.15543    0   60  925.00000  899.15543  2.79%     -    0s
     0     0  899.40717    0   60  925.00000  899.40717  2.77%     -    0s
     0     0  899.54831    0   60  925.00000  899.54831  2.75%     -    0s
     0     0  899.68231    0   58  925.00000  899.68231  2.74%     -    0s
     0     0  900.08767    0   58  925.00000  900.08767  2.69%     -    0s
     0     0  900.48374    0   60  925.00000  900.48374  2.65%     -    0s
     0     0  900.63077    0   58  925.00000  900.63077  2.63%     -    0s
     0     0  906.70968    0   58  925.00000  906.70968  1.98%     -    0s
     0     2  906.70968    0   58  925.00000  906.70968  1.98%     -    0s
     1     3  912.02632    1   45  925.00000  912.02632  1.40%  31.0    0s

Cutting planes:
  Gomory: 6
  Mod-K: 3

Explored 6 nodes (911 simplex iterations) in 0.24 seconds (0.15 work units)
Thread count was 1 (of 16 available processors)

Solution count 6: 925 943 947 ... 1028

Optimal solution found (tolerance 1.00e-04)
Best objective 9.250000000000e+02, best bound 9.250000000000e+02, gap 0.0000%
flow1:  925.0
flow2:  1818.5
Root Upper Bound: 1028.0
Root lower Bound: 886.4705882352941
ND-Point: 15

-----------------------------------------
Warning for adding constraints: zero or small (< 1e-13) coefficients, ignored
Set parameter NodeLimit to value 0
Set parameter TimeLimit to value 3.5659628098011017e+03
Set parameter Threads to value 1
Gurobi Optimizer version 11.0.2 build v11.0.2rc0 (linux64 - "Debian GNU/Linux 10 (buster)")

CPU model: Intel(R) Xeon(R) CPU           X5570  @ 2.93GHz, instruction set [SSE2]
Thread count: 8 physical cores, 16 logical processors, using up to 1 threads

Optimize a model with 967 rows, 512 columns and 3009 nonzeros
Model fingerprint: 0x3e99771f
Variable types: 0 continuous, 512 integer (512 binary)
Coefficient statistics:
  Matrix range     [1e+00, 4e+01]
  Objective range  [1e+00, 4e+01]
  Bounds range     [1e+00, 1e+00]
  RHS range        [1e+00, 6e+02]
Presolve removed 0 rows and 344 columns
Presolve time: 0.00s
Presolved: 967 rows, 168 columns, 3009 nonzeros
Variable types: 0 continuous, 168 integer (168 binary)
Found heuristic solution: objective 1028.0000000

Root relaxation: objective 8.988889e+02, 296 iterations, 0.01 seconds (0.01 work units)

    Nodes    |    Current Node    |     Objective Bounds      |     Work
 Expl Unexpl |  Obj  Depth IntInf | Incumbent    BestBd   Gap | It/Node Time

     0     0  898.88889    0  112 1028.00000  898.88889  12.6%     -    0s

Explored 1 nodes (296 simplex iterations) in 0.02 seconds (0.02 work units)
Thread count was 1 (of 16 available processors)

Solution count 1: 1028 

Node limit reached
Best objective 1.028000000000e+03, best bound 8.990000000000e+02, gap 12.5486%
Root Upper 1028.0
Root Lower 898.8888888888891
Reset all parameters
Set parameter TimeLimit to value 3.5640509746074677e+03
Set parameter Threads to value 1
Gurobi Optimizer version 11.0.2 build v11.0.2rc0 (linux64 - "Debian GNU/Linux 10 (buster)")

CPU model: Intel(R) Xeon(R) CPU           X5570  @ 2.93GHz, instruction set [SSE2]
Thread count: 8 physical cores, 16 logical processors, using up to 1 threads

Optimize a model with 967 rows, 512 columns and 3009 nonzeros
Model fingerprint: 0x3e99771f
Variable types: 0 continuous, 512 integer (512 binary)
Coefficient statistics:
  Matrix range     [1e+00, 4e+01]
  Objective range  [1e+00, 4e+01]
  Bounds range     [1e+00, 1e+00]
  RHS range        [1e+00, 6e+02]
Presolved: 967 rows, 168 columns, 3009 nonzeros

Continuing optimization...

     0     0  898.88889    0  112 1028.00000  898.88889  12.6%     -    0s
H    0     0                    1027.0000000  898.88889  12.5%     -    0s
     0     0  898.88889    0  112 1027.00000  898.88889  12.5%     -    0s
H    0     0                     947.0000000  898.88889  5.08%     -    0s
H    0     0                     943.0000000  898.88889  4.68%     -    0s
     0     0  898.88889    0   44  943.00000  898.88889  4.68%     -    0s
     0     0  906.12903    0   43  943.00000  906.12903  3.91%     -    0s
     0     0  911.19741    0   44  943.00000  911.19741  3.37%     -    0s
     0     0  911.92334    0   46  943.00000  911.92334  3.30%     -    0s
     0     0  912.53443    0   47  943.00000  912.53443  3.23%     -    0s
     0     0  913.17870    0   47  943.00000  913.17870  3.16%     -    0s
     0     0  913.23036    0   47  943.00000  913.23036  3.16%     -    0s
     0     0  913.34449    0   47  943.00000  913.34449  3.14%     -    0s
     0     0  913.40873    0   44  943.00000  913.40873  3.14%     -    0s
     0     0  913.44278    0   47  943.00000  913.44278  3.13%     -    0s
     0     0  913.46309    0   47  943.00000  913.46309  3.13%     -    0s
     0     0  920.93348    0   35  943.00000  920.93348  2.34%     -    0s
     0     0 infeasible    0       943.00000  943.00000  0.00%     -    0s

Cutting planes:
  Gomory: 1
  Mod-K: 3

Explored 1 nodes (778 simplex iterations) in 0.17 seconds (0.10 work units)
Thread count was 1 (of 16 available processors)

Solution count 4: 943 947 1027 1028 

Optimal solution found (tolerance 1.00e-04)
Best objective 9.430000000000e+02, best bound 9.430000000000e+02, gap 0.0000%
flow1:  943.0
flow2:  1799.5
Root Upper Bound: 1028.0
Root lower Bound: 898.8888888888891
ND-Point: 16

-----------------------------------------
Warning for adding constraints: zero or small (< 1e-13) coefficients, ignored
Set parameter NodeLimit to value 0
Set parameter TimeLimit to value 3.5638527045249939e+03
Set parameter Threads to value 1
Gurobi Optimizer version 11.0.2 build v11.0.2rc0 (linux64 - "Debian GNU/Linux 10 (buster)")

CPU model: Intel(R) Xeon(R) CPU           X5570  @ 2.93GHz, instruction set [SSE2]
Thread count: 8 physical cores, 16 logical processors, using up to 1 threads

Optimize a model with 967 rows, 512 columns and 3009 nonzeros
Model fingerprint: 0x9ddf4557
Variable types: 0 continuous, 512 integer (512 binary)
Coefficient statistics:
  Matrix range     [1e+00, 4e+01]
  Objective range  [1e+00, 4e+01]
  Bounds range     [1e+00, 1e+00]
  RHS range        [1e+00, 6e+02]
Presolve removed 0 rows and 344 columns
Presolve time: 0.00s
Presolved: 967 rows, 168 columns, 3009 nonzeros
Variable types: 0 continuous, 168 integer (168 binary)

Root relaxation: objective 9.468182e+02, 322 iterations, 0.01 seconds (0.01 work units)

    Nodes    |    Current Node    |     Objective Bounds      |     Work
 Expl Unexpl |  Obj  Depth IntInf | Incumbent    BestBd   Gap | It/Node Time

     0     0  946.81818    0   68          -  946.81818      -     -    0s

Explored 1 nodes (322 simplex iterations) in 0.03 seconds (0.02 work units)
Thread count was 1 (of 16 available processors)

Solution count 0

Node limit reached
Best objective -, best bound 9.470000000000e+02, gap -
Root Upper inf
Root Lower 946.8181818181818
Reset all parameters
Set parameter TimeLimit to value 3.5619313621520996e+03
Set parameter Threads to value 1
Gurobi Optimizer version 11.0.2 build v11.0.2rc0 (linux64 - "Debian GNU/Linux 10 (buster)")

CPU model: Intel(R) Xeon(R) CPU           X5570  @ 2.93GHz, instruction set [SSE2]
Thread count: 8 physical cores, 16 logical processors, using up to 1 threads

Optimize a model with 967 rows, 512 columns and 3009 nonzeros
Model fingerprint: 0x9ddf4557
Variable types: 0 continuous, 512 integer (512 binary)
Coefficient statistics:
  Matrix range     [1e+00, 4e+01]
  Objective range  [1e+00, 4e+01]
  Bounds range     [1e+00, 1e+00]
  RHS range        [1e+00, 6e+02]
Presolved: 967 rows, 168 columns, 3009 nonzeros

Continuing optimization...

     0     0  946.81818    0   68          -  946.81818      -     -    0s
     0     0  946.81818    0   68          -  946.81818      -     -    0s
H    0     0                    1027.0000000  946.81818  7.81%     -    0s
     0     0  946.81818    0   21 1027.00000  946.81818  7.81%     -    0s
H    0     0                    1023.0000000  946.81818  7.45%     -    0s
     0     0  956.60937    0   39 1023.00000  956.60937  6.49%     -    0s
     0     0  960.61905    0   23 1023.00000  960.61905  6.10%     -    0s
     0     0  964.25397    0   31 1023.00000  964.25397  5.74%     -    0s
     0     0  965.03788    0   31 1023.00000  965.03788  5.67%     -    0s
     0     0  965.13587    0   31 1023.00000  965.13587  5.66%     -    0s
     0     0  965.17045    0   31 1023.00000  965.17045  5.65%     -    0s
H    0     0                    1003.0000000  965.17045  3.77%     -    0s
H    0     0                     997.0000000  965.17045  3.19%     -    0s
     0     0  977.16617    0   31  997.00000  977.16617  1.99%     -    0s
     0     2  980.00000    0   31  997.00000  980.00000  1.71%     -    0s
     1     2  980.00000    1   30  997.00000  980.00000  1.71%  19.0    0s

Cutting planes:
  Gomory: 3
  MIR: 2

Explored 5 nodes (819 simplex iterations) in 0.18 seconds (0.09 work units)
Thread count was 1 (of 16 available processors)

Solution count 4: 997 1003 1023 1027 

Optimal solution found (tolerance 1.00e-04)
Best objective 9.970000000000e+02, best bound 9.970000000000e+02, gap 0.0000%
flow1:  997.0
flow2:  1792.5
Root Upper Bound: inf
Root lower Bound: 946.8181818181818
ND-Point: 17

-----------------------------------------
Warning for adding constraints: zero or small (< 1e-13) coefficients, ignored
Set parameter NodeLimit to value 0
Set parameter TimeLimit to value 3.5617616019248962e+03
Set parameter Threads to value 1
Gurobi Optimizer version 11.0.2 build v11.0.2rc0 (linux64 - "Debian GNU/Linux 10 (buster)")

CPU model: Intel(R) Xeon(R) CPU           X5570  @ 2.93GHz, instruction set [SSE2]
Thread count: 8 physical cores, 16 logical processors, using up to 1 threads

Optimize a model with 967 rows, 512 columns and 3009 nonzeros
Model fingerprint: 0x7bbae123
Variable types: 0 continuous, 512 integer (512 binary)
Coefficient statistics:
  Matrix range     [1e+00, 4e+01]
  Objective range  [1e+00, 4e+01]
  Bounds range     [1e+00, 1e+00]
  RHS range        [1e+00, 6e+02]
Presolve removed 0 rows and 344 columns
Presolve time: 0.00s
Presolved: 967 rows, 168 columns, 3009 nonzeros
Variable types: 0 continuous, 168 integer (168 binary)

Root relaxation: objective 9.735455e+02, 337 iterations, 0.02 seconds (0.01 work units)

    Nodes    |    Current Node    |     Objective Bounds      |     Work
 Expl Unexpl |  Obj  Depth IntInf | Incumbent    BestBd   Gap | It/Node Time

     0     0  973.54545    0   68          -  973.54545      -     -    0s

Explored 1 nodes (337 simplex iterations) in 0.03 seconds (0.02 work units)
Thread count was 1 (of 16 available processors)

Solution count 0

Node limit reached
Best objective -, best bound 9.740000000000e+02, gap -
Root Upper inf
Root Lower 973.5454545454545
Reset all parameters
Set parameter TimeLimit to value 3.5598288152217865e+03
Set parameter Threads to value 1
Gurobi Optimizer version 11.0.2 build v11.0.2rc0 (linux64 - "Debian GNU/Linux 10 (buster)")

CPU model: Intel(R) Xeon(R) CPU           X5570  @ 2.93GHz, instruction set [SSE2]
Thread count: 8 physical cores, 16 logical processors, using up to 1 threads

Optimize a model with 967 rows, 512 columns and 3009 nonzeros
Model fingerprint: 0x7bbae123
Variable types: 0 continuous, 512 integer (512 binary)
Coefficient statistics:
  Matrix range     [1e+00, 4e+01]
  Objective range  [1e+00, 4e+01]
  Bounds range     [1e+00, 1e+00]
  RHS range        [1e+00, 6e+02]
Presolved: 967 rows, 168 columns, 3009 nonzeros

Continuing optimization...

     0     0  973.54545    0   68          -  973.54545      -     -    0s
     0     0  973.54545    0   68          -  973.54545      -     -    0s
H    0     0                    1027.0000000  973.54545  5.20%     -    0s
     0     0  973.54545    0   13 1027.00000  973.54545  5.20%     -    0s
H    0     0                    1023.0000000  973.54545  4.83%     -    0s
     0     0  994.92727    0   19 1023.00000  994.92727  2.74%     -    0s
     0     0 1001.54210    0   23 1023.00000 1001.54210  2.10%     -    0s
     0     0 1001.73058    0   23 1023.00000 1001.73058  2.08%     -    0s
     0     0 1002.19097    0   23 1023.00000 1002.19097  2.03%     -    0s
     0     0 1002.20569    0   23 1023.00000 1002.20569  2.03%     -    0s
     0     0 1004.65855    0   21 1023.00000 1004.65855  1.79%     -    0s
     0     0 1005.66442    0   18 1023.00000 1005.66442  1.69%     -    0s
     0     0 1005.81987    0   18 1023.00000 1005.81987  1.68%     -    0s
     0     0 1005.82085    0   18 1023.00000 1005.82085  1.68%     -    0s
     0     0 1006.18911    0   23 1023.00000 1006.18911  1.64%     -    0s
     0     0 1006.81089    0   22 1023.00000 1006.81089  1.58%     -    0s
     0     0 1006.87906    0   24 1023.00000 1006.87906  1.58%     -    0s
     0     0 1007.12663    0   24 1023.00000 1007.12663  1.55%     -    0s
     0     0 1007.15496    0   24 1023.00000 1007.15496  1.55%     -    0s
     0     0 1007.54161    0   23 1023.00000 1007.54161  1.51%     -    0s
     0     0 1007.78534    0   22 1023.00000 1007.78534  1.49%     -    0s
     0     0 1009.24683    0   22 1023.00000 1009.24683  1.34%     -    0s
     0     0 1009.43719    0   24 1023.00000 1009.43719  1.33%     -    0s
     0     0 1009.48656    0   24 1023.00000 1009.48656  1.32%     -    0s
     0     0 1009.75227    0   24 1023.00000 1009.75227  1.29%     -    0s
     0     0 1011.25113    0   23 1023.00000 1011.25113  1.15%     -    0s
     0     0 1011.64906    0   24 1023.00000 1011.64906  1.11%     -    0s
     0     0 1011.72230    0   24 1023.00000 1011.72230  1.10%     -    0s
     0     0     cutoff    0      1023.00000 1023.00000  0.00%     -    0s

Cutting planes:
  Gomory: 2
  MIR: 3
  StrongCG: 1
  Zero half: 1
  Mod-K: 1
  RLT: 1

Explored 1 nodes (888 simplex iterations) in 0.16 seconds (0.07 work units)
Thread count was 1 (of 16 available processors)

Solution count 2: 1023 1027 

Optimal solution found (tolerance 1.00e-04)
Best objective 1.023000000000e+03, best bound 1.023000000000e+03, gap 0.0000%
flow1:  1023.0
flow2:  1785.5
Root Upper Bound: inf
Root lower Bound: 973.5454545454545
ND-Point: 18

-----------------------------------------
Warning for adding constraints: zero or small (< 1e-13) coefficients, ignored
Set parameter NodeLimit to value 0
Set parameter TimeLimit to value 3.5596710422039032e+03
Set parameter Threads to value 1
Gurobi Optimizer version 11.0.2 build v11.0.2rc0 (linux64 - "Debian GNU/Linux 10 (buster)")

CPU model: Intel(R) Xeon(R) CPU           X5570  @ 2.93GHz, instruction set [SSE2]
Thread count: 8 physical cores, 16 logical processors, using up to 1 threads

Optimize a model with 967 rows, 512 columns and 3009 nonzeros
Model fingerprint: 0xe3a5adab
Variable types: 0 continuous, 512 integer (512 binary)
Coefficient statistics:
  Matrix range     [1e+00, 4e+01]
  Objective range  [1e+00, 4e+01]
  Bounds range     [1e+00, 1e+00]
  RHS range        [1e+00, 6e+02]
Presolve removed 0 rows and 344 columns
Presolve time: 0.00s
Presolved: 967 rows, 168 columns, 3009 nonzeros
Variable types: 0 continuous, 168 integer (168 binary)

Root relaxation: objective 1.000273e+03, 316 iterations, 0.01 seconds (0.01 work units)

    Nodes    |    Current Node    |     Objective Bounds      |     Work
 Expl Unexpl |  Obj  Depth IntInf | Incumbent    BestBd   Gap | It/Node Time

     0     0 1000.27273    0   68          - 1000.27273      -     -    0s

Explored 1 nodes (316 simplex iterations) in 0.03 seconds (0.02 work units)
Thread count was 1 (of 16 available processors)

Solution count 0

Node limit reached
Best objective -, best bound 1.001000000000e+03, gap -
Root Upper inf
Root Lower 1000.2727272727274
Reset all parameters
Set parameter TimeLimit to value 3.5577430188655853e+03
Set parameter Threads to value 1
Gurobi Optimizer version 11.0.2 build v11.0.2rc0 (linux64 - "Debian GNU/Linux 10 (buster)")

CPU model: Intel(R) Xeon(R) CPU           X5570  @ 2.93GHz, instruction set [SSE2]
Thread count: 8 physical cores, 16 logical processors, using up to 1 threads

Optimize a model with 967 rows, 512 columns and 3009 nonzeros
Model fingerprint: 0xe3a5adab
Variable types: 0 continuous, 512 integer (512 binary)
Coefficient statistics:
  Matrix range     [1e+00, 4e+01]
  Objective range  [1e+00, 4e+01]
  Bounds range     [1e+00, 1e+00]
  RHS range        [1e+00, 6e+02]
Presolved: 967 rows, 168 columns, 3009 nonzeros

Continuing optimization...

     0     0 1000.27273    0   68          - 1000.27273      -     -    0s
H    0     0                    1027.0000000 1000.27273  2.60%     -    0s
     0     0 1000.27273    0   68 1027.00000 1000.27273  2.60%     -    0s

Explored 1 nodes (632 simplex iterations) in 0.05 seconds (0.03 work units)
Thread count was 1 (of 16 available processors)

Solution count 1: 1027 

Optimal solution found (tolerance 1.00e-04)
Best objective 1.027000000000e+03, best bound 1.027000000000e+03, gap 0.0000%
flow1:  1027.0
flow2:  1777.5
Root Upper Bound: inf
Root lower Bound: 1000.2727272727274
ND-Point: 19

-----------------------------------------
Warning for adding constraints: zero or small (< 1e-13) coefficients, ignored
Set parameter NodeLimit to value 0
Set parameter TimeLimit to value 3.5576676068305969e+03
Set parameter Threads to value 1
Gurobi Optimizer version 11.0.2 build v11.0.2rc0 (linux64 - "Debian GNU/Linux 10 (buster)")

CPU model: Intel(R) Xeon(R) CPU           X5570  @ 2.93GHz, instruction set [SSE2]
Thread count: 8 physical cores, 16 logical processors, using up to 1 threads

Optimize a model with 967 rows, 512 columns and 3009 nonzeros
Model fingerprint: 0xfdc0df04
Variable types: 0 continuous, 512 integer (512 binary)
Coefficient statistics:
  Matrix range     [1e+00, 4e+01]
  Objective range  [1e+00, 4e+01]
  Bounds range     [1e+00, 1e+00]
  RHS range        [1e+00, 6e+02]
Presolve removed 0 rows and 344 columns
Presolve time: 0.00s
Presolved: 967 rows, 168 columns, 3009 nonzeros
Variable types: 0 continuous, 168 integer (168 binary)

Root relaxation: infeasible, 339 iterations, 0.02 seconds (0.01 work units)

    Nodes    |    Current Node    |     Objective Bounds      |     Work
 Expl Unexpl |  Obj  Depth IntInf | Incumbent    BestBd   Gap | It/Node Time

     0     0 infeasible    0               - infeasible      -     -    0s

Explored 1 nodes (339 simplex iterations) in 0.02 seconds (0.02 work units)
Thread count was 1 (of 16 available processors)

Solution count 0

Model is infeasible
Best objective -, best bound -, gap -
No solution found


Total running time: 42.35893130302429
STAH, Instance, #departments, #ND-Points, t-MIP
STAH, S8_S8H, 8, 18, 42.35893130302429
      OBJ1    OBJ2  ...  BNB_Nodes_MIP  Total_Time_MIP[s]
0    801.0  2060.5  ...            1.0           2.898955
1    805.0  1941.5  ...            1.0           2.015460
2    813.0  1925.5  ...            1.0           1.985824
3    825.0  1917.5  ...            1.0           1.969474
4    828.0  1913.5  ...            1.0           2.019524
5    834.0  1890.5  ...            1.0           2.000013
6    854.0  1880.5  ...            1.0           2.275490
7    863.0  1876.5  ...            6.0           2.190476
8    870.0  1869.5  ...            5.0           2.163673
9    871.0  1844.5  ...            5.0           2.170467
10   891.0  1841.5  ...           17.0           2.006704
11   895.0  1833.5  ...           19.0           2.013423
12   921.0  1826.5  ...            4.0           2.288119
13   925.0  1818.5  ...            6.0           2.152768
14   943.0  1799.5  ...            1.0           2.082855
15   997.0  1792.5  ...            5.0           2.099484
16  1023.0  1785.5  ...            1.0           2.095294
17  1027.0  1777.5  ...            1.0           1.975742

[18 rows x 6 columns]
./output/S8_S8H.pdf
Plotting is done
