Requirement already satisfied: contourpy==1.2.1 in ./.venv/lib/python3.9/site-packages (from -r constraints.txt (line 3)) (1.2.1)
Requirement already satisfied: cycler==0.12.1 in ./.venv/lib/python3.9/site-packages (from -r constraints.txt (line 4)) (0.12.1)
Requirement already satisfied: fonttools==4.53.0 in ./.venv/lib/python3.9/site-packages (from -r constraints.txt (line 5)) (4.53.0)
Requirement already satisfied: gurobipy==11.0.2 in ./.venv/lib/python3.9/site-packages (from -r constraints.txt (line 6)) (11.0.2)
Requirement already satisfied: kiwisolver==1.4.5 in ./.venv/lib/python3.9/site-packages (from -r constraints.txt (line 7)) (1.4.5)
Requirement already satisfied: matplotlib==3.9.1 in ./.venv/lib/python3.9/site-packages (from -r constraints.txt (line 8)) (3.9.1)
Requirement already satisfied: numpy==1.26.4 in ./.venv/lib/python3.9/site-packages (from -r constraints.txt (line 9)) (1.26.4)
Requirement already satisfied: packaging==24.1 in ./.venv/lib/python3.9/site-packages (from -r constraints.txt (line 10)) (24.1)
Requirement already satisfied: pandas==2.2.2 in ./.venv/lib/python3.9/site-packages (from -r constraints.txt (line 11)) (2.2.2)
Requirement already satisfied: pillow==10.4.0 in ./.venv/lib/python3.9/site-packages (from -r constraints.txt (line 12)) (10.4.0)
Requirement already satisfied: pyparsing==3.1.2 in ./.venv/lib/python3.9/site-packages (from -r constraints.txt (line 13)) (3.1.2)
Requirement already satisfied: python-dateutil==2.9.0.post0 in ./.venv/lib/python3.9/site-packages (from -r constraints.txt (line 14)) (2.9.0.post0)
Requirement already satisfied: pytz==2024.1 in ./.venv/lib/python3.9/site-packages (from -r constraints.txt (line 15)) (2024.1)
Requirement already satisfied: scipy==1.13.0 in ./.venv/lib/python3.9/site-packages (from -r constraints.txt (line 16)) (1.13.0)
Requirement already satisfied: six==1.16.0 in ./.venv/lib/python3.9/site-packages (from -r constraints.txt (line 17)) (1.16.0)
Requirement already satisfied: tzdata==2024.1 in ./.venv/lib/python3.9/site-packages (from -r constraints.txt (line 18)) (2024.1)
Requirement already satisfied: importlib-resources>=3.2.0 in ./.venv/lib/python3.9/site-packages (from matplotlib==3.9.1->-r constraints.txt (line 8)) (6.4.0)
Requirement already satisfied: zipp>=3.1.0 in ./.venv/lib/python3.9/site-packages (from importlib-resources>=3.2.0->matplotlib==3.9.1->-r constraints.txt (line 8)) (3.19.2)
WARNING: Error parsing dependencies of pip: [Errno 2] No such file or directory: '/home/k2g00/k2g4470/.venv/lib/python3.9/site-packages/pip-24.0.dist-info/METADATA'
srun python3 ./AmaralModelMain.py -i AC_20_70_20 -j AC_20_70_20_1 -t 3600
Input file 1 is:  instance/AC_20_70_20
Input file 2 is:  instance/AC_20_70_20_1


Set parameter TokenServer to value "relise"
Warning for adding constraints: zero or small (< 1e-13) coefficients, ignored
Set parameter NodeLimit to value 0
Set parameter TimeLimit to value 3.4842409515380859e+03
Set parameter Threads to value 1
Gurobi Optimizer version 11.0.2 build v11.0.2rc0 (linux64 - "Debian GNU/Linux 10 (buster)")

CPU model: Intel(R) Xeon(R) CPU           X5570  @ 2.93GHz, instruction set [SSE2]
Thread count: 8 physical cores, 16 logical processors, using up to 1 threads

Optimize a model with 64126 rows, 8000 columns and 194405 nonzeros
Model fingerprint: 0xb56eb0a1
Variable types: 0 continuous, 8000 integer (8000 binary)
Coefficient statistics:
  Matrix range     [1e+00, 4e+02]
  Objective range  [1e+00, 4e+02]
  Bounds range     [1e+00, 1e+00]
  RHS range        [1e+00, 2e+00]
Presolve removed 0 rows and 4580 columns
Presolve time: 0.52s
Presolved: 64126 rows, 3420 columns, 194405 nonzeros
Variable types: 0 continuous, 3420 integer (3420 binary)
Found heuristic solution: objective 114472.50000
Root relaxation presolved: 3420 rows, 67546 columns, 197825 nonzeros


Root simplex log...

Iteration    Objective       Primal Inf.    Dual Inf.      Time
   14442    7.0604593e+04   0.000000e+00   6.947093e+05      5s
   27562    7.2495709e+04   0.000000e+00   1.350515e+05     10s
   40433    7.3726406e+04   0.000000e+00   1.083397e+05     15s
   53618    7.4474114e+04   0.000000e+00   5.766261e+04     20s
   66162    7.5043500e+04   0.000000e+00   0.000000e+00     25s
   66162    7.5043500e+04   0.000000e+00   0.000000e+00     25s

Root relaxation: objective 7.504350e+04, 66162 iterations, 23.90 seconds (15.56 work units)

    Nodes    |    Current Node    |     Objective Bounds      |     Work
 Expl Unexpl |  Obj  Depth IntInf | Incumbent    BestBd   Gap | It/Node Time

     0     0          -    0      114472.500 75043.5000  34.4%     -   24s

Explored 1 nodes (66162 simplex iterations) in 24.86 seconds (16.09 work units)
Thread count was 1 (of 16 available processors)

Solution count 1: 114472 

Node limit reached
Best objective 1.144725000000e+05, best bound 7.504350000000e+04, gap 34.4441%
Root Upper 114472.5
Root Lower 75043.50000000012
Reset all parameters
Set parameter TimeLimit to value 3343.56694149971
Set parameter Threads to value 1
Gurobi Optimizer version 11.0.2 build v11.0.2rc0 (linux64 - "Debian GNU/Linux 10 (buster)")

CPU model: Intel(R) Xeon(R) CPU           X5570  @ 2.93GHz, instruction set [SSE2]
Thread count: 8 physical cores, 16 logical processors, using up to 1 threads

Optimize a model with 64126 rows, 8000 columns and 194405 nonzeros
Model fingerprint: 0xb56eb0a1
Variable types: 0 continuous, 8000 integer (8000 binary)
Coefficient statistics:
  Matrix range     [1e+00, 4e+02]
  Objective range  [1e+00, 4e+02]
  Bounds range     [1e+00, 1e+00]
  RHS range        [1e+00, 2e+00]
Presolved: 64126 rows, 3420 columns, 194405 nonzeros

Continuing optimization...

*    0     0               0    75043.500000 75043.5000  0.00%     -   48s

Explored 1 nodes (132324 simplex iterations) in 23.48 seconds (15.57 work units)
Thread count was 1 (of 16 available processors)

Solution count 2: 75043.5 114472 

Optimal solution found (tolerance 1.00e-04)
Best objective 7.504350000000e+04, best bound 7.504350000000e+04, gap 0.0000%
flow1:  75043.5
flow2:  84329.5
Root Upper Bound: 114472.5
Root lower Bound: 75043.50000000012
ND-Point: 1

-----------------------------------------
Warning for adding constraints: zero or small (< 1e-13) coefficients, ignored
Set parameter NodeLimit to value 0
Set parameter TimeLimit to value 3.3206026008129120e+03
Set parameter Threads to value 1
Gurobi Optimizer version 11.0.2 build v11.0.2rc0 (linux64 - "Debian GNU/Linux 10 (buster)")

CPU model: Intel(R) Xeon(R) CPU           X5570  @ 2.93GHz, instruction set [SSE2]
Thread count: 8 physical cores, 16 logical processors, using up to 1 threads

Optimize a model with 64126 rows, 8000 columns and 194405 nonzeros
Model fingerprint: 0x16387a4f
Variable types: 0 continuous, 8000 integer (8000 binary)
Coefficient statistics:
  Matrix range     [1e+00, 4e+02]
  Objective range  [1e+00, 4e+02]
  Bounds range     [1e+00, 1e+00]
  RHS range        [1e+00, 2e+04]
Presolve removed 0 rows and 4580 columns
Presolve time: 0.47s
Presolved: 64126 rows, 3420 columns, 194405 nonzeros
Variable types: 0 continuous, 3420 integer (3420 binary)
Root relaxation presolved: 3420 rows, 67546 columns, 197825 nonzeros


Root simplex log...

Iteration    Objective       Primal Inf.    Dual Inf.      Time
   15736    7.1225060e+04   0.000000e+00   1.894078e+05      5s
   28169    7.2712569e+04   0.000000e+00   9.052278e+04     10s
   40549    7.3814637e+04   0.000000e+00   7.824949e+04     15s
   53022    7.4620683e+04   0.000000e+00   4.556418e+04     20s
   65157    7.5030507e+04   0.000000e+00   8.608520e+02     25s
   70309    7.5043503e+04   0.000000e+00   0.000000e+00     27s
   70309    7.5043503e+04   0.000000e+00   0.000000e+00     27s

Root relaxation: objective 7.504350e+04, 70309 iterations, 26.39 seconds (18.48 work units)

    Nodes    |    Current Node    |     Objective Bounds      |     Work
 Expl Unexpl |  Obj  Depth IntInf | Incumbent    BestBd   Gap | It/Node Time

     0     0 75043.5029    0  132          - 75043.5029      -     -   27s

Explored 1 nodes (70315 simplex iterations) in 27.40 seconds (19.13 work units)
Thread count was 1 (of 16 available processors)

Solution count 0

Node limit reached
Best objective -, best bound 7.504350285714e+04, gap -
Root Upper inf
Root Lower 75043.50285714265
Reset all parameters
Set parameter TimeLimit to value 3.1779653511047363e+03
Set parameter Threads to value 1
Gurobi Optimizer version 11.0.2 build v11.0.2rc0 (linux64 - "Debian GNU/Linux 10 (buster)")

CPU model: Intel(R) Xeon(R) CPU           X5570  @ 2.93GHz, instruction set [SSE2]
Thread count: 8 physical cores, 16 logical processors, using up to 1 threads

Optimize a model with 64126 rows, 8000 columns and 194405 nonzeros
Model fingerprint: 0x16387a4f
Variable types: 0 continuous, 8000 integer (8000 binary)
Coefficient statistics:
  Matrix range     [1e+00, 4e+02]
  Objective range  [1e+00, 4e+02]
  Bounds range     [1e+00, 1e+00]
  RHS range        [1e+00, 2e+04]
Presolved: 64126 rows, 3420 columns, 194405 nonzeros

Continuing optimization...

     0     0 75043.5029    0  132          - 75043.5029      -     -   54s
H    0     0                    75604.500000 75043.5029  0.74%     -   54s
H    0     0                    75140.500000 75043.5029  0.13%     -   54s
H    0     0                    75044.500000 75043.5029  0.00%     -   55s

Explored 1 nodes (140630 simplex iterations) in 27.64 seconds (18.81 work units)
Thread count was 1 (of 16 available processors)

Solution count 3: 75044.5 75140.5 75604.5 

Optimal solution found (tolerance 1.00e-04)
Best objective 7.504450000000e+04, best bound 7.504350285714e+04, gap 0.0013%
flow1:  75044.5
flow2:  83979.5
Root Upper Bound: inf
Root lower Bound: 75043.50285714265
ND-Point: 2

-----------------------------------------
Warning for adding constraints: zero or small (< 1e-13) coefficients, ignored
Set parameter NodeLimit to value 0
Set parameter TimeLimit to value 3.1512455453872681e+03
Set parameter Threads to value 1
Gurobi Optimizer version 11.0.2 build v11.0.2rc0 (linux64 - "Debian GNU/Linux 10 (buster)")

CPU model: Intel(R) Xeon(R) CPU           X5570  @ 2.93GHz, instruction set [SSE2]
Thread count: 8 physical cores, 16 logical processors, using up to 1 threads

Optimize a model with 64126 rows, 8000 columns and 194405 nonzeros
Model fingerprint: 0x3f5de29f
Variable types: 0 continuous, 8000 integer (8000 binary)
Coefficient statistics:
  Matrix range     [1e+00, 4e+02]
  Objective range  [1e+00, 4e+02]
  Bounds range     [1e+00, 1e+00]
  RHS range        [1e+00, 2e+04]
Presolve removed 0 rows and 4580 columns
Presolve time: 0.42s
Presolved: 64126 rows, 3420 columns, 194405 nonzeros
Variable types: 0 continuous, 3420 integer (3420 binary)
Root relaxation presolved: 3420 rows, 67546 columns, 197825 nonzeros


Root simplex log...

Iteration    Objective       Primal Inf.    Dual Inf.      Time
   15970    7.1162972e+04   0.000000e+00   3.815808e+05      5s
   29353    7.2875248e+04   0.000000e+00   1.073662e+05     10s
   41510    7.3913830e+04   0.000000e+00   1.476049e+05     15s
   53881    7.4809995e+04   0.000000e+00   1.722016e+05     20s
   63299    7.5044562e+04   0.000000e+00   0.000000e+00     24s
   63299    7.5044562e+04   0.000000e+00   0.000000e+00     24s

Root relaxation: objective 7.504456e+04, 63299 iterations, 23.16 seconds (16.32 work units)

    Nodes    |    Current Node    |     Objective Bounds      |     Work
 Expl Unexpl |  Obj  Depth IntInf | Incumbent    BestBd   Gap | It/Node Time

     0     0 75044.5625    0   70          - 75044.5625      -     -   24s

Explored 1 nodes (63305 simplex iterations) in 24.08 seconds (16.96 work units)
Thread count was 1 (of 16 available processors)

Solution count 0

Node limit reached
Best objective -, best bound 7.504550000000e+04, gap -
Root Upper inf
Root Lower 75044.56249999683
Reset all parameters
Set parameter TimeLimit to value 3.0129068503379822e+03
Set parameter Threads to value 1
Gurobi Optimizer version 11.0.2 build v11.0.2rc0 (linux64 - "Debian GNU/Linux 10 (buster)")

CPU model: Intel(R) Xeon(R) CPU           X5570  @ 2.93GHz, instruction set [SSE2]
Thread count: 8 physical cores, 16 logical processors, using up to 1 threads

Optimize a model with 64126 rows, 8000 columns and 194405 nonzeros
Model fingerprint: 0x3f5de29f
Variable types: 0 continuous, 8000 integer (8000 binary)
Coefficient statistics:
  Matrix range     [1e+00, 4e+02]
  Objective range  [1e+00, 4e+02]
  Bounds range     [1e+00, 1e+00]
  RHS range        [1e+00, 2e+04]
Presolved: 64126 rows, 3420 columns, 194405 nonzeros

Continuing optimization...

     0     0 75044.5625    0   70          - 75044.5625      -     -   47s
H    0     0                    75141.500000 75044.5625  0.13%     -   47s
H    0     0                    75077.500000 75044.5625  0.04%     -   47s
     0     0 75044.5625    0   70 75077.5000 75044.5625  0.04%     -   48s
H    0     0                    75064.500000 75044.5625  0.03%     -   53s
     0     0 75045.1334    0    2 75064.5000 75045.1334  0.03%     -   55s
     0     0          -    0      75064.5000 75057.6088  0.01%     -   55s

Cutting planes:
  Cover: 1

Explored 1 nodes (126626 simplex iterations) in 31.07 seconds (22.54 work units)
Thread count was 1 (of 16 available processors)

Solution count 3: 75064.5 75077.5 75141.5 

Optimal solution found (tolerance 1.00e-04)
Best objective 7.506450000000e+04, best bound 7.505850000000e+04, gap 0.0080%
flow1:  75064.5
flow2:  83908.5
Root Upper Bound: inf
Root lower Bound: 75044.56249999683
ND-Point: 3

-----------------------------------------
Warning for adding constraints: zero or small (< 1e-13) coefficients, ignored
Set parameter NodeLimit to value 0
Set parameter TimeLimit to value 2.9793164238929749e+03
Set parameter Threads to value 1
Gurobi Optimizer version 11.0.2 build v11.0.2rc0 (linux64 - "Debian GNU/Linux 10 (buster)")

CPU model: Intel(R) Xeon(R) CPU           X5570  @ 2.93GHz, instruction set [SSE2]
Thread count: 8 physical cores, 16 logical processors, using up to 1 threads

Optimize a model with 64126 rows, 8000 columns and 194405 nonzeros
Model fingerprint: 0xf8c6b75d
Variable types: 0 continuous, 8000 integer (8000 binary)
Coefficient statistics:
  Matrix range     [1e+00, 4e+02]
  Objective range  [1e+00, 4e+02]
  Bounds range     [1e+00, 1e+00]
  RHS range        [1e+00, 3e+04]
Presolve removed 0 rows and 4580 columns
Presolve time: 0.47s
Presolved: 64126 rows, 3420 columns, 194405 nonzeros
Variable types: 0 continuous, 3420 integer (3420 binary)
Root relaxation presolved: 3420 rows, 67546 columns, 197825 nonzeros


Root simplex log...

Iteration    Objective       Primal Inf.    Dual Inf.      Time
   15502    7.1264025e+04   0.000000e+00   6.665763e+04      5s
   28965    7.2807838e+04   0.000000e+00   9.351822e+04     10s
   41201    7.3987587e+04   0.000000e+00   5.896030e+04     15s
   53337    7.4807403e+04   0.000000e+00   4.439454e+04     20s
   61692    7.5049000e+04   0.000000e+00   0.000000e+00     24s
   61692    7.5049000e+04   0.000000e+00   0.000000e+00     24s

Root relaxation: objective 7.504900e+04, 61692 iterations, 22.82 seconds (14.87 work units)

    Nodes    |    Current Node    |     Objective Bounds      |     Work
 Expl Unexpl |  Obj  Depth IntInf | Incumbent    BestBd   Gap | It/Node Time

     0     0 75049.0000    0   70          - 75049.0000      -     -   23s

Explored 1 nodes (61697 simplex iterations) in 23.81 seconds (15.51 work units)
Thread count was 1 (of 16 available processors)

Solution count 0

Node limit reached
Best objective -, best bound 7.504950000000e+04, gap -
Root Upper inf
Root Lower 75049.00000000055
Reset all parameters
Set parameter TimeLimit to value 2.8387878267765045e+03
Set parameter Threads to value 1
Gurobi Optimizer version 11.0.2 build v11.0.2rc0 (linux64 - "Debian GNU/Linux 10 (buster)")

CPU model: Intel(R) Xeon(R) CPU           X5570  @ 2.93GHz, instruction set [SSE2]
Thread count: 8 physical cores, 16 logical processors, using up to 1 threads

Optimize a model with 64126 rows, 8000 columns and 194405 nonzeros
Model fingerprint: 0xf8c6b75d
Variable types: 0 continuous, 8000 integer (8000 binary)
Coefficient statistics:
  Matrix range     [1e+00, 4e+02]
  Objective range  [1e+00, 4e+02]
  Bounds range     [1e+00, 1e+00]
  RHS range        [1e+00, 3e+04]
Presolved: 64126 rows, 3420 columns, 194405 nonzeros

Continuing optimization...

     0     0 75049.0000    0   70          - 75049.0000      -     -   46s
H    0     0                    75141.500000 75049.0000  0.12%     -   47s
H    0     0                    75077.500000 75049.0000  0.04%     -   47s
     0     0 75049.0000    0   70 75077.5000 75049.0000  0.04%     -   48s
     0     0 75049.0000    0    7 75077.5000 75049.0000  0.04%     -   48s
     0     0 75052.8841    0   26 75077.5000 75052.8841  0.03%     -   48s

Cutting planes:
  RLT: 1

Explored 1 nodes (123432 simplex iterations) in 25.02 seconds (16.24 work units)
Thread count was 1 (of 16 available processors)

Solution count 2: 75077.5 75141.5 

Optimal solution found (tolerance 1.00e-04)
Best objective 7.507750000000e+04, best bound 7.507450000000e+04, gap 0.0040%
flow1:  75077.5
flow2:  83451.5
Root Upper Bound: inf
Root lower Bound: 75049.00000000055
ND-Point: 4

-----------------------------------------
Warning for adding constraints: zero or small (< 1e-13) coefficients, ignored
Set parameter NodeLimit to value 0
Set parameter TimeLimit to value 2.8150630478858948e+03
Set parameter Threads to value 1
Gurobi Optimizer version 11.0.2 build v11.0.2rc0 (linux64 - "Debian GNU/Linux 10 (buster)")

CPU model: Intel(R) Xeon(R) CPU           X5570  @ 2.93GHz, instruction set [SSE2]
Thread count: 8 physical cores, 16 logical processors, using up to 1 threads

Optimize a model with 64126 rows, 8000 columns and 194405 nonzeros
Model fingerprint: 0x8db9290f
Variable types: 0 continuous, 8000 integer (8000 binary)
Coefficient statistics:
  Matrix range     [1e+00, 4e+02]
  Objective range  [1e+00, 4e+02]
  Bounds range     [1e+00, 1e+00]
  RHS range        [1e+00, 3e+04]
Presolve removed 0 rows and 4580 columns
Presolve time: 0.52s
Presolved: 64126 rows, 3420 columns, 194405 nonzeros
Variable types: 0 continuous, 3420 integer (3420 binary)
Root relaxation presolved: 3420 rows, 67546 columns, 197825 nonzeros


Root simplex log...

Iteration    Objective       Primal Inf.    Dual Inf.      Time
   14098    7.0866994e+04   0.000000e+00   2.458561e+05      5s
   26747    7.2553492e+04   0.000000e+00   1.693185e+05     10s
   37154    7.3485712e+04   0.000000e+00   1.363642e+05     15s
   47564    7.4156804e+04   0.000000e+00   5.665898e+04     20s
   58240    7.4787312e+04   0.000000e+00   1.639995e+05     25s
   68867    7.5077621e+04   0.000000e+00   5.024329e+01     30s
   70096    7.5077643e+04   0.000000e+00   0.000000e+00     31s
   70096    7.5077643e+04   0.000000e+00   0.000000e+00     31s

Root relaxation: objective 7.507764e+04, 70096 iterations, 29.83 seconds (17.96 work units)

    Nodes    |    Current Node    |     Objective Bounds      |     Work
 Expl Unexpl |  Obj  Depth IntInf | Incumbent    BestBd   Gap | It/Node Time

     0     0 75077.6433    0   36          - 75077.6433      -     -   30s

Explored 1 nodes (70098 simplex iterations) in 30.91 seconds (18.60 work units)
Thread count was 1 (of 16 available processors)

Solution count 0

Node limit reached
Best objective -, best bound 7.507850000000e+04, gap -
Root Upper inf
Root Lower 75077.64326647573
Reset all parameters
Set parameter TimeLimit to value 2.6687845764160156e+03
Set parameter Threads to value 1
Gurobi Optimizer version 11.0.2 build v11.0.2rc0 (linux64 - "Debian GNU/Linux 10 (buster)")

CPU model: Intel(R) Xeon(R) CPU           X5570  @ 2.93GHz, instruction set [SSE2]
Thread count: 8 physical cores, 16 logical processors, using up to 1 threads

Optimize a model with 64126 rows, 8000 columns and 194405 nonzeros
Model fingerprint: 0x8db9290f
Variable types: 0 continuous, 8000 integer (8000 binary)
Coefficient statistics:
  Matrix range     [1e+00, 4e+02]
  Objective range  [1e+00, 4e+02]
  Bounds range     [1e+00, 1e+00]
  RHS range        [1e+00, 3e+04]
Presolved: 64126 rows, 3420 columns, 194405 nonzeros

Continuing optimization...

     0     0 75077.6433    0   36          - 75077.6433      -     -   61s
H    0     0                    75174.500000 75077.6433  0.13%     -   61s
H    0     0                    75118.500000 75077.6433  0.05%     -   61s
     0     0 75077.6433    0   36 75118.5000 75077.6433  0.05%     -   62s
H    0     0                    75097.500000 75077.6433  0.03%     -   67s

Explored 1 nodes (140198 simplex iterations) in 38.24 seconds (23.37 work units)
Thread count was 1 (of 16 available processors)

Solution count 4: 75097.5 75118.5 75174.5 75427.5 

Optimal solution found (tolerance 1.00e-04)
Best objective 7.509750000000e+04, best bound 7.509750000000e+04, gap 0.0000%
flow1:  75097.5
flow2:  83380.5
Root Upper Bound: inf
Root lower Bound: 75077.64326647573
ND-Point: 5

-----------------------------------------
Warning for adding constraints: zero or small (< 1e-13) coefficients, ignored
Set parameter NodeLimit to value 0
Set parameter TimeLimit to value 2.6257505562305450e+03
Set parameter Threads to value 1
Gurobi Optimizer version 11.0.2 build v11.0.2rc0 (linux64 - "Debian GNU/Linux 10 (buster)")

CPU model: Intel(R) Xeon(R) CPU           X5570  @ 2.93GHz, instruction set [SSE2]
Thread count: 8 physical cores, 16 logical processors, using up to 1 threads

Optimize a model with 64126 rows, 8000 columns and 194405 nonzeros
Model fingerprint: 0x538da52f
Variable types: 0 continuous, 8000 integer (8000 binary)
Coefficient statistics:
  Matrix range     [1e+00, 4e+02]
  Objective range  [1e+00, 4e+02]
  Bounds range     [1e+00, 1e+00]
  RHS range        [1e+00, 3e+04]
Presolve removed 0 rows and 4580 columns
Presolve time: 0.51s
Presolved: 64126 rows, 3420 columns, 194405 nonzeros
Variable types: 0 continuous, 3420 integer (3420 binary)
Root relaxation presolved: 3420 rows, 67546 columns, 197825 nonzeros


Root simplex log...

Iteration    Objective       Primal Inf.    Dual Inf.      Time
   14098    7.0858546e+04   0.000000e+00   1.971592e+05      5s
   25798    7.2540824e+04   0.000000e+00   1.244054e+05     10s
   37004    7.3595870e+04   0.000000e+00   9.207323e+04     15s
   48291    7.4469877e+04   0.000000e+00   5.466176e+04     20s
   59271    7.5086768e+04   0.000000e+00   7.399119e+02     25s
   60181    7.5087815e+04   0.000000e+00   0.000000e+00     26s
   60181    7.5087815e+04   0.000000e+00   0.000000e+00     26s

Root relaxation: objective 7.508782e+04, 60181 iterations, 24.67 seconds (15.44 work units)

    Nodes    |    Current Node    |     Objective Bounds      |     Work
 Expl Unexpl |  Obj  Depth IntInf | Incumbent    BestBd   Gap | It/Node Time

     0     0 75087.8152    0   36          - 75087.8152      -     -   25s

Explored 1 nodes (60185 simplex iterations) in 25.74 seconds (16.08 work units)
Thread count was 1 (of 16 available processors)

Solution count 0

Node limit reached
Best objective -, best bound 7.508850000000e+04, gap -
Root Upper inf
Root Lower 75087.81518624627
Reset all parameters
Set parameter TimeLimit to value 2.4799003908634186e+03
Set parameter Threads to value 1
Gurobi Optimizer version 11.0.2 build v11.0.2rc0 (linux64 - "Debian GNU/Linux 10 (buster)")

CPU model: Intel(R) Xeon(R) CPU           X5570  @ 2.93GHz, instruction set [SSE2]
Thread count: 8 physical cores, 16 logical processors, using up to 1 threads

Optimize a model with 64126 rows, 8000 columns and 194405 nonzeros
Model fingerprint: 0x538da52f
Variable types: 0 continuous, 8000 integer (8000 binary)
Coefficient statistics:
  Matrix range     [1e+00, 4e+02]
  Objective range  [1e+00, 4e+02]
  Bounds range     [1e+00, 1e+00]
  RHS range        [1e+00, 3e+04]
Presolved: 64126 rows, 3420 columns, 194405 nonzeros

Continuing optimization...

     0     0 75087.8152    0   36          - 75087.8152      -     -   50s
H    0     0                    75638.500000 75087.8152  0.73%     -   50s
H    0     0                    75174.500000 75087.8152  0.12%     -   50s
H    0     0                    75118.500000 75087.8152  0.04%     -   50s
     0     0 75087.8152    0   36 75118.5000 75087.8152  0.04%     -   51s
     0     0 75087.8152    0    1 75118.5000 75087.8152  0.04%     -   51s
     0     0 75088.8977    0    7 75118.5000 75088.8977  0.04%     -   51s
     0     0 75092.5626    0   20 75118.5000 75092.5626  0.03%     -   51s

Cutting planes:
  RLT: 1

Explored 1 nodes (120418 simplex iterations) in 26.19 seconds (16.24 work units)
Thread count was 1 (of 16 available processors)

Solution count 4: 75118.5 75174.5 75427.5 75638.5 

Optimal solution found (tolerance 1.00e-04)
Best objective 7.511850000000e+04, best bound 7.511850000000e+04, gap 0.0000%
flow1:  75118.5
flow2:  83192.5
Root Upper Bound: inf
Root lower Bound: 75087.81518624627
ND-Point: 6

-----------------------------------------
Warning for adding constraints: zero or small (< 1e-13) coefficients, ignored
Set parameter NodeLimit to value 0
Set parameter TimeLimit to value 2.4535731437206268e+03
Set parameter Threads to value 1
Gurobi Optimizer version 11.0.2 build v11.0.2rc0 (linux64 - "Debian GNU/Linux 10 (buster)")

CPU model: Intel(R) Xeon(R) CPU           X5570  @ 2.93GHz, instruction set [SSE2]
Thread count: 8 physical cores, 16 logical processors, using up to 1 threads

Optimize a model with 64126 rows, 8000 columns and 194405 nonzeros
Model fingerprint: 0x9190362d
Variable types: 0 continuous, 8000 integer (8000 binary)
Coefficient statistics:
  Matrix range     [1e+00, 4e+02]
  Objective range  [1e+00, 4e+02]
  Bounds range     [1e+00, 1e+00]
  RHS range        [1e+00, 3e+04]
Presolve removed 0 rows and 4580 columns
Presolve time: 0.57s
Presolved: 64126 rows, 3420 columns, 194405 nonzeros
Variable types: 0 continuous, 3420 integer (3420 binary)
Root relaxation presolved: 3420 rows, 67546 columns, 197825 nonzeros


Root simplex log...

Iteration    Objective       Primal Inf.    Dual Inf.      Time
   13396    7.0759753e+04   0.000000e+00   5.575159e+05      5s
   25808    7.2439500e+04   0.000000e+00   8.150410e+05     10s
   37806    7.3523499e+04   0.000000e+00   1.871954e+05     15s
   48989    7.4495778e+04   0.000000e+00   3.368041e+04     20s
   59751    7.5094137e+04   0.000000e+00   1.237970e+04     25s
   62746    7.5114749e+04   0.000000e+00   0.000000e+00     26s
   62746    7.5114749e+04   0.000000e+00   0.000000e+00     27s

Root relaxation: objective 7.511475e+04, 62746 iterations, 25.56 seconds (15.32 work units)

    Nodes    |    Current Node    |     Objective Bounds      |     Work
 Expl Unexpl |  Obj  Depth IntInf | Incumbent    BestBd   Gap | It/Node Time

     0     0 75114.7493    0   36          - 75114.7493      -     -   26s

Explored 1 nodes (62752 simplex iterations) in 26.75 seconds (15.98 work units)
Thread count was 1 (of 16 available processors)

Solution count 0

Node limit reached
Best objective -, best bound 7.511550000000e+04, gap -
Root Upper inf
Root Lower 75114.74928366722
Reset all parameters
Set parameter TimeLimit to value 2.3066369414329529e+03
Set parameter Threads to value 1
Gurobi Optimizer version 11.0.2 build v11.0.2rc0 (linux64 - "Debian GNU/Linux 10 (buster)")

CPU model: Intel(R) Xeon(R) CPU           X5570  @ 2.93GHz, instruction set [SSE2]
Thread count: 8 physical cores, 16 logical processors, using up to 1 threads

Optimize a model with 64126 rows, 8000 columns and 194405 nonzeros
Model fingerprint: 0x9190362d
Variable types: 0 continuous, 8000 integer (8000 binary)
Coefficient statistics:
  Matrix range     [1e+00, 4e+02]
  Objective range  [1e+00, 4e+02]
  Bounds range     [1e+00, 1e+00]
  RHS range        [1e+00, 3e+04]
Presolved: 64126 rows, 3420 columns, 194405 nonzeros

Continuing optimization...

     0     0 75114.7493    0   36          - 75114.7493      -     -   52s
H    0     0                    75174.500000 75114.7493  0.08%     -   52s
     0     0 75114.7493    0   36 75174.5000 75114.7493  0.08%     -   53s
H    0     0                    75138.500000 75114.7493  0.03%     -   59s
     0     0 75122.3300    0    1 75138.5000 75122.3300  0.02%     -   60s
     0     0 75122.9810    0    1 75138.5000 75122.9810  0.02%     -   60s

Cutting planes:
  Cover: 1

Explored 1 nodes (125516 simplex iterations) in 33.70 seconds (21.24 work units)
Thread count was 1 (of 16 available processors)

Solution count 2: 75138.5 75174.5 

Optimal solution found (tolerance 1.00e-04)
Best objective 7.513850000000e+04, best bound 7.513850000000e+04, gap 0.0000%
flow1:  75138.5
flow2:  83121.5
Root Upper Bound: inf
Root lower Bound: 75114.74928366722
ND-Point: 7

-----------------------------------------
Warning for adding constraints: zero or small (< 1e-13) coefficients, ignored
Set parameter NodeLimit to value 0
Set parameter TimeLimit to value 2.2747000977993011e+03
Set parameter Threads to value 1
Gurobi Optimizer version 11.0.2 build v11.0.2rc0 (linux64 - "Debian GNU/Linux 10 (buster)")

CPU model: Intel(R) Xeon(R) CPU           X5570  @ 2.93GHz, instruction set [SSE2]
Thread count: 8 physical cores, 16 logical processors, using up to 1 threads

Optimize a model with 64126 rows, 8000 columns and 194405 nonzeros
Model fingerprint: 0xaa1443e2
Variable types: 0 continuous, 8000 integer (8000 binary)
Coefficient statistics:
  Matrix range     [1e+00, 4e+02]
  Objective range  [1e+00, 4e+02]
  Bounds range     [1e+00, 1e+00]
  RHS range        [1e+00, 3e+04]
Presolve removed 0 rows and 4580 columns
Presolve time: 0.57s
Presolved: 64126 rows, 3420 columns, 194405 nonzeros
Variable types: 0 continuous, 3420 integer (3420 binary)
Root relaxation presolved: 3420 rows, 67546 columns, 197825 nonzeros


Root simplex log...

Iteration    Objective       Primal Inf.    Dual Inf.      Time
   13396    7.0759753e+04   0.000000e+00   5.575181e+05      5s
   25388    7.2246426e+04   0.000000e+00   1.389373e+05     10s
   36370    7.3375418e+04   0.000000e+00   8.430521e+04     15s
   47479    7.4204370e+04   0.000000e+00   2.375792e+05     20s
   58468    7.4955438e+04   0.000000e+00   3.675473e+04     25s
   63150    7.5124921e+04   0.000000e+00   0.000000e+00     27s
   63150    7.5124921e+04   0.000000e+00   0.000000e+00     27s

Root relaxation: objective 7.512492e+04, 63150 iterations, 26.47 seconds (15.89 work units)

    Nodes    |    Current Node    |     Objective Bounds      |     Work
 Expl Unexpl |  Obj  Depth IntInf | Incumbent    BestBd   Gap | It/Node Time

     0     0 75124.9212    0   36          - 75124.9212      -     -   27s

Explored 1 nodes (63154 simplex iterations) in 27.64 seconds (16.56 work units)
Thread count was 1 (of 16 available processors)

Solution count 0

Node limit reached
Best objective -, best bound 7.512550000000e+04, gap -
Root Upper inf
Root Lower 75124.92120343843
Reset all parameters
Set parameter TimeLimit to value 2.1286869704723358e+03
Set parameter Threads to value 1
Gurobi Optimizer version 11.0.2 build v11.0.2rc0 (linux64 - "Debian GNU/Linux 10 (buster)")

CPU model: Intel(R) Xeon(R) CPU           X5570  @ 2.93GHz, instruction set [SSE2]
Thread count: 8 physical cores, 16 logical processors, using up to 1 threads

Optimize a model with 64126 rows, 8000 columns and 194405 nonzeros
Model fingerprint: 0xaa1443e2
Variable types: 0 continuous, 8000 integer (8000 binary)
Coefficient statistics:
  Matrix range     [1e+00, 4e+02]
  Objective range  [1e+00, 4e+02]
  Bounds range     [1e+00, 1e+00]
  RHS range        [1e+00, 3e+04]
Presolved: 64126 rows, 3420 columns, 194405 nonzeros

Continuing optimization...

     0     0 75124.9212    0   36          - 75124.9212      -     -   54s
H    0     0                    75174.500000 75124.9212  0.07%     -   54s
     0     0 75124.9212    0   36 75174.5000 75124.9212  0.07%     -   55s
     0     0 75124.9212    0    1 75174.5000 75124.9212  0.07%     -   63s
     0     0 75131.7092    0   21 75174.5000 75131.7092  0.06%     -   63s
     0     0 75134.7213    0    1 75174.5000 75134.7213  0.05%     -   63s
     0     0 75136.5680    0    8 75174.5000 75136.5680  0.05%     -   63s
     0     0 75142.5541    0    8 75174.5000 75142.5541  0.04%     -   63s
     0     0 75151.7462    0    3 75174.5000 75151.7462  0.03%     -   63s
     0     0 75160.3687    0   13 75174.5000 75160.3687  0.02%     -   63s
     0     0 75161.4257    0   15 75174.5000 75161.4257  0.02%     -   63s
     0     0 75161.4984    0   15 75174.5000 75161.4984  0.02%     -   63s
     0     0 75161.7760    0   15 75174.5000 75161.7760  0.02%     -   63s

Cutting planes:
  Gomory: 2
  Cover: 2
  MIR: 2
  StrongCG: 2
  RLT: 1

Explored 1 nodes (126493 simplex iterations) in 35.40 seconds (22.15 work units)
Thread count was 1 (of 16 available processors)

Solution count 1: 75174.5 

Optimal solution found (tolerance 1.00e-04)
Best objective 7.517450000000e+04, best bound 7.516850000000e+04, gap 0.0080%
flow1:  75174.5
flow2:  83083.5
Root Upper Bound: inf
Root lower Bound: 75124.92120343843
ND-Point: 8

-----------------------------------------
Warning for adding constraints: zero or small (< 1e-13) coefficients, ignored
Set parameter NodeLimit to value 0
Set parameter TimeLimit to value 2.0870152666568756e+03
Set parameter Threads to value 1
Gurobi Optimizer version 11.0.2 build v11.0.2rc0 (linux64 - "Debian GNU/Linux 10 (buster)")

CPU model: Intel(R) Xeon(R) CPU           X5570  @ 2.93GHz, instruction set [SSE2]
Thread count: 8 physical cores, 16 logical processors, using up to 1 threads

Optimize a model with 64126 rows, 8000 columns and 194405 nonzeros
Model fingerprint: 0xe50a3621
Variable types: 0 continuous, 8000 integer (8000 binary)
Coefficient statistics:
  Matrix range     [1e+00, 4e+02]
  Objective range  [1e+00, 4e+02]
  Bounds range     [1e+00, 1e+00]
  RHS range        [1e+00, 3e+04]
Presolve removed 0 rows and 4580 columns
Presolve time: 0.53s
Presolved: 64126 rows, 3420 columns, 194405 nonzeros
Variable types: 0 continuous, 3420 integer (3420 binary)
Root relaxation presolved: 3420 rows, 67546 columns, 197825 nonzeros


Root simplex log...

Iteration    Objective       Primal Inf.    Dual Inf.      Time
   14332    7.0911905e+04   0.000000e+00   2.122039e+05      5s
   26995    7.2494460e+04   0.000000e+00   1.651651e+05     10s
   39184    7.3567708e+04   0.000000e+00   9.714210e+04     15s
   50803    7.4513937e+04   0.000000e+00   6.000927e+04     20s
   62140    7.5115535e+04   0.000000e+00   2.745685e+04     25s
   64003    7.5130365e+04   0.000000e+00   0.000000e+00     26s
   64003    7.5130365e+04   0.000000e+00   0.000000e+00     26s

Root relaxation: objective 7.513037e+04, 64003 iterations, 25.06 seconds (15.64 work units)

    Nodes    |    Current Node    |     Objective Bounds      |     Work
 Expl Unexpl |  Obj  Depth IntInf | Incumbent    BestBd   Gap | It/Node Time

     0     0 75130.3653    0   36          - 75130.3653      -     -   26s

Explored 1 nodes (64006 simplex iterations) in 26.13 seconds (16.28 work units)
Thread count was 1 (of 16 available processors)

Solution count 0

Node limit reached
Best objective -, best bound 7.513050000000e+04, gap -
Root Upper inf
Root Lower 75130.36532951304
Reset all parameters
Set parameter TimeLimit to value 1.9363117957115173e+03
Set parameter Threads to value 1
Gurobi Optimizer version 11.0.2 build v11.0.2rc0 (linux64 - "Debian GNU/Linux 10 (buster)")

CPU model: Intel(R) Xeon(R) CPU           X5570  @ 2.93GHz, instruction set [SSE2]
Thread count: 8 physical cores, 16 logical processors, using up to 1 threads

Optimize a model with 64126 rows, 8000 columns and 194405 nonzeros
Model fingerprint: 0xe50a3621
Variable types: 0 continuous, 8000 integer (8000 binary)
Coefficient statistics:
  Matrix range     [1e+00, 4e+02]
  Objective range  [1e+00, 4e+02]
  Bounds range     [1e+00, 1e+00]
  RHS range        [1e+00, 3e+04]
Presolved: 64126 rows, 3420 columns, 194405 nonzeros

Continuing optimization...

     0     0 75130.3653    0   36          - 75130.3653      -     -   51s
     0     0 75130.3653    0   36          - 75130.3653      -     -   52s
H    0     0                    75215.500000 75130.3653  0.11%     -   62s
     0     0 75130.3653    0    7 75215.5000 75130.3653  0.11%     -   76s
H    0     0                    75194.500000 75130.3653  0.09%     -   76s
     0     0 75135.1956    0   64 75194.5000 75135.1956  0.08%     -   77s
     0     0 75135.3603    0   90 75194.5000 75135.3603  0.08%     -   78s
H    0     0                    75191.500000 75135.3603  0.07%     -   78s
     0     0 75135.9347    0   92 75191.5000 75135.9347  0.07%     -   79s
     0     0 75136.5322    0   92 75191.5000 75136.5322  0.07%     -   79s
     0     0 75137.1322    0  118 75191.5000 75137.1322  0.07%     -   80s
     0     0 75137.2677    0  118 75191.5000 75137.2677  0.07%     -   80s
     0     0 75137.5280    0  118 75191.5000 75137.5280  0.07%     -   81s
     0     2 75138.2151    0  118 75191.5000 75138.2151  0.07%     -   84s
     1     3 75144.0668    1   27 75191.5000 75144.0668  0.06%   375   85s
     5     4 75174.6583    3   26 75191.5000 75151.5134  0.05%   600   90s

Cutting planes:
  Gomory: 1
  StrongCG: 1
  RLT: 1

Explored 13 nodes (143895 simplex iterations) in 66.24 seconds (43.69 work units)
Thread count was 1 (of 16 available processors)

Solution count 3: 75191.5 75194.5 75215.5 

Optimal solution found (tolerance 1.00e-04)
Best objective 7.519150000000e+04, best bound 7.518550000000e+04, gap 0.0080%
flow1:  75191.5
flow2:  82945.5
Root Upper Bound: inf
Root lower Bound: 75130.36532951304
ND-Point: 9

-----------------------------------------
Warning for adding constraints: zero or small (< 1e-13) coefficients, ignored
Set parameter NodeLimit to value 0
Set parameter TimeLimit to value 1.8722685155868530e+03
Set parameter Threads to value 1
Gurobi Optimizer version 11.0.2 build v11.0.2rc0 (linux64 - "Debian GNU/Linux 10 (buster)")

CPU model: Intel(R) Xeon(R) CPU           X5570  @ 2.93GHz, instruction set [SSE2]
Thread count: 8 physical cores, 16 logical processors, using up to 1 threads

Optimize a model with 64126 rows, 8000 columns and 194405 nonzeros
Model fingerprint: 0x03170f09
Variable types: 0 continuous, 8000 integer (8000 binary)
Coefficient statistics:
  Matrix range     [1e+00, 4e+02]
  Objective range  [1e+00, 4e+02]
  Bounds range     [1e+00, 1e+00]
  RHS range        [1e+00, 3e+04]
Presolve removed 0 rows and 4580 columns
Presolve time: 0.58s
Presolved: 64126 rows, 3420 columns, 194405 nonzeros
Variable types: 0 continuous, 3420 integer (3420 binary)
Root relaxation presolved: 3420 rows, 67546 columns, 197825 nonzeros


Root simplex log...

Iteration    Objective       Primal Inf.    Dual Inf.      Time
   13396    7.0759753e+04   0.000000e+00   5.575236e+05      5s
   24394    7.2345263e+04   0.000000e+00   4.255924e+05     10s
   34903    7.3448255e+04   0.000000e+00   3.473632e+05     15s
   46121    7.4283624e+04   0.000000e+00   1.629411e+05     20s
   56813    7.4910391e+04   0.000000e+00   4.542318e+04     25s
   61785    7.5150136e+04   0.000000e+00   0.000000e+00     27s
   61785    7.5150136e+04   0.000000e+00   0.000000e+00     27s

Root relaxation: objective 7.515014e+04, 61785 iterations, 26.44 seconds (15.78 work units)

    Nodes    |    Current Node    |     Objective Bounds      |     Work
 Expl Unexpl |  Obj  Depth IntInf | Incumbent    BestBd   Gap | It/Node Time

     0     0 75150.1361    0   36          - 75150.1361      -     -   27s

Explored 1 nodes (61786 simplex iterations) in 27.61 seconds (16.42 work units)
Thread count was 1 (of 16 available processors)

Solution count 0

Node limit reached
Best objective -, best bound 7.515050000000e+04, gap -
Root Upper inf
Root Lower 75150.13610315233
Reset all parameters
Set parameter TimeLimit to value 1.7223506412506104e+03
Set parameter Threads to value 1
Gurobi Optimizer version 11.0.2 build v11.0.2rc0 (linux64 - "Debian GNU/Linux 10 (buster)")

CPU model: Intel(R) Xeon(R) CPU           X5570  @ 2.93GHz, instruction set [SSE2]
Thread count: 8 physical cores, 16 logical processors, using up to 1 threads

Optimize a model with 64126 rows, 8000 columns and 194405 nonzeros
Model fingerprint: 0x03170f09
Variable types: 0 continuous, 8000 integer (8000 binary)
Coefficient statistics:
  Matrix range     [1e+00, 4e+02]
  Objective range  [1e+00, 4e+02]
  Bounds range     [1e+00, 1e+00]
  RHS range        [1e+00, 3e+04]
Presolved: 64126 rows, 3420 columns, 194405 nonzeros

Continuing optimization...

     0     0 75150.1361    0   36          - 75150.1361      -     -   55s
H    0     0                    75215.500000 75150.1361  0.09%     -   56s
     0     0 75150.1361    0   36 75215.5000 75150.1361  0.09%     -   56s
     0     0 75150.1361    0    1 75215.5000 75150.1361  0.09%     -   66s
     0     0 75154.9870    0   57 75215.5000 75154.9870  0.08%     -   66s
     0     0 75154.9870    0    1 75215.5000 75154.9870  0.08%     -   67s
     0     0 75175.4713    0   21 75215.5000 75175.4713  0.05%     -   67s
     0     0 75176.7482    0   21 75215.5000 75176.7482  0.05%     -   67s
     0     0 75190.8028    0   12 75215.5000 75190.8028  0.03%     -   67s
     0     0 75190.8117    0   11 75215.5000 75190.8117  0.03%     -   67s
H    0     0                    75211.500057 75190.8117  0.03%     -   67s
H    0     0                    75211.500000 75190.8117  0.03%     -   67s
     0     0 75191.7272    0   36 75211.5000 75191.7272  0.03%     -   67s
     0     0 75191.7272    0    1 75211.5000 75191.7272  0.03%     -   67s
     0     0 75196.8478    0    1 75211.5000 75196.8478  0.02%     -   67s

Cutting planes:
  Cover: 1

Explored 1 nodes (125413 simplex iterations) in 39.48 seconds (23.28 work units)
Thread count was 1 (of 16 available processors)

Solution count 2: 75211.5 75215.5 

Optimal solution found (tolerance 1.00e-04)
Best objective 7.521150000000e+04, best bound 7.521150000000e+04, gap 0.0000%
flow1:  75211.5
flow2:  82874.5
Root Upper Bound: inf
Root lower Bound: 75150.13610315233
ND-Point: 10

-----------------------------------------
Warning for adding constraints: zero or small (< 1e-13) coefficients, ignored
Set parameter NodeLimit to value 0
Set parameter TimeLimit to value 1.6852908809185028e+03
Set parameter Threads to value 1
Gurobi Optimizer version 11.0.2 build v11.0.2rc0 (linux64 - "Debian GNU/Linux 10 (buster)")

CPU model: Intel(R) Xeon(R) CPU           X5570  @ 2.93GHz, instruction set [SSE2]
Thread count: 8 physical cores, 16 logical processors, using up to 1 threads

Optimize a model with 64126 rows, 8000 columns and 194405 nonzeros
Model fingerprint: 0x158ce2b6
Variable types: 0 continuous, 8000 integer (8000 binary)
Coefficient statistics:
  Matrix range     [1e+00, 4e+02]
  Objective range  [1e+00, 4e+02]
  Bounds range     [1e+00, 1e+00]
  RHS range        [1e+00, 3e+04]
Presolve removed 0 rows and 4580 columns
Presolve time: 0.52s
Presolved: 64126 rows, 3420 columns, 194405 nonzeros
Variable types: 0 continuous, 3420 integer (3420 binary)
Root relaxation presolved: 3420 rows, 67546 columns, 197825 nonzeros


Root simplex log...

Iteration    Objective       Primal Inf.    Dual Inf.      Time
   14111    7.0961910e+04   0.000000e+00   5.288956e+05      5s
   25350    7.2543640e+04   0.000000e+00   1.769350e+05     10s
   36345    7.3617467e+04   0.000000e+00   2.911844e+04     15s
   48094    7.4679386e+04   0.000000e+00   4.708189e+04     20s
   56924    7.5160308e+04   0.000000e+00   0.000000e+00     24s
   56924    7.5160308e+04   0.000000e+00   0.000000e+00     24s

Root relaxation: objective 7.516031e+04, 56924 iterations, 23.18 seconds (14.65 work units)

    Nodes    |    Current Node    |     Objective Bounds      |     Work
 Expl Unexpl |  Obj  Depth IntInf | Incumbent    BestBd   Gap | It/Node Time

     0     0 75160.3080    0   36          - 75160.3080      -     -   24s

Explored 1 nodes (56927 simplex iterations) in 24.29 seconds (15.31 work units)
Thread count was 1 (of 16 available processors)

Solution count 0

Node limit reached
Best objective -, best bound 7.516050000000e+04, gap -
Root Upper inf
Root Lower 75160.30802292263
Reset all parameters
Set parameter TimeLimit to value 1.5411517293453217e+03
Set parameter Threads to value 1
Gurobi Optimizer version 11.0.2 build v11.0.2rc0 (linux64 - "Debian GNU/Linux 10 (buster)")

CPU model: Intel(R) Xeon(R) CPU           X5570  @ 2.93GHz, instruction set [SSE2]
Thread count: 8 physical cores, 16 logical processors, using up to 1 threads

Optimize a model with 64126 rows, 8000 columns and 194405 nonzeros
Model fingerprint: 0x158ce2b6
Variable types: 0 continuous, 8000 integer (8000 binary)
Coefficient statistics:
  Matrix range     [1e+00, 4e+02]
  Objective range  [1e+00, 4e+02]
  Bounds range     [1e+00, 1e+00]
  RHS range        [1e+00, 3e+04]
Presolved: 64126 rows, 3420 columns, 194405 nonzeros

Continuing optimization...

     0     0 75160.3080    0   36          - 75160.3080      -     -   49s
H    0     0                    75215.500000 75160.3080  0.07%     -   49s
     0     0 75160.3080    0   36 75215.5000 75160.3080  0.07%     -   50s
     0     0 75160.3080    0    1 75215.5000 75160.3080  0.07%     -   59s
     0     0 75166.3405    0   36 75215.5000 75166.3405  0.07%     -   59s
     0     0 75166.3405    0    1 75215.5000 75166.3405  0.07%     -   59s
     0     0 75190.3696    0    2 75215.5000 75190.3696  0.03%     -   59s
     0     0 75202.8977    0    6 75215.5000 75202.8977  0.02%     -   59s

Cutting planes:
  Cover: 1
  Clique: 6

Explored 1 nodes (114273 simplex iterations) in 34.77 seconds (21.52 work units)
Thread count was 1 (of 16 available processors)

Solution count 1: 75215.5 

Optimal solution found (tolerance 1.00e-04)
Best objective 7.521550000000e+04, best bound 7.521550000000e+04, gap 0.0000%
flow1:  75215.5
flow2:  82824.5
Root Upper Bound: inf
Root lower Bound: 75160.30802292263
ND-Point: 11

-----------------------------------------
Warning for adding constraints: zero or small (< 1e-13) coefficients, ignored
Set parameter NodeLimit to value 0
Set parameter TimeLimit to value 1.5017287254333496e+03
Set parameter Threads to value 1
Gurobi Optimizer version 11.0.2 build v11.0.2rc0 (linux64 - "Debian GNU/Linux 10 (buster)")

CPU model: Intel(R) Xeon(R) CPU           X5570  @ 2.93GHz, instruction set [SSE2]
Thread count: 8 physical cores, 16 logical processors, using up to 1 threads

Optimize a model with 64126 rows, 8000 columns and 194405 nonzeros
Model fingerprint: 0x3d28e308
Variable types: 0 continuous, 8000 integer (8000 binary)
Coefficient statistics:
  Matrix range     [1e+00, 4e+02]
  Objective range  [1e+00, 4e+02]
  Bounds range     [1e+00, 1e+00]
  RHS range        [1e+00, 3e+04]
Presolve removed 0 rows and 4580 columns
Presolve time: 0.61s
Presolved: 64126 rows, 3420 columns, 194405 nonzeros
Variable types: 0 continuous, 3420 integer (3420 binary)
Root relaxation presolved: 3420 rows, 67546 columns, 197825 nonzeros


Root simplex log...

Iteration    Objective       Primal Inf.    Dual Inf.      Time
   12697    7.0874408e+04   0.000000e+00   2.971701e+05      5s
   24631    7.2426887e+04   0.000000e+00   1.912827e+05     10s
   36118    7.3417078e+04   0.000000e+00   7.319356e+04     15s
   47615    7.4119085e+04   0.000000e+00   8.333585e+04     20s
   58064    7.4864553e+04   0.000000e+00   9.862792e+04     25s
   66812    7.5167471e+04   0.000000e+00   0.000000e+00     29s
   66812    7.5167471e+04   0.000000e+00   0.000000e+00     29s

Root relaxation: objective 7.516747e+04, 66812 iterations, 28.39 seconds (16.11 work units)

    Nodes    |    Current Node    |     Objective Bounds      |     Work
 Expl Unexpl |  Obj  Depth IntInf | Incumbent    BestBd   Gap | It/Node Time

     0     0 75167.4713    0   36          - 75167.4713      -     -   29s

Explored 1 nodes (66816 simplex iterations) in 29.63 seconds (16.75 work units)
Thread count was 1 (of 16 available processors)

Solution count 0

Node limit reached
Best objective -, best bound 7.516750000000e+04, gap -
Root Upper inf
Root Lower 75167.47134670397
Reset all parameters
Set parameter TimeLimit to value 1.3476486825942993e+03
Set parameter Threads to value 1
Gurobi Optimizer version 11.0.2 build v11.0.2rc0 (linux64 - "Debian GNU/Linux 10 (buster)")

CPU model: Intel(R) Xeon(R) CPU           X5570  @ 2.93GHz, instruction set [SSE2]
Thread count: 8 physical cores, 16 logical processors, using up to 1 threads

Optimize a model with 64126 rows, 8000 columns and 194405 nonzeros
Model fingerprint: 0x3d28e308
Variable types: 0 continuous, 8000 integer (8000 binary)
Coefficient statistics:
  Matrix range     [1e+00, 4e+02]
  Objective range  [1e+00, 4e+02]
  Bounds range     [1e+00, 1e+00]
  RHS range        [1e+00, 3e+04]
Presolved: 64126 rows, 3420 columns, 194405 nonzeros

Continuing optimization...

     0     0 75167.4713    0   36          - 75167.4713      -     -   57s
     0     0 75167.4713    0   36          - 75167.4713      -     -   58s
H    0     0                    75232.500000 75167.4713  0.09%     -   62s
     0     0 75167.4713    0    1 75232.5000 75167.4713  0.09%     -   67s
     0     0 75173.3975    0   64 75232.5000 75173.3975  0.08%     -   67s
     0     0 75183.0902    0   63 75232.5000 75183.0902  0.07%     -   67s
     0     0 75185.5182    0  103 75232.5000 75185.5182  0.06%     -   67s
     0     0 75186.3551    0  124 75232.5000 75186.3551  0.06%     -   68s
     0     0 75193.1499    0  106 75232.5000 75193.1499  0.05%     -   68s
     0     0 75194.9431    0   47 75232.5000 75194.9431  0.05%     -   68s
     0     0 75195.2953    0   70 75232.5000 75195.2953  0.05%     -   69s
     0     0 75195.3646    0  111 75232.5000 75195.3646  0.05%     -   69s
     0     0 75198.4974    0   65 75232.5000 75198.4974  0.05%     -   69s
     0     0 75198.5413    0  126 75232.5000 75198.5413  0.05%     -   69s
     0     0 75198.6676    0  128 75232.5000 75198.6676  0.04%     -   69s
     0     0 75198.6741    0  149 75232.5000 75198.6741  0.04%     -   69s
     0     0 75198.6741    0  149 75232.5000 75198.6741  0.04%     -   70s
     0     0 75198.6741    0    1 75232.5000 75198.6741  0.04%     -   70s
     0     0 75207.4143    0   20 75232.5000 75207.4143  0.03%     -   70s
     0     0 75210.6293    0   17 75232.5000 75210.6293  0.03%     -   70s
     0     0 75210.8127    0    7 75232.5000 75210.8127  0.03%     -   70s
     0     0 75212.6215    0   41 75232.5000 75212.6215  0.03%     -   70s
     0     0 75212.6903    0   15 75232.5000 75212.6903  0.03%     -   70s
     0     0 75215.9000    0   21 75232.5000 75215.9000  0.02%     -   70s
     0     0 75216.2273    0   29 75232.5000 75216.2273  0.02%     -   70s
     0     0 75216.2273    0    1 75232.5000 75216.2273  0.02%     -   70s
     0     0 75216.2273    0    1 75232.5000 75216.2273  0.02%     -   70s

Explored 1 nodes (138002 simplex iterations) in 40.91 seconds (24.83 work units)
Thread count was 1 (of 16 available processors)

Solution count 1: 75232.5 

Optimal solution found (tolerance 1.00e-04)
Best objective 7.523250000000e+04, best bound 7.523250000000e+04, gap 0.0000%
flow1:  75232.5
flow2:  82686.5
Root Upper Bound: inf
Root lower Bound: 75167.47134670397
ND-Point: 12

-----------------------------------------
Warning for adding constraints: zero or small (< 1e-13) coefficients, ignored
Set parameter NodeLimit to value 0
Set parameter TimeLimit to value 1.3123190541267395e+03
Set parameter Threads to value 1
Gurobi Optimizer version 11.0.2 build v11.0.2rc0 (linux64 - "Debian GNU/Linux 10 (buster)")

CPU model: Intel(R) Xeon(R) CPU           X5570  @ 2.93GHz, instruction set [SSE2]
Thread count: 8 physical cores, 16 logical processors, using up to 1 threads

Optimize a model with 64126 rows, 8000 columns and 194405 nonzeros
Model fingerprint: 0x82754a72
Variable types: 0 continuous, 8000 integer (8000 binary)
Coefficient statistics:
  Matrix range     [1e+00, 4e+02]
  Objective range  [1e+00, 4e+02]
  Bounds range     [1e+00, 1e+00]
  RHS range        [1e+00, 3e+04]
Presolve removed 0 rows and 4580 columns
Presolve time: 0.56s
Presolved: 64126 rows, 3420 columns, 194405 nonzeros
Variable types: 0 continuous, 3420 integer (3420 binary)
Root relaxation presolved: 3420 rows, 67546 columns, 197825 nonzeros


Root simplex log...

Iteration    Objective       Primal Inf.    Dual Inf.      Time
   13397    7.0895617e+04   0.000000e+00   2.959173e+05      5s
   25114    7.2416565e+04   0.000000e+00   2.103133e+05     10s
   35896    7.3599030e+04   0.000000e+00   1.025357e+05     15s
   46649    7.4487869e+04   0.000000e+00   1.616097e+04     20s
   57105    7.5113978e+04   0.000000e+00   3.779060e+05     25s
   59396    7.5187242e+04   0.000000e+00   0.000000e+00     26s
   59396    7.5187242e+04   0.000000e+00   0.000000e+00     26s

Root relaxation: objective 7.518724e+04, 59396 iterations, 25.19 seconds (14.97 work units)

    Nodes    |    Current Node    |     Objective Bounds      |     Work
 Expl Unexpl |  Obj  Depth IntInf | Incumbent    BestBd   Gap | It/Node Time

     0     0 75187.2421    0   36          - 75187.2421      -     -   26s

Explored 1 nodes (59399 simplex iterations) in 26.34 seconds (15.61 work units)
Thread count was 1 (of 16 available processors)

Solution count 0

Node limit reached
Best objective -, best bound 7.518750000000e+04, gap -
Root Upper inf
Root Lower 75187.24212034316
Reset all parameters
Set parameter TimeLimit to value 1.1671777472496033e+03
Set parameter Threads to value 1
Gurobi Optimizer version 11.0.2 build v11.0.2rc0 (linux64 - "Debian GNU/Linux 10 (buster)")

CPU model: Intel(R) Xeon(R) CPU           X5570  @ 2.93GHz, instruction set [SSE2]
Thread count: 8 physical cores, 16 logical processors, using up to 1 threads

Optimize a model with 64126 rows, 8000 columns and 194405 nonzeros
Model fingerprint: 0x82754a72
Variable types: 0 continuous, 8000 integer (8000 binary)
Coefficient statistics:
  Matrix range     [1e+00, 4e+02]
  Objective range  [1e+00, 4e+02]
  Bounds range     [1e+00, 1e+00]
  RHS range        [1e+00, 3e+04]
Presolved: 64126 rows, 3420 columns, 194405 nonzeros

Continuing optimization...

     0     0 75187.2421    0   36          - 75187.2421      -     -   51s
     0     0 75187.2421    0   36          - 75187.2421      -     -   52s
H    0     0                    75716.500000 75187.2421  0.70%     -   67s
H    0     0                    75288.500000 75187.2421  0.13%     -   68s
     0     0 75187.3001    0    9 75288.5000 75187.3001  0.13%     -   83s
     0     0 75198.4774    0   62 75288.5000 75198.4774  0.12%     -   84s
     0     0 75201.9667    0  117 75288.5000 75201.9667  0.11%     -   85s
     0     0 75202.7182    0  143 75288.5000 75202.7182  0.11%     -   86s
     0     0 75202.7840    0  143 75288.5000 75202.7840  0.11%     -   87s
     0     0 75206.9197    0  169 75288.5000 75206.9197  0.11%     -   89s
     0     0 75208.7103    0  191 75288.5000 75208.7103  0.11%     -   91s
H    0     0                    75252.500000 75208.7103  0.06%     -   91s
     0     0 75209.8099    0  190 75252.5000 75209.8099  0.06%     -   91s
     0     0 75213.3025    0  217 75252.5000 75213.3025  0.05%     -   92s
     0     0 75213.4065    0  194 75252.5000 75213.4065  0.05%     -   94s
     0     0 75218.2525    0  194 75252.5000 75218.2525  0.05%     -   96s
     0     0 75218.2525    0    1 75252.5000 75218.2525  0.05%     -   98s
     0     0 75232.7636    0    6 75252.5000 75232.7636  0.03%     -   98s
     0     0 75242.5000    0   15 75252.5000 75242.5000  0.01%     -   98s

Cutting planes:
  GUB cover: 1

Explored 1 nodes (133824 simplex iterations) in 72.24 seconds (45.52 work units)
Thread count was 1 (of 16 available processors)

Solution count 4: 75252.5 75288.5 75582.5 75716.5 

Optimal solution found (tolerance 1.00e-04)
Best objective 7.525250000000e+04, best bound 7.525250000000e+04, gap 0.0000%
flow1:  75252.5
flow2:  82615.5
Root Upper Bound: inf
Root lower Bound: 75187.24212034316
ND-Point: 13

-----------------------------------------
Warning for adding constraints: zero or small (< 1e-13) coefficients, ignored
Set parameter NodeLimit to value 0
Set parameter TimeLimit to value 1.0885113108158112e+03
Set parameter Threads to value 1
Gurobi Optimizer version 11.0.2 build v11.0.2rc0 (linux64 - "Debian GNU/Linux 10 (buster)")

CPU model: Intel(R) Xeon(R) CPU           X5570  @ 2.93GHz, instruction set [SSE2]
Thread count: 8 physical cores, 16 logical processors, using up to 1 threads

Optimize a model with 64126 rows, 8000 columns and 194405 nonzeros
Model fingerprint: 0x2c6643d4
Variable types: 0 continuous, 8000 integer (8000 binary)
Coefficient statistics:
  Matrix range     [1e+00, 4e+02]
  Objective range  [1e+00, 4e+02]
  Bounds range     [1e+00, 1e+00]
  RHS range        [1e+00, 3e+04]
Presolve removed 0 rows and 4580 columns
Presolve time: 0.53s
Presolved: 64126 rows, 3420 columns, 194405 nonzeros
Variable types: 0 continuous, 3420 integer (3420 binary)
Root relaxation presolved: 3420 rows, 67546 columns, 197825 nonzeros


Root simplex log...

Iteration    Objective       Primal Inf.    Dual Inf.      Time
   14332    7.0847868e+04   0.000000e+00   2.574324e+05      5s
   26266    7.2382783e+04   0.000000e+00   1.810563e+05     10s
   37789    7.3560867e+04   0.000000e+00   6.555050e+04     15s
   49653    7.4577055e+04   0.000000e+00   2.300348e+04     20s
   59694    7.5197414e+04   0.000000e+00   0.000000e+00     25s
   59694    7.5197414e+04   0.000000e+00   0.000000e+00     25s

Root relaxation: objective 7.519741e+04, 59694 iterations, 23.69 seconds (15.07 work units)

    Nodes    |    Current Node    |     Objective Bounds      |     Work
 Expl Unexpl |  Obj  Depth IntInf | Incumbent    BestBd   Gap | It/Node Time

     0     0 75197.4140    0   36          - 75197.4140      -     -   24s

Explored 1 nodes (59702 simplex iterations) in 24.81 seconds (15.77 work units)
Thread count was 1 (of 16 available processors)

Solution count 0

Node limit reached
Best objective -, best bound 7.519750000000e+04, gap -
Root Upper inf
Root Lower 75197.41404011843
Reset all parameters
Set parameter TimeLimit to value 9.3854285812377930e+02
Set parameter Threads to value 1
Gurobi Optimizer version 11.0.2 build v11.0.2rc0 (linux64 - "Debian GNU/Linux 10 (buster)")

CPU model: Intel(R) Xeon(R) CPU           X5570  @ 2.93GHz, instruction set [SSE2]
Thread count: 8 physical cores, 16 logical processors, using up to 1 threads

Optimize a model with 64126 rows, 8000 columns and 194405 nonzeros
Model fingerprint: 0x2c6643d4
Variable types: 0 continuous, 8000 integer (8000 binary)
Coefficient statistics:
  Matrix range     [1e+00, 4e+02]
  Objective range  [1e+00, 4e+02]
  Bounds range     [1e+00, 1e+00]
  RHS range        [1e+00, 3e+04]
Presolved: 64126 rows, 3420 columns, 194405 nonzeros

Continuing optimization...

     0     0 75197.4140    0   36          - 75197.4140      -     -   48s
     0     0 75197.4140    0   36          - 75197.4140      -     -   49s
H    0     0                    75288.500000 75197.4140  0.12%     -   60s
     0     0 75197.4140    0    6 75288.5000 75197.4140  0.12%     -   73s
     0     0 75209.5961    0   57 75288.5000 75209.5961  0.10%     -   74s
     0     0 75213.2546    0  106 75288.5000 75213.2546  0.10%     -   74s
     0     0 75213.5057    0  108 75288.5000 75213.5057  0.10%     -   75s
     0     0 75213.5271    0  108 75288.5000 75213.5271  0.10%     -   75s
     0     0 75213.6618    0  133 75288.5000 75213.6618  0.10%     -   76s
     0     0 75216.7007    0  108 75288.5000 75216.7007  0.10%     -   78s
     0     0 75216.9561    0  133 75288.5000 75216.9561  0.10%     -   78s
     0     0 75218.7891    0  156 75288.5000 75218.7891  0.09%     -   79s
     0     0 75218.9246    0  156 75288.5000 75218.9246  0.09%     -   79s
     0     0 75219.2271    0  181 75288.5000 75219.2271  0.09%     -   80s
     0     0 75223.9995    0  181 75288.5000 75223.9995  0.09%     -   82s
     0     2 75223.9995    0  181 75288.5000 75223.9995  0.09%     -   84s
     1     4 75251.4783    1   26 75288.5000 75225.9102  0.08%   426   85s
     6     1     cutoff    3      75288.5000 75262.9289  0.03%   270   90s

Cutting planes:
  Gomory: 2
  MIR: 3

Explored 8 nodes (134002 simplex iterations) in 65.34 seconds (43.83 work units)
Thread count was 1 (of 16 available processors)

Solution count 1: 75288.5 

Optimal solution found (tolerance 1.00e-04)
Best objective 7.528850000000e+04, best bound 7.528850000000e+04, gap 0.0000%
flow1:  75288.5
flow2:  82577.5
Root Upper Bound: inf
Root lower Bound: 75197.41404011843
ND-Point: 14

-----------------------------------------
Warning for adding constraints: zero or small (< 1e-13) coefficients, ignored
Set parameter NodeLimit to value 0
Set parameter TimeLimit to value 875.24729180336
Set parameter Threads to value 1
Gurobi Optimizer version 11.0.2 build v11.0.2rc0 (linux64 - "Debian GNU/Linux 10 (buster)")

CPU model: Intel(R) Xeon(R) CPU           X5570  @ 2.93GHz, instruction set [SSE2]
Thread count: 8 physical cores, 16 logical processors, using up to 1 threads

Optimize a model with 64126 rows, 8000 columns and 194405 nonzeros
Model fingerprint: 0x9846c1ba
Variable types: 0 continuous, 8000 integer (8000 binary)
Coefficient statistics:
  Matrix range     [1e+00, 4e+02]
  Objective range  [1e+00, 4e+02]
  Bounds range     [1e+00, 1e+00]
  RHS range        [1e+00, 3e+04]
Presolve removed 0 rows and 4580 columns
Presolve time: 0.54s
Presolved: 64126 rows, 3420 columns, 194405 nonzeros
Variable types: 0 continuous, 3420 integer (3420 binary)
Root relaxation presolved: 3420 rows, 67546 columns, 197825 nonzeros


Root simplex log...

Iteration    Objective       Primal Inf.    Dual Inf.      Time
   13864    7.0887587e+04   0.000000e+00   1.871741e+05      5s
   23926    7.2312268e+04   0.000000e+00   1.617178e+06     10s
   34072    7.3441222e+04   0.000000e+00   6.703576e+04     15s
   44103    7.4419262e+04   0.000000e+00   4.405485e+04     20s
   54506    7.5074975e+04   0.000000e+00   3.019334e+04     25s
   57445    7.5202858e+04   0.000000e+00   0.000000e+00     27s
   57445    7.5202858e+04   0.000000e+00   0.000000e+00     27s

Root relaxation: objective 7.520286e+04, 57445 iterations, 25.69 seconds (14.58 work units)

    Nodes    |    Current Node    |     Objective Bounds      |     Work
 Expl Unexpl |  Obj  Depth IntInf | Incumbent    BestBd   Gap | It/Node Time

     0     0 75202.8582    0   36          - 75202.8582      -     -   26s

Explored 1 nodes (57450 simplex iterations) in 26.83 seconds (15.24 work units)
Thread count was 1 (of 16 available processors)

Solution count 0

Node limit reached
Best objective -, best bound 7.520350000000e+04, gap -
Root Upper inf
Root Lower 75202.85816619406
Reset all parameters
Set parameter TimeLimit to value 7.2535135531425476e+02
Set parameter Threads to value 1
Gurobi Optimizer version 11.0.2 build v11.0.2rc0 (linux64 - "Debian GNU/Linux 10 (buster)")

CPU model: Intel(R) Xeon(R) CPU           X5570  @ 2.93GHz, instruction set [SSE2]
Thread count: 8 physical cores, 16 logical processors, using up to 1 threads

Optimize a model with 64126 rows, 8000 columns and 194405 nonzeros
Model fingerprint: 0x9846c1ba
Variable types: 0 continuous, 8000 integer (8000 binary)
Coefficient statistics:
  Matrix range     [1e+00, 4e+02]
  Objective range  [1e+00, 4e+02]
  Bounds range     [1e+00, 1e+00]
  RHS range        [1e+00, 3e+04]
Presolved: 64126 rows, 3420 columns, 194405 nonzeros

Continuing optimization...

     0     0 75202.8582    0   36          - 75202.8582      -     -   53s
     0     0 75202.8582    0   36          - 75202.8582      -     -   54s
H    0     0                    75394.500000 75202.8582  0.25%     -   73s
H    0     0                    75329.500000 75202.8582  0.17%     -   74s
     0     0 75202.8582    0   29 75329.5000 75202.8582  0.17%     -   85s
     0     0 75205.4859    0   60 75329.5000 75205.4859  0.16%     -   86s
     0     0 75209.3113    0   94 75329.5000 75209.3113  0.16%     -   88s
     0     0 75210.3053    0   93 75329.5000 75210.3053  0.16%     -   89s
     0     0 75210.6771    0  125 75329.5000 75210.6771  0.16%     -   90s
     0     0 75211.2785    0   94 75329.5000 75211.2785  0.16%     -   91s
     0     0 75212.1409    0  125 75329.5000 75212.1409  0.16%     -   92s
     0     0 75212.1546    0  125 75329.5000 75212.1546  0.16%     -   92s
     0     0 75215.0904    0  155 75329.5000 75215.0904  0.15%     -   97s
H    0     0                    75308.500000 75215.0904  0.12%     -   97s
     0     0 75216.0532    0  155 75308.5000 75216.0532  0.12%     -   97s
     0     0 75219.0504    0  155 75308.5000 75219.0504  0.12%     -  100s
     0     2 75219.0504    0  155 75308.5000 75219.0504  0.12%     -  107s
     1     3 75261.4946    1   32 75308.5000 75221.5167  0.12%  2015  112s
     2     4 75273.7621    2  616 75308.5000 75221.5167  0.12%  3184  122s
     4     6 75288.6583    3   31 75308.5000 75221.5167  0.12%  1803  126s
     5     6 75304.7889    3  199 75308.5000 75221.5167  0.12%  1816  139s
     6     7 75288.7817    4   64 75308.5000 75221.5167  0.12%  1609  141s
    11     3     cutoff    1      75308.5000 75273.7622  0.05%  1093  146s
    13     3 75291.8250    4   63 75308.5000 75273.7931  0.05%  1040  157s

Cutting planes:
  Gomory: 1
  Lift-and-project: 2

Explored 16 nodes (167923 simplex iterations) in 130.71 seconds (82.21 work units)
Thread count was 1 (of 16 available processors)

Solution count 3: 75308.5 75329.5 75394.5 

Optimal solution found (tolerance 1.00e-04)
Best objective 7.530850000000e+04, best bound 7.530550000000e+04, gap 0.0040%
flow1:  75308.5
flow2:  82506.5
Root Upper Bound: inf
Root lower Bound: 75202.85816619406
ND-Point: 15

-----------------------------------------
Warning for adding constraints: zero or small (< 1e-13) coefficients, ignored
Set parameter NodeLimit to value 0
Set parameter TimeLimit to value 596.90309882164
Set parameter Threads to value 1
Gurobi Optimizer version 11.0.2 build v11.0.2rc0 (linux64 - "Debian GNU/Linux 10 (buster)")

CPU model: Intel(R) Xeon(R) CPU           X5570  @ 2.93GHz, instruction set [SSE2]
Thread count: 8 physical cores, 16 logical processors, using up to 1 threads

Optimize a model with 64126 rows, 8000 columns and 194405 nonzeros
Model fingerprint: 0x422db45f
Variable types: 0 continuous, 8000 integer (8000 binary)
Coefficient statistics:
  Matrix range     [1e+00, 4e+02]
  Objective range  [1e+00, 4e+02]
  Bounds range     [1e+00, 1e+00]
  RHS range        [1e+00, 3e+04]
Presolve removed 0 rows and 4580 columns
Presolve time: 0.57s
Presolved: 64126 rows, 3420 columns, 194405 nonzeros
Variable types: 0 continuous, 3420 integer (3420 binary)
Root relaxation presolved: 3420 rows, 67546 columns, 197825 nonzeros


Root simplex log...

Iteration    Objective       Primal Inf.    Dual Inf.      Time
   13738    7.0652708e+04   0.000000e+00   1.251736e+05      5s
   25439    7.2316413e+04   0.000000e+00   9.946147e+04     10s
   35906    7.3396241e+04   0.000000e+00   5.555029e+04     15s
   46692    7.4295748e+04   0.000000e+00   1.459610e+05     20s
   57550    7.5108770e+04   0.000000e+00   2.961875e+04     25s
   60286    7.5213030e+04   0.000000e+00   0.000000e+00     26s
   60286    7.5213030e+04   0.000000e+00   0.000000e+00     26s

Root relaxation: objective 7.521303e+04, 60286 iterations, 25.37 seconds (14.88 work units)

    Nodes    |    Current Node    |     Objective Bounds      |     Work
 Expl Unexpl |  Obj  Depth IntInf | Incumbent    BestBd   Gap | It/Node Time

     0     0 75213.0301    0   36          - 75213.0301      -     -   26s

Explored 1 nodes (60289 simplex iterations) in 26.58 seconds (15.54 work units)
Thread count was 1 (of 16 available processors)

Solution count 0

Node limit reached
Best objective -, best bound 7.521350000000e+04, gap -
Root Upper inf
Root Lower 75213.03008595968
Reset all parameters
Set parameter TimeLimit to value 4.4957842040061951e+02
Set parameter Threads to value 1
Gurobi Optimizer version 11.0.2 build v11.0.2rc0 (linux64 - "Debian GNU/Linux 10 (buster)")

CPU model: Intel(R) Xeon(R) CPU           X5570  @ 2.93GHz, instruction set [SSE2]
Thread count: 8 physical cores, 16 logical processors, using up to 1 threads

Optimize a model with 64126 rows, 8000 columns and 194405 nonzeros
Model fingerprint: 0x422db45f
Variable types: 0 continuous, 8000 integer (8000 binary)
Coefficient statistics:
  Matrix range     [1e+00, 4e+02]
  Objective range  [1e+00, 4e+02]
  Bounds range     [1e+00, 1e+00]
  RHS range        [1e+00, 3e+04]
Presolved: 64126 rows, 3420 columns, 194405 nonzeros

Continuing optimization...

     0     0 75213.0301    0   36          - 75213.0301      -     -   52s
     0     0 75213.0301    0   36          - 75213.0301      -     -   53s
H    0     0                    75329.500000 75213.0301  0.15%     -   59s
     0     2 75213.0526    0   36 75329.5000 75213.0526  0.15%     -   61s
     1     3 75280.2092    1   36 75329.5000 75213.0663  0.15%  2958   70s
     2     4 75320.0368    2   36 75329.5000 75213.0663  0.15%  4444   89s
     3     5 75287.3696    2   36 75329.5000 75213.0663  0.15%  3131   91s
     4     6 75299.8977    3   36 75329.5000 75213.0663  0.15%  2671   95s
     5     7 75308.9107    4   70 75329.5000 75213.0663  0.15%  2700  104s
     6     8 75309.1140    5   36 75329.5000 75213.0663  0.15%  2436  107s
    11     5     cutoff    1      75329.5000 75287.4207  0.06%  1681  120s
    12     4     cutoff    3      75329.5000 75299.9044  0.04%  1752  128s
    13     5 75311.9168    4   36 75329.5000 75308.9486  0.03%  1715  132s
    14     6 75327.2773    5  102 75329.5000 75308.9486  0.03%  1703  136s
    19     1     cutoff    3      75329.5000 75320.0480  0.01%  1315  140s

Explored 21 nodes (145676 simplex iterations) in 114.72 seconds (74.90 work units)
Thread count was 1 (of 16 available processors)

Solution count 1: 75329.5 

Optimal solution found (tolerance 1.00e-04)
Best objective 7.532950000000e+04, best bound 7.532950000000e+04, gap 0.0000%
flow1:  75329.5
flow2:  82318.5
Root Upper Bound: inf
Root lower Bound: 75213.03008595968
ND-Point: 16

-----------------------------------------
Warning for adding constraints: zero or small (< 1e-13) coefficients, ignored
Set parameter NodeLimit to value 0
Set parameter TimeLimit to value 3.3404841375350952e+02
Set parameter Threads to value 1
Gurobi Optimizer version 11.0.2 build v11.0.2rc0 (linux64 - "Debian GNU/Linux 10 (buster)")

CPU model: Intel(R) Xeon(R) CPU           X5570  @ 2.93GHz, instruction set [SSE2]
Thread count: 8 physical cores, 16 logical processors, using up to 1 threads

Optimize a model with 64126 rows, 8000 columns and 194405 nonzeros
Model fingerprint: 0x92c7f5bf
Variable types: 0 continuous, 8000 integer (8000 binary)
Coefficient statistics:
  Matrix range     [1e+00, 4e+02]
  Objective range  [1e+00, 4e+02]
  Bounds range     [1e+00, 1e+00]
  RHS range        [1e+00, 3e+04]
Presolve removed 0 rows and 4580 columns
Presolve time: 0.51s
Presolved: 64126 rows, 3420 columns, 194405 nonzeros
Variable types: 0 continuous, 3420 integer (3420 binary)
Root relaxation presolved: 3420 rows, 67546 columns, 197825 nonzeros


Root simplex log...

Iteration    Objective       Primal Inf.    Dual Inf.      Time
   13355    7.0587881e+04   0.000000e+00   4.201404e+05      5s
   24822    7.2225610e+04   0.000000e+00   1.234531e+05     10s
   36168    7.3626560e+04   0.000000e+00   3.875988e+05     15s
   47673    7.4632125e+04   0.000000e+00   6.355883e+04     20s
   59016    7.5239964e+04   0.000000e+00   0.000000e+00     25s
   59016    7.5239964e+04   0.000000e+00   0.000000e+00     25s

Root relaxation: objective 7.523996e+04, 59016 iterations, 24.09 seconds (15.10 work units)
Total elapsed time = 25.12s (DegenMoves)

    Nodes    |    Current Node    |     Objective Bounds      |     Work
 Expl Unexpl |  Obj  Depth IntInf | Incumbent    BestBd   Gap | It/Node Time

     0     0 75239.9642    0   36          - 75239.9642      -     -   25s

Explored 1 nodes (59019 simplex iterations) in 25.16 seconds (15.75 work units)
Thread count was 1 (of 16 available processors)

Solution count 0

Node limit reached
Best objective -, best bound 7.524050000000e+04, gap -
Root Upper inf
Root Lower 75239.96418336994
Reset all parameters
Set parameter TimeLimit to value 1.8739442896842957e+02
Set parameter Threads to value 1
Gurobi Optimizer version 11.0.2 build v11.0.2rc0 (linux64 - "Debian GNU/Linux 10 (buster)")

CPU model: Intel(R) Xeon(R) CPU           X5570  @ 2.93GHz, instruction set [SSE2]
Thread count: 8 physical cores, 16 logical processors, using up to 1 threads

Optimize a model with 64126 rows, 8000 columns and 194405 nonzeros
Model fingerprint: 0x92c7f5bf
Variable types: 0 continuous, 8000 integer (8000 binary)
Coefficient statistics:
  Matrix range     [1e+00, 4e+02]
  Objective range  [1e+00, 4e+02]
  Bounds range     [1e+00, 1e+00]
  RHS range        [1e+00, 3e+04]
Presolved: 64126 rows, 3420 columns, 194405 nonzeros

Continuing optimization...

     0     0 75239.9642    0   36          - 75239.9642      -     -   50s
H    0     0                    75427.500000 75239.9642  0.25%     -   50s
     0     0 75239.9642    0   36 75427.5000 75239.9642  0.25%     -   51s
     0     0 75239.9642    0   34 75427.5000 75239.9642  0.25%     -   77s
     0     0 75241.6691    0   68 75427.5000 75241.6691  0.25%     -   80s
     0     0 75243.9107    0  100 75427.5000 75243.9107  0.24%     -   82s
     0     0 75246.7482    0  100 75427.5000 75246.7482  0.24%     -   86s
H    0     0                    75394.500000 75247.2619  0.20%     -   98s
     0     2 75247.2619    0  100 75394.5000 75247.2619  0.20%     -   99s
     1     3 75329.7817    1   66 75394.5000 75247.2619  0.20%  3254  110s
*    2     2               1    75393.500000 75329.7818  0.08%  4223  125s
     3     3 75329.9509    2  240 75393.5000 75329.7820  0.08%  4016  137s
     4     4 75330.1483    3   34 75393.5000 75329.7820  0.08%  3800  147s
     5     5 75330.1581    4   34 75393.5000 75329.7820  0.08%  3058  150s
     7     7 75330.5050    6   65 75393.5000 75329.7820  0.08%  2289  155s
*   11     7               9    75374.500000 75329.7820  0.06%  1536  157s
H   14     4                    75349.500000 75329.7820  0.03%  1216  158s
    14     6 75331.0502    2   34 75349.5000 75331.0502  0.02%  1232  161s
    16     8 75338.4189    4   34 75349.5000 75331.0904  0.02%  1141  167s
    19     7 75343.1364    5   34 75349.5000 75331.0904  0.02%   998  171s
    23     3     cutoff    5      75349.5000 75334.0912  0.02%   891  175s

Cutting planes:
  Lift-and-project: 1

Explored 27 nodes (196827 simplex iterations) in 151.56 seconds (95.74 work units)
Thread count was 1 (of 16 available processors)

Solution count 5: 75349.5 75374.5 75393.5 ... 75427.5

Optimal solution found (tolerance 1.00e-04)
Best objective 7.534950000000e+04, best bound 7.534950000000e+04, gap 0.0000%
flow1:  75349.5
flow2:  82247.5
Root Upper Bound: inf
Root lower Bound: 75239.96418336994
ND-Point: 17

-----------------------------------------
Warning for adding constraints: zero or small (< 1e-13) coefficients, ignored
Set parameter NodeLimit to value 0
Set parameter TimeLimit to value 3.8225283384323120e+01
Set parameter Threads to value 1
Gurobi Optimizer version 11.0.2 build v11.0.2rc0 (linux64 - "Debian GNU/Linux 10 (buster)")

CPU model: Intel(R) Xeon(R) CPU           X5570  @ 2.93GHz, instruction set [SSE2]
Thread count: 8 physical cores, 16 logical processors, using up to 1 threads

Optimize a model with 64126 rows, 8000 columns and 194405 nonzeros
Model fingerprint: 0x3dc930ca
Variable types: 0 continuous, 8000 integer (8000 binary)
Coefficient statistics:
  Matrix range     [1e+00, 4e+02]
  Objective range  [1e+00, 4e+02]
  Bounds range     [1e+00, 1e+00]
  RHS range        [1e+00, 3e+04]
Presolve removed 0 rows and 4580 columns
Presolve time: 0.48s
Presolved: 64126 rows, 3420 columns, 194405 nonzeros
Variable types: 0 continuous, 3420 integer (3420 binary)
Root relaxation presolved: 3420 rows, 67546 columns, 197825 nonzeros


Root simplex log...

Iteration    Objective       Primal Inf.    Dual Inf.      Time
   14240    7.0946905e+04   0.000000e+00   1.785825e+05      5s
   25706    7.2485787e+04   0.000000e+00   9.239017e+04     10s
   37055    7.3677537e+04   0.000000e+00   8.057756e+06     15s
   48908    7.4582698e+04   0.000000e+00   2.665018e+05     20s
   60996    7.5243317e+04   0.000000e+00   1.134942e+04     25s
   61357    7.5250136e+04   0.000000e+00   0.000000e+00     25s
   61357    7.5250136e+04   0.000000e+00   0.000000e+00     25s

Root relaxation: objective 7.525014e+04, 61357 iterations, 24.44 seconds (15.98 work units)

    Nodes    |    Current Node    |     Objective Bounds      |     Work
 Expl Unexpl |  Obj  Depth IntInf | Incumbent    BestBd   Gap | It/Node Time

     0     0 75250.1361    0   36          - 75250.1361      -     -   25s

Explored 1 nodes (61364 simplex iterations) in 25.48 seconds (16.65 work units)
Thread count was 1 (of 16 available processors)

Solution count 0

Node limit reached
Best objective -, best bound 7.525050000000e+04, gap -
Root Upper inf
Root Lower 75250.13610315183
Reset all parameters
Set parameter TimeLimit to value 0
Set parameter Threads to value 1
Gurobi Optimizer version 11.0.2 build v11.0.2rc0 (linux64 - "Debian GNU/Linux 10 (buster)")

CPU model: Intel(R) Xeon(R) CPU           X5570  @ 2.93GHz, instruction set [SSE2]
Thread count: 8 physical cores, 16 logical processors, using up to 1 threads

Optimize a model with 64126 rows, 8000 columns and 194405 nonzeros
Model fingerprint: 0x3dc930ca
Variable types: 0 continuous, 8000 integer (8000 binary)
Coefficient statistics:
  Matrix range     [1e+00, 4e+02]
  Objective range  [1e+00, 4e+02]
  Bounds range     [1e+00, 1e+00]
  RHS range        [1e+00, 3e+04]

Explored 0 nodes (0 simplex iterations) in 0.00 seconds (0.00 work units)
Thread count was 1 (of 16 available processors)

Solution count 0

Time limit reached
Best objective -, best bound -, gap -
Time Limit reached


Total running time: 3587.3564491271973
STAH, Instance, #departments, #ND-Points, t-MIP
STAH, AC_20_70_20_AC_20_70_20_1, 20, 17, 3587.3564491271973
       OBJ1     OBJ2  ...  BNB_Nodes_MIP  Total_Time_MIP[s]
0   75043.5  84329.5  ...            1.0         164.209483
1   75044.5  83979.5  ...            1.0         170.332188
2   75064.5  83908.5  ...            1.0         169.471465
3   75077.5  83451.5  ...            1.0         165.601253
4   75097.5  83380.5  ...            1.0         184.572950
5   75118.5  83192.5  ...            1.0         172.098603
6   75138.5  83121.5  ...            1.0         180.695317
7   75174.5  83083.5  ...            1.0         181.477123
8   75191.5  82945.5  ...           13.0         216.995815
9   75211.5  82874.5  ...            1.0         189.455889
10  75215.5  82824.5  ...            1.0         178.966677
11  75232.5  82686.5  ...            1.0         195.054214
12  75252.5  82615.5  ...            1.0         217.443222
13  75288.5  82577.5  ...            8.0         215.359861
14  75308.5  82506.5  ...           16.0         280.666921
15  75329.5  82318.5  ...           21.0         262.107369
16  75349.5  82247.5  ...           27.0         298.262202

[17 rows x 6 columns]
./output/AC_20_70_20_AC_20_70_20_1.pdf
Plotting is done
