Requirement already satisfied: contourpy==1.2.1 in ./.venv/lib/python3.9/site-packages (from -r constraints.txt (line 3)) (1.2.1)
Requirement already satisfied: cycler==0.12.1 in ./.venv/lib/python3.9/site-packages (from -r constraints.txt (line 4)) (0.12.1)
Requirement already satisfied: fonttools==4.53.0 in ./.venv/lib/python3.9/site-packages (from -r constraints.txt (line 5)) (4.53.0)
Requirement already satisfied: gurobipy==11.0.2 in ./.venv/lib/python3.9/site-packages (from -r constraints.txt (line 6)) (11.0.2)
Requirement already satisfied: kiwisolver==1.4.5 in ./.venv/lib/python3.9/site-packages (from -r constraints.txt (line 7)) (1.4.5)
Requirement already satisfied: matplotlib==3.9.1 in ./.venv/lib/python3.9/site-packages (from -r constraints.txt (line 8)) (3.9.1)
Requirement already satisfied: numpy==1.26.4 in ./.venv/lib/python3.9/site-packages (from -r constraints.txt (line 9)) (1.26.4)
Requirement already satisfied: packaging==24.1 in ./.venv/lib/python3.9/site-packages (from -r constraints.txt (line 10)) (24.1)
Requirement already satisfied: pandas==2.2.2 in ./.venv/lib/python3.9/site-packages (from -r constraints.txt (line 11)) (2.2.2)
Requirement already satisfied: pillow==10.4.0 in ./.venv/lib/python3.9/site-packages (from -r constraints.txt (line 12)) (10.4.0)
Requirement already satisfied: pyparsing==3.1.2 in ./.venv/lib/python3.9/site-packages (from -r constraints.txt (line 13)) (3.1.2)
Requirement already satisfied: python-dateutil==2.9.0.post0 in ./.venv/lib/python3.9/site-packages (from -r constraints.txt (line 14)) (2.9.0.post0)
Requirement already satisfied: pytz==2024.1 in ./.venv/lib/python3.9/site-packages (from -r constraints.txt (line 15)) (2024.1)
Requirement already satisfied: scipy==1.13.0 in ./.venv/lib/python3.9/site-packages (from -r constraints.txt (line 16)) (1.13.0)
Requirement already satisfied: six==1.16.0 in ./.venv/lib/python3.9/site-packages (from -r constraints.txt (line 17)) (1.16.0)
Requirement already satisfied: tzdata==2024.1 in ./.venv/lib/python3.9/site-packages (from -r constraints.txt (line 18)) (2024.1)
Requirement already satisfied: importlib-resources>=3.2.0 in ./.venv/lib/python3.9/site-packages (from matplotlib==3.9.1->-r constraints.txt (line 8)) (6.4.0)
Requirement already satisfied: zipp>=3.1.0 in ./.venv/lib/python3.9/site-packages (from importlib-resources>=3.2.0->matplotlib==3.9.1->-r constraints.txt (line 8)) (3.19.2)
WARNING: Error parsing dependencies of pip: [Errno 2] No such file or directory: '/home/k2g00/k2g4470/.venv/lib/python3.9/site-packages/pip-24.0.dist-info/METADATA'
srun python3 ./AmaralModelMain.py -i AC_8_50_20 -j AC_8_50_20_1 -t 3600
Input file 1 is:  instance/AC_8_50_20
Input file 2 is:  instance/AC_8_50_20_1


Set parameter TokenServer to value "relise"
Warning for adding constraints: zero or small (< 1e-13) coefficients, ignored
Set parameter NodeLimit to value 0
Set parameter TimeLimit to value 3.5960425200462341e+03
Set parameter Threads to value 1
Gurobi Optimizer version 11.0.2 build v11.0.2rc0 (linux64 - "Debian GNU/Linux 10 (buster)")

CPU model: Intel(R) Xeon(R) CPU           X5570  @ 2.93GHz, instruction set [SSE2]
Thread count: 8 physical cores, 16 logical processors, using up to 1 threads

Optimize a model with 967 rows, 512 columns and 2969 nonzeros
Model fingerprint: 0xd857a8bb
Variable types: 0 continuous, 512 integer (512 binary)
Coefficient statistics:
  Matrix range     [1e+00, 3e+02]
  Objective range  [8e+00, 3e+02]
  Bounds range     [1e+00, 1e+00]
  RHS range        [1e+00, 2e+00]
Found heuristic solution: objective 4235.5000000
Presolve removed 0 rows and 344 columns
Presolve time: 0.00s
Presolved: 967 rows, 168 columns, 2969 nonzeros
Variable types: 0 continuous, 168 integer (168 binary)

Root relaxation: objective 2.292500e+03, 178 iterations, 0.01 seconds (0.00 work units)

    Nodes    |    Current Node    |     Objective Bounds      |     Work
 Expl Unexpl |  Obj  Depth IntInf | Incumbent    BestBd   Gap | It/Node Time

     0     0          -    0      4235.50000 2292.50000  45.9%     -    0s

Explored 1 nodes (178 simplex iterations) in 0.01 seconds (0.01 work units)
Thread count was 1 (of 16 available processors)

Solution count 1: 4235.5 

Node limit reached
Best objective 4.235500000000e+03, best bound 2.292500000000e+03, gap 45.8742%
Root Upper 4235.5
Root Lower 2292.5
Reset all parameters
Set parameter TimeLimit to value 3.5920707817077637e+03
Set parameter Threads to value 1
Gurobi Optimizer version 11.0.2 build v11.0.2rc0 (linux64 - "Debian GNU/Linux 10 (buster)")

CPU model: Intel(R) Xeon(R) CPU           X5570  @ 2.93GHz, instruction set [SSE2]
Thread count: 8 physical cores, 16 logical processors, using up to 1 threads

Optimize a model with 967 rows, 512 columns and 2969 nonzeros
Model fingerprint: 0xd857a8bb
Variable types: 0 continuous, 512 integer (512 binary)
Coefficient statistics:
  Matrix range     [1e+00, 3e+02]
  Objective range  [8e+00, 3e+02]
  Bounds range     [1e+00, 1e+00]
  RHS range        [1e+00, 2e+00]
Presolved: 967 rows, 168 columns, 2969 nonzeros

Continuing optimization...

*    0     0               0    2292.5000000 2292.50000  0.00%     -    0s

Explored 1 nodes (356 simplex iterations) in 0.01 seconds (0.00 work units)
Thread count was 1 (of 16 available processors)

Solution count 2: 2292.5 4235.5 

Optimal solution found (tolerance 1.00e-04)
Best objective 2.292500000000e+03, best bound 2.292500000000e+03, gap 0.0000%
flow1:  2292.5
flow2:  2720.0
Root Upper Bound: 4235.5
Root lower Bound: 2292.5
ND-Point: 1

-----------------------------------------
Warning for adding constraints: zero or small (< 1e-13) coefficients, ignored
Set parameter NodeLimit to value 0
Set parameter TimeLimit to value 3.5941318686008453e+03
Set parameter Threads to value 1
Gurobi Optimizer version 11.0.2 build v11.0.2rc0 (linux64 - "Debian GNU/Linux 10 (buster)")

CPU model: Intel(R) Xeon(R) CPU           X5570  @ 2.93GHz, instruction set [SSE2]
Thread count: 8 physical cores, 16 logical processors, using up to 1 threads

Optimize a model with 967 rows, 512 columns and 2969 nonzeros
Model fingerprint: 0x8fecfb14
Variable types: 0 continuous, 512 integer (512 binary)
Coefficient statistics:
  Matrix range     [1e+00, 3e+02]
  Objective range  [8e+00, 3e+02]
  Bounds range     [1e+00, 1e+00]
  RHS range        [1e+00, 3e+03]
Presolve removed 0 rows and 344 columns
Presolve time: 0.00s
Presolved: 967 rows, 168 columns, 2969 nonzeros
Variable types: 0 continuous, 168 integer (168 binary)
Found heuristic solution: objective 4576.5000000
Found heuristic solution: objective 4521.5000000
Found heuristic solution: objective 3221.5000000

Root relaxation: objective 2.293747e+03, 300 iterations, 0.01 seconds (0.01 work units)

    Nodes    |    Current Node    |     Objective Bounds      |     Work
 Expl Unexpl |  Obj  Depth IntInf | Incumbent    BestBd   Gap | It/Node Time

     0     0 2293.74715    0   64 3221.50000 2293.74715  28.8%     -    0s

Explored 1 nodes (301 simplex iterations) in 0.02 seconds (0.02 work units)
Thread count was 1 (of 16 available processors)

Solution count 3: 3221.5 4521.5 4576.5 

Node limit reached
Best objective 3.221500000000e+03, best bound 2.294500000000e+03, gap 28.7754%
Root Upper 3221.5
Root Lower 2293.7471482889737
Reset all parameters
Set parameter TimeLimit to value 3.5922181653976440e+03
Set parameter Threads to value 1
Gurobi Optimizer version 11.0.2 build v11.0.2rc0 (linux64 - "Debian GNU/Linux 10 (buster)")

CPU model: Intel(R) Xeon(R) CPU           X5570  @ 2.93GHz, instruction set [SSE2]
Thread count: 8 physical cores, 16 logical processors, using up to 1 threads

Optimize a model with 967 rows, 512 columns and 2969 nonzeros
Model fingerprint: 0x8fecfb14
Variable types: 0 continuous, 512 integer (512 binary)
Coefficient statistics:
  Matrix range     [1e+00, 3e+02]
  Objective range  [8e+00, 3e+02]
  Bounds range     [1e+00, 1e+00]
  RHS range        [1e+00, 3e+03]
Presolved: 967 rows, 168 columns, 2969 nonzeros

Continuing optimization...

     0     0 2293.74715    0   64 3221.50000 2293.74715  28.8%     -    0s
H    0     0                    2697.5000000 2293.74715  15.0%     -    0s
H    0     0                    2442.5000000 2293.74715  6.09%     -    0s
     0     0 2293.74715    0   64 2442.50000 2293.74715  6.09%     -    0s
H    0     0                    2376.5000000 2293.74715  3.48%     -    0s
     0     0 2298.42593    0    7 2376.50000 2298.42593  3.29%     -    0s
     0     0     cutoff    0      2376.50000 2376.50000  0.00%     -    0s

Explored 1 nodes (617 simplex iterations) in 0.07 seconds (0.03 work units)
Thread count was 1 (of 16 available processors)

Solution count 6: 2376.5 2442.5 2697.5 ... 4576.5

Optimal solution found (tolerance 1.00e-04)
Best objective 2.376500000000e+03, best bound 2.376500000000e+03, gap 0.0000%
flow1:  2376.5
flow2:  2716.0
Root Upper Bound: 3221.5
Root lower Bound: 2293.7471482889737
ND-Point: 2

-----------------------------------------
Warning for adding constraints: zero or small (< 1e-13) coefficients, ignored
Set parameter NodeLimit to value 0
Set parameter TimeLimit to value 3.5921638822555542e+03
Set parameter Threads to value 1
Gurobi Optimizer version 11.0.2 build v11.0.2rc0 (linux64 - "Debian GNU/Linux 10 (buster)")

CPU model: Intel(R) Xeon(R) CPU           X5570  @ 2.93GHz, instruction set [SSE2]
Thread count: 8 physical cores, 16 logical processors, using up to 1 threads

Optimize a model with 967 rows, 512 columns and 2969 nonzeros
Model fingerprint: 0x8636fb2c
Variable types: 0 continuous, 512 integer (512 binary)
Coefficient statistics:
  Matrix range     [1e+00, 3e+02]
  Objective range  [8e+00, 3e+02]
  Bounds range     [1e+00, 1e+00]
  RHS range        [1e+00, 3e+03]
Presolve removed 0 rows and 344 columns
Presolve time: 0.00s
Presolved: 967 rows, 168 columns, 2969 nonzeros
Variable types: 0 continuous, 168 integer (168 binary)
Found heuristic solution: objective 4576.5000000
Found heuristic solution: objective 4521.5000000
Found heuristic solution: objective 3221.5000000

Root relaxation: objective 2.298736e+03, 324 iterations, 0.01 seconds (0.01 work units)

    Nodes    |    Current Node    |     Objective Bounds      |     Work
 Expl Unexpl |  Obj  Depth IntInf | Incumbent    BestBd   Gap | It/Node Time

     0     0 2298.73574    0   64 3221.50000 2298.73574  28.6%     -    0s

Explored 1 nodes (325 simplex iterations) in 0.02 seconds (0.02 work units)
Thread count was 1 (of 16 available processors)

Solution count 3: 3221.5 4521.5 4576.5 

Node limit reached
Best objective 3.221500000000e+03, best bound 2.299500000000e+03, gap 28.6202%
Root Upper 3221.5
Root Lower 2298.7357414448666
Reset all parameters
Set parameter TimeLimit to value 3.5902677755355835e+03
Set parameter Threads to value 1
Gurobi Optimizer version 11.0.2 build v11.0.2rc0 (linux64 - "Debian GNU/Linux 10 (buster)")

CPU model: Intel(R) Xeon(R) CPU           X5570  @ 2.93GHz, instruction set [SSE2]
Thread count: 8 physical cores, 16 logical processors, using up to 1 threads

Optimize a model with 967 rows, 512 columns and 2969 nonzeros
Model fingerprint: 0x8636fb2c
Variable types: 0 continuous, 512 integer (512 binary)
Coefficient statistics:
  Matrix range     [1e+00, 3e+02]
  Objective range  [8e+00, 3e+02]
  Bounds range     [1e+00, 1e+00]
  RHS range        [1e+00, 3e+03]
Presolved: 967 rows, 168 columns, 2969 nonzeros

Continuing optimization...

     0     0 2298.73574    0   64 3221.50000 2298.73574  28.6%     -    0s
H    0     0                    2442.5000000 2298.73574  5.89%     -    0s
     0     0 2298.73574    0   64 2442.50000 2298.73574  5.89%     -    0s

Explored 1 nodes (650 simplex iterations) in 0.06 seconds (0.03 work units)
Thread count was 1 (of 16 available processors)

Solution count 4: 2442.5 3221.5 4521.5 4576.5 

Optimal solution found (tolerance 1.00e-04)
Best objective 2.442500000000e+03, best bound 2.442500000000e+03, gap 0.0000%
flow1:  2442.5
flow2:  2668.0
Root Upper Bound: 3221.5
Root lower Bound: 2298.7357414448666
ND-Point: 3

-----------------------------------------
Warning for adding constraints: zero or small (< 1e-13) coefficients, ignored
Set parameter NodeLimit to value 0
Set parameter TimeLimit to value 3.5902359824180603e+03
Set parameter Threads to value 1
Gurobi Optimizer version 11.0.2 build v11.0.2rc0 (linux64 - "Debian GNU/Linux 10 (buster)")

CPU model: Intel(R) Xeon(R) CPU           X5570  @ 2.93GHz, instruction set [SSE2]
Thread count: 8 physical cores, 16 logical processors, using up to 1 threads

Optimize a model with 967 rows, 512 columns and 2969 nonzeros
Model fingerprint: 0x38e2aa95
Variable types: 0 continuous, 512 integer (512 binary)
Coefficient statistics:
  Matrix range     [1e+00, 3e+02]
  Objective range  [8e+00, 3e+02]
  Bounds range     [1e+00, 1e+00]
  RHS range        [1e+00, 3e+03]
Presolve removed 0 rows and 344 columns
Presolve time: 0.00s
Presolved: 967 rows, 168 columns, 2969 nonzeros
Variable types: 0 continuous, 168 integer (168 binary)
Found heuristic solution: objective 4249.5000000
Found heuristic solution: objective 3321.5000000

Root relaxation: objective 2.358599e+03, 268 iterations, 0.01 seconds (0.01 work units)

    Nodes    |    Current Node    |     Objective Bounds      |     Work
 Expl Unexpl |  Obj  Depth IntInf | Incumbent    BestBd   Gap | It/Node Time

     0     0 2358.59886    0   64 3321.50000 2358.59886  29.0%     -    0s

Explored 1 nodes (272 simplex iterations) in 0.02 seconds (0.01 work units)
Thread count was 1 (of 16 available processors)

Solution count 2: 3321.5 4249.5 

Node limit reached
Best objective 3.321500000000e+03, best bound 2.359500000000e+03, gap 28.9628%
Root Upper 3321.5
Root Lower 2358.5988593155894
Reset all parameters
Set parameter TimeLimit to value 3.5883773291110992e+03
Set parameter Threads to value 1
Gurobi Optimizer version 11.0.2 build v11.0.2rc0 (linux64 - "Debian GNU/Linux 10 (buster)")

CPU model: Intel(R) Xeon(R) CPU           X5570  @ 2.93GHz, instruction set [SSE2]
Thread count: 8 physical cores, 16 logical processors, using up to 1 threads

Optimize a model with 967 rows, 512 columns and 2969 nonzeros
Model fingerprint: 0x38e2aa95
Variable types: 0 continuous, 512 integer (512 binary)
Coefficient statistics:
  Matrix range     [1e+00, 3e+02]
  Objective range  [8e+00, 3e+02]
  Bounds range     [1e+00, 1e+00]
  RHS range        [1e+00, 3e+03]
Presolved: 967 rows, 168 columns, 2969 nonzeros

Continuing optimization...

     0     0 2358.59886    0   64 3321.50000 2358.59886  29.0%     -    0s
H    0     0                    2442.5000000 2358.59886  3.44%     -    0s
     0     0 2358.59886    0   64 2442.50000 2358.59886  3.44%     -    0s

Explored 1 nodes (544 simplex iterations) in 0.03 seconds (0.02 work units)
Thread count was 1 (of 16 available processors)

Solution count 3: 2442.5 3321.5 4249.5 

Optimal solution found (tolerance 1.00e-04)
Best objective 2.442500000000e+03, best bound 2.442500000000e+03, gap 0.0000%
flow1:  2442.5
flow2:  2656.0
Root Upper Bound: 3321.5
Root lower Bound: 2358.5988593155894
ND-Point: 4

-----------------------------------------
Warning for adding constraints: zero or small (< 1e-13) coefficients, ignored
Set parameter NodeLimit to value 0
Set parameter TimeLimit to value 3.5883363158702850e+03
Set parameter Threads to value 1
Gurobi Optimizer version 11.0.2 build v11.0.2rc0 (linux64 - "Debian GNU/Linux 10 (buster)")

CPU model: Intel(R) Xeon(R) CPU           X5570  @ 2.93GHz, instruction set [SSE2]
Thread count: 8 physical cores, 16 logical processors, using up to 1 threads

Optimize a model with 967 rows, 512 columns and 2969 nonzeros
Model fingerprint: 0x422a5856
Variable types: 0 continuous, 512 integer (512 binary)
Coefficient statistics:
  Matrix range     [1e+00, 3e+02]
  Objective range  [8e+00, 3e+02]
  Bounds range     [1e+00, 1e+00]
  RHS range        [1e+00, 3e+03]
Presolve removed 0 rows and 344 columns
Presolve time: 0.00s
Presolved: 967 rows, 168 columns, 2969 nonzeros
Variable types: 0 continuous, 168 integer (168 binary)
Found heuristic solution: objective 4249.5000000
Found heuristic solution: objective 3321.5000000

Root relaxation: objective 2.373565e+03, 268 iterations, 0.01 seconds (0.01 work units)

    Nodes    |    Current Node    |     Objective Bounds      |     Work
 Expl Unexpl |  Obj  Depth IntInf | Incumbent    BestBd   Gap | It/Node Time

     0     0 2373.56464    0   64 3321.50000 2373.56464  28.5%     -    0s

Explored 1 nodes (272 simplex iterations) in 0.02 seconds (0.01 work units)
Thread count was 1 (of 16 available processors)

Solution count 2: 3321.5 4249.5 

Node limit reached
Best objective 3.321500000000e+03, best bound 2.374500000000e+03, gap 28.5112%
Root Upper 3321.5
Root Lower 2373.56463878327
Reset all parameters
Set parameter TimeLimit to value 3.5864722211360931e+03
Set parameter Threads to value 1
Gurobi Optimizer version 11.0.2 build v11.0.2rc0 (linux64 - "Debian GNU/Linux 10 (buster)")

CPU model: Intel(R) Xeon(R) CPU           X5570  @ 2.93GHz, instruction set [SSE2]
Thread count: 8 physical cores, 16 logical processors, using up to 1 threads

Optimize a model with 967 rows, 512 columns and 2969 nonzeros
Model fingerprint: 0x422a5856
Variable types: 0 continuous, 512 integer (512 binary)
Coefficient statistics:
  Matrix range     [1e+00, 3e+02]
  Objective range  [8e+00, 3e+02]
  Bounds range     [1e+00, 1e+00]
  RHS range        [1e+00, 3e+03]
Presolved: 967 rows, 168 columns, 2969 nonzeros

Continuing optimization...

     0     0 2373.56464    0   64 3321.50000 2373.56464  28.5%     -    0s
H    0     0                    3089.5000000 2373.56464  23.2%     -    0s
     0     0 2373.56464    0   64 3089.50000 2373.56464  23.2%     -    0s
H    0     0                    2548.5000000 2373.56464  6.86%     -    0s
     0     0 2373.56464    0   27 2548.50000 2373.56464  6.86%     -    0s
     0     0 2413.16667    0   31 2548.50000 2413.16667  5.31%     -    0s
H    0     0                    2452.5000000 2413.16667  1.60%     -    0s
     0     0 2425.22862    0   31 2452.50000 2425.22862  1.11%     -    0s
     0     0 2429.98108    0   31 2452.50000 2429.98108  0.92%     -    0s
     0     0 2434.49662    0   43 2452.50000 2434.49662  0.73%     -    0s
     0     0 2434.84963    0   43 2452.50000 2434.84963  0.72%     -    0s
     0     0 2434.84963    0   43 2452.50000 2434.84963  0.72%     -    0s
     0     0 2435.59927    0   43 2452.50000 2435.59927  0.69%     -    0s
     0     0 2435.61663    0   43 2452.50000 2435.61663  0.69%     -    0s
     0     0 2435.78403    0   43 2452.50000 2435.78403  0.68%     -    0s
     0     0 2436.30961    0   43 2452.50000 2436.30961  0.66%     -    0s
     0     0 2436.33377    0   43 2452.50000 2436.33377  0.66%     -    0s
     0     0 2436.70125    0   43 2452.50000 2436.70125  0.64%     -    0s
     0     0 2436.71041    0   43 2452.50000 2436.71041  0.64%     -    0s
     0     0 2437.23713    0   43 2452.50000 2437.23713  0.62%     -    0s
     0     0 2437.36075    0   43 2452.50000 2437.36075  0.62%     -    0s
     0     0 2437.98301    0   43 2452.50000 2437.98301  0.59%     -    0s
     0     0 2438.19311    0   43 2452.50000 2438.19311  0.58%     -    0s
     0     0 2438.21947    0   43 2452.50000 2438.21947  0.58%     -    0s
     0     0 2438.67890    0   43 2452.50000 2438.67890  0.56%     -    0s

Cutting planes:
  Gomory: 2
  MIR: 1
  Mod-K: 1

Explored 1 nodes (686 simplex iterations) in 0.22 seconds (0.11 work units)
Thread count was 1 (of 16 available processors)

Solution count 5: 2452.5 2548.5 3089.5 ... 4249.5

Optimal solution found (tolerance 1.00e-04)
Best objective 2.452500000000e+03, best bound 2.452500000000e+03, gap 0.0000%
flow1:  2452.5
flow2:  2604.0
Root Upper Bound: 3321.5
Root lower Bound: 2373.56463878327
ND-Point: 5

-----------------------------------------
Warning for adding constraints: zero or small (< 1e-13) coefficients, ignored
Set parameter NodeLimit to value 0
Set parameter TimeLimit to value 3.5862591097354889e+03
Set parameter Threads to value 1
Gurobi Optimizer version 11.0.2 build v11.0.2rc0 (linux64 - "Debian GNU/Linux 10 (buster)")

CPU model: Intel(R) Xeon(R) CPU           X5570  @ 2.93GHz, instruction set [SSE2]
Thread count: 8 physical cores, 16 logical processors, using up to 1 threads

Optimize a model with 967 rows, 512 columns and 2969 nonzeros
Model fingerprint: 0x16b2d1cf
Variable types: 0 continuous, 512 integer (512 binary)
Coefficient statistics:
  Matrix range     [1e+00, 3e+02]
  Objective range  [8e+00, 3e+02]
  Bounds range     [1e+00, 1e+00]
  RHS range        [1e+00, 3e+03]
Presolve removed 0 rows and 344 columns
Presolve time: 0.00s
Presolved: 967 rows, 168 columns, 2969 nonzeros
Variable types: 0 continuous, 168 integer (168 binary)
Found heuristic solution: objective 3914.5000000
Found heuristic solution: objective 3321.5000000

Root relaxation: objective 2.438416e+03, 310 iterations, 0.01 seconds (0.01 work units)

    Nodes    |    Current Node    |     Objective Bounds      |     Work
 Expl Unexpl |  Obj  Depth IntInf | Incumbent    BestBd   Gap | It/Node Time

     0     0 2438.41635    0   64 3321.50000 2438.41635  26.6%     -    0s

Explored 1 nodes (312 simplex iterations) in 0.02 seconds (0.02 work units)
Thread count was 1 (of 16 available processors)

Solution count 2: 3321.5 3914.5 

Node limit reached
Best objective 3.321500000000e+03, best bound 2.438500000000e+03, gap 26.5844%
Root Upper 3321.5
Root Lower 2438.4163498098847
Reset all parameters
Set parameter TimeLimit to value 3.5843988978862762e+03
Set parameter Threads to value 1
Gurobi Optimizer version 11.0.2 build v11.0.2rc0 (linux64 - "Debian GNU/Linux 10 (buster)")

CPU model: Intel(R) Xeon(R) CPU           X5570  @ 2.93GHz, instruction set [SSE2]
Thread count: 8 physical cores, 16 logical processors, using up to 1 threads

Optimize a model with 967 rows, 512 columns and 2969 nonzeros
Model fingerprint: 0x16b2d1cf
Variable types: 0 continuous, 512 integer (512 binary)
Coefficient statistics:
  Matrix range     [1e+00, 3e+02]
  Objective range  [8e+00, 3e+02]
  Bounds range     [1e+00, 1e+00]
  RHS range        [1e+00, 3e+03]
Presolved: 967 rows, 168 columns, 2969 nonzeros

Continuing optimization...

     0     0 2438.41635    0   64 3321.50000 2438.41635  26.6%     -    0s
H    0     0                    2697.5000000 2438.41635  9.60%     -    0s
     0     0 2438.41635    0   64 2697.50000 2438.41635  9.60%     -    0s
H    0     0                    2548.5000000 2438.41635  4.32%     -    0s

Explored 1 nodes (626 simplex iterations) in 0.06 seconds (0.03 work units)
Thread count was 1 (of 16 available processors)

Solution count 4: 2548.5 2697.5 3321.5 3914.5 

Optimal solution found (tolerance 1.00e-04)
Best objective 2.548500000000e+03, best bound 2.548500000000e+03, gap 0.0000%
flow1:  2548.5
flow2:  2570.0
Root Upper Bound: 3321.5
Root lower Bound: 2438.4163498098847
ND-Point: 6

-----------------------------------------
Warning for adding constraints: zero or small (< 1e-13) coefficients, ignored
Set parameter NodeLimit to value 0
Set parameter TimeLimit to value 3.5843294684886932e+03
Set parameter Threads to value 1
Gurobi Optimizer version 11.0.2 build v11.0.2rc0 (linux64 - "Debian GNU/Linux 10 (buster)")

CPU model: Intel(R) Xeon(R) CPU           X5570  @ 2.93GHz, instruction set [SSE2]
Thread count: 8 physical cores, 16 logical processors, using up to 1 threads

Optimize a model with 967 rows, 512 columns and 2969 nonzeros
Model fingerprint: 0xd6706ac3
Variable types: 0 continuous, 512 integer (512 binary)
Coefficient statistics:
  Matrix range     [1e+00, 3e+02]
  Objective range  [8e+00, 3e+02]
  Bounds range     [1e+00, 1e+00]
  RHS range        [1e+00, 3e+03]
Found heuristic solution: objective 4441.5000000
Presolve removed 0 rows and 344 columns
Presolve time: 0.00s
Presolved: 967 rows, 168 columns, 2969 nonzeros
Variable types: 0 continuous, 168 integer (168 binary)

Root relaxation: objective 2.480819e+03, 330 iterations, 0.01 seconds (0.01 work units)

    Nodes    |    Current Node    |     Objective Bounds      |     Work
 Expl Unexpl |  Obj  Depth IntInf | Incumbent    BestBd   Gap | It/Node Time

     0     0 2480.81939    0   64 4441.50000 2480.81939  44.1%     -    0s

Explored 1 nodes (337 simplex iterations) in 0.02 seconds (0.02 work units)
Thread count was 1 (of 16 available processors)

Solution count 1: 4441.5 

Node limit reached
Best objective 4.441500000000e+03, best bound 2.481500000000e+03, gap 44.1292%
Root Upper 4441.5
Root Lower 2480.8193916349815
Reset all parameters
Set parameter TimeLimit to value 3.5824633343219757e+03
Set parameter Threads to value 1
Gurobi Optimizer version 11.0.2 build v11.0.2rc0 (linux64 - "Debian GNU/Linux 10 (buster)")

CPU model: Intel(R) Xeon(R) CPU           X5570  @ 2.93GHz, instruction set [SSE2]
Thread count: 8 physical cores, 16 logical processors, using up to 1 threads

Optimize a model with 967 rows, 512 columns and 2969 nonzeros
Model fingerprint: 0xd6706ac3
Variable types: 0 continuous, 512 integer (512 binary)
Coefficient statistics:
  Matrix range     [1e+00, 3e+02]
  Objective range  [8e+00, 3e+02]
  Bounds range     [1e+00, 1e+00]
  RHS range        [1e+00, 3e+03]
Presolved: 967 rows, 168 columns, 2969 nonzeros

Continuing optimization...

     0     0 2480.81939    0   64 4441.50000 2480.81939  44.1%     -    0s
H    0     0                    2697.5000000 2480.81939  8.03%     -    0s
     0     0 2480.81939    0   64 2697.50000 2480.81939  8.03%     -    0s
     0     0 2480.81939    0   21 2697.50000 2480.81939  8.03%     -    0s
     0     0 2494.84145    0   18 2697.50000 2494.84145  7.51%     -    0s
     0     0 2518.89037    0   33 2697.50000 2518.89037  6.62%     -    0s
     0     0 2521.90358    0   33 2697.50000 2521.90358  6.51%     -    0s
     0     0 2533.34861    0   34 2697.50000 2533.34861  6.09%     -    0s
     0     0 2537.81769    0   36 2697.50000 2537.81769  5.92%     -    0s
     0     0 2544.45192    0   36 2697.50000 2544.45192  5.67%     -    0s
     0     0 2566.72104    0   29 2697.50000 2566.72104  4.85%     -    0s
     0     0 2627.02941    0   29 2697.50000 2627.02941  2.61%     -    0s

Cutting planes:
  MIR: 3

Explored 1 nodes (832 simplex iterations) in 0.13 seconds (0.06 work units)
Thread count was 1 (of 16 available processors)

Solution count 3: 2697.5 2781.5 4441.5 

Optimal solution found (tolerance 1.00e-04)
Best objective 2.697500000000e+03, best bound 2.697500000000e+03, gap 0.0000%
flow1:  2697.5
flow2:  2510.0
Root Upper Bound: 4441.5
Root lower Bound: 2480.8193916349815
ND-Point: 7

-----------------------------------------
Warning for adding constraints: zero or small (< 1e-13) coefficients, ignored
Set parameter NodeLimit to value 0
Set parameter TimeLimit to value 3.5823408265113831e+03
Set parameter Threads to value 1
Gurobi Optimizer version 11.0.2 build v11.0.2rc0 (linux64 - "Debian GNU/Linux 10 (buster)")

CPU model: Intel(R) Xeon(R) CPU           X5570  @ 2.93GHz, instruction set [SSE2]
Thread count: 8 physical cores, 16 logical processors, using up to 1 threads

Optimize a model with 967 rows, 512 columns and 2969 nonzeros
Model fingerprint: 0xa1633e47
Variable types: 0 continuous, 512 integer (512 binary)
Coefficient statistics:
  Matrix range     [1e+00, 3e+02]
  Objective range  [8e+00, 3e+02]
  Bounds range     [1e+00, 1e+00]
  RHS range        [1e+00, 3e+03]
Found heuristic solution: objective 3875.5000000
Presolve removed 0 rows and 344 columns
Presolve time: 0.00s
Presolved: 967 rows, 168 columns, 2969 nonzeros
Variable types: 0 continuous, 168 integer (168 binary)

Root relaxation: objective 2.555648e+03, 300 iterations, 0.01 seconds (0.01 work units)

    Nodes    |    Current Node    |     Objective Bounds      |     Work
 Expl Unexpl |  Obj  Depth IntInf | Incumbent    BestBd   Gap | It/Node Time

     0     0 2555.64829    0   64 3875.50000 2555.64829  34.1%     -    0s

Explored 1 nodes (303 simplex iterations) in 0.02 seconds (0.02 work units)
Thread count was 1 (of 16 available processors)

Solution count 1: 3875.5 

Node limit reached
Best objective 3.875500000000e+03, best bound 2.556500000000e+03, gap 34.0343%
Root Upper 3875.5
Root Lower 2555.6482889733843
Reset all parameters
Set parameter TimeLimit to value 3.5804819345474243e+03
Set parameter Threads to value 1
Gurobi Optimizer version 11.0.2 build v11.0.2rc0 (linux64 - "Debian GNU/Linux 10 (buster)")

CPU model: Intel(R) Xeon(R) CPU           X5570  @ 2.93GHz, instruction set [SSE2]
Thread count: 8 physical cores, 16 logical processors, using up to 1 threads

Optimize a model with 967 rows, 512 columns and 2969 nonzeros
Model fingerprint: 0xa1633e47
Variable types: 0 continuous, 512 integer (512 binary)
Coefficient statistics:
  Matrix range     [1e+00, 3e+02]
  Objective range  [8e+00, 3e+02]
  Bounds range     [1e+00, 1e+00]
  RHS range        [1e+00, 3e+03]
Presolved: 967 rows, 168 columns, 2969 nonzeros

Continuing optimization...

     0     0 2555.64829    0   64 3875.50000 2555.64829  34.1%     -    0s
     0     0 2555.64829    0   64 3875.50000 2555.64829  34.1%     -    0s
H    0     0                    3074.5000000 2555.64829  16.9%     -    0s
H    0     0                    2948.5000000 2555.64829  13.3%     -    0s
     0     2 2556.55344    0   64 2948.50000 2556.55344  13.3%     -    0s
     1     3 2670.55118    1   70 2948.50000 2556.55344  13.3%  79.0    0s
H    3     3                    2847.5000000 2677.74570  5.96%  42.0    0s
H    7     7                    2781.5000000 2677.74570  3.73%  33.0    0s

Explored 19 nodes (1062 simplex iterations) in 0.10 seconds (0.05 work units)
Thread count was 1 (of 16 available processors)

Solution count 5: 2781.5 2847.5 2948.5 ... 3875.5

Optimal solution found (tolerance 1.00e-04)
Best objective 2.781500000000e+03, best bound 2.781500000000e+03, gap 0.0000%
flow1:  2781.5
flow2:  2506.0
Root Upper Bound: 3875.5
Root lower Bound: 2555.6482889733843
ND-Point: 8

-----------------------------------------
Warning for adding constraints: zero or small (< 1e-13) coefficients, ignored
Set parameter NodeLimit to value 0
Set parameter TimeLimit to value 3.5803807015419006e+03
Set parameter Threads to value 1
Gurobi Optimizer version 11.0.2 build v11.0.2rc0 (linux64 - "Debian GNU/Linux 10 (buster)")

CPU model: Intel(R) Xeon(R) CPU           X5570  @ 2.93GHz, instruction set [SSE2]
Thread count: 8 physical cores, 16 logical processors, using up to 1 threads

Optimize a model with 967 rows, 512 columns and 2969 nonzeros
Model fingerprint: 0x83957040
Variable types: 0 continuous, 512 integer (512 binary)
Coefficient statistics:
  Matrix range     [1e+00, 3e+02]
  Objective range  [8e+00, 3e+02]
  Bounds range     [1e+00, 1e+00]
  RHS range        [1e+00, 3e+03]
Found heuristic solution: objective 3676.5000000
Presolve removed 0 rows and 344 columns
Presolve time: 0.00s
Presolved: 967 rows, 168 columns, 2969 nonzeros
Variable types: 0 continuous, 168 integer (168 binary)

Root relaxation: objective 2.560637e+03, 285 iterations, 0.01 seconds (0.01 work units)

    Nodes    |    Current Node    |     Objective Bounds      |     Work
 Expl Unexpl |  Obj  Depth IntInf | Incumbent    BestBd   Gap | It/Node Time

     0     0 2560.63688    0   64 3676.50000 2560.63688  30.4%     -    0s

Explored 1 nodes (288 simplex iterations) in 0.02 seconds (0.01 work units)
Thread count was 1 (of 16 available processors)

Solution count 1: 3676.5 

Node limit reached
Best objective 3.676500000000e+03, best bound 2.561500000000e+03, gap 30.3278%
Root Upper 3676.5
Root Lower 2560.6368821292767
Reset all parameters
Set parameter TimeLimit to value 3.5785215449333191e+03
Set parameter Threads to value 1
Gurobi Optimizer version 11.0.2 build v11.0.2rc0 (linux64 - "Debian GNU/Linux 10 (buster)")

CPU model: Intel(R) Xeon(R) CPU           X5570  @ 2.93GHz, instruction set [SSE2]
Thread count: 8 physical cores, 16 logical processors, using up to 1 threads

Optimize a model with 967 rows, 512 columns and 2969 nonzeros
Model fingerprint: 0x83957040
Variable types: 0 continuous, 512 integer (512 binary)
Coefficient statistics:
  Matrix range     [1e+00, 3e+02]
  Objective range  [8e+00, 3e+02]
  Bounds range     [1e+00, 1e+00]
  RHS range        [1e+00, 3e+03]
Presolved: 967 rows, 168 columns, 2969 nonzeros

Continuing optimization...

     0     0 2560.63688    0   64 3676.50000 2560.63688  30.4%     -    0s
     0     0 2560.63688    0   64 3676.50000 2560.63688  30.4%     -    0s
H    0     0                    2948.5000000 2560.63688  13.2%     -    0s
     0     2 2561.14440    0   64 2948.50000 2561.14440  13.1%     -    0s
     1     3 2679.73228    1   70 2948.50000 2564.09965  13.0%  62.0    0s
*    9     5               6    2847.5000000 2684.62278  5.72%  33.7    0s

Explored 25 nodes (1161 simplex iterations) in 0.11 seconds (0.06 work units)
Thread count was 1 (of 16 available processors)

Solution count 3: 2847.5 2948.5 3676.5 

Optimal solution found (tolerance 1.00e-04)
Best objective 2.847500000000e+03, best bound 2.847500000000e+03, gap 0.0000%
flow1:  2847.5
flow2:  2446.0
Root Upper Bound: 3676.5
Root lower Bound: 2560.6368821292767
ND-Point: 9

-----------------------------------------
Warning for adding constraints: zero or small (< 1e-13) coefficients, ignored
Set parameter NodeLimit to value 0
Set parameter TimeLimit to value 3.5783742861747742e+03
Set parameter Threads to value 1
Gurobi Optimizer version 11.0.2 build v11.0.2rc0 (linux64 - "Debian GNU/Linux 10 (buster)")

CPU model: Intel(R) Xeon(R) CPU           X5570  @ 2.93GHz, instruction set [SSE2]
Thread count: 8 physical cores, 16 logical processors, using up to 1 threads

Optimize a model with 967 rows, 512 columns and 2969 nonzeros
Model fingerprint: 0x88dbb6d7
Variable types: 0 continuous, 512 integer (512 binary)
Coefficient statistics:
  Matrix range     [1e+00, 3e+02]
  Objective range  [8e+00, 3e+02]
  Bounds range     [1e+00, 1e+00]
  RHS range        [1e+00, 3e+03]
Presolve removed 0 rows and 344 columns
Presolve time: 0.00s
Presolved: 967 rows, 168 columns, 2969 nonzeros
Variable types: 0 continuous, 168 integer (168 binary)
Found heuristic solution: objective 3914.5000000

Root relaxation: objective 2.635466e+03, 289 iterations, 0.01 seconds (0.01 work units)

    Nodes    |    Current Node    |     Objective Bounds      |     Work
 Expl Unexpl |  Obj  Depth IntInf | Incumbent    BestBd   Gap | It/Node Time

     0     0 2635.46578    0   64 3914.50000 2635.46578  32.7%     -    0s

Explored 1 nodes (294 simplex iterations) in 0.02 seconds (0.02 work units)
Thread count was 1 (of 16 available processors)

Solution count 1: 3914.5 

Node limit reached
Best objective 3.914500000000e+03, best bound 2.635500000000e+03, gap 32.6734%
Root Upper 3914.5
Root Lower 2635.465779467682
Reset all parameters
Set parameter TimeLimit to value 3.5764773025512695e+03
Set parameter Threads to value 1
Gurobi Optimizer version 11.0.2 build v11.0.2rc0 (linux64 - "Debian GNU/Linux 10 (buster)")

CPU model: Intel(R) Xeon(R) CPU           X5570  @ 2.93GHz, instruction set [SSE2]
Thread count: 8 physical cores, 16 logical processors, using up to 1 threads

Optimize a model with 967 rows, 512 columns and 2969 nonzeros
Model fingerprint: 0x88dbb6d7
Variable types: 0 continuous, 512 integer (512 binary)
Coefficient statistics:
  Matrix range     [1e+00, 3e+02]
  Objective range  [8e+00, 3e+02]
  Bounds range     [1e+00, 1e+00]
  RHS range        [1e+00, 3e+03]
Presolved: 967 rows, 168 columns, 2969 nonzeros

Continuing optimization...

     0     0 2635.46578    0   64 3914.50000 2635.46578  32.7%     -    0s
H    0     0                    2948.5000000 2635.46578  10.6%     -    0s
     0     0 2635.46578    0   64 2948.50000 2635.46578  10.6%     -    0s
     0     2 2637.10158    0   64 2948.50000 2637.10158  10.6%     -    0s
     1     3 2749.12975    1   68 2948.50000 2638.62069  10.5%  51.0    0s
H    2     2                    2857.5000000 2638.62069  7.66%  25.5    0s

Explored 16 nodes (864 simplex iterations) in 0.08 seconds (0.05 work units)
Thread count was 1 (of 16 available processors)

Solution count 3: 2857.5 2948.5 3914.5 

Optimal solution found (tolerance 1.00e-04)
Best objective 2.857500000000e+03, best bound 2.857500000000e+03, gap 0.0000%
flow1:  2857.5
flow2:  2394.0
Root Upper Bound: 3914.5
Root lower Bound: 2635.465779467682
ND-Point: 10

-----------------------------------------
Warning for adding constraints: zero or small (< 1e-13) coefficients, ignored
Set parameter NodeLimit to value 0
Set parameter TimeLimit to value 3.5764061708450317e+03
Set parameter Threads to value 1
Gurobi Optimizer version 11.0.2 build v11.0.2rc0 (linux64 - "Debian GNU/Linux 10 (buster)")

CPU model: Intel(R) Xeon(R) CPU           X5570  @ 2.93GHz, instruction set [SSE2]
Thread count: 8 physical cores, 16 logical processors, using up to 1 threads

Optimize a model with 967 rows, 512 columns and 2969 nonzeros
Model fingerprint: 0x48ec10c1
Variable types: 0 continuous, 512 integer (512 binary)
Coefficient statistics:
  Matrix range     [1e+00, 3e+02]
  Objective range  [8e+00, 3e+02]
  Bounds range     [1e+00, 1e+00]
  RHS range        [1e+00, 3e+03]
Found heuristic solution: objective 4019.5000000
Presolve removed 0 rows and 344 columns
Presolve time: 0.00s
Presolved: 967 rows, 168 columns, 2969 nonzeros
Variable types: 0 continuous, 168 integer (168 binary)

Root relaxation: objective 2.700317e+03, 311 iterations, 0.01 seconds (0.01 work units)

    Nodes    |    Current Node    |     Objective Bounds      |     Work
 Expl Unexpl |  Obj  Depth IntInf | Incumbent    BestBd   Gap | It/Node Time

     0     0 2700.31749    0   64 4019.50000 2700.31749  32.8%     -    0s

Explored 1 nodes (313 simplex iterations) in 0.02 seconds (0.02 work units)
Thread count was 1 (of 16 available processors)

Solution count 1: 4019.5 

Node limit reached
Best objective 4.019500000000e+03, best bound 2.700500000000e+03, gap 32.8150%
Root Upper 4019.5
Root Lower 2700.3174904942966
Reset all parameters
Set parameter TimeLimit to value 3.5745263831615448e+03
Set parameter Threads to value 1
Gurobi Optimizer version 11.0.2 build v11.0.2rc0 (linux64 - "Debian GNU/Linux 10 (buster)")

CPU model: Intel(R) Xeon(R) CPU           X5570  @ 2.93GHz, instruction set [SSE2]
Thread count: 8 physical cores, 16 logical processors, using up to 1 threads

Optimize a model with 967 rows, 512 columns and 2969 nonzeros
Model fingerprint: 0x48ec10c1
Variable types: 0 continuous, 512 integer (512 binary)
Coefficient statistics:
  Matrix range     [1e+00, 3e+02]
  Objective range  [8e+00, 3e+02]
  Bounds range     [1e+00, 1e+00]
  RHS range        [1e+00, 3e+03]
Presolved: 967 rows, 168 columns, 2969 nonzeros

Continuing optimization...

     0     0 2700.31749    0   64 4019.50000 2700.31749  32.8%     -    0s
H    0     0                    2948.5000000 2700.31749  8.42%     -    0s
     0     0 2700.31749    0   64 2948.50000 2700.31749  8.42%     -    0s
     0     0 2700.31749    0   45 2948.50000 2700.31749  8.42%     -    0s
     0     0 2767.80351    0   53 2948.50000 2767.80351  6.13%     -    0s
     0     0 2785.39072    0   64 2948.50000 2785.39072  5.53%     -    0s
     0     0 2787.15123    0   55 2948.50000 2787.15123  5.47%     -    0s
     0     0 2814.57115    0   55 2948.50000 2814.57115  4.54%     -    0s
     0     0 2814.57115    0   33 2948.50000 2814.57115  4.54%     -    0s
     0     0 2814.57115    0   53 2948.50000 2814.57115  4.54%     -    0s
     0     0 2814.57115    0   53 2948.50000 2814.57115  4.54%     -    0s
     0     0 2814.57115    0   53 2948.50000 2814.57115  4.54%     -    0s
     0     0 2834.68689    0   53 2948.50000 2834.68689  3.86%     -    0s
     0     2 2845.50497    0   53 2948.50000 2845.50497  3.49%     -    0s
     1     4 2859.91162    1   42 2948.50000 2859.91162  3.00%  23.0    0s

Cutting planes:
  Gomory: 4
  Mod-K: 1

Explored 7 nodes (1070 simplex iterations) in 0.29 seconds (0.15 work units)
Thread count was 1 (of 16 available processors)

Solution count 2: 2948.5 4019.5 

Optimal solution found (tolerance 1.00e-04)
Best objective 2.948500000000e+03, best bound 2.948500000000e+03, gap 0.0000%
flow1:  2948.5
flow2:  2194.0
Root Upper Bound: 4019.5
Root lower Bound: 2700.3174904942966
ND-Point: 11

-----------------------------------------
Warning for adding constraints: zero or small (< 1e-13) coefficients, ignored
Set parameter NodeLimit to value 0
Set parameter TimeLimit to value 3.5742573828697205e+03
Set parameter Threads to value 1
Gurobi Optimizer version 11.0.2 build v11.0.2rc0 (linux64 - "Debian GNU/Linux 10 (buster)")

CPU model: Intel(R) Xeon(R) CPU           X5570  @ 2.93GHz, instruction set [SSE2]
Thread count: 8 physical cores, 16 logical processors, using up to 1 threads

Optimize a model with 967 rows, 512 columns and 2969 nonzeros
Model fingerprint: 0x871967b9
Variable types: 0 continuous, 512 integer (512 binary)
Coefficient statistics:
  Matrix range     [1e+00, 3e+02]
  Objective range  [8e+00, 3e+02]
  Bounds range     [1e+00, 1e+00]
  RHS range        [1e+00, 3e+03]
Presolve removed 0 rows and 344 columns
Presolve time: 0.00s
Presolved: 967 rows, 168 columns, 2969 nonzeros
Variable types: 0 continuous, 168 integer (168 binary)
Found heuristic solution: objective 4449.5000000

Root relaxation: objective 2.951935e+03, 364 iterations, 0.02 seconds (0.01 work units)

    Nodes    |    Current Node    |     Objective Bounds      |     Work
 Expl Unexpl |  Obj  Depth IntInf | Incumbent    BestBd   Gap | It/Node Time

     0     0 2951.93478    0   22 4449.50000 2951.93478  33.7%     -    0s

Explored 1 nodes (367 simplex iterations) in 0.03 seconds (0.02 work units)
Thread count was 1 (of 16 available processors)

Solution count 1: 4449.5 

Node limit reached
Best objective 4.449500000000e+03, best bound 2.952500000000e+03, gap 33.6442%
Root Upper 4449.5
Root Lower 2951.9347826086955
Reset all parameters
Set parameter TimeLimit to value 3.5723902754783630e+03
Set parameter Threads to value 1
Gurobi Optimizer version 11.0.2 build v11.0.2rc0 (linux64 - "Debian GNU/Linux 10 (buster)")

CPU model: Intel(R) Xeon(R) CPU           X5570  @ 2.93GHz, instruction set [SSE2]
Thread count: 8 physical cores, 16 logical processors, using up to 1 threads

Optimize a model with 967 rows, 512 columns and 2969 nonzeros
Model fingerprint: 0x871967b9
Variable types: 0 continuous, 512 integer (512 binary)
Coefficient statistics:
  Matrix range     [1e+00, 3e+02]
  Objective range  [8e+00, 3e+02]
  Bounds range     [1e+00, 1e+00]
  RHS range        [1e+00, 3e+03]
Presolved: 967 rows, 168 columns, 2969 nonzeros

Continuing optimization...

     0     0 2951.93478    0   22 4449.50000 2951.93478  33.7%     -    0s
H    0     0                    3187.5000000 2951.93478  7.39%     -    0s
     0     0 2951.93478    0   22 3187.50000 2951.93478  7.39%     -    0s
H    0     0                    3166.5000000 2951.93478  6.78%     -    0s

Explored 1 nodes (736 simplex iterations) in 0.06 seconds (0.03 work units)
Thread count was 1 (of 16 available processors)

Solution count 3: 3166.5 3187.5 4449.5 

Optimal solution found (tolerance 1.00e-04)
Best objective 3.166500000000e+03, best bound 3.166500000000e+03, gap 0.0000%
flow1:  3166.5
flow2:  2154.0
Root Upper Bound: 4449.5
Root lower Bound: 2951.9347826086955
ND-Point: 12

-----------------------------------------
Warning for adding constraints: zero or small (< 1e-13) coefficients, ignored
Set parameter NodeLimit to value 0
Set parameter TimeLimit to value 3.5723322849273682e+03
Set parameter Threads to value 1
Gurobi Optimizer version 11.0.2 build v11.0.2rc0 (linux64 - "Debian GNU/Linux 10 (buster)")

CPU model: Intel(R) Xeon(R) CPU           X5570  @ 2.93GHz, instruction set [SSE2]
Thread count: 8 physical cores, 16 logical processors, using up to 1 threads

Optimize a model with 967 rows, 512 columns and 2969 nonzeros
Model fingerprint: 0x7fca40a4
Variable types: 0 continuous, 512 integer (512 binary)
Coefficient statistics:
  Matrix range     [1e+00, 3e+02]
  Objective range  [8e+00, 3e+02]
  Bounds range     [1e+00, 1e+00]
  RHS range        [1e+00, 3e+03]
Presolve removed 0 rows and 344 columns
Presolve time: 0.00s
Presolved: 967 rows, 168 columns, 2969 nonzeros
Variable types: 0 continuous, 168 integer (168 binary)
Found heuristic solution: objective 4449.5000000

Root relaxation: objective 3.089326e+03, 377 iterations, 0.02 seconds (0.01 work units)

    Nodes    |    Current Node    |     Objective Bounds      |     Work
 Expl Unexpl |  Obj  Depth IntInf | Incumbent    BestBd   Gap | It/Node Time

     0     0 3089.32609    0   22 4449.50000 3089.32609  30.6%     -    0s

Explored 1 nodes (380 simplex iterations) in 0.03 seconds (0.02 work units)
Thread count was 1 (of 16 available processors)

Solution count 1: 4449.5 

Node limit reached
Best objective 4.449500000000e+03, best bound 3.089500000000e+03, gap 30.5652%
Root Upper 4449.5
Root Lower 3089.326086956522
Reset all parameters
Set parameter TimeLimit to value 3.5704643223285675e+03
Set parameter Threads to value 1
Gurobi Optimizer version 11.0.2 build v11.0.2rc0 (linux64 - "Debian GNU/Linux 10 (buster)")

CPU model: Intel(R) Xeon(R) CPU           X5570  @ 2.93GHz, instruction set [SSE2]
Thread count: 8 physical cores, 16 logical processors, using up to 1 threads

Optimize a model with 967 rows, 512 columns and 2969 nonzeros
Model fingerprint: 0x7fca40a4
Variable types: 0 continuous, 512 integer (512 binary)
Coefficient statistics:
  Matrix range     [1e+00, 3e+02]
  Objective range  [8e+00, 3e+02]
  Bounds range     [1e+00, 1e+00]
  RHS range        [1e+00, 3e+03]
Presolved: 967 rows, 168 columns, 2969 nonzeros

Continuing optimization...

     0     0 3089.32609    0   22 4449.50000 3089.32609  30.6%     -    0s
H    0     0                    3187.5000000 3089.32609  3.08%     -    0s
     0     0 3089.32609    0   22 3187.50000 3089.32609  3.08%     -    0s

Explored 1 nodes (760 simplex iterations) in 0.03 seconds (0.02 work units)
Thread count was 1 (of 16 available processors)

Solution count 2: 3187.5 4449.5 

Optimal solution found (tolerance 1.00e-04)
Best objective 3.187500000000e+03, best bound 3.187500000000e+03, gap 0.0000%
flow1:  3187.5
flow2:  2148.0
Root Upper Bound: 4449.5
Root lower Bound: 3089.326086956522
ND-Point: 13

-----------------------------------------
Warning for adding constraints: zero or small (< 1e-13) coefficients, ignored
Set parameter NodeLimit to value 0
Set parameter TimeLimit to value 3.5704275188446045e+03
Set parameter Threads to value 1
Gurobi Optimizer version 11.0.2 build v11.0.2rc0 (linux64 - "Debian GNU/Linux 10 (buster)")

CPU model: Intel(R) Xeon(R) CPU           X5570  @ 2.93GHz, instruction set [SSE2]
Thread count: 8 physical cores, 16 logical processors, using up to 1 threads

Optimize a model with 967 rows, 512 columns and 2969 nonzeros
Model fingerprint: 0xc9c4937d
Variable types: 0 continuous, 512 integer (512 binary)
Coefficient statistics:
  Matrix range     [1e+00, 3e+02]
  Objective range  [8e+00, 3e+02]
  Bounds range     [1e+00, 1e+00]
  RHS range        [1e+00, 3e+03]
Presolve removed 0 rows and 344 columns
Presolve time: 0.00s
Presolved: 967 rows, 168 columns, 2969 nonzeros
Variable types: 0 continuous, 168 integer (168 binary)
Found heuristic solution: objective 4449.5000000

Root relaxation: objective 3.109935e+03, 393 iterations, 0.02 seconds (0.01 work units)

    Nodes    |    Current Node    |     Objective Bounds      |     Work
 Expl Unexpl |  Obj  Depth IntInf | Incumbent    BestBd   Gap | It/Node Time

     0     0 3109.93478    0   22 4449.50000 3109.93478  30.1%     -    0s

Explored 1 nodes (394 simplex iterations) in 0.03 seconds (0.02 work units)
Thread count was 1 (of 16 available processors)

Solution count 1: 4449.5 

Node limit reached
Best objective 4.449500000000e+03, best bound 3.110500000000e+03, gap 30.0933%
Root Upper 4449.5
Root Lower 3109.934782608696
Reset all parameters
Set parameter TimeLimit to value 3.5685540671348572e+03
Set parameter Threads to value 1
Gurobi Optimizer version 11.0.2 build v11.0.2rc0 (linux64 - "Debian GNU/Linux 10 (buster)")

CPU model: Intel(R) Xeon(R) CPU           X5570  @ 2.93GHz, instruction set [SSE2]
Thread count: 8 physical cores, 16 logical processors, using up to 1 threads

Optimize a model with 967 rows, 512 columns and 2969 nonzeros
Model fingerprint: 0xc9c4937d
Variable types: 0 continuous, 512 integer (512 binary)
Coefficient statistics:
  Matrix range     [1e+00, 3e+02]
  Objective range  [8e+00, 3e+02]
  Bounds range     [1e+00, 1e+00]
  RHS range        [1e+00, 3e+03]
Presolved: 967 rows, 168 columns, 2969 nonzeros

Continuing optimization...

     0     0 3109.93478    0   22 4449.50000 3109.93478  30.1%     -    0s
     0     0 3109.93478    0   22 4449.50000 3109.93478  30.1%     -    0s
H    0     0                    3422.5000000 3109.93478  9.13%     -    0s
     0     0 3109.93478    0   11 3422.50000 3109.93478  9.13%     -    0s
H    0     0                    3405.5000000 3109.93478  8.68%     -    0s
     0     0 3199.79166    0   26 3405.50000 3199.79166  6.04%     -    0s
     0     0 3239.64279    0   15 3405.50000 3239.64279  4.87%     -    0s
     0     0 3242.44676    0   26 3405.50000 3242.44676  4.79%     -    0s
     0     0 3244.54649    0   26 3405.50000 3244.54649  4.73%     -    0s
     0     0 3244.69851    0   32 3405.50000 3244.69851  4.72%     -    0s
     0     0 3244.99184    0   26 3405.50000 3244.99184  4.71%     -    0s
     0     0 3247.94128    0   26 3405.50000 3247.94128  4.63%     -    0s
     0     0 3248.85423    0   27 3405.50000 3248.85423  4.60%     -    0s
     0     0 3256.10469    0   27 3405.50000 3256.10469  4.39%     -    0s

Cutting planes:
  MIR: 3
  StrongCG: 1

Explored 1 nodes (940 simplex iterations) in 0.12 seconds (0.06 work units)
Thread count was 1 (of 16 available processors)

Solution count 3: 3405.5 3422.5 4449.5 

Optimal solution found (tolerance 1.00e-04)
Best objective 3.405500000000e+03, best bound 3.405500000000e+03, gap 0.0000%
flow1:  3405.5
flow2:  2108.0
Root Upper Bound: 4449.5
Root lower Bound: 3109.934782608696
ND-Point: 14

-----------------------------------------
Warning for adding constraints: zero or small (< 1e-13) coefficients, ignored
Set parameter NodeLimit to value 0
Set parameter TimeLimit to value 3.5684342668056488e+03
Set parameter Threads to value 1
Gurobi Optimizer version 11.0.2 build v11.0.2rc0 (linux64 - "Debian GNU/Linux 10 (buster)")

CPU model: Intel(R) Xeon(R) CPU           X5570  @ 2.93GHz, instruction set [SSE2]
Thread count: 8 physical cores, 16 logical processors, using up to 1 threads

Optimize a model with 967 rows, 512 columns and 2969 nonzeros
Model fingerprint: 0xd2e6ea3e
Variable types: 0 continuous, 512 integer (512 binary)
Coefficient statistics:
  Matrix range     [1e+00, 3e+02]
  Objective range  [8e+00, 3e+02]
  Bounds range     [1e+00, 1e+00]
  RHS range        [1e+00, 3e+03]
Presolve removed 0 rows and 344 columns
Presolve time: 0.00s
Presolved: 967 rows, 168 columns, 2969 nonzeros
Variable types: 0 continuous, 168 integer (168 binary)
Found heuristic solution: objective 4449.5000000

Root relaxation: objective 3.247326e+03, 349 iterations, 0.01 seconds (0.01 work units)

    Nodes    |    Current Node    |     Objective Bounds      |     Work
 Expl Unexpl |  Obj  Depth IntInf | Incumbent    BestBd   Gap | It/Node Time

     0     0 3247.32609    0   22 4449.50000 3247.32609  27.0%     -    0s

Explored 1 nodes (352 simplex iterations) in 0.03 seconds (0.02 work units)
Thread count was 1 (of 16 available processors)

Solution count 1: 4449.5 

Node limit reached
Best objective 4.449500000000e+03, best bound 3.247500000000e+03, gap 27.0143%
Root Upper 4449.5
Root Lower 3247.326086956522
Reset all parameters
Set parameter TimeLimit to value 3.5665637078285217e+03
Set parameter Threads to value 1
Gurobi Optimizer version 11.0.2 build v11.0.2rc0 (linux64 - "Debian GNU/Linux 10 (buster)")

CPU model: Intel(R) Xeon(R) CPU           X5570  @ 2.93GHz, instruction set [SSE2]
Thread count: 8 physical cores, 16 logical processors, using up to 1 threads

Optimize a model with 967 rows, 512 columns and 2969 nonzeros
Model fingerprint: 0xd2e6ea3e
Variable types: 0 continuous, 512 integer (512 binary)
Coefficient statistics:
  Matrix range     [1e+00, 3e+02]
  Objective range  [8e+00, 3e+02]
  Bounds range     [1e+00, 1e+00]
  RHS range        [1e+00, 3e+03]
Presolved: 967 rows, 168 columns, 2969 nonzeros

Continuing optimization...

     0     0 3247.32609    0   22 4449.50000 3247.32609  27.0%     -    0s
H    0     0                    3422.5000000 3247.32609  5.12%     -    0s
     0     0 3247.32609    0   22 3422.50000 3247.32609  5.12%     -    0s

Explored 1 nodes (706 simplex iterations) in 0.05 seconds (0.03 work units)
Thread count was 1 (of 16 available processors)

Solution count 2: 3422.5 4449.5 

Optimal solution found (tolerance 1.00e-04)
Best objective 3.422500000000e+03, best bound 3.422500000000e+03, gap 0.0000%
flow1:  3422.5
flow2:  2056.0
Root Upper Bound: 4449.5
Root lower Bound: 3247.326086956522
ND-Point: 15

-----------------------------------------
Warning for adding constraints: zero or small (< 1e-13) coefficients, ignored
Set parameter NodeLimit to value 0
Set parameter TimeLimit to value 3.5665116288661957e+03
Set parameter Threads to value 1
Gurobi Optimizer version 11.0.2 build v11.0.2rc0 (linux64 - "Debian GNU/Linux 10 (buster)")

CPU model: Intel(R) Xeon(R) CPU           X5570  @ 2.93GHz, instruction set [SSE2]
Thread count: 8 physical cores, 16 logical processors, using up to 1 threads

Optimize a model with 967 rows, 512 columns and 2969 nonzeros
Model fingerprint: 0x5674e789
Variable types: 0 continuous, 512 integer (512 binary)
Coefficient statistics:
  Matrix range     [1e+00, 3e+02]
  Objective range  [8e+00, 3e+02]
  Bounds range     [1e+00, 1e+00]
  RHS range        [1e+00, 3e+03]
Presolve removed 0 rows and 344 columns
Presolve time: 0.00s
Presolved: 967 rows, 168 columns, 2969 nonzeros
Variable types: 0 continuous, 168 integer (168 binary)

Root relaxation: objective 3.427696e+03, 381 iterations, 0.02 seconds (0.01 work units)

    Nodes    |    Current Node    |     Objective Bounds      |     Work
 Expl Unexpl |  Obj  Depth IntInf | Incumbent    BestBd   Gap | It/Node Time

     0     0 3427.69565    0   12          - 3427.69565      -     -    0s

Explored 1 nodes (385 simplex iterations) in 0.03 seconds (0.02 work units)
Thread count was 1 (of 16 available processors)

Solution count 0

Node limit reached
Best objective -, best bound 3.428500000000e+03, gap -
Root Upper inf
Root Lower 3427.695652173913
Reset all parameters
Set parameter TimeLimit to value 3.5646424884796143e+03
Set parameter Threads to value 1
Gurobi Optimizer version 11.0.2 build v11.0.2rc0 (linux64 - "Debian GNU/Linux 10 (buster)")

CPU model: Intel(R) Xeon(R) CPU           X5570  @ 2.93GHz, instruction set [SSE2]
Thread count: 8 physical cores, 16 logical processors, using up to 1 threads

Optimize a model with 967 rows, 512 columns and 2969 nonzeros
Model fingerprint: 0x5674e789
Variable types: 0 continuous, 512 integer (512 binary)
Coefficient statistics:
  Matrix range     [1e+00, 3e+02]
  Objective range  [8e+00, 3e+02]
  Bounds range     [1e+00, 1e+00]
  RHS range        [1e+00, 3e+03]
Presolved: 967 rows, 168 columns, 2969 nonzeros

Continuing optimization...

     0     0 3427.69565    0   12          - 3427.69565      -     -    0s
H    0     0                    3661.5000000 3427.69565  6.39%     -    0s
     0     0 3427.69565    0   12 3661.50000 3427.69565  6.39%     -    0s

Explored 1 nodes (770 simplex iterations) in 0.03 seconds (0.02 work units)
Thread count was 1 (of 16 available processors)

Solution count 1: 3661.5 

Optimal solution found (tolerance 1.00e-04)
Best objective 3.661500000000e+03, best bound 3.661500000000e+03, gap 0.0000%
flow1:  3661.5
flow2:  2010.0
Root Upper Bound: inf
Root lower Bound: 3427.695652173913
ND-Point: 16

-----------------------------------------
Warning for adding constraints: zero or small (< 1e-13) coefficients, ignored
Set parameter NodeLimit to value 0
Set parameter TimeLimit to value 3.5646063277721405e+03
Set parameter Threads to value 1
Gurobi Optimizer version 11.0.2 build v11.0.2rc0 (linux64 - "Debian GNU/Linux 10 (buster)")

CPU model: Intel(R) Xeon(R) CPU           X5570  @ 2.93GHz, instruction set [SSE2]
Thread count: 8 physical cores, 16 logical processors, using up to 1 threads

Optimize a model with 967 rows, 512 columns and 2969 nonzeros
Model fingerprint: 0x5c67b0b7
Variable types: 0 continuous, 512 integer (512 binary)
Coefficient statistics:
  Matrix range     [1e+00, 3e+02]
  Objective range  [8e+00, 3e+02]
  Bounds range     [1e+00, 1e+00]
  RHS range        [1e+00, 3e+03]
Presolve removed 0 rows and 344 columns
Presolve time: 0.00s
Presolved: 967 rows, 168 columns, 2969 nonzeros
Variable types: 0 continuous, 168 integer (168 binary)

Root relaxation: objective 3.668331e+03, 387 iterations, 0.02 seconds (0.01 work units)

    Nodes    |    Current Node    |     Objective Bounds      |     Work
 Expl Unexpl |  Obj  Depth IntInf | Incumbent    BestBd   Gap | It/Node Time

     0     0 3668.33051    0   72          - 3668.33051      -     -    0s

Explored 1 nodes (392 simplex iterations) in 0.03 seconds (0.02 work units)
Thread count was 1 (of 16 available processors)

Solution count 0

Node limit reached
Best objective -, best bound 3.668500000000e+03, gap -
Root Upper inf
Root Lower 3668.330508474576
Reset all parameters
Set parameter TimeLimit to value 3.5627173600196838e+03
Set parameter Threads to value 1
Gurobi Optimizer version 11.0.2 build v11.0.2rc0 (linux64 - "Debian GNU/Linux 10 (buster)")

CPU model: Intel(R) Xeon(R) CPU           X5570  @ 2.93GHz, instruction set [SSE2]
Thread count: 8 physical cores, 16 logical processors, using up to 1 threads

Optimize a model with 967 rows, 512 columns and 2969 nonzeros
Model fingerprint: 0x5c67b0b7
Variable types: 0 continuous, 512 integer (512 binary)
Coefficient statistics:
  Matrix range     [1e+00, 3e+02]
  Objective range  [8e+00, 3e+02]
  Bounds range     [1e+00, 1e+00]
  RHS range        [1e+00, 3e+03]
Presolved: 967 rows, 168 columns, 2969 nonzeros

Continuing optimization...

     0     0 3668.33051    0   72          - 3668.33051      -     -    0s
     0     0 3668.33051    0   72          - 3668.33051      -     -    0s
H    0     0                    4467.5000000 3668.33051  17.9%     -    0s
     0     2 3669.00704    0   72 4467.50000 3669.00704  17.9%     -    0s
     1     3 3697.93750    1   66 4467.50000 3675.88298  17.7%  39.0    0s

Explored 21 nodes (997 simplex iterations) in 0.10 seconds (0.05 work units)
Thread count was 1 (of 16 available processors)

Solution count 1: 4467.5 

Optimal solution found (tolerance 1.00e-04)
Best objective 4.467500000000e+03, best bound 4.467500000000e+03, gap 0.0000%
flow1:  4467.5
flow2:  1892.0
Root Upper Bound: inf
Root lower Bound: 3668.330508474576
ND-Point: 17

-----------------------------------------
Warning for adding constraints: zero or small (< 1e-13) coefficients, ignored
Set parameter NodeLimit to value 0
Set parameter TimeLimit to value 3.5626172850131989e+03
Set parameter Threads to value 1
Gurobi Optimizer version 11.0.2 build v11.0.2rc0 (linux64 - "Debian GNU/Linux 10 (buster)")

CPU model: Intel(R) Xeon(R) CPU           X5570  @ 2.93GHz, instruction set [SSE2]
Thread count: 8 physical cores, 16 logical processors, using up to 1 threads

Optimize a model with 967 rows, 512 columns and 2969 nonzeros
Model fingerprint: 0x959d08ff
Variable types: 0 continuous, 512 integer (512 binary)
Coefficient statistics:
  Matrix range     [1e+00, 3e+02]
  Objective range  [8e+00, 3e+02]
  Bounds range     [1e+00, 1e+00]
  RHS range        [1e+00, 3e+03]
Presolve removed 0 rows and 344 columns
Presolve time: 0.00s
Presolved: 967 rows, 168 columns, 2969 nonzeros
Variable types: 0 continuous, 168 integer (168 binary)

Root relaxation: infeasible, 394 iterations, 0.02 seconds (0.01 work units)

    Nodes    |    Current Node    |     Objective Bounds      |     Work
 Expl Unexpl |  Obj  Depth IntInf | Incumbent    BestBd   Gap | It/Node Time

     0     0 infeasible    0               - infeasible      -     -    0s

Explored 1 nodes (394 simplex iterations) in 0.03 seconds (0.02 work units)
Thread count was 1 (of 16 available processors)

Solution count 0

Model is infeasible
Best objective -, best bound -, gap -
No solution found


Total running time: 37.42917799949646
STAH, Instance, #departments, #ND-Points, t-MIP
STAH, AC_8_50_20_AC_8_50_20_1, 8, 16, 37.42917799949646
      OBJ1    OBJ2  ...  BNB_Nodes_MIP  Total_Time_MIP[s]
0   2292.5  2720.0  ...            1.0           3.979548
1   2376.5  2716.0  ...            1.0           1.986628
2   2442.5  2656.0  ...            1.0           1.894849
3   2452.5  2604.0  ...            1.0           2.084301
4   2548.5  2570.0  ...            1.0           1.923171
5   2697.5  2510.0  ...            1.0           1.993032
6   2781.5  2506.0  ...           19.0           1.958590
7   2847.5  2446.0  ...           25.0           1.972506
8   2857.5  2394.0  ...           16.0           1.983222
9   2948.5  2194.0  ...            7.0           2.167543
10  3166.5  2154.0  ...            1.0           1.924736
11  3187.5  2148.0  ...            1.0           1.900050
12  3405.5  2108.0  ...            1.0           1.993731
13  3422.5  2056.0  ...            1.0           1.923903
14  3661.5  2010.0  ...            1.0           1.904598
15  4467.5  1892.0  ...           21.0           1.993379

[16 rows x 6 columns]
./output/AC_8_50_20_AC_8_50_20_1.pdf
Plotting is done
