Requirement already satisfied: contourpy==1.2.1 in ./.venv/lib/python3.9/site-packages (from -r constraints.txt (line 3)) (1.2.1)
Requirement already satisfied: cycler==0.12.1 in ./.venv/lib/python3.9/site-packages (from -r constraints.txt (line 4)) (0.12.1)
Requirement already satisfied: fonttools==4.53.0 in ./.venv/lib/python3.9/site-packages (from -r constraints.txt (line 5)) (4.53.0)
Requirement already satisfied: gurobipy==11.0.2 in ./.venv/lib/python3.9/site-packages (from -r constraints.txt (line 6)) (11.0.2)
Requirement already satisfied: kiwisolver==1.4.5 in ./.venv/lib/python3.9/site-packages (from -r constraints.txt (line 7)) (1.4.5)
Requirement already satisfied: matplotlib==3.9.1 in ./.venv/lib/python3.9/site-packages (from -r constraints.txt (line 8)) (3.9.1)
Requirement already satisfied: numpy==1.26.4 in ./.venv/lib/python3.9/site-packages (from -r constraints.txt (line 9)) (1.26.4)
Requirement already satisfied: packaging==24.1 in ./.venv/lib/python3.9/site-packages (from -r constraints.txt (line 10)) (24.1)
Requirement already satisfied: pandas==2.2.2 in ./.venv/lib/python3.9/site-packages (from -r constraints.txt (line 11)) (2.2.2)
Requirement already satisfied: pillow==10.4.0 in ./.venv/lib/python3.9/site-packages (from -r constraints.txt (line 12)) (10.4.0)
Requirement already satisfied: pyparsing==3.1.2 in ./.venv/lib/python3.9/site-packages (from -r constraints.txt (line 13)) (3.1.2)
Requirement already satisfied: python-dateutil==2.9.0.post0 in ./.venv/lib/python3.9/site-packages (from -r constraints.txt (line 14)) (2.9.0.post0)
Requirement already satisfied: pytz==2024.1 in ./.venv/lib/python3.9/site-packages (from -r constraints.txt (line 15)) (2024.1)
Requirement already satisfied: scipy==1.13.0 in ./.venv/lib/python3.9/site-packages (from -r constraints.txt (line 16)) (1.13.0)
Requirement already satisfied: six==1.16.0 in ./.venv/lib/python3.9/site-packages (from -r constraints.txt (line 17)) (1.16.0)
Requirement already satisfied: tzdata==2024.1 in ./.venv/lib/python3.9/site-packages (from -r constraints.txt (line 18)) (2024.1)
Requirement already satisfied: importlib-resources>=3.2.0 in ./.venv/lib/python3.9/site-packages (from matplotlib==3.9.1->-r constraints.txt (line 8)) (6.4.0)
Requirement already satisfied: zipp>=3.1.0 in ./.venv/lib/python3.9/site-packages (from importlib-resources>=3.2.0->matplotlib==3.9.1->-r constraints.txt (line 8)) (3.19.2)
WARNING: Error parsing dependencies of pip: [Errno 2] No such file or directory: '/home/k2g00/k2g4470/.venv/lib/python3.9/site-packages/pip-24.0.dist-info/METADATA'
srun python3 ./AmaralModelMain.py -i AC_8_30_20 -j AC_8_30_20_1 -t 3600
Input file 1 is:  instance/AC_8_30_20
Input file 2 is:  instance/AC_8_30_20_1


Set parameter TokenServer to value "relise"
Warning for adding constraints: zero or small (< 1e-13) coefficients, ignored
Set parameter NodeLimit to value 0
Set parameter TimeLimit to value 3.5960631763935089e+03
Set parameter Threads to value 1
Gurobi Optimizer version 11.0.2 build v11.0.2rc0 (linux64 - "Debian GNU/Linux 10 (buster)")

CPU model: Intel(R) Xeon(R) CPU           X5570  @ 2.93GHz, instruction set [SSE2]
Thread count: 8 physical cores, 16 logical processors, using up to 1 threads

Optimize a model with 967 rows, 512 columns and 2963 nonzeros
Model fingerprint: 0x04db2cc2
Variable types: 0 continuous, 512 integer (512 binary)
Coefficient statistics:
  Matrix range     [1e+00, 4e+02]
  Objective range  [1e+00, 3e+02]
  Bounds range     [1e+00, 1e+00]
  RHS range        [1e+00, 2e+00]
Found heuristic solution: objective 2207.0000000
Presolve removed 0 rows and 344 columns
Presolve time: 0.00s
Presolved: 967 rows, 168 columns, 2963 nonzeros
Variable types: 0 continuous, 168 integer (168 binary)

Root relaxation: objective 9.980000e+02, 108 iterations, 0.00 seconds (0.00 work units)

    Nodes    |    Current Node    |     Objective Bounds      |     Work
 Expl Unexpl |  Obj  Depth IntInf | Incumbent    BestBd   Gap | It/Node Time

     0     0          -    0      2207.00000  998.00000  54.8%     -    0s

Explored 1 nodes (108 simplex iterations) in 0.01 seconds (0.01 work units)
Thread count was 1 (of 16 available processors)

Solution count 1: 2207 

Node limit reached
Best objective 2.207000000000e+03, best bound 9.980000000000e+02, gap 54.7802%
Root Upper 2207.0
Root Lower 998.0
Reset all parameters
Set parameter TimeLimit to value 3.5921148962974548e+03
Set parameter Threads to value 1
Gurobi Optimizer version 11.0.2 build v11.0.2rc0 (linux64 - "Debian GNU/Linux 10 (buster)")

CPU model: Intel(R) Xeon(R) CPU           X5570  @ 2.93GHz, instruction set [SSE2]
Thread count: 8 physical cores, 16 logical processors, using up to 1 threads

Optimize a model with 967 rows, 512 columns and 2963 nonzeros
Model fingerprint: 0x04db2cc2
Variable types: 0 continuous, 512 integer (512 binary)
Coefficient statistics:
  Matrix range     [1e+00, 4e+02]
  Objective range  [1e+00, 3e+02]
  Bounds range     [1e+00, 1e+00]
  RHS range        [1e+00, 2e+00]
Presolved: 967 rows, 168 columns, 2963 nonzeros

Continuing optimization...

*    0     0               0     998.0000000  998.00000  0.00%     -    0s

Explored 1 nodes (216 simplex iterations) in 0.00 seconds (0.00 work units)
Thread count was 1 (of 16 available processors)

Solution count 2: 998 2207 

Optimal solution found (tolerance 1.00e-04)
Best objective 9.980000000000e+02, best bound 9.980000000000e+02, gap 0.0000%
flow1:  998.0
flow2:  1474.5
Root Upper Bound: 2207.0
Root lower Bound: 998.0
ND-Point: 1

-----------------------------------------
Warning for adding constraints: zero or small (< 1e-13) coefficients, ignored
Set parameter NodeLimit to value 0
Set parameter TimeLimit to value 3.5941234111785889e+03
Set parameter Threads to value 1
Gurobi Optimizer version 11.0.2 build v11.0.2rc0 (linux64 - "Debian GNU/Linux 10 (buster)")

CPU model: Intel(R) Xeon(R) CPU           X5570  @ 2.93GHz, instruction set [SSE2]
Thread count: 8 physical cores, 16 logical processors, using up to 1 threads

Optimize a model with 967 rows, 512 columns and 2963 nonzeros
Model fingerprint: 0x82d17c54
Variable types: 0 continuous, 512 integer (512 binary)
Coefficient statistics:
  Matrix range     [1e+00, 4e+02]
  Objective range  [1e+00, 3e+02]
  Bounds range     [1e+00, 1e+00]
  RHS range        [1e+00, 2e+03]
Presolve removed 0 rows and 344 columns
Presolve time: 0.00s
Presolved: 967 rows, 168 columns, 2963 nonzeros
Variable types: 0 continuous, 168 integer (168 binary)
Found heuristic solution: objective 1907.0000000

Root relaxation: objective 9.986364e+02, 226 iterations, 0.01 seconds (0.00 work units)

    Nodes    |    Current Node    |     Objective Bounds      |     Work
 Expl Unexpl |  Obj  Depth IntInf | Incumbent    BestBd   Gap | It/Node Time

     0     0  998.63636    0   12 1907.00000  998.63636  47.6%     -    0s

Explored 1 nodes (237 simplex iterations) in 0.02 seconds (0.01 work units)
Thread count was 1 (of 16 available processors)

Solution count 1: 1907 

Node limit reached
Best objective 1.907000000000e+03, best bound 9.990000000000e+02, gap 47.6141%
Root Upper 1907.0
Root Lower 998.6363636363635
Reset all parameters
Set parameter TimeLimit to value 3.5921801440715790e+03
Set parameter Threads to value 1
Gurobi Optimizer version 11.0.2 build v11.0.2rc0 (linux64 - "Debian GNU/Linux 10 (buster)")

CPU model: Intel(R) Xeon(R) CPU           X5570  @ 2.93GHz, instruction set [SSE2]
Thread count: 8 physical cores, 16 logical processors, using up to 1 threads

Optimize a model with 967 rows, 512 columns and 2963 nonzeros
Model fingerprint: 0x82d17c54
Variable types: 0 continuous, 512 integer (512 binary)
Coefficient statistics:
  Matrix range     [1e+00, 4e+02]
  Objective range  [1e+00, 3e+02]
  Bounds range     [1e+00, 1e+00]
  RHS range        [1e+00, 2e+03]
Presolved: 967 rows, 168 columns, 2963 nonzeros

Continuing optimization...

     0     0  998.63636    0   12 1907.00000  998.63636  47.6%     -    0s
H    0     0                    1025.0000000  998.63636  2.57%     -    0s
     0     0  998.63636    0   12 1025.00000  998.63636  2.57%     -    0s

Explored 1 nodes (474 simplex iterations) in 0.02 seconds (0.01 work units)
Thread count was 1 (of 16 available processors)

Solution count 3: 1025 1025 1907 

Optimal solution found (tolerance 1.00e-04)
Best objective 1.025000000000e+03, best bound 1.025000000000e+03, gap 0.0000%
flow1:  1025.0
flow2:  1464.5
Root Upper Bound: 1907.0
Root lower Bound: 998.6363636363635
ND-Point: 2

-----------------------------------------
Warning for adding constraints: zero or small (< 1e-13) coefficients, ignored
Set parameter NodeLimit to value 0
Set parameter TimeLimit to value 3.5921965942382812e+03
Set parameter Threads to value 1
Gurobi Optimizer version 11.0.2 build v11.0.2rc0 (linux64 - "Debian GNU/Linux 10 (buster)")

CPU model: Intel(R) Xeon(R) CPU           X5570  @ 2.93GHz, instruction set [SSE2]
Thread count: 8 physical cores, 16 logical processors, using up to 1 threads

Optimize a model with 967 rows, 512 columns and 2963 nonzeros
Model fingerprint: 0x6d5dd8d7
Variable types: 0 continuous, 512 integer (512 binary)
Coefficient statistics:
  Matrix range     [1e+00, 4e+02]
  Objective range  [1e+00, 3e+02]
  Bounds range     [1e+00, 1e+00]
  RHS range        [1e+00, 2e+03]
Presolve removed 0 rows and 344 columns
Presolve time: 0.00s
Presolved: 967 rows, 168 columns, 2963 nonzeros
Variable types: 0 continuous, 168 integer (168 binary)
Found heuristic solution: objective 1907.0000000

Root relaxation: objective 1.005000e+03, 226 iterations, 0.01 seconds (0.00 work units)

    Nodes    |    Current Node    |     Objective Bounds      |     Work
 Expl Unexpl |  Obj  Depth IntInf | Incumbent    BestBd   Gap | It/Node Time

     0     0 1005.00000    0   12 1907.00000 1005.00000  47.3%     -    0s

Explored 1 nodes (239 simplex iterations) in 0.02 seconds (0.01 work units)
Thread count was 1 (of 16 available processors)

Solution count 1: 1907 

Node limit reached
Best objective 1.907000000000e+03, best bound 1.005000000000e+03, gap 47.2994%
Root Upper 1907.0
Root Lower 1004.9999999999995
Reset all parameters
Set parameter TimeLimit to value 3.5902903280258179e+03
Set parameter Threads to value 1
Gurobi Optimizer version 11.0.2 build v11.0.2rc0 (linux64 - "Debian GNU/Linux 10 (buster)")

CPU model: Intel(R) Xeon(R) CPU           X5570  @ 2.93GHz, instruction set [SSE2]
Thread count: 8 physical cores, 16 logical processors, using up to 1 threads

Optimize a model with 967 rows, 512 columns and 2963 nonzeros
Model fingerprint: 0x6d5dd8d7
Variable types: 0 continuous, 512 integer (512 binary)
Coefficient statistics:
  Matrix range     [1e+00, 4e+02]
  Objective range  [1e+00, 3e+02]
  Bounds range     [1e+00, 1e+00]
  RHS range        [1e+00, 2e+03]
Presolved: 967 rows, 168 columns, 2963 nonzeros

Continuing optimization...

     0     0 1005.00000    0   12 1907.00000 1005.00000  47.3%     -    0s
H    0     0                    1187.0000000 1005.00000  15.3%     -    0s
     0     0 1005.00000    0   12 1187.00000 1005.00000  15.3%     -    0s
     0     0 1005.00000    0    6 1187.00000 1005.00000  15.3%     -    0s
     0     0 1025.56446    0   28 1187.00000 1025.56446  13.6%     -    0s
     0     0 1070.43902    0   28 1187.00000 1070.43902  9.82%     -    0s
     0     0 1174.88925    0   34 1187.00000 1174.88925  1.02%     -    0s

Cutting planes:
  Gomory: 1
  Cover: 1
  Clique: 7
  MIR: 2
  GUB cover: 1
  BQP: 1

Explored 1 nodes (609 simplex iterations) in 0.07 seconds (0.03 work units)
Thread count was 1 (of 16 available processors)

Solution count 3: 1187 1667 1907 

Optimal solution found (tolerance 1.00e-04)
Best objective 1.187000000000e+03, best bound 1.187000000000e+03, gap 0.0000%
flow1:  1187.0
flow2:  1177.5
Root Upper Bound: 1907.0
Root lower Bound: 1004.9999999999995
ND-Point: 3

-----------------------------------------
Warning for adding constraints: zero or small (< 1e-13) coefficients, ignored
Set parameter NodeLimit to value 0
Set parameter TimeLimit to value 3.5902624149322510e+03
Set parameter Threads to value 1
Gurobi Optimizer version 11.0.2 build v11.0.2rc0 (linux64 - "Debian GNU/Linux 10 (buster)")

CPU model: Intel(R) Xeon(R) CPU           X5570  @ 2.93GHz, instruction set [SSE2]
Thread count: 8 physical cores, 16 logical processors, using up to 1 threads

Optimize a model with 967 rows, 512 columns and 2963 nonzeros
Model fingerprint: 0x7b92db63
Variable types: 0 continuous, 512 integer (512 binary)
Coefficient statistics:
  Matrix range     [1e+00, 4e+02]
  Objective range  [1e+00, 3e+02]
  Bounds range     [1e+00, 1e+00]
  RHS range        [1e+00, 3e+03]
Presolve removed 522 rows and 427 columns
Presolve time: 0.01s
Presolved: 445 rows, 85 columns, 1368 nonzeros
Variable types: 0 continuous, 85 integer (85 binary)
Found heuristic solution: objective 2172.0000000
Found heuristic solution: objective 1453.0000000

Root relaxation: objective 1.189000e+03, 82 iterations, 0.00 seconds (0.00 work units)

    Nodes    |    Current Node    |     Objective Bounds      |     Work
 Expl Unexpl |  Obj  Depth IntInf | Incumbent    BestBd   Gap | It/Node Time

     0     0 1189.00000    0   23 1453.00000 1189.00000  18.2%     -    0s

Explored 1 nodes (100 simplex iterations) in 0.02 seconds (0.02 work units)
Thread count was 1 (of 16 available processors)

Solution count 2: 1453 2172 

Node limit reached
Best objective 1.453000000000e+03, best bound 1.189000000000e+03, gap 18.1693%
Root Upper 1453.0
Root Lower 1189.0
Reset all parameters
Set parameter TimeLimit to value 3.5883930568695068e+03
Set parameter Threads to value 1
Gurobi Optimizer version 11.0.2 build v11.0.2rc0 (linux64 - "Debian GNU/Linux 10 (buster)")

CPU model: Intel(R) Xeon(R) CPU           X5570  @ 2.93GHz, instruction set [SSE2]
Thread count: 8 physical cores, 16 logical processors, using up to 1 threads

Optimize a model with 967 rows, 512 columns and 2963 nonzeros
Model fingerprint: 0x7b92db63
Variable types: 0 continuous, 512 integer (512 binary)
Coefficient statistics:
  Matrix range     [1e+00, 4e+02]
  Objective range  [1e+00, 3e+02]
  Bounds range     [1e+00, 1e+00]
  RHS range        [1e+00, 3e+03]
Presolved: 445 rows, 85 columns, 1368 nonzeros

Continuing optimization...

     0     0 1189.00000    0   23 1453.00000 1189.00000  18.2%     -    0s
     0     0 1189.00000    0   23 1453.00000 1189.00000  18.2%     -    0s
H    0     0                    1387.0000000 1189.00000  14.3%     -    0s
H    0     0                    1214.0000000 1189.00000  2.06%     -    0s

Explored 1 nodes (200 simplex iterations) in 0.03 seconds (0.01 work units)
Thread count was 1 (of 16 available processors)

Solution count 4: 1214 1387 1453 2172 

Optimal solution found (tolerance 1.00e-04)
Best objective 1.214000000000e+03, best bound 1.214000000000e+03, gap 0.0000%
flow1:  1214.0
flow2:  1167.5
Root Upper Bound: 1453.0
Root lower Bound: 1189.0
ND-Point: 4

-----------------------------------------
Warning for adding constraints: zero or small (< 1e-13) coefficients, ignored
Set parameter NodeLimit to value 0
Set parameter TimeLimit to value 3.5883661811351776e+03
Set parameter Threads to value 1
Gurobi Optimizer version 11.0.2 build v11.0.2rc0 (linux64 - "Debian GNU/Linux 10 (buster)")

CPU model: Intel(R) Xeon(R) CPU           X5570  @ 2.93GHz, instruction set [SSE2]
Thread count: 8 physical cores, 16 logical processors, using up to 1 threads

Optimize a model with 967 rows, 512 columns and 2963 nonzeros
Model fingerprint: 0x246b1f4e
Variable types: 0 continuous, 512 integer (512 binary)
Coefficient statistics:
  Matrix range     [1e+00, 4e+02]
  Objective range  [1e+00, 3e+02]
  Bounds range     [1e+00, 1e+00]
  RHS range        [1e+00, 3e+03]
Presolve removed 617 rows and 442 columns
Presolve time: 0.02s
Presolved: 350 rows, 70 columns, 1078 nonzeros
Variable types: 0 continuous, 70 integer (70 binary)
Found heuristic solution: objective 1634.0000000
Found heuristic solution: objective 1387.0000000

Root relaxation: objective 1.209000e+03, 54 iterations, 0.00 seconds (0.00 work units)

    Nodes    |    Current Node    |     Objective Bounds      |     Work
 Expl Unexpl |  Obj  Depth IntInf | Incumbent    BestBd   Gap | It/Node Time

     0     0 1209.00000    0   19 1387.00000 1209.00000  12.8%     -    0s

Explored 1 nodes (71 simplex iterations) in 0.02 seconds (0.02 work units)
Thread count was 1 (of 16 available processors)

Solution count 2: 1387 1634 

Node limit reached
Best objective 1.387000000000e+03, best bound 1.209000000000e+03, gap 12.8335%
Root Upper 1387.0
Root Lower 1209.0
Reset all parameters
Set parameter TimeLimit to value 3.5864977321624756e+03
Set parameter Threads to value 1
Gurobi Optimizer version 11.0.2 build v11.0.2rc0 (linux64 - "Debian GNU/Linux 10 (buster)")

CPU model: Intel(R) Xeon(R) CPU           X5570  @ 2.93GHz, instruction set [SSE2]
Thread count: 8 physical cores, 16 logical processors, using up to 1 threads

Optimize a model with 967 rows, 512 columns and 2963 nonzeros
Model fingerprint: 0x246b1f4e
Variable types: 0 continuous, 512 integer (512 binary)
Coefficient statistics:
  Matrix range     [1e+00, 4e+02]
  Objective range  [1e+00, 3e+02]
  Bounds range     [1e+00, 1e+00]
  RHS range        [1e+00, 3e+03]
Presolved: 350 rows, 70 columns, 1078 nonzeros

Continuing optimization...

     0     0 1209.00000    0   19 1387.00000 1209.00000  12.8%     -    0s
H    0     0                    1360.0000000 1209.00000  11.1%     -    0s
     0     0 1209.00000    0   19 1360.00000 1209.00000  11.1%     -    0s

Explored 1 nodes (142 simplex iterations) in 0.01 seconds (0.01 work units)
Thread count was 1 (of 16 available processors)

Solution count 3: 1360 1387 1634 

Optimal solution found (tolerance 1.00e-04)
Best objective 1.360000000000e+03, best bound 1.360000000000e+03, gap 0.0000%
flow1:  1360.0
flow2:  1091.5
Root Upper Bound: 1387.0
Root lower Bound: 1209.0
ND-Point: 5

-----------------------------------------
Warning for adding constraints: zero or small (< 1e-13) coefficients, ignored
Set parameter NodeLimit to value 0
Set parameter TimeLimit to value 3.5864902191162109e+03
Set parameter Threads to value 1
Gurobi Optimizer version 11.0.2 build v11.0.2rc0 (linux64 - "Debian GNU/Linux 10 (buster)")

CPU model: Intel(R) Xeon(R) CPU           X5570  @ 2.93GHz, instruction set [SSE2]
Thread count: 8 physical cores, 16 logical processors, using up to 1 threads

Optimize a model with 967 rows, 512 columns and 2963 nonzeros
Model fingerprint: 0xb828de24
Variable types: 0 continuous, 512 integer (512 binary)
Coefficient statistics:
  Matrix range     [1e+00, 4e+02]
  Objective range  [1e+00, 3e+02]
  Bounds range     [1e+00, 1e+00]
  RHS range        [1e+00, 3e+03]
Presolve removed 944 rows and 503 columns
Presolve time: 0.01s
Presolved: 23 rows, 9 columns, 68 nonzeros
Variable types: 0 continuous, 9 integer (9 binary)
Found heuristic solution: objective 2172.0000000
Found heuristic solution: objective 1960.0000000
Found heuristic solution: objective 1387.0000000

Explored 0 nodes (0 simplex iterations) in 0.01 seconds (0.01 work units)
Thread count was 1 (of 16 available processors)

Solution count 3: 1387 1960 2172 

Optimal solution found (tolerance 1.00e-04)
Best objective 1.387000000000e+03, best bound 1.387000000000e+03, gap 0.0000%
Root Upper 1387.0
Root Lower 1387.0
Reset all parameters
Set parameter TimeLimit to value 3.5846394469738007e+03
Set parameter Threads to value 1
Gurobi Optimizer version 11.0.2 build v11.0.2rc0 (linux64 - "Debian GNU/Linux 10 (buster)")

CPU model: Intel(R) Xeon(R) CPU           X5570  @ 2.93GHz, instruction set [SSE2]
Thread count: 8 physical cores, 16 logical processors, using up to 1 threads

Optimize a model with 967 rows, 512 columns and 2963 nonzeros
Model fingerprint: 0xb828de24
Variable types: 0 continuous, 512 integer (512 binary)
Coefficient statistics:
  Matrix range     [1e+00, 4e+02]
  Objective range  [1e+00, 3e+02]
  Bounds range     [1e+00, 1e+00]
  RHS range        [1e+00, 3e+03]
Presolved: 23 rows, 9 columns, 68 nonzeros

Continuing optimization...


Explored 0 nodes (0 simplex iterations) in 0.00 seconds (0.00 work units)
Thread count was 1 (of 16 available processors)

Solution count 3: 1387 1960 2172 

Optimal solution found (tolerance 1.00e-04)
Best objective 1.387000000000e+03, best bound 1.387000000000e+03, gap 0.0000%
flow1:  1387.0
flow2:  1077.5
Root Upper Bound: 1387.0
Root lower Bound: 1387.0
ND-Point: 6

-----------------------------------------
Warning for adding constraints: zero or small (< 1e-13) coefficients, ignored
Set parameter NodeLimit to value 0
Set parameter TimeLimit to value 3.5846325025558472e+03
Set parameter Threads to value 1
Gurobi Optimizer version 11.0.2 build v11.0.2rc0 (linux64 - "Debian GNU/Linux 10 (buster)")

CPU model: Intel(R) Xeon(R) CPU           X5570  @ 2.93GHz, instruction set [SSE2]
Thread count: 8 physical cores, 16 logical processors, using up to 1 threads

Optimize a model with 967 rows, 512 columns and 2963 nonzeros
Model fingerprint: 0x07d75bb6
Variable types: 0 continuous, 512 integer (512 binary)
Coefficient statistics:
  Matrix range     [1e+00, 4e+02]
  Objective range  [1e+00, 3e+02]
  Bounds range     [1e+00, 1e+00]
  RHS range        [1e+00, 3e+03]
Presolve removed 967 rows and 512 columns
Presolve time: 0.01s
Presolve: All rows and columns removed

Explored 0 nodes (0 simplex iterations) in 0.01 seconds (0.01 work units)
Thread count was 1 (of 16 available processors)

Solution count 1: 1960 

Optimal solution found (tolerance 1.00e-04)
Best objective 1.960000000000e+03, best bound 1.960000000000e+03, gap 0.0000%
Root Upper 1960.0
Root Lower 1960.0
Reset all parameters
Set parameter TimeLimit to value 3.5827794806957245e+03
Set parameter Threads to value 1
Gurobi Optimizer version 11.0.2 build v11.0.2rc0 (linux64 - "Debian GNU/Linux 10 (buster)")

CPU model: Intel(R) Xeon(R) CPU           X5570  @ 2.93GHz, instruction set [SSE2]
Thread count: 8 physical cores, 16 logical processors, using up to 1 threads

Optimize a model with 967 rows, 512 columns and 2963 nonzeros
Model fingerprint: 0x07d75bb6
Variable types: 0 continuous, 512 integer (512 binary)
Coefficient statistics:
  Matrix range     [1e+00, 4e+02]
  Objective range  [1e+00, 3e+02]
  Bounds range     [1e+00, 1e+00]
  RHS range        [1e+00, 3e+03]


Presolve removed 967 rows and 512 columns
Presolve time: 0.01s
Presolve: All rows and columns removed

Explored 0 nodes (0 simplex iterations) in 0.01 seconds (0.01 work units)
Thread count was 1 (of 16 available processors)

Solution count 1: 1960 

Optimal solution found (tolerance 1.00e-04)
Best objective 1.960000000000e+03, best bound 1.960000000000e+03, gap 0.0000%
flow1:  1960.0
flow2:  1070.5
Root Upper Bound: 1960.0
Root lower Bound: 1960.0
ND-Point: 7

-----------------------------------------
Warning for adding constraints: zero or small (< 1e-13) coefficients, ignored
Set parameter NodeLimit to value 0
Set parameter TimeLimit to value 3.5827740833759308e+03
Set parameter Threads to value 1
Gurobi Optimizer version 11.0.2 build v11.0.2rc0 (linux64 - "Debian GNU/Linux 10 (buster)")

CPU model: Intel(R) Xeon(R) CPU           X5570  @ 2.93GHz, instruction set [SSE2]
Thread count: 8 physical cores, 16 logical processors, using up to 1 threads

Optimize a model with 967 rows, 512 columns and 2963 nonzeros
Model fingerprint: 0x4244718f
Variable types: 0 continuous, 512 integer (512 binary)
Coefficient statistics:
  Matrix range     [1e+00, 4e+02]
  Objective range  [1e+00, 3e+02]
  Bounds range     [1e+00, 1e+00]
  RHS range        [1e+00, 3e+03]
Presolve removed 967 rows and 512 columns
Presolve time: 0.01s
Presolve: All rows and columns removed

Explored 0 nodes (0 simplex iterations) in 0.01 seconds (0.01 work units)
Thread count was 1 (of 16 available processors)

Solution count 1: 2199 

Optimal solution found (tolerance 1.00e-04)
Best objective 2.199000000000e+03, best bound 2.199000000000e+03, gap 0.0000%
Root Upper 2199.0
Root Lower 2199.0
Reset all parameters
Set parameter TimeLimit to value 3.5809269258975983e+03
Set parameter Threads to value 1
Gurobi Optimizer version 11.0.2 build v11.0.2rc0 (linux64 - "Debian GNU/Linux 10 (buster)")

CPU model: Intel(R) Xeon(R) CPU           X5570  @ 2.93GHz, instruction set [SSE2]
Thread count: 8 physical cores, 16 logical processors, using up to 1 threads

Optimize a model with 967 rows, 512 columns and 2963 nonzeros
Model fingerprint: 0x4244718f
Variable types: 0 continuous, 512 integer (512 binary)
Coefficient statistics:
  Matrix range     [1e+00, 4e+02]
  Objective range  [1e+00, 3e+02]
  Bounds range     [1e+00, 1e+00]
  RHS range        [1e+00, 3e+03]


Presolve removed 967 rows and 512 columns
Presolve time: 0.01s
Presolve: All rows and columns removed

Explored 0 nodes (0 simplex iterations) in 0.01 seconds (0.01 work units)
Thread count was 1 (of 16 available processors)

Solution count 1: 2199 

Optimal solution found (tolerance 1.00e-04)
Best objective 2.199000000000e+03, best bound 2.199000000000e+03, gap 0.0000%
flow1:  2199.0
flow2:  1067.5
Root Upper Bound: 2199.0
Root lower Bound: 2199.0
ND-Point: 8

-----------------------------------------
Warning for adding constraints: zero or small (< 1e-13) coefficients, ignored
Set parameter NodeLimit to value 0
Set parameter TimeLimit to value 3.5809178154468536e+03
Set parameter Threads to value 1
Gurobi Optimizer version 11.0.2 build v11.0.2rc0 (linux64 - "Debian GNU/Linux 10 (buster)")

CPU model: Intel(R) Xeon(R) CPU           X5570  @ 2.93GHz, instruction set [SSE2]
Thread count: 8 physical cores, 16 logical processors, using up to 1 threads

Optimize a model with 967 rows, 512 columns and 2963 nonzeros
Model fingerprint: 0x44f7fa5a
Variable types: 0 continuous, 512 integer (512 binary)
Coefficient statistics:
  Matrix range     [1e+00, 4e+02]
  Objective range  [1e+00, 3e+02]
  Bounds range     [1e+00, 1e+00]
  RHS range        [1e+00, 3e+03]
Presolve removed 46 rows and 395 columns
Presolve time: 0.01s

Explored 0 nodes (0 simplex iterations) in 0.01 seconds (0.01 work units)
Thread count was 1 (of 16 available processors)

Solution count 0

Model is infeasible
Best objective -, best bound -, gap -
No solution found


Total running time: 19.090535163879395
STAH, Instance, #departments, #ND-Points, t-MIP
STAH, AC_8_30_20_AC_8_30_20_1, 8, 8, 19.090535163879395
     OBJ1    OBJ2  ...  BNB_Nodes_MIP  Total_Time_MIP[s]
0   998.0  1474.5  ...            1.0           3.952711
1  1025.0  1464.5  ...            1.0           1.963824
2  1187.0  1177.5  ...            1.0           1.975539
3  1214.0  1167.5  ...            1.0           1.897786
4  1360.0  1091.5  ...            1.0           1.881925
5  1387.0  1077.5  ...            0.0           1.853055
6  1960.0  1070.5  ...            0.0           1.862510
7  2199.0  1067.5  ...            0.0           1.855262

[8 rows x 6 columns]
./output/AC_8_30_20_AC_8_30_20_1.pdf
Plotting is done
