Requirement already satisfied: contourpy==1.2.1 in ./.venv/lib/python3.9/site-packages (from -r constraints.txt (line 3)) (1.2.1)
Requirement already satisfied: cycler==0.12.1 in ./.venv/lib/python3.9/site-packages (from -r constraints.txt (line 4)) (0.12.1)
Requirement already satisfied: fonttools==4.53.0 in ./.venv/lib/python3.9/site-packages (from -r constraints.txt (line 5)) (4.53.0)
Requirement already satisfied: gurobipy==11.0.2 in ./.venv/lib/python3.9/site-packages (from -r constraints.txt (line 6)) (11.0.2)
Requirement already satisfied: kiwisolver==1.4.5 in ./.venv/lib/python3.9/site-packages (from -r constraints.txt (line 7)) (1.4.5)
Requirement already satisfied: matplotlib==3.9.1 in ./.venv/lib/python3.9/site-packages (from -r constraints.txt (line 8)) (3.9.1)
Requirement already satisfied: numpy==1.26.4 in ./.venv/lib/python3.9/site-packages (from -r constraints.txt (line 9)) (1.26.4)
Requirement already satisfied: packaging==24.1 in ./.venv/lib/python3.9/site-packages (from -r constraints.txt (line 10)) (24.1)
Requirement already satisfied: pandas==2.2.2 in ./.venv/lib/python3.9/site-packages (from -r constraints.txt (line 11)) (2.2.2)
Requirement already satisfied: pillow==10.4.0 in ./.venv/lib/python3.9/site-packages (from -r constraints.txt (line 12)) (10.4.0)
Requirement already satisfied: pyparsing==3.1.2 in ./.venv/lib/python3.9/site-packages (from -r constraints.txt (line 13)) (3.1.2)
Requirement already satisfied: python-dateutil==2.9.0.post0 in ./.venv/lib/python3.9/site-packages (from -r constraints.txt (line 14)) (2.9.0.post0)
Requirement already satisfied: pytz==2024.1 in ./.venv/lib/python3.9/site-packages (from -r constraints.txt (line 15)) (2024.1)
Requirement already satisfied: scipy==1.13.0 in ./.venv/lib/python3.9/site-packages (from -r constraints.txt (line 16)) (1.13.0)
Requirement already satisfied: six==1.16.0 in ./.venv/lib/python3.9/site-packages (from -r constraints.txt (line 17)) (1.16.0)
Requirement already satisfied: tzdata==2024.1 in ./.venv/lib/python3.9/site-packages (from -r constraints.txt (line 18)) (2024.1)
Requirement already satisfied: importlib-resources>=3.2.0 in ./.venv/lib/python3.9/site-packages (from matplotlib==3.9.1->-r constraints.txt (line 8)) (6.4.0)
Requirement already satisfied: zipp>=3.1.0 in ./.venv/lib/python3.9/site-packages (from importlib-resources>=3.2.0->matplotlib==3.9.1->-r constraints.txt (line 8)) (3.19.2)
WARNING: Error parsing dependencies of pip: [Errno 2] No such file or directory: '/home/k2g00/k2g4470/.venv/lib/python3.9/site-packages/pip-24.0.dist-info/METADATA'
srun python3 ./AmaralModelMain.py -i AC_8_70_20 -j AC_8_70_20_1 -t 3600
Input file 1 is:  instance/AC_8_70_20
Input file 2 is:  instance/AC_8_70_20_1


Set parameter TokenServer to value "relise"
Warning for adding constraints: zero or small (< 1e-13) coefficients, ignored
Set parameter NodeLimit to value 0
Set parameter TimeLimit to value 3.5960141444206238e+03
Set parameter Threads to value 1
Gurobi Optimizer version 11.0.2 build v11.0.2rc0 (linux64 - "Debian GNU/Linux 10 (buster)")

CPU model: Intel(R) Xeon(R) CPU           X5570  @ 2.93GHz, instruction set [SSE2]
Thread count: 8 physical cores, 16 logical processors, using up to 1 threads

Optimize a model with 967 rows, 512 columns and 2998 nonzeros
Model fingerprint: 0xb1cffefb
Variable types: 0 continuous, 512 integer (512 binary)
Coefficient statistics:
  Matrix range     [1e+00, 4e+02]
  Objective range  [3e+00, 4e+02]
  Bounds range     [1e+00, 1e+00]
  RHS range        [1e+00, 2e+00]
Found heuristic solution: objective 7061.5000000
Presolve removed 0 rows and 344 columns
Presolve time: 0.00s
Presolved: 967 rows, 168 columns, 2998 nonzeros
Variable types: 0 continuous, 168 integer (168 binary)

Root relaxation: objective 5.025500e+03, 166 iterations, 0.01 seconds (0.00 work units)

    Nodes    |    Current Node    |     Objective Bounds      |     Work
 Expl Unexpl |  Obj  Depth IntInf | Incumbent    BestBd   Gap | It/Node Time

     0     0          -    0      7061.50000 5025.50000  28.8%     -    0s

Explored 1 nodes (166 simplex iterations) in 0.01 seconds (0.01 work units)
Thread count was 1 (of 16 available processors)

Solution count 1: 7061.5 

Node limit reached
Best objective 7.061500000000e+03, best bound 5.025500000000e+03, gap 28.8324%
Root Upper 7061.5
Root Lower 5025.5
Reset all parameters
Set parameter TimeLimit to value 3592.01385641098
Set parameter Threads to value 1
Gurobi Optimizer version 11.0.2 build v11.0.2rc0 (linux64 - "Debian GNU/Linux 10 (buster)")

CPU model: Intel(R) Xeon(R) CPU           X5570  @ 2.93GHz, instruction set [SSE2]
Thread count: 8 physical cores, 16 logical processors, using up to 1 threads

Optimize a model with 967 rows, 512 columns and 2998 nonzeros
Model fingerprint: 0xb1cffefb
Variable types: 0 continuous, 512 integer (512 binary)
Coefficient statistics:
  Matrix range     [1e+00, 4e+02]
  Objective range  [3e+00, 4e+02]
  Bounds range     [1e+00, 1e+00]
  RHS range        [1e+00, 2e+00]
Presolved: 967 rows, 168 columns, 2998 nonzeros

Continuing optimization...

*    0     0               0    5025.5000000 5025.50000  0.00%     -    0s

Explored 1 nodes (332 simplex iterations) in 0.01 seconds (0.00 work units)
Thread count was 1 (of 16 available processors)

Solution count 2: 5025.5 7061.5 

Optimal solution found (tolerance 1.00e-04)
Best objective 5.025500000000e+03, best bound 5.025500000000e+03, gap 0.0000%
flow1:  5025.5
flow2:  7148.0
Root Upper Bound: 7061.5
Root lower Bound: 5025.5
ND-Point: 1

-----------------------------------------
Warning for adding constraints: zero or small (< 1e-13) coefficients, ignored
Set parameter NodeLimit to value 0
Set parameter TimeLimit to value 3.5940908403396606e+03
Set parameter Threads to value 1
Gurobi Optimizer version 11.0.2 build v11.0.2rc0 (linux64 - "Debian GNU/Linux 10 (buster)")

CPU model: Intel(R) Xeon(R) CPU           X5570  @ 2.93GHz, instruction set [SSE2]
Thread count: 8 physical cores, 16 logical processors, using up to 1 threads

Optimize a model with 967 rows, 512 columns and 2998 nonzeros
Model fingerprint: 0x8704fdcf
Variable types: 0 continuous, 512 integer (512 binary)
Coefficient statistics:
  Matrix range     [1e+00, 4e+02]
  Objective range  [3e+00, 4e+02]
  Bounds range     [1e+00, 1e+00]
  RHS range        [1e+00, 1e+03]
Presolve removed 0 rows and 344 columns
Presolve time: 0.00s
Presolved: 967 rows, 168 columns, 2998 nonzeros
Variable types: 0 continuous, 168 integer (168 binary)
Found heuristic solution: objective 7000.5000000
Found heuristic solution: objective 6316.5000000

Root relaxation: objective 5.025631e+03, 193 iterations, 0.01 seconds (0.01 work units)

    Nodes    |    Current Node    |     Objective Bounds      |     Work
 Expl Unexpl |  Obj  Depth IntInf | Incumbent    BestBd   Gap | It/Node Time

     0     0 5025.63056    0   50 6316.50000 5025.63056  20.4%     -    0s

Explored 1 nodes (193 simplex iterations) in 0.02 seconds (0.01 work units)
Thread count was 1 (of 16 available processors)

Solution count 2: 6316.5 7000.5 

Node limit reached
Best objective 6.316500000000e+03, best bound 5.026500000000e+03, gap 20.4227%
Root Upper 6316.5
Root Lower 5025.630555555556
Reset all parameters
Set parameter TimeLimit to value 3.5921688423156738e+03
Set parameter Threads to value 1
Gurobi Optimizer version 11.0.2 build v11.0.2rc0 (linux64 - "Debian GNU/Linux 10 (buster)")

CPU model: Intel(R) Xeon(R) CPU           X5570  @ 2.93GHz, instruction set [SSE2]
Thread count: 8 physical cores, 16 logical processors, using up to 1 threads

Optimize a model with 967 rows, 512 columns and 2998 nonzeros
Model fingerprint: 0x8704fdcf
Variable types: 0 continuous, 512 integer (512 binary)
Coefficient statistics:
  Matrix range     [1e+00, 4e+02]
  Objective range  [3e+00, 4e+02]
  Bounds range     [1e+00, 1e+00]
  RHS range        [1e+00, 1e+03]
Presolved: 967 rows, 168 columns, 2998 nonzeros

Continuing optimization...

     0     0 5025.63056    0   50 6316.50000 5025.63056  20.4%     -    0s
H    0     0                    5698.5000000 5025.63056  11.8%     -    0s
H    0     0                    5130.5000000 5025.63056  2.04%     -    0s
     0     0 5025.63056    0   50 5130.50000 5025.63056  2.04%     -    0s
H    0     0                    5072.5000000 5025.63056  0.92%     -    0s

Explored 1 nodes (386 simplex iterations) in 0.06 seconds (0.03 work units)
Thread count was 1 (of 16 available processors)

Solution count 5: 5072.5 5130.5 5698.5 ... 7000.5

Optimal solution found (tolerance 1.00e-04)
Best objective 5.072500000000e+03, best bound 5.072500000000e+03, gap 0.0000%
flow1:  5072.5
flow2:  6788.0
Root Upper Bound: 6316.5
Root lower Bound: 5025.630555555556
ND-Point: 2

-----------------------------------------
Warning for adding constraints: zero or small (< 1e-13) coefficients, ignored
Set parameter NodeLimit to value 0
Set parameter TimeLimit to value 3.5921149890422821e+03
Set parameter Threads to value 1
Gurobi Optimizer version 11.0.2 build v11.0.2rc0 (linux64 - "Debian GNU/Linux 10 (buster)")

CPU model: Intel(R) Xeon(R) CPU           X5570  @ 2.93GHz, instruction set [SSE2]
Thread count: 8 physical cores, 16 logical processors, using up to 1 threads

Optimize a model with 967 rows, 512 columns and 2998 nonzeros
Model fingerprint: 0xd074f92c
Variable types: 0 continuous, 512 integer (512 binary)
Coefficient statistics:
  Matrix range     [1e+00, 4e+02]
  Objective range  [3e+00, 4e+02]
  Bounds range     [1e+00, 1e+00]
  RHS range        [1e+00, 1e+03]
Presolve removed 0 rows and 344 columns
Presolve time: 0.00s
Presolved: 967 rows, 168 columns, 2998 nonzeros
Variable types: 0 continuous, 168 integer (168 binary)
Found heuristic solution: objective 7000.5000000
Found heuristic solution: objective 6316.5000000

Root relaxation: objective 5.072676e+03, 208 iterations, 0.01 seconds (0.01 work units)

    Nodes    |    Current Node    |     Objective Bounds      |     Work
 Expl Unexpl |  Obj  Depth IntInf | Incumbent    BestBd   Gap | It/Node Time

     0     0 5072.67611    0   64 6316.50000 5072.67611  19.7%     -    0s

Explored 1 nodes (209 simplex iterations) in 0.02 seconds (0.01 work units)
Thread count was 1 (of 16 available processors)

Solution count 2: 6316.5 7000.5 

Node limit reached
Best objective 6.316500000000e+03, best bound 5.073500000000e+03, gap 19.6786%
Root Upper 6316.5
Root Lower 5072.676111595466
Reset all parameters
Set parameter TimeLimit to value 3.5902013995647430e+03
Set parameter Threads to value 1
Gurobi Optimizer version 11.0.2 build v11.0.2rc0 (linux64 - "Debian GNU/Linux 10 (buster)")

CPU model: Intel(R) Xeon(R) CPU           X5570  @ 2.93GHz, instruction set [SSE2]
Thread count: 8 physical cores, 16 logical processors, using up to 1 threads

Optimize a model with 967 rows, 512 columns and 2998 nonzeros
Model fingerprint: 0xd074f92c
Variable types: 0 continuous, 512 integer (512 binary)
Coefficient statistics:
  Matrix range     [1e+00, 4e+02]
  Objective range  [3e+00, 4e+02]
  Bounds range     [1e+00, 1e+00]
  RHS range        [1e+00, 1e+03]
Presolved: 967 rows, 168 columns, 2998 nonzeros

Continuing optimization...

     0     0 5072.67611    0   64 6316.50000 5072.67611  19.7%     -    0s
H    0     0                    5439.5000000 5072.67611  6.74%     -    0s
     0     0 5072.67611    0   64 5439.50000 5072.67611  6.74%     -    0s
H    0     0                    5257.5000000 5072.67611  3.52%     -    0s
     0     0 5072.67611    0   36 5257.50000 5072.67611  3.52%     -    0s
H    0     0                    5133.5000000 5072.67611  1.18%     -    0s
     0     0 5073.82160    0   36 5133.50000 5073.82160  1.16%     -    0s
     0     0 infeasible    0      5133.50000 5133.50000  0.00%     -    0s

Explored 1 nodes (526 simplex iterations) in 0.09 seconds (0.05 work units)
Thread count was 1 (of 16 available processors)

Solution count 7: 5133.5 5238.5 5257.5 ... 7000.5

Optimal solution found (tolerance 1.00e-04)
Best objective 5.133500000000e+03, best bound 5.133500000000e+03, gap 0.0000%
flow1:  5133.5
flow2:  6444.0
Root Upper Bound: 6316.5
Root lower Bound: 5072.676111595466
ND-Point: 3

-----------------------------------------
Warning for adding constraints: zero or small (< 1e-13) coefficients, ignored
Set parameter NodeLimit to value 0
Set parameter TimeLimit to value 3.5901610558032990e+03
Set parameter Threads to value 1
Gurobi Optimizer version 11.0.2 build v11.0.2rc0 (linux64 - "Debian GNU/Linux 10 (buster)")

CPU model: Intel(R) Xeon(R) CPU           X5570  @ 2.93GHz, instruction set [SSE2]
Thread count: 8 physical cores, 16 logical processors, using up to 1 threads

Optimize a model with 967 rows, 512 columns and 2998 nonzeros
Model fingerprint: 0x12fa0322
Variable types: 0 continuous, 512 integer (512 binary)
Coefficient statistics:
  Matrix range     [1e+00, 4e+02]
  Objective range  [3e+00, 4e+02]
  Bounds range     [1e+00, 1e+00]
  RHS range        [1e+00, 2e+03]
Presolve removed 0 rows and 344 columns
Presolve time: 0.00s
Presolved: 967 rows, 168 columns, 2998 nonzeros
Variable types: 0 continuous, 168 integer (168 binary)
Found heuristic solution: objective 7000.5000000
Found heuristic solution: objective 6736.5000000
Found heuristic solution: objective 6518.5000000

Root relaxation: objective 5.133259e+03, 189 iterations, 0.01 seconds (0.01 work units)

    Nodes    |    Current Node    |     Objective Bounds      |     Work
 Expl Unexpl |  Obj  Depth IntInf | Incumbent    BestBd   Gap | It/Node Time

     0     0 5133.25850    0   64 6518.50000 5133.25850  21.3%     -    0s

Explored 1 nodes (191 simplex iterations) in 0.02 seconds (0.01 work units)
Thread count was 1 (of 16 available processors)

Solution count 3: 6518.5 6736.5 7000.5 

Node limit reached
Best objective 6.518500000000e+03, best bound 5.133500000000e+03, gap 21.2472%
Root Upper 6518.5
Root Lower 5133.258500435921
Reset all parameters
Set parameter TimeLimit to value 3.5883042681217194e+03
Set parameter Threads to value 1
Gurobi Optimizer version 11.0.2 build v11.0.2rc0 (linux64 - "Debian GNU/Linux 10 (buster)")

CPU model: Intel(R) Xeon(R) CPU           X5570  @ 2.93GHz, instruction set [SSE2]
Thread count: 8 physical cores, 16 logical processors, using up to 1 threads

Optimize a model with 967 rows, 512 columns and 2998 nonzeros
Model fingerprint: 0x12fa0322
Variable types: 0 continuous, 512 integer (512 binary)
Coefficient statistics:
  Matrix range     [1e+00, 4e+02]
  Objective range  [3e+00, 4e+02]
  Bounds range     [1e+00, 1e+00]
  RHS range        [1e+00, 2e+03]
Presolved: 967 rows, 168 columns, 2998 nonzeros

Continuing optimization...

     0     0 5133.25850    0   64 6518.50000 5133.25850  21.3%     -    0s
H    0     0                    6402.5000000 5133.25850  19.8%     -    0s
H    0     0                    5661.5000000 5133.25850  9.33%     -    0s
     0     0 5133.25850    0   64 5661.50000 5133.25850  9.33%     -    0s
H    0     0                    5238.5000000 5133.25850  2.01%     -    0s
     0     0 5133.25850    0   25 5238.50000 5133.25850  2.01%     -    0s
     0     0 5150.63781    0   37 5238.50000 5150.63781  1.68%     -    0s
     0     0 5156.13839    0   39 5238.50000 5156.13839  1.57%     -    0s
     0     0 5164.92560    0   38 5238.50000 5164.92560  1.40%     -    0s
     0     0 5169.81314    0   38 5238.50000 5169.81314  1.31%     -    0s
     0     0 5184.25919    0   18 5238.50000 5184.25919  1.04%     -    0s
     0     0 5184.25919    0   28 5238.50000 5184.25919  1.04%     -    0s
     0     0 5184.25919    0   28 5238.50000 5184.25919  1.04%     -    0s
     0     0 5184.25919    0   28 5238.50000 5184.25919  1.04%     -    0s
     0     0 5184.25919    0   28 5238.50000 5184.25919  1.04%     -    0s
     0     0 5184.25919    0   20 5238.50000 5184.25919  1.04%     -    0s
     0     0 5190.99992    0   20 5238.50000 5190.99992  0.91%     -    0s
     0     2 5219.45811    0   20 5238.50000 5219.45811  0.36%     -    0s
     1     2     cutoff    1      5238.50000 5219.45811  0.36%  23.0    0s

Cutting planes:
  Gomory: 2

Explored 3 nodes (613 simplex iterations) in 0.17 seconds (0.08 work units)
Thread count was 1 (of 16 available processors)

Solution count 7: 5238.5 5625.5 5661.5 ... 7000.5

Optimal solution found (tolerance 1.00e-04)
Best objective 5.238500000000e+03, best bound 5.238500000000e+03, gap 0.0000%
flow1:  5238.5
flow2:  6346.0
Root Upper Bound: 6518.5
Root lower Bound: 5133.258500435921
ND-Point: 4

-----------------------------------------
Warning for adding constraints: zero or small (< 1e-13) coefficients, ignored
Set parameter NodeLimit to value 0
Set parameter TimeLimit to value 3.5881243333816528e+03
Set parameter Threads to value 1
Gurobi Optimizer version 11.0.2 build v11.0.2rc0 (linux64 - "Debian GNU/Linux 10 (buster)")

CPU model: Intel(R) Xeon(R) CPU           X5570  @ 2.93GHz, instruction set [SSE2]
Thread count: 8 physical cores, 16 logical processors, using up to 1 threads

Optimize a model with 967 rows, 512 columns and 2998 nonzeros
Model fingerprint: 0xedbf9166
Variable types: 0 continuous, 512 integer (512 binary)
Coefficient statistics:
  Matrix range     [1e+00, 4e+02]
  Objective range  [3e+00, 4e+02]
  Bounds range     [1e+00, 1e+00]
  RHS range        [1e+00, 2e+03]
Presolve removed 0 rows and 344 columns
Presolve time: 0.00s
Presolved: 967 rows, 168 columns, 2998 nonzeros
Variable types: 0 continuous, 168 integer (168 binary)
Found heuristic solution: objective 7000.5000000
Found heuristic solution: objective 6518.5000000

Root relaxation: objective 5.150517e+03, 201 iterations, 0.01 seconds (0.01 work units)

    Nodes    |    Current Node    |     Objective Bounds      |     Work
 Expl Unexpl |  Obj  Depth IntInf | Incumbent    BestBd   Gap | It/Node Time

     0     0 5150.51744    0   64 6518.50000 5150.51744  21.0%     -    0s

Explored 1 nodes (203 simplex iterations) in 0.02 seconds (0.01 work units)
Thread count was 1 (of 16 available processors)

Solution count 2: 6518.5 7000.5 

Node limit reached
Best objective 6.518500000000e+03, best bound 5.151500000000e+03, gap 20.9711%
Root Upper 6518.5
Root Lower 5150.517436791631
Reset all parameters
Set parameter TimeLimit to value 3.5862606210708618e+03
Set parameter Threads to value 1
Gurobi Optimizer version 11.0.2 build v11.0.2rc0 (linux64 - "Debian GNU/Linux 10 (buster)")

CPU model: Intel(R) Xeon(R) CPU           X5570  @ 2.93GHz, instruction set [SSE2]
Thread count: 8 physical cores, 16 logical processors, using up to 1 threads

Optimize a model with 967 rows, 512 columns and 2998 nonzeros
Model fingerprint: 0xedbf9166
Variable types: 0 continuous, 512 integer (512 binary)
Coefficient statistics:
  Matrix range     [1e+00, 4e+02]
  Objective range  [3e+00, 4e+02]
  Bounds range     [1e+00, 1e+00]
  RHS range        [1e+00, 2e+03]
Presolved: 967 rows, 168 columns, 2998 nonzeros

Continuing optimization...

     0     0 5150.51744    0   64 6518.50000 5150.51744  21.0%     -    0s
H    0     0                    5847.5000000 5150.51744  11.9%     -    0s
H    0     0                    5375.5000000 5150.51744  4.19%     -    0s
H    0     0                    5293.5000000 5150.51744  2.70%     -    0s
     0     0 5150.51744    0   64 5293.50000 5150.51744  2.70%     -    0s
H    0     0                    5274.5000000 5150.51744  2.35%     -    0s
     0     0 5150.51744    0   25 5274.50000 5150.51744  2.35%     -    0s
     0     0 5159.25461    0   11 5274.50000 5159.25461  2.18%     -    0s
     0     0 5172.31808    0   33 5274.50000 5172.31808  1.94%     -    0s
     0     0 5172.36762    0   37 5274.50000 5172.36762  1.94%     -    0s
     0     0 5172.56217    0   33 5274.50000 5172.56217  1.93%     -    0s
     0     0 5192.10244    0   33 5274.50000 5192.10244  1.56%     -    0s
     0     2 5196.11553    0   33 5274.50000 5196.11553  1.49%     -    0s
     1     4 5225.63136    1   30 5274.50000 5225.63136  0.93%  22.0    0s
H    3     2                    5271.5000000 5238.46081  0.63%  15.0    0s

Cutting planes:
  Gomory: 2
  MIR: 1
  RLT: 2

Explored 8 nodes (650 simplex iterations) in 0.15 seconds (0.08 work units)
Thread count was 1 (of 16 available processors)

Solution count 7: 5271.5 5274.5 5293.5 ... 7000.5

Optimal solution found (tolerance 1.00e-04)
Best objective 5.271500000000e+03, best bound 5.271500000000e+03, gap 0.0000%
flow1:  5271.5
flow2:  6299.0
Root Upper Bound: 6518.5
Root lower Bound: 5150.517436791631
ND-Point: 5

-----------------------------------------
Warning for adding constraints: zero or small (< 1e-13) coefficients, ignored
Set parameter NodeLimit to value 0
Set parameter TimeLimit to value 3.5861151661872864e+03
Set parameter Threads to value 1
Gurobi Optimizer version 11.0.2 build v11.0.2rc0 (linux64 - "Debian GNU/Linux 10 (buster)")

CPU model: Intel(R) Xeon(R) CPU           X5570  @ 2.93GHz, instruction set [SSE2]
Thread count: 8 physical cores, 16 logical processors, using up to 1 threads

Optimize a model with 967 rows, 512 columns and 2998 nonzeros
Model fingerprint: 0xb73a20da
Variable types: 0 continuous, 512 integer (512 binary)
Coefficient statistics:
  Matrix range     [1e+00, 4e+02]
  Objective range  [3e+00, 4e+02]
  Bounds range     [1e+00, 1e+00]
  RHS range        [1e+00, 2e+03]
Presolve removed 0 rows and 344 columns
Presolve time: 0.00s
Presolved: 967 rows, 168 columns, 2998 nonzeros
Variable types: 0 continuous, 168 integer (168 binary)
Found heuristic solution: objective 7000.5000000
Found heuristic solution: objective 6518.5000000

Root relaxation: objective 5.158795e+03, 209 iterations, 0.01 seconds (0.01 work units)

    Nodes    |    Current Node    |     Objective Bounds      |     Work
 Expl Unexpl |  Obj  Depth IntInf | Incumbent    BestBd   Gap | It/Node Time

     0     0 5158.79468    0   64 6518.50000 5158.79468  20.9%     -    0s

Explored 1 nodes (210 simplex iterations) in 0.02 seconds (0.01 work units)
Thread count was 1 (of 16 available processors)

Solution count 2: 6518.5 7000.5 

Node limit reached
Best objective 6.518500000000e+03, best bound 5.159500000000e+03, gap 20.8484%
Root Upper 6518.5
Root Lower 5158.794681778554
Reset all parameters
Set parameter TimeLimit to value 3.5842610642910004e+03
Set parameter Threads to value 1
Gurobi Optimizer version 11.0.2 build v11.0.2rc0 (linux64 - "Debian GNU/Linux 10 (buster)")

CPU model: Intel(R) Xeon(R) CPU           X5570  @ 2.93GHz, instruction set [SSE2]
Thread count: 8 physical cores, 16 logical processors, using up to 1 threads

Optimize a model with 967 rows, 512 columns and 2998 nonzeros
Model fingerprint: 0xb73a20da
Variable types: 0 continuous, 512 integer (512 binary)
Coefficient statistics:
  Matrix range     [1e+00, 4e+02]
  Objective range  [3e+00, 4e+02]
  Bounds range     [1e+00, 1e+00]
  RHS range        [1e+00, 2e+03]
Presolved: 967 rows, 168 columns, 2998 nonzeros

Continuing optimization...

     0     0 5158.79468    0   64 6518.50000 5158.79468  20.9%     -    0s
H    0     0                    5375.5000000 5158.79468  4.03%     -    0s
     0     0 5158.79468    0   64 5375.50000 5158.79468  4.03%     -    0s
H    0     0                    5312.5000000 5158.79468  2.89%     -    0s
H    0     0                    5274.5000000 5158.79468  2.19%     -    0s
     0     0 5158.79468    0   22 5274.50000 5158.79468  2.19%     -    0s
     0     0 5170.24954    0   21 5274.50000 5170.24954  1.98%     -    0s
     0     0 5188.35693    0   37 5274.50000 5188.35693  1.63%     -    0s
     0     0 5190.31611    0   39 5274.50000 5190.31611  1.60%     -    0s
     0     0 5190.34603    0   39 5274.50000 5190.34603  1.60%     -    0s
     0     0 5192.29546    0   41 5274.50000 5192.29546  1.56%     -    0s
     0     0 5192.33781    0   39 5274.50000 5192.33781  1.56%     -    0s
     0     0 5192.34451    0   41 5274.50000 5192.34451  1.56%     -    0s
     0     0 5192.35300    0   41 5274.50000 5192.35300  1.56%     -    0s
     0     0 5192.37059    0   41 5274.50000 5192.37059  1.56%     -    0s
     0     0 5204.71716    0   41 5274.50000 5204.71716  1.32%     -    0s
     0     2 5233.06100    0   41 5274.50000 5233.06100  0.79%     -    0s
     1     3 5233.06100    1    7 5274.50000 5233.06100  0.79%  17.0    0s

Cutting planes:
  Gomory: 3
  Mod-K: 1
  RLT: 2

Explored 6 nodes (606 simplex iterations) in 0.16 seconds (0.08 work units)
Thread count was 1 (of 16 available processors)

Solution count 6: 5274.5 5307.5 5312.5 ... 7000.5

Optimal solution found (tolerance 1.00e-04)
Best objective 5.274500000000e+03, best bound 5.274500000000e+03, gap 0.0000%
flow1:  5274.5
flow2:  5641.0
Root Upper Bound: 6518.5
Root lower Bound: 5158.794681778554
ND-Point: 6

-----------------------------------------
Warning for adding constraints: zero or small (< 1e-13) coefficients, ignored
Set parameter NodeLimit to value 0
Set parameter TimeLimit to value 3.5840958807468414e+03
Set parameter Threads to value 1
Gurobi Optimizer version 11.0.2 build v11.0.2rc0 (linux64 - "Debian GNU/Linux 10 (buster)")

CPU model: Intel(R) Xeon(R) CPU           X5570  @ 2.93GHz, instruction set [SSE2]
Thread count: 8 physical cores, 16 logical processors, using up to 1 threads

Optimize a model with 967 rows, 512 columns and 2998 nonzeros
Model fingerprint: 0xf7cca56e
Variable types: 0 continuous, 512 integer (512 binary)
Coefficient statistics:
  Matrix range     [1e+00, 4e+02]
  Objective range  [3e+00, 4e+02]
  Bounds range     [1e+00, 1e+00]
  RHS range        [1e+00, 2e+03]
Found heuristic solution: objective 7301.5000000
Presolve removed 0 rows and 344 columns
Presolve time: 0.00s
Presolved: 967 rows, 168 columns, 2998 nonzeros
Variable types: 0 continuous, 168 integer (168 binary)

Root relaxation: objective 5.274884e+03, 228 iterations, 0.01 seconds (0.01 work units)

    Nodes    |    Current Node    |     Objective Bounds      |     Work
 Expl Unexpl |  Obj  Depth IntInf | Incumbent    BestBd   Gap | It/Node Time

     0     0 5274.88372    0   12 7301.50000 5274.88372  27.8%     -    0s

Explored 1 nodes (230 simplex iterations) in 0.02 seconds (0.01 work units)
Thread count was 1 (of 16 available processors)

Solution count 1: 7301.5 

Node limit reached
Best objective 7.301500000000e+03, best bound 5.275500000000e+03, gap 27.7477%
Root Upper 7301.5
Root Lower 5274.883720930233
Reset all parameters
Set parameter TimeLimit to value 3.5822361073493958e+03
Set parameter Threads to value 1
Gurobi Optimizer version 11.0.2 build v11.0.2rc0 (linux64 - "Debian GNU/Linux 10 (buster)")

CPU model: Intel(R) Xeon(R) CPU           X5570  @ 2.93GHz, instruction set [SSE2]
Thread count: 8 physical cores, 16 logical processors, using up to 1 threads

Optimize a model with 967 rows, 512 columns and 2998 nonzeros
Model fingerprint: 0xf7cca56e
Variable types: 0 continuous, 512 integer (512 binary)
Coefficient statistics:
  Matrix range     [1e+00, 4e+02]
  Objective range  [3e+00, 4e+02]
  Bounds range     [1e+00, 1e+00]
  RHS range        [1e+00, 2e+03]
Presolved: 967 rows, 168 columns, 2998 nonzeros

Continuing optimization...

     0     0 5274.88372    0   12 7301.50000 5274.88372  27.8%     -    0s
H    0     0                    5364.5000000 5274.88372  1.67%     -    0s
H    0     0                    5307.5000000 5274.88372  0.61%     -    0s
     0     0 5274.88372    0   12 5307.50000 5274.88372  0.61%     -    0s

Explored 1 nodes (460 simplex iterations) in 0.02 seconds (0.01 work units)
Thread count was 1 (of 16 available processors)

Solution count 3: 5307.5 5364.5 7301.5 

Optimal solution found (tolerance 1.00e-04)
Best objective 5.307500000000e+03, best bound 5.307500000000e+03, gap 0.0000%
flow1:  5307.5
flow2:  5555.0
Root Upper Bound: 7301.5
Root lower Bound: 5274.883720930233
ND-Point: 7

-----------------------------------------
Warning for adding constraints: zero or small (< 1e-13) coefficients, ignored
Set parameter NodeLimit to value 0
Set parameter TimeLimit to value 3.5822198543548584e+03
Set parameter Threads to value 1
Gurobi Optimizer version 11.0.2 build v11.0.2rc0 (linux64 - "Debian GNU/Linux 10 (buster)")

CPU model: Intel(R) Xeon(R) CPU           X5570  @ 2.93GHz, instruction set [SSE2]
Thread count: 8 physical cores, 16 logical processors, using up to 1 threads

Optimize a model with 967 rows, 512 columns and 2998 nonzeros
Model fingerprint: 0x6f1cd868
Variable types: 0 continuous, 512 integer (512 binary)
Coefficient statistics:
  Matrix range     [1e+00, 4e+02]
  Objective range  [3e+00, 4e+02]
  Bounds range     [1e+00, 1e+00]
  RHS range        [1e+00, 3e+03]
Found heuristic solution: objective 6910.5000000
Presolve removed 0 rows and 344 columns
Presolve time: 0.00s
Presolved: 967 rows, 168 columns, 2998 nonzeros
Variable types: 0 continuous, 168 integer (168 binary)

Root relaxation: objective 5.308248e+03, 248 iterations, 0.01 seconds (0.01 work units)

    Nodes    |    Current Node    |     Objective Bounds      |     Work
 Expl Unexpl |  Obj  Depth IntInf | Incumbent    BestBd   Gap | It/Node Time

     0     0 5308.24822    0   22 6910.50000 5308.24822  23.2%     -    0s

Explored 1 nodes (253 simplex iterations) in 0.02 seconds (0.01 work units)
Thread count was 1 (of 16 available processors)

Solution count 1: 6910.5 

Node limit reached
Best objective 6.910500000000e+03, best bound 5.308500000000e+03, gap 23.1821%
Root Upper 6910.5
Root Lower 5308.248218527317
Reset all parameters
Set parameter TimeLimit to value 3.5803647189140320e+03
Set parameter Threads to value 1
Gurobi Optimizer version 11.0.2 build v11.0.2rc0 (linux64 - "Debian GNU/Linux 10 (buster)")

CPU model: Intel(R) Xeon(R) CPU           X5570  @ 2.93GHz, instruction set [SSE2]
Thread count: 8 physical cores, 16 logical processors, using up to 1 threads

Optimize a model with 967 rows, 512 columns and 2998 nonzeros
Model fingerprint: 0x6f1cd868
Variable types: 0 continuous, 512 integer (512 binary)
Coefficient statistics:
  Matrix range     [1e+00, 4e+02]
  Objective range  [3e+00, 4e+02]
  Bounds range     [1e+00, 1e+00]
  RHS range        [1e+00, 3e+03]
Presolved: 967 rows, 168 columns, 2998 nonzeros

Continuing optimization...

     0     0 5308.24822    0   22 6910.50000 5308.24822  23.2%     -    0s
H    0     0                    5728.5000000 5308.24822  7.34%     -    0s
H    0     0                    5622.5000000 5308.24822  5.59%     -    0s
     0     0 5308.24822    0   22 5622.50000 5308.24822  5.59%     -    0s
H    0     0                    5575.5000000 5308.24822  4.79%     -    0s
     0     0 5308.24822    0   12 5575.50000 5308.24822  4.79%     -    0s
     0     0 5331.81920    0   24 5575.50000 5331.81920  4.37%     -    0s
     0     0 5371.50803    0   46 5575.50000 5371.50803  3.66%     -    0s
     0     0 5378.38152    0   46 5575.50000 5378.38152  3.54%     -    0s
H    0     0                    5397.5000000 5378.38152  0.35%     -    0s

Cutting planes:
  Gomory: 2

Explored 1 nodes (756 simplex iterations) in 0.13 seconds (0.07 work units)
Thread count was 1 (of 16 available processors)

Solution count 5: 5397.5 5575.5 5622.5 ... 6910.5

Optimal solution found (tolerance 1.00e-04)
Best objective 5.397500000000e+03, best bound 5.397500000000e+03, gap 0.0000%
flow1:  5397.5
flow2:  5505.0
Root Upper Bound: 6910.5
Root lower Bound: 5308.248218527317
ND-Point: 8

-----------------------------------------
Warning for adding constraints: zero or small (< 1e-13) coefficients, ignored
Set parameter NodeLimit to value 0
Set parameter TimeLimit to value 3.5802324304580688e+03
Set parameter Threads to value 1
Gurobi Optimizer version 11.0.2 build v11.0.2rc0 (linux64 - "Debian GNU/Linux 10 (buster)")

CPU model: Intel(R) Xeon(R) CPU           X5570  @ 2.93GHz, instruction set [SSE2]
Thread count: 8 physical cores, 16 logical processors, using up to 1 threads

Optimize a model with 967 rows, 512 columns and 2998 nonzeros
Model fingerprint: 0x0527ed8e
Variable types: 0 continuous, 512 integer (512 binary)
Coefficient statistics:
  Matrix range     [1e+00, 4e+02]
  Objective range  [3e+00, 4e+02]
  Bounds range     [1e+00, 1e+00]
  RHS range        [1e+00, 3e+03]
Found heuristic solution: objective 6910.5000000
Presolve removed 0 rows and 344 columns
Presolve time: 0.01s
Presolved: 967 rows, 168 columns, 2998 nonzeros
Variable types: 0 continuous, 168 integer (168 binary)

Root relaxation: objective 5.345659e+03, 261 iterations, 0.01 seconds (0.01 work units)

    Nodes    |    Current Node    |     Objective Bounds      |     Work
 Expl Unexpl |  Obj  Depth IntInf | Incumbent    BestBd   Gap | It/Node Time

     0     0 5345.65914    0   22 6910.50000 5345.65914  22.6%     -    0s

Explored 1 nodes (263 simplex iterations) in 0.02 seconds (0.01 work units)
Thread count was 1 (of 16 available processors)

Solution count 1: 6910.5 

Node limit reached
Best objective 6.910500000000e+03, best bound 5.346500000000e+03, gap 22.6322%
Root Upper 6910.5
Root Lower 5345.659144893112
Reset all parameters
Set parameter TimeLimit to value 3.5783697006702423e+03
Set parameter Threads to value 1
Gurobi Optimizer version 11.0.2 build v11.0.2rc0 (linux64 - "Debian GNU/Linux 10 (buster)")

CPU model: Intel(R) Xeon(R) CPU           X5570  @ 2.93GHz, instruction set [SSE2]
Thread count: 8 physical cores, 16 logical processors, using up to 1 threads

Optimize a model with 967 rows, 512 columns and 2998 nonzeros
Model fingerprint: 0x0527ed8e
Variable types: 0 continuous, 512 integer (512 binary)
Coefficient statistics:
  Matrix range     [1e+00, 4e+02]
  Objective range  [3e+00, 4e+02]
  Bounds range     [1e+00, 1e+00]
  RHS range        [1e+00, 3e+03]
Presolved: 967 rows, 168 columns, 2998 nonzeros

Continuing optimization...

     0     0 5345.65914    0   22 6910.50000 5345.65914  22.6%     -    0s
H    0     0                    5861.5000000 5345.65914  8.80%     -    0s
H    0     0                    5763.5000000 5345.65914  7.25%     -    0s
     0     0 5345.65914    0   22 5763.50000 5345.65914  7.25%     -    0s
H    0     0                    5728.5000000 5345.65914  6.68%     -    0s
H    0     0                    5622.5000000 5345.65914  4.92%     -    0s
H    0     0                    5589.5000000 5345.65914  4.36%     -    0s
     0     0 5345.65914    0   11 5589.50000 5345.65914  4.36%     -    0s
     0     0 5369.84483    0   20 5589.50000 5369.84483  3.93%     -    0s
     0     0 5370.37179    0   20 5589.50000 5370.37179  3.92%     -    0s
     0     0 5398.10647    0   17 5589.50000 5398.10647  3.42%     -    0s
     0     0 5401.75091    0   36 5589.50000 5401.75091  3.36%     -    0s
     0     0 5403.00333    0   37 5589.50000 5403.00333  3.34%     -    0s
     0     0 5404.63156    0   49 5589.50000 5404.63156  3.31%     -    0s
     0     0 5405.44867    0   37 5589.50000 5405.44867  3.29%     -    0s
     0     0 5406.98762    0   49 5589.50000 5406.98762  3.27%     -    0s
     0     0 5407.08809    0   37 5589.50000 5407.08809  3.26%     -    0s
     0     0 5420.39713    0   26 5589.50000 5420.39713  3.03%     -    0s
     0     0 5420.39713    0   26 5589.50000 5420.39713  3.03%     -    0s
     0     0 5424.67397    0    5 5589.50000 5424.67397  2.95%     -    0s
     0     0 5424.67397    0   10 5589.50000 5424.67397  2.95%     -    0s
     0     0 5424.67397    0   16 5589.50000 5424.67397  2.95%     -    0s
     0     0 5438.53780    0   17 5589.50000 5438.53780  2.70%     -    0s
     0     0 5446.95702    0   19 5589.50000 5446.95702  2.55%     -    0s
     0     0 5462.63510    0   23 5589.50000 5462.63510  2.27%     -    0s
     0     0 5462.96277    0   25 5589.50000 5462.96277  2.26%     -    0s
     0     0 5463.91212    0   25 5589.50000 5463.91212  2.25%     -    0s
     0     0 5475.04517    0   26 5589.50000 5475.04517  2.05%     -    0s
     0     0 5475.89367    0   25 5589.50000 5475.89367  2.03%     -    0s
     0     0 5475.99343    0   26 5589.50000 5475.99343  2.03%     -    0s
     0     0 5476.19231    0   25 5589.50000 5476.19231  2.03%     -    0s
     0     0 5476.37825    0   26 5589.50000 5476.37825  2.02%     -    0s
     0     0 5478.80476    0   23 5589.50000 5478.80476  1.98%     -    0s
     0     0 5479.99352    0   25 5589.50000 5479.99352  1.96%     -    0s
     0     0 5480.18000    0   24 5589.50000 5480.18000  1.96%     -    0s
     0     0 5480.45618    0   25 5589.50000 5480.45618  1.95%     -    0s
     0     0 5480.54363    0   27 5589.50000 5480.54363  1.95%     -    0s
     0     0 5481.80155    0   26 5589.50000 5481.80155  1.93%     -    0s
     0     0 5482.51188    0   26 5589.50000 5482.51188  1.91%     -    0s
     0     0 5517.45300    0   17 5589.50000 5517.45300  1.29%     -    0s

Cutting planes:
  MIR: 2
  StrongCG: 2
  Zero half: 1

Explored 1 nodes (809 simplex iterations) in 0.18 seconds (0.08 work units)
Thread count was 1 (of 16 available processors)

Solution count 6: 5589.5 5622.5 5728.5 ... 6910.5

Optimal solution found (tolerance 1.00e-04)
Best objective 5.589500000000e+03, best bound 5.589500000000e+03, gap 0.0000%
flow1:  5589.5
flow2:  5220.0
Root Upper Bound: 6910.5
Root lower Bound: 5345.659144893112
ND-Point: 9

-----------------------------------------
Warning for adding constraints: zero or small (< 1e-13) coefficients, ignored
Set parameter NodeLimit to value 0
Set parameter TimeLimit to value 3.5781289246082306e+03
Set parameter Threads to value 1
Gurobi Optimizer version 11.0.2 build v11.0.2rc0 (linux64 - "Debian GNU/Linux 10 (buster)")

CPU model: Intel(R) Xeon(R) CPU           X5570  @ 2.93GHz, instruction set [SSE2]
Thread count: 8 physical cores, 16 logical processors, using up to 1 threads

Optimize a model with 967 rows, 512 columns and 2998 nonzeros
Model fingerprint: 0x51d19eb7
Variable types: 0 continuous, 512 integer (512 binary)
Coefficient statistics:
  Matrix range     [1e+00, 4e+02]
  Objective range  [3e+00, 4e+02]
  Bounds range     [1e+00, 1e+00]
  RHS range        [1e+00, 3e+03]
Presolve removed 0 rows and 344 columns
Presolve time: 0.00s
Presolved: 967 rows, 168 columns, 2998 nonzeros
Variable types: 0 continuous, 168 integer (168 binary)
Found heuristic solution: objective 6558.5000000

Root relaxation: objective 5.558901e+03, 242 iterations, 0.01 seconds (0.01 work units)

    Nodes    |    Current Node    |     Objective Bounds      |     Work
 Expl Unexpl |  Obj  Depth IntInf | Incumbent    BestBd   Gap | It/Node Time

     0     0 5558.90143    0   22 6558.50000 5558.90143  15.2%     -    0s

Explored 1 nodes (243 simplex iterations) in 0.02 seconds (0.01 work units)
Thread count was 1 (of 16 available processors)

Solution count 1: 6558.5 

Node limit reached
Best objective 6.558500000000e+03, best bound 5.559500000000e+03, gap 15.2321%
Root Upper 6558.5
Root Lower 5558.901425178147
Reset all parameters
Set parameter TimeLimit to value 3.5762112789154053e+03
Set parameter Threads to value 1
Gurobi Optimizer version 11.0.2 build v11.0.2rc0 (linux64 - "Debian GNU/Linux 10 (buster)")

CPU model: Intel(R) Xeon(R) CPU           X5570  @ 2.93GHz, instruction set [SSE2]
Thread count: 8 physical cores, 16 logical processors, using up to 1 threads

Optimize a model with 967 rows, 512 columns and 2998 nonzeros
Model fingerprint: 0x51d19eb7
Variable types: 0 continuous, 512 integer (512 binary)
Coefficient statistics:
  Matrix range     [1e+00, 4e+02]
  Objective range  [3e+00, 4e+02]
  Bounds range     [1e+00, 1e+00]
  RHS range        [1e+00, 3e+03]
Presolved: 967 rows, 168 columns, 2998 nonzeros

Continuing optimization...

     0     0 5558.90143    0   22 6558.50000 5558.90143  15.2%     -    0s
H    0     0                    5622.5000000 5558.90143  1.13%     -    0s
     0     0 5558.90143    0   22 5622.50000 5558.90143  1.13%     -    0s

Explored 1 nodes (486 simplex iterations) in 0.02 seconds (0.01 work units)
Thread count was 1 (of 16 available processors)

Solution count 2: 5622.5 6558.5 

Optimal solution found (tolerance 1.00e-04)
Best objective 5.622500000000e+03, best bound 5.622500000000e+03, gap 0.0000%
flow1:  5622.5
flow2:  5134.0
Root Upper Bound: 6558.5
Root lower Bound: 5558.901425178147
ND-Point: 10

-----------------------------------------
Warning for adding constraints: zero or small (< 1e-13) coefficients, ignored
Set parameter NodeLimit to value 0
Set parameter TimeLimit to value 3.5762090544700623e+03
Set parameter Threads to value 1
Gurobi Optimizer version 11.0.2 build v11.0.2rc0 (linux64 - "Debian GNU/Linux 10 (buster)")

CPU model: Intel(R) Xeon(R) CPU           X5570  @ 2.93GHz, instruction set [SSE2]
Thread count: 8 physical cores, 16 logical processors, using up to 1 threads

Optimize a model with 967 rows, 512 columns and 2998 nonzeros
Model fingerprint: 0xd31c774b
Variable types: 0 continuous, 512 integer (512 binary)
Coefficient statistics:
  Matrix range     [1e+00, 4e+02]
  Objective range  [3e+00, 4e+02]
  Bounds range     [1e+00, 1e+00]
  RHS range        [1e+00, 3e+03]
Presolve removed 0 rows and 344 columns
Presolve time: 0.00s
Presolved: 967 rows, 168 columns, 2998 nonzeros
Variable types: 0 continuous, 168 integer (168 binary)

Root relaxation: objective 5.623253e+03, 226 iterations, 0.01 seconds (0.01 work units)

    Nodes    |    Current Node    |     Objective Bounds      |     Work
 Expl Unexpl |  Obj  Depth IntInf | Incumbent    BestBd   Gap | It/Node Time

     0     0 5623.25319    0   30          - 5623.25319      -     -    0s

Explored 1 nodes (226 simplex iterations) in 0.02 seconds (0.01 work units)
Thread count was 1 (of 16 available processors)

Solution count 0

Node limit reached
Best objective -, best bound 5.623500000000e+03, gap -
Root Upper inf
Root Lower 5623.253191489362
Reset all parameters
Set parameter TimeLimit to value 3.5743192074298859e+03
Set parameter Threads to value 1
Gurobi Optimizer version 11.0.2 build v11.0.2rc0 (linux64 - "Debian GNU/Linux 10 (buster)")

CPU model: Intel(R) Xeon(R) CPU           X5570  @ 2.93GHz, instruction set [SSE2]
Thread count: 8 physical cores, 16 logical processors, using up to 1 threads

Optimize a model with 967 rows, 512 columns and 2998 nonzeros
Model fingerprint: 0xd31c774b
Variable types: 0 continuous, 512 integer (512 binary)
Coefficient statistics:
  Matrix range     [1e+00, 4e+02]
  Objective range  [3e+00, 4e+02]
  Bounds range     [1e+00, 1e+00]
  RHS range        [1e+00, 3e+03]
Presolved: 967 rows, 168 columns, 2998 nonzeros

Continuing optimization...

     0     0 5623.25319    0   30          - 5623.25319      -     -    0s
H    0     0                    6078.5000000 5623.25319  7.49%     -    0s
     0     0 5623.25319    0   30 6078.50000 5623.25319  7.49%     -    0s
H    0     0                    5843.5000000 5623.25319  3.77%     -    0s
     0     0 5623.25319    0   20 5843.50000 5623.25319  3.77%     -    0s
     0     0 5625.73226    0   33 5843.50000 5625.73226  3.73%     -    0s
H    0     0                    5728.5000000 5625.73226  1.79%     -    0s
     0     0 5627.11335    0   25 5728.50000 5627.11335  1.77%     -    0s
H    0     0                    5661.5000000 5627.11335  0.61%     -    0s
     0     0 5627.18720    0   33 5661.50000 5627.18720  0.61%     -    0s
     0     0 5629.03181    0   33 5661.50000 5629.03181  0.57%     -    0s

Cutting planes:
  Gomory: 1
  MIR: 1
  Mod-K: 1
  RLT: 1

Explored 1 nodes (556 simplex iterations) in 0.10 seconds (0.05 work units)
Thread count was 1 (of 16 available processors)

Solution count 4: 5661.5 5728.5 5843.5 6078.5 

Optimal solution found (tolerance 1.00e-04)
Best objective 5.661500000000e+03, best bound 5.661500000000e+03, gap 0.0000%
flow1:  5661.5
flow2:  5085.0
Root Upper Bound: inf
Root lower Bound: 5623.253191489362
ND-Point: 11

-----------------------------------------
Warning for adding constraints: zero or small (< 1e-13) coefficients, ignored
Set parameter NodeLimit to value 0
Set parameter TimeLimit to value 3.5742530820369720e+03
Set parameter Threads to value 1
Gurobi Optimizer version 11.0.2 build v11.0.2rc0 (linux64 - "Debian GNU/Linux 10 (buster)")

CPU model: Intel(R) Xeon(R) CPU           X5570  @ 2.93GHz, instruction set [SSE2]
Thread count: 8 physical cores, 16 logical processors, using up to 1 threads

Optimize a model with 967 rows, 512 columns and 2998 nonzeros
Model fingerprint: 0x9fc21bc9
Variable types: 0 continuous, 512 integer (512 binary)
Coefficient statistics:
  Matrix range     [1e+00, 4e+02]
  Objective range  [3e+00, 4e+02]
  Bounds range     [1e+00, 1e+00]
  RHS range        [1e+00, 3e+03]
Presolve removed 0 rows and 344 columns
Presolve time: 0.00s
Presolved: 967 rows, 168 columns, 2998 nonzeros
Variable types: 0 continuous, 168 integer (168 binary)

Root relaxation: objective 5.660160e+03, 233 iterations, 0.01 seconds (0.01 work units)

    Nodes    |    Current Node    |     Objective Bounds      |     Work
 Expl Unexpl |  Obj  Depth IntInf | Incumbent    BestBd   Gap | It/Node Time

     0     0 5660.15957    0   30          - 5660.15957      -     -    0s

Explored 1 nodes (233 simplex iterations) in 0.02 seconds (0.01 work units)
Thread count was 1 (of 16 available processors)

Solution count 0

Node limit reached
Best objective -, best bound 5.660500000000e+03, gap -
Root Upper inf
Root Lower 5660.159574468085
Reset all parameters
Set parameter TimeLimit to value 3.5723968148231506e+03
Set parameter Threads to value 1
Gurobi Optimizer version 11.0.2 build v11.0.2rc0 (linux64 - "Debian GNU/Linux 10 (buster)")

CPU model: Intel(R) Xeon(R) CPU           X5570  @ 2.93GHz, instruction set [SSE2]
Thread count: 8 physical cores, 16 logical processors, using up to 1 threads

Optimize a model with 967 rows, 512 columns and 2998 nonzeros
Model fingerprint: 0x9fc21bc9
Variable types: 0 continuous, 512 integer (512 binary)
Coefficient statistics:
  Matrix range     [1e+00, 4e+02]
  Objective range  [3e+00, 4e+02]
  Bounds range     [1e+00, 1e+00]
  RHS range        [1e+00, 3e+03]
Presolved: 967 rows, 168 columns, 2998 nonzeros

Continuing optimization...

     0     0 5660.15957    0   30          - 5660.15957      -     -    0s
     0     0 5660.15957    0   30          - 5660.15957      -     -    0s
H    0     0                    6043.5000000 5660.15957  6.34%     -    0s
H    0     0                    5712.5000000 5660.15957  0.92%     -    0s

Explored 1 nodes (466 simplex iterations) in 0.05 seconds (0.03 work units)
Thread count was 1 (of 16 available processors)

Solution count 2: 5712.5 6043.5 

Optimal solution found (tolerance 1.00e-04)
Best objective 5.712500000000e+03, best bound 5.712500000000e+03, gap 0.0000%
flow1:  5712.5
flow2:  5084.0
Root Upper Bound: inf
Root lower Bound: 5660.159574468085
ND-Point: 12

-----------------------------------------
Warning for adding constraints: zero or small (< 1e-13) coefficients, ignored
Set parameter NodeLimit to value 0
Set parameter TimeLimit to value 3.5723429934978485e+03
Set parameter Threads to value 1
Gurobi Optimizer version 11.0.2 build v11.0.2rc0 (linux64 - "Debian GNU/Linux 10 (buster)")

CPU model: Intel(R) Xeon(R) CPU           X5570  @ 2.93GHz, instruction set [SSE2]
Thread count: 8 physical cores, 16 logical processors, using up to 1 threads

Optimize a model with 967 rows, 512 columns and 2998 nonzeros
Model fingerprint: 0xa0c77a01
Variable types: 0 continuous, 512 integer (512 binary)
Coefficient statistics:
  Matrix range     [1e+00, 4e+02]
  Objective range  [3e+00, 4e+02]
  Bounds range     [1e+00, 1e+00]
  RHS range        [1e+00, 3e+03]
Presolve removed 0 rows and 344 columns
Presolve time: 0.00s
Presolved: 967 rows, 168 columns, 2998 nonzeros
Variable types: 0 continuous, 168 integer (168 binary)

Root relaxation: objective 5.660913e+03, 236 iterations, 0.01 seconds (0.01 work units)

    Nodes    |    Current Node    |     Objective Bounds      |     Work
 Expl Unexpl |  Obj  Depth IntInf | Incumbent    BestBd   Gap | It/Node Time

     0     0 5660.91277    0   30          - 5660.91277      -     -    0s

Explored 1 nodes (237 simplex iterations) in 0.02 seconds (0.01 work units)
Thread count was 1 (of 16 available processors)

Solution count 0

Node limit reached
Best objective -, best bound 5.661500000000e+03, gap -
Root Upper inf
Root Lower 5660.912765957447
Reset all parameters
Set parameter TimeLimit to value 3.5704870955944061e+03
Set parameter Threads to value 1
Gurobi Optimizer version 11.0.2 build v11.0.2rc0 (linux64 - "Debian GNU/Linux 10 (buster)")

CPU model: Intel(R) Xeon(R) CPU           X5570  @ 2.93GHz, instruction set [SSE2]
Thread count: 8 physical cores, 16 logical processors, using up to 1 threads

Optimize a model with 967 rows, 512 columns and 2998 nonzeros
Model fingerprint: 0xa0c77a01
Variable types: 0 continuous, 512 integer (512 binary)
Coefficient statistics:
  Matrix range     [1e+00, 4e+02]
  Objective range  [3e+00, 4e+02]
  Bounds range     [1e+00, 1e+00]
  RHS range        [1e+00, 3e+03]
Presolved: 967 rows, 168 columns, 2998 nonzeros

Continuing optimization...

     0     0 5660.91277    0   30          - 5660.91277      -     -    0s
     0     0 5660.91277    0   30          - 5660.91277      -     -    0s
H    0     0                    5976.5000000 5660.91277  5.28%     -    0s
     0     0 5660.91277    0   22 5976.50000 5660.91277  5.28%     -    0s
     0     0 5664.66666    0   28 5976.50000 5664.66666  5.22%     -    0s
H    0     0                    5728.5000000 5664.66666  1.11%     -    0s
     0     0 5668.34999    0   36 5728.50000 5668.34999  1.05%     -    0s

Cutting planes:
  Gomory: 2
  Cover: 1
  GUB cover: 1

Explored 1 nodes (608 simplex iterations) in 0.08 seconds (0.04 work units)
Thread count was 1 (of 16 available processors)

Solution count 2: 5728.5 5976.5 

Optimal solution found (tolerance 1.00e-04)
Best objective 5.728500000000e+03, best bound 5.728500000000e+03, gap 0.0000%
flow1:  5728.5
flow2:  4999.0
Root Upper Bound: inf
Root lower Bound: 5660.912765957447
ND-Point: 13

-----------------------------------------
Warning for adding constraints: zero or small (< 1e-13) coefficients, ignored
Set parameter NodeLimit to value 0
Set parameter TimeLimit to value 3.5703949370384216e+03
Set parameter Threads to value 1
Gurobi Optimizer version 11.0.2 build v11.0.2rc0 (linux64 - "Debian GNU/Linux 10 (buster)")

CPU model: Intel(R) Xeon(R) CPU           X5570  @ 2.93GHz, instruction set [SSE2]
Thread count: 8 physical cores, 16 logical processors, using up to 1 threads

Optimize a model with 967 rows, 512 columns and 2998 nonzeros
Model fingerprint: 0x13c3971c
Variable types: 0 continuous, 512 integer (512 binary)
Coefficient statistics:
  Matrix range     [1e+00, 4e+02]
  Objective range  [3e+00, 4e+02]
  Bounds range     [1e+00, 1e+00]
  RHS range        [1e+00, 3e+03]
Presolve removed 0 rows and 344 columns
Presolve time: 0.00s
Presolved: 967 rows, 168 columns, 2998 nonzeros
Variable types: 0 continuous, 168 integer (168 binary)

Root relaxation: objective 5.724934e+03, 222 iterations, 0.01 seconds (0.01 work units)

    Nodes    |    Current Node    |     Objective Bounds      |     Work
 Expl Unexpl |  Obj  Depth IntInf | Incumbent    BestBd   Gap | It/Node Time

     0     0 5724.93404    0   30          - 5724.93404      -     -    0s

Explored 1 nodes (224 simplex iterations) in 0.02 seconds (0.01 work units)
Thread count was 1 (of 16 available processors)

Solution count 0

Node limit reached
Best objective -, best bound 5.725500000000e+03, gap -
Root Upper inf
Root Lower 5724.934042553192
Reset all parameters
Set parameter TimeLimit to value 3.5685307009220123e+03
Set parameter Threads to value 1
Gurobi Optimizer version 11.0.2 build v11.0.2rc0 (linux64 - "Debian GNU/Linux 10 (buster)")

CPU model: Intel(R) Xeon(R) CPU           X5570  @ 2.93GHz, instruction set [SSE2]
Thread count: 8 physical cores, 16 logical processors, using up to 1 threads

Optimize a model with 967 rows, 512 columns and 2998 nonzeros
Model fingerprint: 0x13c3971c
Variable types: 0 continuous, 512 integer (512 binary)
Coefficient statistics:
  Matrix range     [1e+00, 4e+02]
  Objective range  [3e+00, 4e+02]
  Bounds range     [1e+00, 1e+00]
  RHS range        [1e+00, 3e+03]
Presolved: 967 rows, 168 columns, 2998 nonzeros

Continuing optimization...

     0     0 5724.93404    0   30          - 5724.93404      -     -    0s
     0     0 5724.93404    0   30          - 5724.93404      -     -    0s
H    0     0                    5976.5000000 5724.93404  4.21%     -    0s
     0     0 5724.93404    0   22 5976.50000 5724.93404  4.21%     -    0s
     0     0 5730.14187    0   64 5976.50000 5730.14187  4.12%     -    0s
     0     0 5740.24201    0   51 5976.50000 5740.24201  3.95%     -    0s
     0     0 5747.47983    0   72 5976.50000 5747.47983  3.83%     -    0s
     0     0 5747.55657    0   55 5976.50000 5747.55657  3.83%     -    0s
     0     0 5748.22013    0   72 5976.50000 5748.22013  3.82%     -    0s
     0     0 5749.20695    0   52 5976.50000 5749.20695  3.80%     -    0s
     0     0 5749.46089    0   72 5976.50000 5749.46089  3.80%     -    0s
     0     0 5749.85315    0   75 5976.50000 5749.85315  3.79%     -    0s
     0     0 5750.38322    0   73 5976.50000 5750.38322  3.78%     -    0s
     0     0 5750.65886    0   73 5976.50000 5750.65886  3.78%     -    0s
     0     0 5750.80691    0   73 5976.50000 5750.80691  3.78%     -    0s
     0     0 5759.07786    0   49 5976.50000 5759.07786  3.64%     -    0s
     0     0 5763.49281    0   49 5976.50000 5763.49281  3.56%     -    0s
     0     0 5804.57765    0   17 5976.50000 5804.57765  2.88%     -    0s
     0     0 5804.57765    0   31 5976.50000 5804.57765  2.88%     -    0s
     0     0 5804.57765    0   36 5976.50000 5804.57765  2.88%     -    0s
     0     0 5804.57765    0   36 5976.50000 5804.57765  2.88%     -    0s
     0     0 5804.57765    0   32 5976.50000 5804.57765  2.88%     -    0s
     0     0 5804.57765    0   38 5976.50000 5804.57765  2.88%     -    0s
     0     0 5804.57765    0   38 5976.50000 5804.57765  2.88%     -    0s
     0     0 5804.57765    0   38 5976.50000 5804.57765  2.88%     -    0s
     0     0 5804.57765    0   39 5976.50000 5804.57765  2.88%     -    0s
     0     0 5804.57765    0   38 5976.50000 5804.57765  2.88%     -    0s
     0     0 5804.57765    0   38 5976.50000 5804.57765  2.88%     -    0s
     0     0 5804.57765    0   13 5976.50000 5804.57765  2.88%     -    0s
     0     0 5804.57765    0   21 5976.50000 5804.57765  2.88%     -    0s
     0     0 5804.57765    0   25 5976.50000 5804.57765  2.88%     -    0s
     0     0 5804.57765    0   32 5976.50000 5804.57765  2.88%     -    0s
     0     0 5804.57765    0   27 5976.50000 5804.57765  2.88%     -    0s
     0     0 5804.57765    0   32 5976.50000 5804.57765  2.88%     -    0s
     0     0 5804.57765    0   26 5976.50000 5804.57765  2.88%     -    0s
     0     0 5804.57765    0   32 5976.50000 5804.57765  2.88%     -    0s
     0     0 5804.57765    0   32 5976.50000 5804.57765  2.88%     -    0s
     0     0 5804.57765    0   33 5976.50000 5804.57765  2.88%     -    0s
     0     0 5804.57765    0   33 5976.50000 5804.57765  2.88%     -    0s
     0     0 5804.57765    0   33 5976.50000 5804.57765  2.88%     -    0s
     0     0 5804.57765    0   31 5976.50000 5804.57765  2.88%     -    0s
     0     0 5804.57765    0   28 5976.50000 5804.57765  2.88%     -    0s
     0     0 5804.57765    0   31 5976.50000 5804.57765  2.88%     -    0s
     0     0 5804.57765    0   28 5976.50000 5804.57765  2.88%     -    0s
     0     0 5804.57765    0   30 5976.50000 5804.57765  2.88%     -    0s
     0     0 5804.57765    0   31 5976.50000 5804.57765  2.88%     -    0s
     0     0 5804.57765    0   28 5976.50000 5804.57765  2.88%     -    0s
     0     0 5804.57765    0   31 5976.50000 5804.57765  2.88%     -    0s
     0     0 5804.57765    0   31 5976.50000 5804.57765  2.88%     -    0s
     0     0 5805.43471    0   32 5976.50000 5805.43471  2.86%     -    0s
     0     0 5806.54248    0   32 5976.50000 5806.54248  2.84%     -    0s
     0     0 5817.49493    0   32 5976.50000 5817.49493  2.66%     -    0s
     0     2 5830.25812    0   32 5976.50000 5830.25812  2.45%     -    0s
     1     3 5830.25812    1   30 5976.50000 5830.25812  2.45%  13.0    0s

Cutting planes:
  MIR: 5

Explored 12 nodes (1295 simplex iterations) in 0.37 seconds (0.18 work units)
Thread count was 1 (of 16 available processors)

Solution count 1: 5976.5 

Optimal solution found (tolerance 1.00e-04)
Best objective 5.976500000000e+03, best bound 5.976500000000e+03, gap 0.0000%
flow1:  5976.5
flow2:  4664.0
Root Upper Bound: inf
Root lower Bound: 5724.934042553192
ND-Point: 14

-----------------------------------------
Warning for adding constraints: zero or small (< 1e-13) coefficients, ignored
Set parameter NodeLimit to value 0
Set parameter TimeLimit to value 3.5681672189235687e+03
Set parameter Threads to value 1
Gurobi Optimizer version 11.0.2 build v11.0.2rc0 (linux64 - "Debian GNU/Linux 10 (buster)")

CPU model: Intel(R) Xeon(R) CPU           X5570  @ 2.93GHz, instruction set [SSE2]
Thread count: 8 physical cores, 16 logical processors, using up to 1 threads

Optimize a model with 967 rows, 512 columns and 2998 nonzeros
Model fingerprint: 0x2973a47d
Variable types: 0 continuous, 512 integer (512 binary)
Coefficient statistics:
  Matrix range     [1e+00, 4e+02]
  Objective range  [3e+00, 4e+02]
  Bounds range     [1e+00, 1e+00]
  RHS range        [1e+00, 3e+03]
Presolve removed 0 rows and 344 columns
Presolve time: 0.00s
Presolved: 967 rows, 168 columns, 2998 nonzeros
Variable types: 0 continuous, 168 integer (168 binary)
Found heuristic solution: objective 6286.5000000

Root relaxation: objective 5.977279e+03, 264 iterations, 0.01 seconds (0.01 work units)

    Nodes    |    Current Node    |     Objective Bounds      |     Work
 Expl Unexpl |  Obj  Depth IntInf | Incumbent    BestBd   Gap | It/Node Time

     0     0 5977.27907    0   12 6286.50000 5977.27907  4.92%     -    0s

Explored 1 nodes (265 simplex iterations) in 0.02 seconds (0.01 work units)
Thread count was 1 (of 16 available processors)

Solution count 1: 6286.5 

Node limit reached
Best objective 6.286500000000e+03, best bound 5.977500000000e+03, gap 4.9153%
Root Upper 6286.5
Root Lower 5977.279069767443
Reset all parameters
Set parameter TimeLimit to value 3.5663070242404938e+03
Set parameter Threads to value 1
Gurobi Optimizer version 11.0.2 build v11.0.2rc0 (linux64 - "Debian GNU/Linux 10 (buster)")

CPU model: Intel(R) Xeon(R) CPU           X5570  @ 2.93GHz, instruction set [SSE2]
Thread count: 8 physical cores, 16 logical processors, using up to 1 threads

Optimize a model with 967 rows, 512 columns and 2998 nonzeros
Model fingerprint: 0x2973a47d
Variable types: 0 continuous, 512 integer (512 binary)
Coefficient statistics:
  Matrix range     [1e+00, 4e+02]
  Objective range  [3e+00, 4e+02]
  Bounds range     [1e+00, 1e+00]
  RHS range        [1e+00, 3e+03]
Presolved: 967 rows, 168 columns, 2998 nonzeros

Continuing optimization...

     0     0 5977.27907    0   12 6286.50000 5977.27907  4.92%     -    0s
H    0     0                    6197.5000000 5977.27907  3.55%     -    0s
     0     0 5977.27907    0   12 6197.50000 5977.27907  3.55%     -    0s
H    0     0                    6043.5000000 5977.27907  1.10%     -    0s

Explored 1 nodes (531 simplex iterations) in 0.05 seconds (0.02 work units)
Thread count was 1 (of 16 available processors)

Solution count 3: 6043.5 6197.5 6286.5 

Optimal solution found (tolerance 1.00e-04)
Best objective 6.043500000000e+03, best bound 6.043500000000e+03, gap 0.0000%
flow1:  6043.5
flow2:  4578.0
Root Upper Bound: 6286.5
Root lower Bound: 5977.279069767443
ND-Point: 15

-----------------------------------------
Warning for adding constraints: zero or small (< 1e-13) coefficients, ignored
Set parameter NodeLimit to value 0
Set parameter TimeLimit to value 3.5662593908309937e+03
Set parameter Threads to value 1
Gurobi Optimizer version 11.0.2 build v11.0.2rc0 (linux64 - "Debian GNU/Linux 10 (buster)")

CPU model: Intel(R) Xeon(R) CPU           X5570  @ 2.93GHz, instruction set [SSE2]
Thread count: 8 physical cores, 16 logical processors, using up to 1 threads

Optimize a model with 967 rows, 512 columns and 2998 nonzeros
Model fingerprint: 0xca4d5122
Variable types: 0 continuous, 512 integer (512 binary)
Coefficient statistics:
  Matrix range     [1e+00, 4e+02]
  Objective range  [3e+00, 4e+02]
  Bounds range     [1e+00, 1e+00]
  RHS range        [1e+00, 4e+03]
Presolve removed 0 rows and 344 columns
Presolve time: 0.00s
Presolved: 967 rows, 168 columns, 2998 nonzeros
Variable types: 0 continuous, 168 integer (168 binary)

Root relaxation: objective 6.045598e+03, 247 iterations, 0.01 seconds (0.01 work units)

    Nodes    |    Current Node    |     Objective Bounds      |     Work
 Expl Unexpl |  Obj  Depth IntInf | Incumbent    BestBd   Gap | It/Node Time

     0     0 6045.59756    0   12          - 6045.59756      -     -    0s

Explored 1 nodes (247 simplex iterations) in 0.02 seconds (0.01 work units)
Thread count was 1 (of 16 available processors)

Solution count 0

Node limit reached
Best objective -, best bound 6.046500000000e+03, gap -
Root Upper inf
Root Lower 6045.59756097561
Reset all parameters
Set parameter TimeLimit to value 3.5644022324085236e+03
Set parameter Threads to value 1
Gurobi Optimizer version 11.0.2 build v11.0.2rc0 (linux64 - "Debian GNU/Linux 10 (buster)")

CPU model: Intel(R) Xeon(R) CPU           X5570  @ 2.93GHz, instruction set [SSE2]
Thread count: 8 physical cores, 16 logical processors, using up to 1 threads

Optimize a model with 967 rows, 512 columns and 2998 nonzeros
Model fingerprint: 0xca4d5122
Variable types: 0 continuous, 512 integer (512 binary)
Coefficient statistics:
  Matrix range     [1e+00, 4e+02]
  Objective range  [3e+00, 4e+02]
  Bounds range     [1e+00, 1e+00]
  RHS range        [1e+00, 4e+03]
Presolved: 967 rows, 168 columns, 2998 nonzeros

Continuing optimization...

     0     0 6045.59756    0   12          - 6045.59756      -     -    0s
     0     0 6045.59756    0   12          - 6045.59756      -     -    0s
H    0     0                    6301.5000000 6045.59756  4.06%     -    0s
H    0     0                    6264.5000000 6045.59756  3.49%     -    0s

Explored 1 nodes (494 simplex iterations) in 0.04 seconds (0.02 work units)
Thread count was 1 (of 16 available processors)

Solution count 2: 6264.5 6301.5 

Optimal solution found (tolerance 1.00e-04)
Best objective 6.264500000000e+03, best bound 6.264500000000e+03, gap 0.0000%
flow1:  6264.5
flow2:  4544.0
Root Upper Bound: inf
Root lower Bound: 6045.59756097561
ND-Point: 16

-----------------------------------------
Warning for adding constraints: zero or small (< 1e-13) coefficients, ignored
Set parameter NodeLimit to value 0
Set parameter TimeLimit to value 3.5643537821769714e+03
Set parameter Threads to value 1
Gurobi Optimizer version 11.0.2 build v11.0.2rc0 (linux64 - "Debian GNU/Linux 10 (buster)")

CPU model: Intel(R) Xeon(R) CPU           X5570  @ 2.93GHz, instruction set [SSE2]
Thread count: 8 physical cores, 16 logical processors, using up to 1 threads

Optimize a model with 967 rows, 512 columns and 2998 nonzeros
Model fingerprint: 0xf7635ca8
Variable types: 0 continuous, 512 integer (512 binary)
Coefficient statistics:
  Matrix range     [1e+00, 4e+02]
  Objective range  [3e+00, 4e+02]
  Bounds range     [1e+00, 1e+00]
  RHS range        [1e+00, 4e+03]
Presolve removed 0 rows and 344 columns
Presolve time: 0.00s
Presolved: 967 rows, 168 columns, 2998 nonzeros
Variable types: 0 continuous, 168 integer (168 binary)

Root relaxation: objective 6.116915e+03, 267 iterations, 0.01 seconds (0.01 work units)

    Nodes    |    Current Node    |     Objective Bounds      |     Work
 Expl Unexpl |  Obj  Depth IntInf | Incumbent    BestBd   Gap | It/Node Time

     0     0 6116.91463    0   12          - 6116.91463      -     -    0s

Explored 1 nodes (267 simplex iterations) in 0.02 seconds (0.01 work units)
Thread count was 1 (of 16 available processors)

Solution count 0

Node limit reached
Best objective -, best bound 6.117500000000e+03, gap -
Root Upper inf
Root Lower 6116.914634146342
Reset all parameters
Set parameter TimeLimit to value 3562.4932076931
Set parameter Threads to value 1
Gurobi Optimizer version 11.0.2 build v11.0.2rc0 (linux64 - "Debian GNU/Linux 10 (buster)")

CPU model: Intel(R) Xeon(R) CPU           X5570  @ 2.93GHz, instruction set [SSE2]
Thread count: 8 physical cores, 16 logical processors, using up to 1 threads

Optimize a model with 967 rows, 512 columns and 2998 nonzeros
Model fingerprint: 0xf7635ca8
Variable types: 0 continuous, 512 integer (512 binary)
Coefficient statistics:
  Matrix range     [1e+00, 4e+02]
  Objective range  [3e+00, 4e+02]
  Bounds range     [1e+00, 1e+00]
  RHS range        [1e+00, 4e+03]
Presolved: 967 rows, 168 columns, 2998 nonzeros

Continuing optimization...

     0     0 6116.91463    0   12          - 6116.91463      -     -    0s
     0     0 6116.91463    0   12          - 6116.91463      -     -    0s
H    0     0                    6301.5000000 6116.91463  2.93%     -    0s

Explored 1 nodes (534 simplex iterations) in 0.04 seconds (0.02 work units)
Thread count was 1 (of 16 available processors)

Solution count 1: 6301.5 

Optimal solution found (tolerance 1.00e-04)
Best objective 6.301500000000e+03, best bound 6.301500000000e+03, gap 0.0000%
flow1:  6301.5
flow2:  4455.0
Root Upper Bound: inf
Root lower Bound: 6116.914634146342
ND-Point: 17

-----------------------------------------
Warning for adding constraints: zero or small (< 1e-13) coefficients, ignored
Set parameter NodeLimit to value 0
Set parameter TimeLimit to value 3.5624516086578369e+03
Set parameter Threads to value 1
Gurobi Optimizer version 11.0.2 build v11.0.2rc0 (linux64 - "Debian GNU/Linux 10 (buster)")

CPU model: Intel(R) Xeon(R) CPU           X5570  @ 2.93GHz, instruction set [SSE2]
Thread count: 8 physical cores, 16 logical processors, using up to 1 threads

Optimize a model with 967 rows, 512 columns and 2998 nonzeros
Model fingerprint: 0x884d3753
Variable types: 0 continuous, 512 integer (512 binary)
Coefficient statistics:
  Matrix range     [1e+00, 4e+02]
  Objective range  [3e+00, 4e+02]
  Bounds range     [1e+00, 1e+00]
  RHS range        [1e+00, 4e+03]
Presolve removed 0 rows and 344 columns
Presolve time: 0.00s
Presolved: 967 rows, 168 columns, 2998 nonzeros
Variable types: 0 continuous, 168 integer (168 binary)

Root relaxation: objective 6.308000e+03, 329 iterations, 0.01 seconds (0.01 work units)

    Nodes    |    Current Node    |     Objective Bounds      |     Work
 Expl Unexpl |  Obj  Depth IntInf | Incumbent    BestBd   Gap | It/Node Time

     0     0 6308.00000    0   12          - 6308.00000      -     -    0s

Explored 1 nodes (329 simplex iterations) in 0.02 seconds (0.02 work units)
Thread count was 1 (of 16 available processors)

Solution count 0

Node limit reached
Best objective -, best bound 6.308500000000e+03, gap -
Root Upper inf
Root Lower 6308.0
Reset all parameters
Set parameter TimeLimit to value 3.5605941457748413e+03
Set parameter Threads to value 1
Gurobi Optimizer version 11.0.2 build v11.0.2rc0 (linux64 - "Debian GNU/Linux 10 (buster)")

CPU model: Intel(R) Xeon(R) CPU           X5570  @ 2.93GHz, instruction set [SSE2]
Thread count: 8 physical cores, 16 logical processors, using up to 1 threads

Optimize a model with 967 rows, 512 columns and 2998 nonzeros
Model fingerprint: 0x884d3753
Variable types: 0 continuous, 512 integer (512 binary)
Coefficient statistics:
  Matrix range     [1e+00, 4e+02]
  Objective range  [3e+00, 4e+02]
  Bounds range     [1e+00, 1e+00]
  RHS range        [1e+00, 4e+03]
Presolved: 967 rows, 168 columns, 2998 nonzeros

Continuing optimization...

     0     0 6308.00000    0   12          - 6308.00000      -     -    0s
     0     0 6308.00000    0   12          - 6308.00000      -     -    0s
H    0     0                    6522.5000000 6308.00000  3.29%     -    0s

Explored 1 nodes (658 simplex iterations) in 0.05 seconds (0.02 work units)
Thread count was 1 (of 16 available processors)

Solution count 1: 6522.5 

Optimal solution found (tolerance 1.00e-04)
Best objective 6.522500000000e+03, best bound 6.522500000000e+03, gap 0.0000%
flow1:  6522.5
flow2:  4421.0
Root Upper Bound: inf
Root lower Bound: 6308.0
ND-Point: 18

-----------------------------------------
Warning for adding constraints: zero or small (< 1e-13) coefficients, ignored
Set parameter NodeLimit to value 0
Set parameter TimeLimit to value 3.5604935984611511e+03
Set parameter Threads to value 1
Gurobi Optimizer version 11.0.2 build v11.0.2rc0 (linux64 - "Debian GNU/Linux 10 (buster)")

CPU model: Intel(R) Xeon(R) CPU           X5570  @ 2.93GHz, instruction set [SSE2]
Thread count: 8 physical cores, 16 logical processors, using up to 1 threads

Optimize a model with 967 rows, 512 columns and 2998 nonzeros
Model fingerprint: 0xed73829c
Variable types: 0 continuous, 512 integer (512 binary)
Coefficient statistics:
  Matrix range     [1e+00, 4e+02]
  Objective range  [3e+00, 4e+02]
  Bounds range     [1e+00, 1e+00]
  RHS range        [1e+00, 4e+03]
Presolve removed 0 rows and 344 columns
Presolve time: 0.00s
Presolved: 967 rows, 168 columns, 2998 nonzeros
Variable types: 0 continuous, 168 integer (168 binary)

Root relaxation: infeasible, 352 iterations, 0.01 seconds (0.01 work units)

    Nodes    |    Current Node    |     Objective Bounds      |     Work
 Expl Unexpl |  Obj  Depth IntInf | Incumbent    BestBd   Gap | It/Node Time

     0     0 infeasible    0               - infeasible      -     -    0s

Explored 1 nodes (352 simplex iterations) in 0.02 seconds (0.02 work units)
Thread count was 1 (of 16 available processors)

Solution count 0

Model is infeasible
Best objective -, best bound -, gap -
No solution found


Total running time: 39.531835079193115
STAH, Instance, #departments, #ND-Points, t-MIP
STAH, AC_8_70_20_AC_8_70_20_1, 8, 18, 39.531835079193115
      OBJ1    OBJ2  ...  BNB_Nodes_MIP  Total_Time_MIP[s]
0   5025.5  7148.0  ...            1.0           4.007494
1   5072.5  6788.0  ...            1.0           1.985518
2   5133.5  6444.0  ...            1.0           2.009610
3   5238.5  6346.0  ...            3.0           2.032114
4   5271.5  6299.0  ...            8.0           2.018279
5   5274.5  5641.0  ...            6.0           2.011026
6   5307.5  5555.0  ...            1.0           1.881396
7   5397.5  5505.0  ...            1.0           1.982752
8   5589.5  5220.0  ...            1.0           2.048704
9   5622.5  5134.0  ...            1.0           1.944263
10  5661.5  5085.0  ...            1.0           1.990564
11  5712.5  5084.0  ...            1.0           1.910150
12  5728.5  4999.0  ...            1.0           1.940048
13  5976.5  4664.0  ...           12.0           2.232640
14  6043.5  4578.0  ...            1.0           1.909644
15  6264.5  4544.0  ...            1.0           1.903449
16  6301.5  4455.0  ...            1.0           1.906956
17  6522.5  4421.0  ...            1.0           1.905025

[18 rows x 6 columns]
./output/AC_8_70_20_AC_8_70_20_1.pdf
Plotting is done
