!!! Without triangle equation

Input file is " instance/S/S11
6933.5 2701.5

7021.5 2361.5

7134.5 2234.5

7150.5 2190.5

7239.5 2178.5

7265.5 2155.5

7279.5 2063.5

7394.5 2028.5

7500.5 1949.5

7567.5 1919.5

7581.5 1914.5

7605.5 1893.5

7677.5 1883.5

7696.5 1879.5

7711.5 1862.5

7720.5 1858.5

7734.5 1850.5

7782.5 1827.5

7801.5 1820.5

7815.5 1815.5

7826.5 1807.5

7827.5 1791.5

7839.5 1754.5

7863.5 1740.5

7942.5 1703.5

8009.5 1673.5

8047.5 1647.5

8097.5 1641.5

8103.5 1572.5

8191.5 1556.5

8193.5 1469.5

8308.5 1434.5

8370.5 1403.5

8427.5 1370.5

8485.5 1368.5

8604.5 1304.5

8691.5 1293.5

8729.5 1286.5

8740.5 1247.5

8865.5 1212.5

8879.5 1208.5

8899.5 1151.5

8969.5 1105.5

9049.5 1057.5

9079.5 1015.5

9226.5 991.5

9256.5 949.5

9381.5 931.5

9451.5 904.5

9558.5 865.5

9723.5 862.5

9753.5 820.5

10401.5 798.5

10507.5 795.5

10525.5 776.5

10596.5 765.5

10611.5 763.5

10632.5 760.5

10756.5 738.5

10827.5 727.5

10842.5 725.5

No more nodes to explore. Returning incumbent. 10341.5 999999999
999999999 999999999

[(6933.5, 2701.5), (7021.5, 2361.5), (7134.5, 2234.5), (7150.5, 2190.5), (7239.5, 2178.5), (7265.5, 2155.5), (7279.5, 2063.5), (7394.5, 2028.5), (7500.5, 1949.5), (7567.5, 1919.5), (7581.5, 1914.5), (7605.5, 1893.5), (7677.5, 1883.5), (7696.5, 1879.5), (7711.5, 1862.5), (7720.5, 1858.5), (7734.5, 1850.5), (7782.5, 1827.5), (7801.5, 1820.5), (7815.5, 1815.5), (7826.5, 1807.5), (7827.5, 1791.5), (7839.5, 1754.5), (7863.5, 1740.5), (7942.5, 1703.5), (8009.5, 1673.5), (8047.5, 1647.5), (8097.5, 1641.5), (8103.5, 1572.5), (8191.5, 1556.5), (8193.5, 1469.5), (8308.5, 1434.5), (8370.5, 1403.5), (8427.5, 1370.5), (8485.5, 1368.5), (8604.5, 1304.5), (8691.5, 1293.5), (8729.5, 1286.5), (8740.5, 1247.5), (8865.5, 1212.5), (8879.5, 1208.5), (8899.5, 1151.5), (8969.5, 1105.5), (9049.5, 1057.5), (9079.5, 1015.5), (9226.5, 991.5), (9256.5, 949.5), (9381.5, 931.5), (9451.5, 904.5), (9558.5, 865.5), (9723.5, 862.5), (9753.5, 820.5), (10401.5, 798.5), (10507.5, 795.5), (10525.5, 776.5), (10596.5, 765.5), (10611.5, 763.5), (10632.5, 760.5), (10756.5, 738.5), (10827.5, 727.5), (10842.5, 725.5)]
--- 1773.3959755897522 seconds ---